#
# A fatal error has been detected by the Java Runtime Environment:
#
#  SIGSEGV (0xb) at pc=0x00007fff959144dd, pid=653, tid=2571
#
# JRE version: Java(TM) SE Runtime Environment (8.0_66-b17) (build 1.8.0_66-b17)
# Java VM: Java HotSpot(TM) 64-Bit Server VM (25.66-b17 mixed mode bsd-amd64 compressed oops)
# Problematic frame:
# C  [libobjc.A.dylib+0x14dd]  objc_msgSend+0x1d
#
# Failed to write core dump. Core dumps have been disabled. To enable core dumping, try "ulimit -c unlimited" before starting Java again
#
# If you would like to submit a bug report, please visit:
#   http://bugreport.java.com/bugreport/crash.jsp
# The crash happened outside the Java Virtual Machine in native code.
# See problematic frame for where to report the bug.
#

---------------  T H R E A D  ---------------

Current thread (0x00007fbf34143800):  JavaThread "AWT-AppKit" daemon [_thread_in_native, id=2571, stack(0x00007fff52f7b000,0x00007fff5377b000)]

siginfo: si_signo: 11 (SIGSEGV), si_code: 1 (SEGV_MAPERR), si_addr: 0x000007fbf3854860

Registers:
RAX=0x00007fbf3851d4c0, RBX=0x000000012120c450, RCX=0x000000017a910860, RDX=0x00000001225c9020
RSP=0x00007fff53774868, RBP=0x00007fff53774920, RSI=0x00007fff91112cbe, RDI=0x00007fbf382d6190
R8 =0x0000000000000000, R9 =0x00000000000008b0, R10=0x00007fff91112cbe, R11=0x000007fbf3854848
R12=0x0000000000000000, R13=0x0000000183631478, R14=0x000000012120c440, R15=0x00007fbf34143800
RIP=0x00007fff959144dd, EFLAGS=0x0000000000010206, ERR=0x0000000000000004
  TRAPNO=0x000000000000000e

Top of Stack: (sp=0x00007fff53774868)
0x00007fff53774868:   000000012120a157 00007fbf33d38a10
0x00007fff53774878:   00007fbf33d38a10 ffffffffffffffff
0x00007fff53774888:   00007fbf33d38a10 00007fbf3860c410
0x00007fff53774898:   0000000000000001 00007fbf3851d4c0
0x00007fff537748a8:   000000012120c6a0 000000012120c710
0x00007fff537748b8:   00007fff77a6e770 00007fff75144500
0x00007fff537748c8:   000000012120c450 000000012120c690
0x00007fff537748d8:   00007fbf3851d4c0 00007fbf382d6190
0x00007fff537748e8:   00007fbf33d4fb50 00007fbf3851d4c0
0x00007fff537748f8:   00007fbf382d6190 00007fff537749a8
0x00007fff53774908:   00007fbf341439f8 0000000183631478
0x00007fff53774918:   00007fff537749d0 00007fff53774998
0x00007fff53774928:   000000010df9b954 00007fff537751c0
0x00007fff53774938:   00007fff96668cfc 00007fff53774990
0x00007fff53774948:   00007fff89ab871e 00007fbf367c2118
0x00007fff53774958:   00007fff53774958 0000000000000000
0x00007fff53774968:   00007fff537749d0 00000001836340b0
0x00007fff53774978:   0000000000000000 0000000183631478
0x00007fff53774988:   0000000000000000 00007fff537749b8
0x00007fff53774998:   00007fff53774a18 000000010df8dc4d
0x00007fff537749a8:   00000007b11c8898 000000010df95578
0x00007fff537749b8:   00007fbf3851d4c0 ffff8040c983def0
0x00007fff537749c8:   00007fbf382d6190 00007fbf3a090e00
0x00007fff537749d8:   00007fff537749d8 0000000183631642
0x00007fff537749e8:   00007fff53774a40 00000001836340b0
0x00007fff537749f8:   0000000000000000 0000000183631650
0x00007fff53774a08:   00007fff537749b8 00007fff53774a28
0x00007fff53774a18:   00007fff53774a88 000000010df8dc4d
0x00007fff53774a28:   00007fbf3851d4c0 00000007bcd3df48
0x00007fff53774a38:   00007fbf382d6190 00000007bcd3df48
0x00007fff53774a48:   00007fff53774a48 00000001827b1916
0x00007fff53774a58:   00007fff53774a98 00000001827b19d0 

Instructions: (pc=0x00007fff959144dd)
0x00007fff959144bd:   44 00 00 48 85 ff 2e 74 62 40 f6 c7 01 2e 75 66
0x00007fff959144cd:   49 bb f8 ff ff ff ff 7f 00 00 4c 23 1f 49 89 f2
0x00007fff959144dd:   45 23 53 18 49 c1 e2 04 4d 03 53 10 49 3b 32 75
0x00007fff959144ed:   04 41 ff 62 08 49 83 3a 01 76 0d 49 83 c2 10 49 

Register to memory mapping:

RAX=0x00007fbf3851d4c0 is an unknown value
RBX=0x000000012120c450: Java_jogamp_nativewindow_macosx_OSXUtil_GetScreenRefreshRate0+0x1cf0 in /Applications/AnyLogic.app/Contents/Resources/Java/plugins/org.j3d.opengl.swt.carbon.osx_0.7.0/libnativewindow_macosx.jnilib at 0x0000000121205000
RCX=0x000000017a910860 is an unknown value
RDX=0x00000001225c9020 is an unknown value
RSP=0x00007fff53774868 is pointing into the stack for thread: 0x00007fbf34143800
RBP=0x00007fff53774920 is pointing into the stack for thread: 0x00007fbf34143800
RSI=0x00007fff91112cbe is an unknown value
RDI=0x00007fbf382d6190 is an unknown value
R8 =0x0000000000000000 is an unknown value
R9 =0x00000000000008b0 is an unknown value
R10=0x00007fff91112cbe is an unknown value
R11=0x000007fbf3854848 is an unknown value
R12=0x0000000000000000 is an unknown value
R13={method} {0x0000000183631478} 'UnsetJAWTRootSurfaceLayer0' '(JJ)V' in 'jogamp/nativewindow/jawt/macosx/MacOSXJAWTWindow'
R14=0x000000012120c440: Java_jogamp_nativewindow_macosx_OSXUtil_GetScreenRefreshRate0+0x1ce0 in /Applications/AnyLogic.app/Contents/Resources/Java/plugins/org.j3d.opengl.swt.carbon.osx_0.7.0/libnativewindow_macosx.jnilib at 0x0000000121205000
R15=0x00007fbf34143800 is a thread


Stack: [0x00007fff52f7b000,0x00007fff5377b000],  sp=0x00007fff53774868,  free space=8166k
Native frames: (J=compiled Java code, j=interpreted, Vv=VM code, C=native code)
C  [libobjc.A.dylib+0x14dd]  objc_msgSend+0x1d
j  jogamp.nativewindow.jawt.macosx.MacOSXJAWTWindow.UnsetJAWTRootSurfaceLayer0(JJ)V+0
j  jogamp.nativewindow.jawt.macosx.MacOSXJAWTWindow.access$200(JJ)V+2
j  jogamp.nativewindow.jawt.macosx.MacOSXJAWTWindow$1.run()V+38
J 3441 C1 com.jogamp.common.util.RunnableTask.run()V (345 bytes) @ 0x000000010ea8f014 [0x000000010ea8ee80+0x194]
v  ~StubRoutines::call_stub
V  [libjvm.dylib+0x2ea35e]  JavaCalls::call_helper(JavaValue*, methodHandle*, JavaCallArguments*, Thread*)+0x6ae
V  [libjvm.dylib+0x321467]  jni_invoke_nonstatic(JNIEnv_*, JavaValue*, _jobject*, JNICallType, _jmethodID*, JNI_ArgumentPusher*, Thread*)+0x2ec
V  [libjvm.dylib+0x313c3b]  jni_CallVoidMethod+0x16b
C  [libnativewindow_macosx.jnilib+0x5326]  Java_jogamp_nativewindow_jawt_macosx_MacOSXJAWTWindow_UnsetJAWTRootSurfaceLayer0+0x2b6
C  [Foundation+0x76fde]  __NSThreadPerformPerform+0x117
C  [CoreFoundation+0xaa881]  __CFRUNLOOP_IS_CALLING_OUT_TO_A_SOURCE0_PERFORM_FUNCTION__+0x11
C  [CoreFoundation+0x89f37]  __CFRunLoopDoSources0+0x1a7
C  [CoreFoundation+0x894df]  __CFRunLoopRun+0x39f
C  [CoreFoundation+0x88ed8]  CFRunLoopRunSpecific+0x128
C  [HIToolbox+0x30935]  RunCurrentEventLoopInMode+0xeb
C  [HIToolbox+0x30677]  ReceiveNextEventCommon+0xb8
C  [HIToolbox+0x305af]  _BlockUntilNextEventMatchingListInModeWithFilter+0x47
C  [AppKit+0x48df6]  _DPSNextEvent+0x42b
C  [AppKit+0x48226]  -[NSApplication _nextEventMatchingEventMask:untilDate:inMode:dequeue:]+0x1c6
C  [libosxapp.dylib+0x23aa]  -[NSApplicationAWT nextEventMatchingMask:untilDate:inMode:dequeue:]+0x7c
C  [AppKit+0x3cd80]  -[NSApplication run]+0x2aa
C  [libosxapp.dylib+0x214d]  +[NSApplicationAWT runAWTLoopWithApp:]+0x9c
C  [libawt_lwawt.dylib+0x4455b]  -[AWTStarter starter:]+0x389
C  [Foundation+0x76fde]  __NSThreadPerformPerform+0x117
C  [CoreFoundation+0xaa881]  __CFRUNLOOP_IS_CALLING_OUT_TO_A_SOURCE0_PERFORM_FUNCTION__+0x11
C  [CoreFoundation+0x89fbc]  __CFRunLoopDoSources0+0x22c
C  [CoreFoundation+0x894df]  __CFRunLoopRun+0x39f
C  [CoreFoundation+0x88ed8]  CFRunLoopRunSpecific+0x128
C  [java+0x6463]  CreateExecutionEnvironment+0x367
C  [java+0x21ac]  JLI_Launch+0x7a0
C  [java+0x84c0]  main+0x65
C  [java+0x1a04]  start+0x34
C  0x0000000000000010

Java frames: (J=compiled Java code, j=interpreted, Vv=VM code)
j  jogamp.nativewindow.jawt.macosx.MacOSXJAWTWindow.UnsetJAWTRootSurfaceLayer0(JJ)V+0
j  jogamp.nativewindow.jawt.macosx.MacOSXJAWTWindow.access$200(JJ)V+2
j  jogamp.nativewindow.jawt.macosx.MacOSXJAWTWindow$1.run()V+38
J 3441 C1 com.jogamp.common.util.RunnableTask.run()V (345 bytes) @ 0x000000010ea8f014 [0x000000010ea8ee80+0x194]
v  ~StubRoutines::call_stub

---------------  P R O C E S S  ---------------

Java Threads: ( => current thread )
  0x00007fbf345ab000 JavaThread "AnyLogic user input event processor" daemon [_thread_blocked, id=13615, stack(0x00007000017e8000,0x00007000018e8000)]
  0x00007fbf35848000 JavaThread "AnyLogic model execution control handler" daemon [_thread_blocked, id=34039, stack(0x000070000155f000,0x000070000165f000)]
  0x00007fbf3400c000 JavaThread "Image Fetcher 0" daemon [_thread_blocked, id=34315, stack(0x000070000104a000,0x000070000114a000)]
  0x00007fbf35951800 JavaThread "AV3D Runtime" [_thread_blocked, id=66659, stack(0x0000700001dfa000,0x0000700001efa000)]
  0x00007fbf34ad3000 JavaThread "Xj3D Content Loader" [_thread_blocked, id=65295, stack(0x0000700002000000,0x0000700002100000)]
  0x00007fbf34ad2800 JavaThread "Xj3D Content Loader" [_thread_blocked, id=63099, stack(0x0000700001efd000,0x0000700001ffd000)]
  0x00007fbf351f9000 JavaThread "Xj3D Content Loader" [_thread_blocked, id=62723, stack(0x0000700001bf4000,0x0000700001cf4000)]
  0x00007fbf3454b800 JavaThread "AnyLogic presentation frame manager" daemon [_thread_blocked, id=60975, stack(0x0000700001af1000,0x0000700001bf1000)]
  0x00007fbf3454b000 JavaThread "DestroyJavaVM" [_thread_blocked, id=5891, stack(0x000070000011a000,0x000070000021a000)]
  0x00007fbf34522800 JavaThread "TimerQueue" daemon [_thread_blocked, id=60439, stack(0x00007000019ee000,0x0000700001aee000)]
  0x00007fbf34003800 JavaThread "AnyLogic simulation performance monitor" [_thread_blocked, id=59943, stack(0x00007000018eb000,0x00007000019eb000)]
  0x00007fbf34ae6000 JavaThread "AWT-EventQueue-0" [_thread_in_native, id=55683, stack(0x0000700001662000,0x0000700001762000)]
  0x00007fbf34224800 JavaThread "Java2D Disposer" daemon [_thread_blocked, id=53251, stack(0x000070000145c000,0x000070000155c000)]
  0x00007fbf3598e800 JavaThread "Java2D Queue Flusher" daemon [_thread_blocked, id=50439, stack(0x0000700001359000,0x0000700001459000)]
  0x00007fbf34163000 JavaThread "AWT-Shutdown" [_thread_blocked, id=29971, stack(0x00007000011d3000,0x00007000012d3000)]
=>0x00007fbf34143800 JavaThread "AWT-AppKit" daemon [_thread_in_native, id=2571, stack(0x00007fff52f7b000,0x00007fff5377b000)]
  0x00007fbf35035000 JavaThread "Service Thread" daemon [_thread_blocked, id=18691, stack(0x0000700000e44000,0x0000700000f44000)]
  0x00007fbf35090800 JavaThread "C1 CompilerThread2" daemon [_thread_blocked, id=18179, stack(0x0000700000d41000,0x0000700000e41000)]
  0x00007fbf3582a800 JavaThread "C2 CompilerThread1" daemon [_thread_blocked, id=17667, stack(0x0000700000c3e000,0x0000700000d3e000)]
  0x00007fbf35817000 JavaThread "C2 CompilerThread0" daemon [_thread_blocked, id=17155, stack(0x0000700000b3b000,0x0000700000c3b000)]
  0x00007fbf35812000 JavaThread "Signal Dispatcher" daemon [_thread_blocked, id=12815, stack(0x0000700000a38000,0x0000700000b38000)]
  0x00007fbf34812000 JavaThread "Finalizer" daemon [_thread_blocked, id=12291, stack(0x000070000082f000,0x000070000092f000)]
  0x00007fbf34811000 JavaThread "Reference Handler" daemon [_thread_blocked, id=11779, stack(0x000070000072c000,0x000070000082c000)]

Other Threads:
  0x00007fbf35825000 VMThread [stack: 0x0000700000629000,0x0000700000729000] [id=11267]
  0x00007fbf35036000 WatcherThread [stack: 0x0000700000f47000,0x0000700001047000] [id=19203]

VM state:not at safepoint (normal execution)

VM Mutex/Monitor currently owned by a thread: None

Heap:
 PSYoungGen      total 58368K, used 35486K [0x00000007bab00000, 0x00000007c0000000, 0x00000007c0000000)
  eden space 33280K, 37% used [0x00000007bab00000,0x00000007bb755350,0x00000007bcb80000)
  from space 25088K, 91% used [0x00000007bcb80000,0x00000007be1d2608,0x00000007be400000)
  to   space 27136K, 0% used [0x00000007be580000,0x00000007be580000,0x00000007c0000000)
 ParOldGen       total 81408K, used 39768K [0x00000007b0000000, 0x00000007b4f80000, 0x00000007bab00000)
  object space 81408K, 48% used [0x00000007b0000000,0x00000007b26d61d0,0x00000007b4f80000)
 Metaspace       used 33329K, capacity 33759K, committed 34048K, reserved 1079296K
  class space    used 4214K, capacity 4341K, committed 4352K, reserved 1048576K

Card table byte_map: [0x000000010c75b000,0x000000010c7dc000] byte_map_base: 0x00000001089db000

Marking Bits: (ParMarkBitMap*) 0x000000010d8dde20
 Begin Bits: [0x000000011d39c000, 0x000000011d79c000)
 End Bits:   [0x000000011d79c000, 0x000000011db9c000)

Polling page: 0x000000010c748000

CodeCache: size=245760Kb used=18325Kb max_used=18364Kb free=227434Kb
 bounds [0x000000010df86000, 0x000000010f196000, 0x000000011cf86000]
 total_blobs=6450 nmethods=5375 adapters=982
 compilation: enabled

Compilation events (10 events):
Event: 71.981 Thread 0x00007fbf35090800 nmethod 6332 0x000000010e58b350 code [0x000000010e58b540, 0x000000010e58c170]
Event: 71.981 Thread 0x00007fbf35090800 6333       3       java.awt.Component::applyCurrentShapeBelowMe (63 bytes)
Event: 71.985 Thread 0x00007fbf35090800 nmethod 6333 0x000000010f152410 code [0x000000010f152760, 0x000000010f1546c8]
Event: 71.985 Thread 0x00007fbf35090800 6334       3       java.awt.Component::getSiblingIndexBelow (37 bytes)
Event: 71.986 Thread 0x00007fbf35090800 nmethod 6334 0x000000010e3be250 code [0x000000010e3be440, 0x000000010e3bed28]
Event: 71.986 Thread 0x00007fbf35090800 6335       3       java.awt.Container::getBottommostComponentIndex (20 bytes)
Event: 71.987 Thread 0x00007fbf35090800 nmethod 6335 0x000000010e45d010 code [0x000000010e45d200, 0x000000010e45db78]
Event: 71.992 Thread 0x00007fbf35817000 nmethod 6310% 0x000000010e423050 code [0x000000010e423300, 0x000000010e424490]
Event: 71.992 Thread 0x00007fbf35817000 6325       4       java.awt.Component::getToolkitImpl (18 bytes)
Event: 71.994 Thread 0x00007fbf3582a800 nmethod 6324 0x000000010ea49550 code [0x000000010ea49760, 0x000000010ea4ab58]

GC Heap History (10 events):
Event: 42.641 GC heap before
{Heap before GC invocations=11 (full 2):
 PSYoungGen      total 58368K, used 29696K [0x00000007bab00000, 0x00000007c0000000, 0x00000007c0000000)
  eden space 29696K, 100% used [0x00000007bab00000,0x00000007bc800000,0x00000007bc800000)
  from space 28672K, 0% used [0x00000007be400000,0x00000007be400000,0x00000007c0000000)
  to   space 28672K, 0% used [0x00000007bc800000,0x00000007bc800000,0x00000007be400000)
 ParOldGen       total 81408K, used 39736K [0x00000007b0000000, 0x00000007b4f80000, 0x00000007bab00000)
  object space 81408K, 48% used [0x00000007b0000000,0x00000007b26ce1d0,0x00000007b4f80000)
 Metaspace       used 32920K, capacity 33267K, committed 33536K, reserved 1079296K
  class space    used 4178K, capacity 4307K, committed 4352K, reserved 1048576K
Event: 42.648 GC heap after
Heap after GC invocations=11 (full 2):
 PSYoungGen      total 39936K, used 10145K [0x00000007bab00000, 0x00000007bff00000, 0x00000007c0000000)
  eden space 29696K, 0% used [0x00000007bab00000,0x00000007bab00000,0x00000007bc800000)
  from space 10240K, 99% used [0x00000007bc800000,0x00000007bd1e8480,0x00000007bd200000)
  to   space 28160K, 0% used [0x00000007be380000,0x00000007be380000,0x00000007bff00000)
 ParOldGen       total 81408K, used 39744K [0x00000007b0000000, 0x00000007b4f80000, 0x00000007bab00000)
  object space 81408K, 48% used [0x00000007b0000000,0x00000007b26d01d0,0x00000007b4f80000)
 Metaspace       used 32920K, capacity 33267K, committed 33536K, reserved 1079296K
  class space    used 4178K, capacity 4307K, committed 4352K, reserved 1048576K
}
Event: 45.809 GC heap before
{Heap before GC invocations=12 (full 2):
 PSYoungGen      total 39936K, used 39841K [0x00000007bab00000, 0x00000007bff00000, 0x00000007c0000000)
  eden space 29696K, 100% used [0x00000007bab00000,0x00000007bc800000,0x00000007bc800000)
  from space 10240K, 99% used [0x00000007bc800000,0x00000007bd1e8480,0x00000007bd200000)
  to   space 28160K, 0% used [0x00000007be380000,0x00000007be380000,0x00000007bff00000)
 ParOldGen       total 81408K, used 39744K [0x00000007b0000000, 0x00000007b4f80000, 0x00000007bab00000)
  object space 81408K, 48% used [0x00000007b0000000,0x00000007b26d01d0,0x00000007b4f80000)
 Metaspace       used 33041K, capacity 33407K, committed 33792K, reserved 1079296K
  class space    used 4179K, capacity 4309K, committed 4352K, reserved 1048576K
Event: 45.814 GC heap after
Heap after GC invocations=12 (full 2):
 PSYoungGen      total 59392K, used 14488K [0x00000007bab00000, 0x00000007c0000000, 0x00000007c0000000)
  eden space 31232K, 0% used [0x00000007bab00000,0x00000007bab00000,0x00000007bc980000)
  from space 28160K, 51% used [0x00000007be380000,0x00000007bf1a6028,0x00000007bff00000)
  to   space 26624K, 0% used [0x00000007bc980000,0x00000007bc980000,0x00000007be380000)
 ParOldGen       total 81408K, used 39752K [0x00000007b0000000, 0x00000007b4f80000, 0x00000007bab00000)
  object space 81408K, 48% used [0x00000007b0000000,0x00000007b26d21d0,0x00000007b4f80000)
 Metaspace       used 33041K, capacity 33407K, committed 33792K, reserved 1079296K
  class space    used 4179K, capacity 4309K, committed 4352K, reserved 1048576K
}
Event: 59.349 GC heap before
{Heap before GC invocations=13 (full 2):
 PSYoungGen      total 59392K, used 45720K [0x00000007bab00000, 0x00000007c0000000, 0x00000007c0000000)
  eden space 31232K, 100% used [0x00000007bab00000,0x00000007bc980000,0x00000007bc980000)
  from space 28160K, 51% used [0x00000007be380000,0x00000007bf1a6028,0x00000007bff00000)
  to   space 26624K, 0% used [0x00000007bc980000,0x00000007bc980000,0x00000007be380000)
 ParOldGen       total 81408K, used 39752K [0x00000007b0000000, 0x00000007b4f80000, 0x00000007bab00000)
  object space 81408K, 48% used [0x00000007b0000000,0x00000007b26d21d0,0x00000007b4f80000)
 Metaspace       used 33193K, capacity 33631K, committed 34048K, reserved 1079296K
  class space    used 4207K, capacity 4341K, committed 4352K, reserved 1048576K
Event: 59.354 GC heap after
Heap after GC invocations=13 (full 2):
 PSYoungGen      total 57856K, used 15350K [0x00000007bab00000, 0x00000007bfd80000, 0x00000007c0000000)
  eden space 31232K, 0% used [0x00000007bab00000,0x00000007bab00000,0x00000007bc980000)
  from space 26624K, 57% used [0x00000007bc980000,0x00000007bd87dac8,0x00000007be380000)
  to   space 26112K, 0% used [0x00000007be400000,0x00000007be400000,0x00000007bfd80000)
 ParOldGen       total 81408K, used 39760K [0x00000007b0000000, 0x00000007b4f80000, 0x00000007bab00000)
  object space 81408K, 48% used [0x00000007b0000000,0x00000007b26d41d0,0x00000007b4f80000)
 Metaspace       used 33193K, capacity 33631K, committed 34048K, reserved 1079296K
  class space    used 4207K, capacity 4341K, committed 4352K, reserved 1048576K
}
Event: 69.307 GC heap before
{Heap before GC invocations=14 (full 2):
 PSYoungGen      total 57856K, used 46582K [0x00000007bab00000, 0x00000007bfd80000, 0x00000007c0000000)
  eden space 31232K, 100% used [0x00000007bab00000,0x00000007bc980000,0x00000007bc980000)
  from space 26624K, 57% used [0x00000007bc980000,0x00000007bd87dac8,0x00000007be380000)
  to   space 26112K, 0% used [0x00000007be400000,0x00000007be400000,0x00000007bfd80000)
 ParOldGen       total 81408K, used 39760K [0x00000007b0000000, 0x00000007b4f80000, 0x00000007bab00000)
  object space 81408K, 48% used [0x00000007b0000000,0x00000007b26d41d0,0x00000007b4f80000)
 Metaspace       used 33250K, capacity 33631K, committed 34048K, reserved 1079296K
  class space    used 4214K, capacity 4341K, committed 4352K, reserved 1048576K
Event: 69.319 GC heap after
Heap after GC invocations=14 (full 2):
 PSYoungGen      total 59392K, used 15831K [0x00000007bab00000, 0x00000007bfd80000, 0x00000007c0000000)
  eden space 33280K, 0% used [0x00000007bab00000,0x00000007bab00000,0x00000007bcb80000)
  from space 26112K, 60% used [0x00000007be400000,0x00000007bf375ef8,0x00000007bfd80000)
  to   space 25088K, 0% used [0x00000007bcb80000,0x00000007bcb80000,0x00000007be400000)
 ParOldGen       total 81408K, used 39768K [0x00000007b0000000, 0x00000007b4f80000, 0x00000007bab00000)
  object space 81408K, 48% used [0x00000007b0000000,0x00000007b26d61d0,0x00000007b4f80000)
 Metaspace       used 33250K, capacity 33631K, committed 34048K, reserved 1079296K
  class space    used 4214K, capacity 4341K, committed 4352K, reserved 1048576K
}
Event: 71.864 GC heap before
{Heap before GC invocations=15 (full 2):
 PSYoungGen      total 59392K, used 35801K [0x00000007bab00000, 0x00000007bfd80000, 0x00000007c0000000)
  eden space 33280K, 60% used [0x00000007bab00000,0x00000007bbe805f0,0x00000007bcb80000)
  from space 26112K, 60% used [0x00000007be400000,0x00000007bf375ef8,0x00000007bfd80000)
  to   space 25088K, 0% used [0x00000007bcb80000,0x00000007bcb80000,0x00000007be400000)
 ParOldGen       total 81408K, used 39768K [0x00000007b0000000, 0x00000007b4f80000, 0x00000007bab00000)
  object space 81408K, 48% used [0x00000007b0000000,0x00000007b26d61d0,0x00000007b4f80000)
 Metaspace       used 33312K, capacity 33695K, committed 34048K, reserved 1079296K
  class space    used 4214K, capacity 4341K, committed 4352K, reserved 1048576K
Event: 71.873 GC heap after
Heap after GC invocations=15 (full 2):
 PSYoungGen      total 58368K, used 22857K [0x00000007bab00000, 0x00000007c0000000, 0x00000007c0000000)
  eden space 33280K, 0% used [0x00000007bab00000,0x00000007bab00000,0x00000007bcb80000)
  from space 25088K, 91% used [0x00000007bcb80000,0x00000007be1d2608,0x00000007be400000)
  to   space 27136K, 0% used [0x00000007be580000,0x00000007be580000,0x00000007c0000000)
 ParOldGen       total 81408K, used 39768K [0x00000007b0000000, 0x00000007b4f80000, 0x00000007bab00000)
  object space 81408K, 48% used [0x00000007b0000000,0x00000007b26d61d0,0x00000007b4f80000)
 Metaspace       used 33312K, capacity 33695K, committed 34048K, reserved 1079296K
  class space    used 4214K, capacity 4341K, committed 4352K, reserved 1048576K
}

Deoptimization events (10 events):
Event: 57.870 Thread 0x00007fbf34143800 Uncommon trap: reason=class_check action=maybe_recompile pc=0x000000010ea2b0ac method=sun.java2d.opengl.OGLBlitLoops.IsoBlit(Lsun/java2d/SurfaceData;Lsun/java2d/SurfaceData;Ljava/awt/image/BufferedImage;Ljava/awt/image/BufferedImageOp;Ljava/awt/Composite;
Event: 57.870 Thread 0x00007fbf34143800 Uncommon trap: reason=unstable_if action=reinterpret pc=0x000000010ed9a20c method=sun.java2d.pipe.BufferedContext.validate(Lsun/java2d/pipe/hw/AccelSurface;Lsun/java2d/pipe/hw/AccelSurface;Lsun/java2d/pipe/Region;Ljava/awt/Composite;Ljava/awt/geom/AffineT
Event: 57.879 Thread 0x00007fbf34ae6000 Uncommon trap: reason=bimorphic action=maybe_recompile pc=0x000000010ec49384 method=java.awt.Component.getBackground()Ljava/awt/Color; @ 21
Event: 57.879 Thread 0x00007fbf34ae6000 Uncommon trap: reason=bimorphic action=maybe_recompile pc=0x000000010ec49384 method=java.awt.Component.getBackground()Ljava/awt/Color; @ 21
Event: 57.879 Thread 0x00007fbf34ae6000 Uncommon trap: reason=class_check action=maybe_recompile pc=0x000000010e8e9940 method=javax.swing.SwingUtilities.getWindowAncestor(Ljava/awt/Component;)Ljava/awt/Window; @ 17
Event: 57.879 Thread 0x00007fbf34ae6000 Uncommon trap: reason=class_check action=maybe_recompile pc=0x000000010e8e9940 method=javax.swing.SwingUtilities.getWindowAncestor(Ljava/awt/Component;)Ljava/awt/Window; @ 17
Event: 57.879 Thread 0x00007fbf34ae6000 Uncommon trap: reason=class_check action=maybe_recompile pc=0x000000010e8e9940 method=javax.swing.SwingUtilities.getWindowAncestor(Ljava/awt/Component;)Ljava/awt/Window; @ 17
Event: 57.879 Thread 0x00007fbf34ae6000 Uncommon trap: reason=null_check action=make_not_entrant pc=0x000000010ef61c3c method=sun.font.Font2D.getStrike(Lsun/font/FontStrikeDesc;Z)Lsun/font/FontStrike; @ 36
Event: 68.097 Thread 0x00007fbf3400c000 Uncommon trap: reason=bimorphic action=maybe_recompile pc=0x000000010eec88cc method=java.util.HashMap.removeNode(ILjava/lang/Object;Ljava/lang/Object;ZZ)Ljava/util/HashMap$Node; @ 283
Event: 68.591 Thread 0x00007fbf35951800 Uncommon trap: reason=bimorphic action=maybe_recompile pc=0x000000010e1a24b0 method=java.util.HashMap.removeNode(ILjava/lang/Object;Ljava/lang/Object;ZZ)Ljava/util/HashMap$Node; @ 283

Internal exceptions (10 events):
Event: 35.076 Thread 0x00007fbf399e7000 Implicit null exception at 0x000000010ed94a20 to 0x000000010ed9abc5
Event: 35.194 Thread 0x00007fbf35951800 Implicit null exception at 0x000000010e9d789b to 0x000000010e9da20d
Event: 35.362 Thread 0x00007fbf35951800 Implicit null exception at 0x000000010eeb1b8b to 0x000000010eeb1d39
Event: 35.362 Thread 0x00007fbf35951800 Implicit null exception at 0x000000010eeab66c to 0x000000010eeab781
Event: 42.747 Thread 0x00007fbf346df000 Implicit null exception at 0x000000010ee7ff8f to 0x000000010ee81009
Event: 42.908 Thread 0x00007fbf34ae6000 Implicit null exception at 0x000000010ee074ea to 0x000000010ee0756d
Event: 42.908 Thread 0x00007fbf34ae6000 Implicit null exception at 0x000000010ee0d544 to 0x000000010ee0d5e5
Event: 42.910 Thread 0x00007fbf35951800 Implicit null exception at 0x000000010ee3f302 to 0x000000010ee40011
Event: 57.870 Thread 0x00007fbf34143800 Implicit null exception at 0x000000010ed98f12 to 0x000000010ed9a1d1
Event: 59.355 Thread 0x00007fbf34812000 Exception <a 'java/lang/NullPointerException'> (0x00000007baba46f8) thrown at [/HUDSON3/workspace/8-2-build-macosx-x86_64/jdk8u66/4988/hotspot/src/share/vm/interpreter/linkResolver.cpp, line 1178]

Events (10 events):
Event: 71.873 Thread 0x00007fbf35817000 flushing nmethod 0x000000010ec226d0
Event: 71.878 Thread 0x00007fbf35090800 flushing nmethod 0x000000010ecf8dd0
Event: 71.878 Thread 0x00007fbf35090800 flushing nmethod 0x000000010ed4a390
Event: 71.880 Thread 0x00007fbf35090800 flushing nmethod 0x000000010ef6c990
Event: 71.881 Executing VM operation: RevokeBias
Event: 71.881 Executing VM operation: RevokeBias done
Event: 71.945 Executing VM operation: RevokeBias
Event: 71.945 Executing VM operation: RevokeBias done
Event: 71.991 Executing VM operation: RevokeBias
Event: 71.992 Executing VM operation: RevokeBias done


Dynamic libraries:
0x000000000403f000 	/System/Library/Frameworks/Cocoa.framework/Versions/A/Cocoa
0x000000000403f000 	/System/Library/Frameworks/Security.framework/Versions/A/Security
0x000000000403f000 	/System/Library/Frameworks/ApplicationServices.framework/Versions/A/ApplicationServices
0x000000000403f000 	/usr/lib/libz.1.dylib
0x000000000403f000 	/usr/lib/libSystem.B.dylib
0x000000000403f000 	/usr/lib/libobjc.A.dylib
0x000000000403f000 	/System/Library/Frameworks/CoreFoundation.framework/Versions/A/CoreFoundation
0x000000000403f000 	/System/Library/Frameworks/Foundation.framework/Versions/C/Foundation
0x000000000403f000 	/System/Library/Frameworks/AppKit.framework/Versions/C/AppKit
0x000000000403f000 	/System/Library/Frameworks/CoreData.framework/Versions/A/CoreData
0x000000000403f000 	/System/Library/PrivateFrameworks/RemoteViewServices.framework/Versions/A/RemoteViewServices
0x000000000403f000 	/System/Library/PrivateFrameworks/UIFoundation.framework/Versions/A/UIFoundation
0x000000000403f000 	/usr/lib/libScreenReader.dylib
0x000000000403f000 	/System/Library/Frameworks/Accelerate.framework/Versions/A/Accelerate
0x000000000403f000 	/System/Library/Frameworks/IOSurface.framework/Versions/A/IOSurface
0x000000000403f000 	/System/Library/Frameworks/AudioToolbox.framework/Versions/A/AudioToolbox
0x000000000403f000 	/System/Library/Frameworks/AudioUnit.framework/Versions/A/AudioUnit
0x000000000403f000 	/System/Library/PrivateFrameworks/DataDetectorsCore.framework/Versions/A/DataDetectorsCore
0x000000000403f000 	/System/Library/PrivateFrameworks/DesktopServicesPriv.framework/Versions/A/DesktopServicesPriv
0x000000000403f000 	/System/Library/Frameworks/Carbon.framework/Versions/A/Frameworks/HIToolbox.framework/Versions/A/HIToolbox
0x000000000403f000 	/System/Library/Frameworks/QuartzCore.framework/Versions/A/QuartzCore
0x000000000403f000 	/System/Library/Frameworks/Carbon.framework/Versions/A/Frameworks/SpeechRecognition.framework/Versions/A/SpeechRecognition
0x000000000403f000 	/usr/lib/libauto.dylib
0x000000000403f000 	/usr/lib/libicucore.A.dylib
0x000000000403f000 	/usr/lib/libxml2.2.dylib
0x000000000403f000 	/System/Library/PrivateFrameworks/CoreUI.framework/Versions/A/CoreUI
0x000000000403f000 	/System/Library/Frameworks/CoreAudio.framework/Versions/A/CoreAudio
0x000000000403f000 	/System/Library/Frameworks/DiskArbitration.framework/Versions/A/DiskArbitration
0x000000000403f000 	/usr/lib/liblangid.dylib
0x000000000403f000 	/System/Library/PrivateFrameworks/MultitouchSupport.framework/Versions/A/MultitouchSupport
0x000000000403f000 	/System/Library/Frameworks/IOKit.framework/Versions/A/IOKit
0x000000000403f000 	/usr/lib/libDiagnosticMessagesClient.dylib
0x000000000403f000 	/System/Library/Frameworks/CoreServices.framework/Versions/A/CoreServices
0x000000000403f000 	/System/Library/PrivateFrameworks/PerformanceAnalysis.framework/Versions/A/PerformanceAnalysis
0x000000000403f000 	/System/Library/PrivateFrameworks/GenerationalStorage.framework/Versions/A/GenerationalStorage
0x000000000403f000 	/System/Library/Frameworks/OpenGL.framework/Versions/A/OpenGL
0x000000000403f000 	/System/Library/PrivateFrameworks/Sharing.framework/Versions/A/Sharing
0x000000000403f000 	/System/Library/Frameworks/CoreGraphics.framework/Versions/A/CoreGraphics
0x000000000403f000 	/System/Library/Frameworks/CoreImage.framework/Versions/A/CoreImage
0x000000000403f000 	/System/Library/Frameworks/CoreText.framework/Versions/A/CoreText
0x000000000403f000 	/System/Library/Frameworks/ImageIO.framework/Versions/A/ImageIO
0x000000000403f000 	/System/Library/PrivateFrameworks/Backup.framework/Versions/A/Backup
0x000000000403f000 	/usr/lib/libextension.dylib
0x000000000403f000 	/usr/lib/libarchive.2.dylib
0x000000000403f000 	/System/Library/Frameworks/CFNetwork.framework/Versions/A/CFNetwork
0x000000000403f000 	/System/Library/Frameworks/SystemConfiguration.framework/Versions/A/SystemConfiguration
0x000000000403f000 	/usr/lib/libCRFSuite.dylib
0x000000000403f000 	/usr/lib/libc++.1.dylib
0x000000000403f000 	/usr/lib/libc++abi.dylib
0x000000000403f000 	/usr/lib/system/libcache.dylib
0x000000000403f000 	/usr/lib/system/libcommonCrypto.dylib
0x000000000403f000 	/usr/lib/system/libcompiler_rt.dylib
0x000000000403f000 	/usr/lib/system/libcopyfile.dylib
0x000000000403f000 	/usr/lib/system/libcorecrypto.dylib
0x000000000403f000 	/usr/lib/system/libdispatch.dylib
0x000000000403f000 	/usr/lib/system/libdyld.dylib
0x000000000403f000 	/usr/lib/system/libkeymgr.dylib
0x000000000403f000 	/usr/lib/system/liblaunch.dylib
0x000000000403f000 	/usr/lib/system/libmacho.dylib
0x000000000403f000 	/usr/lib/system/libquarantine.dylib
0x000000000403f000 	/usr/lib/system/libremovefile.dylib
0x000000000403f000 	/usr/lib/system/libsystem_asl.dylib
0x000000000403f000 	/usr/lib/system/libsystem_blocks.dylib
0x000000000403f000 	/usr/lib/system/libsystem_c.dylib
0x000000000403f000 	/usr/lib/system/libsystem_configuration.dylib
0x000000000403f000 	/usr/lib/system/libsystem_coreservices.dylib
0x000000000403f000 	/usr/lib/system/libsystem_coretls.dylib
0x000000000403f000 	/usr/lib/system/libsystem_dnssd.dylib
0x000000000403f000 	/usr/lib/system/libsystem_info.dylib
0x000000000403f000 	/usr/lib/system/libsystem_kernel.dylib
0x000000000403f000 	/usr/lib/system/libsystem_m.dylib
0x000000000403f000 	/usr/lib/system/libsystem_malloc.dylib
0x000000000403f000 	/usr/lib/system/libsystem_network.dylib
0x000000000403f000 	/usr/lib/system/libsystem_networkextension.dylib
0x000000000403f000 	/usr/lib/system/libsystem_notify.dylib
0x000000000403f000 	/usr/lib/system/libsystem_platform.dylib
0x000000000403f000 	/usr/lib/system/libsystem_pthread.dylib
0x000000000403f000 	/usr/lib/system/libsystem_sandbox.dylib
0x000000000403f000 	/usr/lib/system/libsystem_secinit.dylib
0x000000000403f000 	/usr/lib/system/libsystem_trace.dylib
0x000000000403f000 	/usr/lib/system/libunc.dylib
0x000000000403f000 	/usr/lib/system/libunwind.dylib
0x000000000403f000 	/usr/lib/system/libxpc.dylib
0x000000000403f000 	/usr/lib/libenergytrace.dylib
0x000000000403f000 	/usr/lib/libbsm.0.dylib
0x000000000403f000 	/usr/lib/system/libkxld.dylib
0x000000000403f000 	/usr/lib/libxar.1.dylib
0x000000000403f000 	/usr/lib/libsqlite3.dylib
0x000000000403f000 	/usr/lib/libpam.2.dylib
0x000000000403f000 	/usr/lib/libOpenScriptingUtil.dylib
0x000000000403f000 	/usr/lib/libbz2.1.0.dylib
0x000000000403f000 	/usr/lib/liblzma.5.dylib
0x000000000403f000 	/System/Library/Frameworks/CoreServices.framework/Versions/A/Frameworks/FSEvents.framework/Versions/A/FSEvents
0x000000000403f000 	/System/Library/Frameworks/CoreServices.framework/Versions/A/Frameworks/CarbonCore.framework/Versions/A/CarbonCore
0x000000000403f000 	/System/Library/Frameworks/CoreServices.framework/Versions/A/Frameworks/Metadata.framework/Versions/A/Metadata
0x000000000403f000 	/System/Library/Frameworks/CoreServices.framework/Versions/A/Frameworks/OSServices.framework/Versions/A/OSServices
0x000000000403f000 	/System/Library/Frameworks/CoreServices.framework/Versions/A/Frameworks/SearchKit.framework/Versions/A/SearchKit
0x000000000403f000 	/System/Library/Frameworks/CoreServices.framework/Versions/A/Frameworks/AE.framework/Versions/A/AE
0x000000000403f000 	/System/Library/Frameworks/CoreServices.framework/Versions/A/Frameworks/LaunchServices.framework/Versions/A/LaunchServices
0x000000000403f000 	/System/Library/Frameworks/CoreServices.framework/Versions/A/Frameworks/DictionaryServices.framework/Versions/A/DictionaryServices
0x000000000403f000 	/System/Library/Frameworks/CoreServices.framework/Versions/A/Frameworks/SharedFileList.framework/Versions/A/SharedFileList
0x000000000403f000 	/System/Library/Frameworks/NetFS.framework/Versions/A/NetFS
0x000000000403f000 	/System/Library/PrivateFrameworks/NetAuth.framework/Versions/A/NetAuth
0x000000000403f000 	/System/Library/PrivateFrameworks/login.framework/Versions/A/Frameworks/loginsupport.framework/Versions/A/loginsupport
0x000000000403f000 	/System/Library/PrivateFrameworks/TCC.framework/Versions/A/TCC
0x000000000403f000 	/usr/lib/libmecabra.dylib
0x000000000403f000 	/System/Library/Frameworks/ApplicationServices.framework/Versions/A/Frameworks/ATS.framework/Versions/A/ATS
0x000000000403f000 	/System/Library/Frameworks/ApplicationServices.framework/Versions/A/Frameworks/ColorSync.framework/Versions/A/ColorSync
0x000000000403f000 	/System/Library/Frameworks/ApplicationServices.framework/Versions/A/Frameworks/HIServices.framework/Versions/A/HIServices
0x000000000403f000 	/System/Library/Frameworks/ApplicationServices.framework/Versions/A/Frameworks/LangAnalysis.framework/Versions/A/LangAnalysis
0x000000000403f000 	/System/Library/Frameworks/ApplicationServices.framework/Versions/A/Frameworks/PrintCore.framework/Versions/A/PrintCore
0x000000000403f000 	/System/Library/Frameworks/ApplicationServices.framework/Versions/A/Frameworks/QD.framework/Versions/A/QD
0x000000000403f000 	/System/Library/Frameworks/ApplicationServices.framework/Versions/A/Frameworks/SpeechSynthesis.framework/Versions/A/SpeechSynthesis
0x000000000403f000 	/System/Library/Frameworks/Metal.framework/Versions/A/Metal
0x000000000403f000 	/System/Library/Frameworks/Accelerate.framework/Versions/A/Frameworks/vImage.framework/Versions/A/vImage
0x000000000403f000 	/System/Library/Frameworks/Accelerate.framework/Versions/A/Frameworks/vecLib.framework/Versions/A/vecLib
0x000000000403f000 	/System/Library/Frameworks/Accelerate.framework/Versions/A/Frameworks/vecLib.framework/Versions/A/libvDSP.dylib
0x000000000403f000 	/System/Library/Frameworks/Accelerate.framework/Versions/A/Frameworks/vecLib.framework/Versions/A/libvMisc.dylib
0x000000000403f000 	/System/Library/Frameworks/Accelerate.framework/Versions/A/Frameworks/vecLib.framework/Versions/A/libLAPACK.dylib
0x000000000403f000 	/System/Library/Frameworks/Accelerate.framework/Versions/A/Frameworks/vecLib.framework/Versions/A/libBLAS.dylib
0x000000000403f000 	/System/Library/Frameworks/Accelerate.framework/Versions/A/Frameworks/vecLib.framework/Versions/A/libLinearAlgebra.dylib
0x000000000403f000 	/System/Library/Frameworks/Accelerate.framework/Versions/A/Frameworks/vecLib.framework/Versions/A/libSparseBLAS.dylib
0x000000000403f000 	/System/Library/PrivateFrameworks/GPUCompiler.framework/libmetal_timestamp.dylib
0x000000000403f000 	/System/Library/Frameworks/OpenGL.framework/Versions/A/Libraries/libCoreFSCache.dylib
0x000000000403f000 	/System/Library/PrivateFrameworks/IOAccelerator.framework/Versions/A/IOAccelerator
0x000000000403f000 	/System/Library/Frameworks/ApplicationServices.framework/Versions/A/Frameworks/ATS.framework/Versions/A/Resources/libFontParser.dylib
0x000000000403f000 	/System/Library/Frameworks/ApplicationServices.framework/Versions/A/Frameworks/ATS.framework/Versions/A/Resources/libFontRegistry.dylib
0x000000000403f000 	/System/Library/PrivateFrameworks/AppleVPA.framework/Versions/A/AppleVPA
0x000000000403f000 	/System/Library/PrivateFrameworks/AppleJPEG.framework/Versions/A/AppleJPEG
0x000000000403f000 	/System/Library/Frameworks/ImageIO.framework/Versions/A/Resources/libJPEG.dylib
0x000000000403f000 	/System/Library/Frameworks/ImageIO.framework/Versions/A/Resources/libTIFF.dylib
0x000000000403f000 	/System/Library/Frameworks/ImageIO.framework/Versions/A/Resources/libPng.dylib
0x000000000403f000 	/System/Library/Frameworks/ImageIO.framework/Versions/A/Resources/libGIF.dylib
0x000000000403f000 	/System/Library/Frameworks/ImageIO.framework/Versions/A/Resources/libJP2.dylib
0x000000000403f000 	/System/Library/Frameworks/ImageIO.framework/Versions/A/Resources/libRadiance.dylib
0x000000000403f000 	/System/Library/Frameworks/CoreVideo.framework/Versions/A/CoreVideo
0x000000000403f000 	/System/Library/Frameworks/OpenGL.framework/Versions/A/Libraries/libGLU.dylib
0x000000000403f000 	/System/Library/Frameworks/OpenGL.framework/Versions/A/Libraries/libGFXShared.dylib
0x000000000403f000 	/System/Library/Frameworks/OpenGL.framework/Versions/A/Libraries/libGL.dylib
0x000000000403f000 	/System/Library/Frameworks/OpenGL.framework/Versions/A/Libraries/libGLImage.dylib
0x000000000403f000 	/System/Library/Frameworks/OpenGL.framework/Versions/A/Libraries/libCVMSPluginSupport.dylib
0x000000000403f000 	/System/Library/Frameworks/OpenGL.framework/Versions/A/Libraries/libCoreVMClient.dylib
0x000000000403f000 	/usr/lib/libcompression.dylib
0x000000000403f000 	/usr/lib/libcups.2.dylib
0x000000000403f000 	/System/Library/Frameworks/Kerberos.framework/Versions/A/Kerberos
0x000000000403f000 	/System/Library/Frameworks/GSS.framework/Versions/A/GSS
0x000000000403f000 	/usr/lib/libresolv.9.dylib
0x000000000403f000 	/usr/lib/libiconv.2.dylib
0x000000000403f000 	/System/Library/PrivateFrameworks/Heimdal.framework/Versions/A/Heimdal
0x000000000403f000 	/usr/lib/libheimdal-asn1.dylib
0x000000000403f000 	/System/Library/Frameworks/OpenDirectory.framework/Versions/A/OpenDirectory
0x000000000403f000 	/System/Library/PrivateFrameworks/CommonAuth.framework/Versions/A/CommonAuth
0x000000000403f000 	/System/Library/Frameworks/OpenDirectory.framework/Versions/A/Frameworks/CFOpenDirectory.framework/Versions/A/CFOpenDirectory
0x000000000403f000 	/System/Library/Frameworks/SecurityFoundation.framework/Versions/A/SecurityFoundation
0x000000000403f000 	/System/Library/PrivateFrameworks/LanguageModeling.framework/Versions/A/LanguageModeling
0x000000000403f000 	/usr/lib/libmarisa.dylib
0x000000000403f000 	/usr/lib/libChineseTokenizer.dylib
0x000000000403f000 	/usr/lib/libcmph.dylib
0x000000000403f000 	/System/Library/Frameworks/ServiceManagement.framework/Versions/A/ServiceManagement
0x000000000403f000 	/usr/lib/libxslt.1.dylib
0x000000000403f000 	/System/Library/Frameworks/Carbon.framework/Versions/A/Frameworks/Ink.framework/Versions/A/Ink
0x000000000403f000 	/usr/lib/libFosl_dynamic.dylib
0x000000000403f000 	/System/Library/PrivateFrameworks/FaceCore.framework/Versions/A/FaceCore
0x000000000403f000 	/System/Library/Frameworks/OpenCL.framework/Versions/A/OpenCL
0x000000000403f000 	/System/Library/PrivateFrameworks/CrashReporterSupport.framework/Versions/A/CrashReporterSupport
0x000000000403f000 	/System/Library/PrivateFrameworks/IconServices.framework/Versions/A/IconServices
0x000000000403f000 	/System/Library/PrivateFrameworks/Apple80211.framework/Versions/A/Apple80211
0x000000000403f000 	/System/Library/Frameworks/CoreWLAN.framework/Versions/A/CoreWLAN
0x000000000403f000 	/System/Library/Frameworks/IOBluetooth.framework/Versions/A/IOBluetooth
0x000000000403f000 	/System/Library/PrivateFrameworks/CoreWiFi.framework/Versions/A/CoreWiFi
0x000000000403f000 	/System/Library/Frameworks/CoreBluetooth.framework/Versions/A/CoreBluetooth
0x000000000403f000 	/System/Library/PrivateFrameworks/ChunkingLibrary.framework/Versions/A/ChunkingLibrary
0x000000000403f000 	/System/Library/PrivateFrameworks/DebugSymbols.framework/Versions/A/DebugSymbols
0x000000000403f000 	/System/Library/PrivateFrameworks/CoreSymbolication.framework/Versions/A/CoreSymbolication
0x000000000403f000 	/System/Library/PrivateFrameworks/Symbolication.framework/Versions/A/Symbolication
0x000000000403f000 	/System/Library/PrivateFrameworks/SpeechRecognitionCore.framework/Versions/A/SpeechRecognitionCore
0x000000010d000000 	/Applications/AnyLogic.app/Contents/jre/lib/server/libjvm.dylib
0x000000000403f000 	/usr/lib/libstdc++.6.dylib
0x000000010c705000 	/Applications/AnyLogic.app/Contents/jre/lib/libverify.dylib
0x000000010c713000 	/Applications/AnyLogic.app/Contents/jre/lib/libjava.dylib
0x000000010c752000 	/Applications/AnyLogic.app/Contents/jre/lib/libzip.dylib
0x000000010c7e2000 	/System/Library/Frameworks/JavaVM.framework/Frameworks/JavaRuntimeSupport.framework/JavaRuntimeSupport
0x000000011f6ea000 	/System/Library/Frameworks/JavaVM.framework/Versions/A/Frameworks/JavaNativeFoundation.framework/Versions/A/JavaNativeFoundation
0x000000011f6ff000 	/System/Library/Frameworks/JavaVM.framework/Versions/A/JavaVM
0x000000000403f000 	/System/Library/Frameworks/Carbon.framework/Versions/A/Carbon
0x000000011f70c000 	/System/Library/PrivateFrameworks/JavaLaunching.framework/Versions/A/JavaLaunching
0x000000000403f000 	/System/Library/Frameworks/Carbon.framework/Versions/A/Frameworks/CommonPanels.framework/Versions/A/CommonPanels
0x000000000403f000 	/System/Library/Frameworks/Carbon.framework/Versions/A/Frameworks/Help.framework/Versions/A/Help
0x000000000403f000 	/System/Library/Frameworks/Carbon.framework/Versions/A/Frameworks/ImageCapture.framework/Versions/A/ImageCapture
0x000000000403f000 	/System/Library/Frameworks/Carbon.framework/Versions/A/Frameworks/OpenScripting.framework/Versions/A/OpenScripting
0x000000000403f000 	/System/Library/Frameworks/Carbon.framework/Versions/A/Frameworks/Print.framework/Versions/A/Print
0x000000000403f000 	/System/Library/Frameworks/Carbon.framework/Versions/A/Frameworks/SecurityHI.framework/Versions/A/SecurityHI
0x0000000121261000 	/Applications/AnyLogic.app/Contents/jre/lib/libawt.dylib
0x0000000121309000 	/Applications/AnyLogic.app/Contents/jre/lib/./libmlib_image.dylib
0x00000001213d5000 	/Applications/AnyLogic.app/Contents/jre/lib/libawt_lwawt.dylib
0x000000012148a000 	/Applications/AnyLogic.app/Contents/jre/lib/./libosxapp.dylib
0x000000000403f000 	/System/Library/Frameworks/ExceptionHandling.framework/Versions/A/ExceptionHandling
0x000000000403f000 	/System/Library/PrivateFrameworks/CoreServicesInternal.framework/Versions/A/CoreServicesInternal
0x000000000403f000 	/System/Library/Frameworks/CoreGraphics.framework/Versions/A/Resources/libRIP.A.dylib
0x000000000403f000 	/System/Library/Frameworks/Accelerate.framework/Versions/A/Frameworks/vImage.framework/Versions/A/Libraries/libCGInterfaces.dylib
0x000000000403f000 	/System/Library/Frameworks/CoreGraphics.framework/Versions/A/Resources/libCGXType.A.dylib
0x000000000403f000 	/System/Library/Frameworks/OpenCL.framework/Versions/A/Libraries/libcldcpuengine.dylib
0x000000000403f000 	/System/Library/PrivateFrameworks/DiskImages.framework/Versions/A/DiskImages
0x000000000403f000 	/System/Library/Frameworks/DiscRecording.framework/Versions/A/DiscRecording
0x000000000403f000 	/usr/lib/libcsfde.dylib
0x000000000403f000 	/usr/lib/libcurl.4.dylib
0x000000000403f000 	/System/Library/PrivateFrameworks/MediaKit.framework/Versions/A/MediaKit
0x000000000403f000 	/System/Library/PrivateFrameworks/ProtectedCloudStorage.framework/Versions/A/ProtectedCloudStorage
0x000000000403f000 	/usr/lib/libCoreStorage.dylib
0x000000000403f000 	/System/Library/PrivateFrameworks/EFILogin.framework/Versions/A/EFILogin
0x000000000403f000 	/usr/lib/libutil.dylib
0x000000000403f000 	/System/Library/PrivateFrameworks/FindMyDevice.framework/Versions/A/FindMyDevice
0x000000000403f000 	/System/Library/Frameworks/LDAP.framework/Versions/A/LDAP
0x000000000403f000 	/usr/lib/libsasl2.2.dylib
0x000000000403f000 	/System/Library/PrivateFrameworks/CoreDaemon.framework/Versions/B/CoreDaemon
0x000000000403f000 	/usr/lib/libcrypto.0.9.8.dylib
0x000000000403f000 	/System/Library/PrivateFrameworks/AppleSRP.framework/Versions/A/AppleSRP
0x000000000403f000 	/System/Library/PrivateFrameworks/TrustEvaluationAgent.framework/Versions/A/TrustEvaluationAgent
0x00000001231aa000 	cl_kernels
0x000000000403f000 	/System/Library/Frameworks/OpenCL.framework/Versions/A/Libraries/ImageFormats/unorm8_bgra.dylib
0x000000000403f000 	/System/Library/Frameworks/OpenCL.framework/Versions/A/Libraries/ImageFormats/unorm8_rgba.dylib
0x000000000403f000 	/System/Library/PrivateFrameworks/FamilyControls.framework/Versions/A/FamilyControls
0x000000000403f000 	/System/Library/PrivateFrameworks/CommerceKit.framework/Versions/A/Frameworks/CommerceCore.framework/Versions/A/CommerceCore
0x000000000403f000 	/System/Library/PrivateFrameworks/SystemAdministration.framework/Versions/A/SystemAdministration
0x000000000403f000 	/System/Library/PrivateFrameworks/AppContainer.framework/Versions/A/AppContainer
0x000000000403f000 	/System/Library/PrivateFrameworks/SecCodeWrapper.framework/Versions/A/SecCodeWrapper
0x000000000403f000 	/System/Library/Frameworks/DirectoryService.framework/Versions/A/DirectoryService
0x000000000403f000 	/System/Library/PrivateFrameworks/LoginUIKit.framework/Versions/A/Frameworks/LoginUICore.framework/Versions/A/LoginUICore
0x000000000403f000 	/usr/lib/libodfde.dylib
0x00000001242ca000 	/Applications/AnyLogic.app/Contents/jre/lib/libfontmanager.dylib
0x00000001225ca000 	/Applications/AnyLogic.app/Contents/jre/lib/libosxui.dylib
0x000000000403f000 	/System/Library/Frameworks/OpenGL.framework/Versions/A/Resources/GLEngine.bundle/GLEngine
0x000000000403f000 	/System/Library/Frameworks/OpenGL.framework/Versions/A/Libraries/libGLProgrammability.dylib
0x0000000124d6f000 	/System/Library/Extensions/AppleIntelBDWGraphicsGLDriver.bundle/Contents/MacOS/AppleIntelBDWGraphicsGLDriver
0x000000000403f000 	/System/Library/PrivateFrameworks/GPUSupport.framework/Versions/A/Libraries/libGPUSupportMercury.dylib
0x000000000403f000 	/System/Library/Frameworks/OpenGL.framework/Versions/A/Resources/GLRendererFloat.bundle/GLRendererFloat
0x0000000126185000 	/Applications/AnyLogic.app/Contents/jre/lib/libnet.dylib
0x0000000125f94000 	/Applications/AnyLogic.app/Contents/jre/lib/libnio.dylib
0x000000000403f000 	/System/Library/Frameworks/ApplicationServices.framework/Versions/A/Frameworks/ATS.framework/Versions/A/Resources/libTrueTypeScaler.dylib
0x000000017abec000 	/System/Library/Extensions/AppleIntelBDWGraphicsMTLDriver.bundle/Contents/MacOS/AppleIntelBDWGraphicsMTLDriver
0x0000000177ecb000 	/Applications/AnyLogic.app/Contents/jre/lib/libdcpr.dylib
0x00000001211fb000 	/Applications/AnyLogic.app/Contents/Resources/Java/plugins/org.j3d.opengl.swt.carbon.osx_0.7.0/libgluegen-rt.jnilib
0x00000001211ff000 	/Applications/AnyLogic.app/Contents/Resources/Java/plugins/org.j3d.opengl.swt.carbon.osx_0.7.0/libnativewindow_awt.jnilib
0x0000000121202000 	/Applications/AnyLogic.app/Contents/jre/lib/libjawt.dylib
0x0000000121205000 	/Applications/AnyLogic.app/Contents/Resources/Java/plugins/org.j3d.opengl.swt.carbon.osx_0.7.0/libnativewindow_macosx.jnilib
0x000000017c3da000 	/Applications/AnyLogic.app/Contents/Resources/Java/plugins/org.j3d.opengl.swt.carbon.osx_0.7.0/libjogl_desktop.jnilib

VM Arguments:
jvm_args: -Xmx256m -Dnativewindow.awt.nohidpi=true -DlanguageId_xjal=en0lah25 -DFlowchartCountersVisible_xjal=true -DTileCachePath_xjal=/Applications/AnyLogic.app/Contents/Resources/Java/plugins/com.anylogic.gis_7.3.5.201608171835/tiles -DFlowchartPortStateAnimated_xjal=true -DuseProxy_xjal=false -Djava.library.path=/Applications/AnyLogic.app/Contents/Resources/Java/plugins/org.j3d.opengl.swt.carbon.osx_0.7.0:/Applications/AnyLogic.app/Contents/Resources/Java/plugins/org.j3d.opengl.swt.carbon.osx_0.7.0 -Dfile.encoding=UTF-8 
java_command: com.anylogic.ms.MS bank_2.Simulation 1772b08
java_class_path (initial): /Applications/AnyLogic.app/Contents/Resources/Java/plugins/com.anylogic.engine_7.3.5.201608171835/com.anylogic.engine.jar:/Applications/AnyLogic.app/Contents/Resources/Java/plugins/com.anylogic.engine_7.3.5.201608171835/com.anylogic.engine.al3d.jar:/Applications/AnyLogic.app/Contents/Resources/Java/plugins/com.anylogic.engine_7.3.5.201608171835/com.anylogic.engine.resources.jar:/Applications/AnyLogic.app/Contents/Resources/Java/plugins/com.anylogic.engine_7.3.5.201608171835/com.anylogic.engine.nl.jar:/Applications/AnyLogic.app/Contents/Resources/Java/plugins/com.anylogic.optimizer_7.3.5.201608171835/lib/OptQuest.jar:/Applications/AnyLogic.app/Contents/Resources/Java/plugins/com.anylogic.third_party_libraries_7.3.5.201608171835/lib/database/hsqldb.jar:/Applications/AnyLogic.app/Contents/Resources/Java/plugins/com.anylogic.third_party_libraries_7.3.5.201608171835/lib/database/querydsl/querydsl-sql-codegen-3.6.3.jar:/Applications/AnyLogic.app/Contents/Resources/Java/plugins/com.anylogic.third_party_libraries_7.3.5.201608171835/lib/database/querydsl/querydsl-core-3.6.3.jar:/Applications/AnyLogic.app/Contents/Resources/Java/plugins/com.anylogic.third_party_libraries_7.3.5.201608171835/lib/database/querydsl/querydsl-sql-3.6.3.jar:/Applications/AnyLogic.app/Contents/Resources/Java/plugins/com.anylogic.core_7.3.5.201608171835/com.anylogic.ms.jar:/Users/daniel/.AnyLogicPLE/Workspace7/Bank 2_BUILD/classes:/Applications/AnyLogic.app/Contents/Resources/Java/plugins/com.anylogic.process_modeling_library_7.3.5.201608171835/lib/ProcessModelingLibrary.jar:/Applications/AnyLogic.app/Contents/Resources/Java/plugins/com.anylogic.graphics3d_7.3.5.201608171835/lib/aviatrix3d-all_2.0.0.jar:/Applications/AnyLogic.app/Contents/Resources/Java/plugins/com.anylogic.graphics3d_7.3.5.201608171835/lib/j3d-org-elumens.jar:/Applications/AnyLogic.app/Contents/Resources/Java/plugins/com.anylogic.graphics3d_7.3.5.201608171835/lib/j3d-org-geom-core.jar:/Applications/AnyLog
Launcher Type: SUN_STANDARD

Environment Variables:
PATH=/usr/bin:/bin:/usr/sbin:/sbin
SHELL=/bin/bash

Signal Handlers:
SIGSEGV: [libjvm.dylib+0x5a65d5], sa_mask[0]=11111111011111110111111111111111, sa_flags=SA_ONSTACK|SA_RESTART|SA_SIGINFO
SIGBUS: [libjvm.dylib+0x5a65d5], sa_mask[0]=11111111011111110111111111111111, sa_flags=SA_RESTART|SA_SIGINFO
SIGFPE: [libjvm.dylib+0x4802e8], sa_mask[0]=11111111011111110111111111111111, sa_flags=SA_RESTART|SA_SIGINFO
SIGPIPE: [libjvm.dylib+0x4802e8], sa_mask[0]=11111111011111110111111111111111, sa_flags=SA_RESTART|SA_SIGINFO
SIGXFSZ: [libjvm.dylib+0x4802e8], sa_mask[0]=11111111011111110111111111111111, sa_flags=SA_RESTART|SA_SIGINFO
SIGILL: [libjvm.dylib+0x4802e8], sa_mask[0]=11111111011111110111111111111111, sa_flags=SA_RESTART|SA_SIGINFO
SIGUSR1: SIG_DFL, sa_mask[0]=00000000000000000000000000000000, sa_flags=none
SIGUSR2: [libjvm.dylib+0x47fe06], sa_mask[0]=00100000000000000000000000000000, sa_flags=SA_RESTART|SA_SIGINFO
SIGHUP: [libjvm.dylib+0x47e3dd], sa_mask[0]=11111111011111110111111111111111, sa_flags=SA_RESTART|SA_SIGINFO
SIGINT: [libjvm.dylib+0x47e3dd], sa_mask[0]=11111111011111110111111111111111, sa_flags=SA_RESTART|SA_SIGINFO
SIGTERM: [libjvm.dylib+0x47e3dd], sa_mask[0]=11111111011111110111111111111111, sa_flags=SA_RESTART|SA_SIGINFO
SIGQUIT: [libjvm.dylib+0x47e3dd], sa_mask[0]=11111111011111110111111111111111, sa_flags=SA_RESTART|SA_SIGINFO


---------------  S Y S T E M  ---------------

OS:Bsduname:Darwin 15.6.0 Darwin Kernel Version 15.6.0: Mon Aug 29 20:21:34 PDT 2016; root:xnu-3248.60.11~1/RELEASE_X86_64 x86_64
rlimit: STACK 8192k, CORE 0k, NPROC 709, NOFILE 10240, AS infinity
load average:2.72 2.57 2.32

CPU:total 4 (2 cores per cpu, 2 threads per core) family 6 model 61 stepping 4, cmov, cx8, fxsr, mmx, sse, sse2, sse3, ssse3, sse4.1, sse4.2, popcnt, avx, avx2, aes, clmul, erms, 3dnowpref, lzcnt, ht, tsc, tscinvbit, bmi1, bmi2, adx

Memory: 4k page, physical 8388608k(785260k free)

/proc/meminfo:


vm_info: Java HotSpot(TM) 64-Bit Server VM (25.66-b17) for bsd-amd64 JRE (1.8.0_66-b17), built on Oct  6 2015 16:09:13 by "java_re" with gcc 4.2.1 (Based on Apple Inc. build 5658) (LLVM build 2336.11.00)

time: Fri Sep 30 09:37:12 2016
elapsed time: 72 seconds (0d 0h 1m 12s)

