#
# A fatal error has been detected by the Java Runtime Environment:
#
#  SIGSEGV (0xb) at pc=0x00007fff959144dd, pid=668, tid=2571
#
# JRE version: Java(TM) SE Runtime Environment (8.0_66-b17) (build 1.8.0_66-b17)
# Java VM: Java HotSpot(TM) 64-Bit Server VM (25.66-b17 mixed mode bsd-amd64 compressed oops)
# Problematic frame:
# C  [libobjc.A.dylib+0x14dd]  objc_msgSend+0x1d
#
# Failed to write core dump. Core dumps have been disabled. To enable core dumping, try "ulimit -c unlimited" before starting Java again
#
# If you would like to submit a bug report, please visit:
#   http://bugreport.java.com/bugreport/crash.jsp
# The crash happened outside the Java Virtual Machine in native code.
# See problematic frame for where to report the bug.
#

---------------  T H R E A D  ---------------

Current thread (0x00007ff312891000):  JavaThread "AWT-AppKit" daemon [_thread_in_native, id=2571, stack(0x00007fff5653d000,0x00007fff56d3d000)]

siginfo: si_signo: 11 (SIGSEGV), si_code: 1 (SEGV_MAPERR), si_addr: 0x000007ff311e5448

Registers:
RAX=0x00007ff314796c90, RBX=0x0000000173c4f450, RCX=0x0000000175603200, RDX=0x0000000175603860
RSP=0x00007fff56d36988, RBP=0x00007fff56d36a40, RSI=0x00007fff91112cbe, RDI=0x00007ff315cde150
R8 =0x0000000000000000, R9 =0x00000000000008b0, R10=0x00007fff91112cbe, R11=0x000007ff311e5430
R12=0x0000000000000000, R13=0x0000000180adfc40, R14=0x0000000173c4f440, R15=0x00007ff312891000
RIP=0x00007fff959144dd, EFLAGS=0x0000000000010206, ERR=0x0000000000000004
  TRAPNO=0x000000000000000e

Top of Stack: (sp=0x00007fff56d36988)
0x00007fff56d36988:   0000000173c4d157 00007ff311d1b2f0
0x00007fff56d36998:   00007ff311d2f750 00007ff311d2f750
0x00007fff56d369a8:   00007fff778da590 0000000113eaac90
0x00007fff56d369b8:   ffff800ceb81ee70 00007ff314796c90
0x00007fff56d369c8:   0000000173c4f6a0 0000000173c4f710
0x00007fff56d369d8:   00007fff77a6e770 00007fff75144500
0x00007fff56d369e8:   0000000173c4f450 0000000173c4f690
0x00007fff56d369f8:   00007ff314796c90 00007ff315cde150
0x00007fff56d36a08:   00007ff315d80a60 00007ff314796c90
0x00007fff56d36a18:   00007ff315cde150 00007fff56d36ac8
0x00007fff56d36a28:   00007ff3128911f8 0000000180adfc40
0x00007fff56d36a38:   00007fff56d36af0 00007fff56d36ab8
0x00007fff56d36a48:   000000010aa15954 0000000108ee1a00
0x00007fff56d36a58:   0000000000000004 0000000108ede000
0x00007fff56d36a68:   0000000108ee2e00 0000000000000006
0x00007fff56d36a78:   00007fff56d36a78 0000000000000000
0x00007fff56d36a88:   00007fff56d36af0 0000000180ae2878
0x00007fff56d36a98:   0000000000000000 0000000180adfc40
0x00007fff56d36aa8:   0000000000000000 00007fff56d36ad8
0x00007fff56d36ab8:   00007fff56d36b38 000000010aa07c4d
0x00007fff56d36ac8:   00000007b053c140 000000010aa0f578
0x00007fff56d36ad8:   00007ff314796c90 00007fff56d36b48
0x00007fff56d36ae8:   00007ff315cde150 0000000108ee1a00
0x00007fff56d36af8:   00007fff56d36af8 0000000180adfe0a
0x00007fff56d36b08:   00007fff56d36b60 0000000180ae2878
0x00007fff56d36b18:   0000000000000000 0000000180adfe18
0x00007fff56d36b28:   00007fff56d36ad8 00007fff56d36b48
0x00007fff56d36b38:   00007fff56d36ba8 000000010aa07c4d
0x00007fff56d36b48:   00007ff314796c90 00000007b19049c0
0x00007fff56d36b58:   00007ff315cde150 00000007b19049c0
0x00007fff56d36b68:   00007fff56d36b68 000000017d3188c6
0x00007fff56d36b78:   00007fff56d36bb8 000000017d318980 

Instructions: (pc=0x00007fff959144dd)
0x00007fff959144bd:   44 00 00 48 85 ff 2e 74 62 40 f6 c7 01 2e 75 66
0x00007fff959144cd:   49 bb f8 ff ff ff ff 7f 00 00 4c 23 1f 49 89 f2
0x00007fff959144dd:   45 23 53 18 49 c1 e2 04 4d 03 53 10 49 3b 32 75
0x00007fff959144ed:   04 41 ff 62 08 49 83 3a 01 76 0d 49 83 c2 10 49 

Register to memory mapping:

RAX=0x00007ff314796c90 is an unknown value
RBX=0x0000000173c4f450: Java_jogamp_nativewindow_macosx_OSXUtil_GetScreenRefreshRate0+0x1cf0 in /Applications/AnyLogic.app/Contents/Resources/Java/plugins/org.j3d.opengl.swt.carbon.osx_0.7.0/libnativewindow_macosx.jnilib at 0x0000000173c48000
RCX=0x0000000175603200 is an unknown value
RDX=0x0000000175603860 is an unknown value
RSP=0x00007fff56d36988 is pointing into the stack for thread: 0x00007ff312891000
RBP=0x00007fff56d36a40 is pointing into the stack for thread: 0x00007ff312891000
RSI=0x00007fff91112cbe is an unknown value
RDI=0x00007ff315cde150 is an unknown value
R8 =0x0000000000000000 is an unknown value
R9 =0x00000000000008b0 is an unknown value
R10=0x00007fff91112cbe is an unknown value
R11=0x000007ff311e5430 is an unknown value
R12=0x0000000000000000 is an unknown value
R13={method} {0x0000000180adfc40} 'UnsetJAWTRootSurfaceLayer0' '(JJ)V' in 'jogamp/nativewindow/jawt/macosx/MacOSXJAWTWindow'
R14=0x0000000173c4f440: Java_jogamp_nativewindow_macosx_OSXUtil_GetScreenRefreshRate0+0x1ce0 in /Applications/AnyLogic.app/Contents/Resources/Java/plugins/org.j3d.opengl.swt.carbon.osx_0.7.0/libnativewindow_macosx.jnilib at 0x0000000173c48000
R15=0x00007ff312891000 is a thread


Stack: [0x00007fff5653d000,0x00007fff56d3d000],  sp=0x00007fff56d36988,  free space=8166k
Native frames: (J=compiled Java code, j=interpreted, Vv=VM code, C=native code)
C  [libobjc.A.dylib+0x14dd]  objc_msgSend+0x1d
j  jogamp.nativewindow.jawt.macosx.MacOSXJAWTWindow.UnsetJAWTRootSurfaceLayer0(JJ)V+0
j  jogamp.nativewindow.jawt.macosx.MacOSXJAWTWindow.access$200(JJ)V+2
j  jogamp.nativewindow.jawt.macosx.MacOSXJAWTWindow$1.run()V+38
J 7712 C2 com.jogamp.common.util.RunnableTask.run()V (345 bytes) @ 0x000000010af6d39c [0x000000010af6d2e0+0xbc]
v  ~StubRoutines::call_stub
V  [libjvm.dylib+0x2ea35e]
V  [libjvm.dylib+0x321467]
V  [libjvm.dylib+0x313c3b]
C  [libnativewindow_macosx.jnilib+0x5326]  Java_jogamp_nativewindow_jawt_macosx_MacOSXJAWTWindow_UnsetJAWTRootSurfaceLayer0+0x2b6
C  [Foundation+0x76fde]  __NSThreadPerformPerform+0x117
C  [CoreFoundation+0xaa881]  __CFRUNLOOP_IS_CALLING_OUT_TO_A_SOURCE0_PERFORM_FUNCTION__+0x11
C  [CoreFoundation+0x89f37]  __CFRunLoopDoSources0+0x1a7
C  [CoreFoundation+0x894df]  __CFRunLoopRun+0x39f
C  [CoreFoundation+0x88ed8]  CFRunLoopRunSpecific+0x128
C  [HIToolbox+0x30935]  RunCurrentEventLoopInMode+0xeb
C  [HIToolbox+0x30677]  ReceiveNextEventCommon+0xb8
C  [HIToolbox+0x305af]  _BlockUntilNextEventMatchingListInModeWithFilter+0x47
C  [AppKit+0x48df6]  _DPSNextEvent+0x42b
C  [AppKit+0x48226]  -[NSApplication _nextEventMatchingEventMask:untilDate:inMode:dequeue:]+0x1c6
C  [libosxapp.dylib+0x23aa]  -[NSApplicationAWT nextEventMatchingMask:untilDate:inMode:dequeue:]+0x7c
C  [AppKit+0x3cd80]  -[NSApplication run]+0x2aa
C  [libosxapp.dylib+0x214d]  +[NSApplicationAWT runAWTLoopWithApp:]+0x9c
C  [libawt_lwawt.dylib+0x4455b]  -[AWTStarter starter:]+0x389
C  [Foundation+0x76fde]  __NSThreadPerformPerform+0x117
C  [CoreFoundation+0xaa881]  __CFRUNLOOP_IS_CALLING_OUT_TO_A_SOURCE0_PERFORM_FUNCTION__+0x11
C  [CoreFoundation+0x89fbc]  __CFRunLoopDoSources0+0x22c
C  [CoreFoundation+0x894df]  __CFRunLoopRun+0x39f
C  [CoreFoundation+0x88ed8]  CFRunLoopRunSpecific+0x128
C  [java+0x6463]  CreateExecutionEnvironment+0x367
C  [java+0x21ac]  JLI_Launch+0x7a0
C  [java+0x84c0]  main+0x65
C  [java+0x1a04]  start+0x34
C  0x0000000000000010

Java frames: (J=compiled Java code, j=interpreted, Vv=VM code)
j  jogamp.nativewindow.jawt.macosx.MacOSXJAWTWindow.UnsetJAWTRootSurfaceLayer0(JJ)V+0
j  jogamp.nativewindow.jawt.macosx.MacOSXJAWTWindow.access$200(JJ)V+2
j  jogamp.nativewindow.jawt.macosx.MacOSXJAWTWindow$1.run()V+38
J 7712 C2 com.jogamp.common.util.RunnableTask.run()V (345 bytes) @ 0x000000010af6d39c [0x000000010af6d2e0+0xbc]
v  ~StubRoutines::call_stub

---------------  P R O C E S S  ---------------

Java Threads: ( => current thread )
  0x00007ff3184be800 JavaThread "AnyLogic user input event processor" daemon [_thread_blocked, id=60599, stack(0x00007000017e5000,0x00007000018e5000)]
  0x00007ff317b4c000 JavaThread "AnyLogic model execution control handler" daemon [_thread_blocked, id=67155, stack(0x00007000016e2000,0x00007000017e2000)]
  0x00007ff3179cb000 JavaThread "Image Fetcher 0" daemon [_thread_blocked, id=67031, stack(0x00007000014dc000,0x00007000015dc000)]
  0x00007ff313fb7000 JavaThread "AV3D Runtime" [_thread_blocked, id=67367, stack(0x0000700001e7d000,0x0000700001f7d000)]
  0x00007ff31233f000 JavaThread "Xj3D Content Loader" [_thread_blocked, id=66051, stack(0x0000700002083000,0x0000700002183000)]
  0x00007ff313bab800 JavaThread "Xj3D Content Loader" [_thread_blocked, id=65539, stack(0x0000700001f80000,0x0000700002080000)]
  0x00007ff313bdf000 JavaThread "Xj3D Content Loader" [_thread_blocked, id=63159, stack(0x0000700001c77000,0x0000700001d77000)]
  0x00007ff313c85800 JavaThread "AnyLogic presentation frame manager" daemon [_thread_blocked, id=61247, stack(0x0000700001b74000,0x0000700001c74000)]
  0x00007ff313c9b800 JavaThread "DestroyJavaVM" [_thread_blocked, id=5891, stack(0x000070000011a000,0x000070000021a000)]
  0x00007ff3132db000 JavaThread "TimerQueue" daemon [_thread_blocked, id=60699, stack(0x0000700001a71000,0x0000700001b71000)]
  0x00007ff312cc4800 JavaThread "AnyLogic simulation performance monitor" [_thread_blocked, id=59923, stack(0x000070000196e000,0x0000700001a6e000)]
  0x00007ff312c0d000 JavaThread "AWT-EventQueue-0" [_thread_in_native, id=55567, stack(0x00007000015df000,0x00007000016df000)]
  0x00007ff313981000 JavaThread "Java2D Disposer" daemon [_thread_blocked, id=53251, stack(0x00007000013d9000,0x00007000014d9000)]
  0x00007ff31293d800 JavaThread "Java2D Queue Flusher" daemon [_thread_blocked, id=43599, stack(0x00007000012d6000,0x00007000013d6000)]
  0x00007ff3138dc800 JavaThread "AWT-Shutdown" [_thread_blocked, id=29715, stack(0x0000700001150000,0x0000700001250000)]
=>0x00007ff312891000 JavaThread "AWT-AppKit" daemon [_thread_in_native, id=2571, stack(0x00007fff5653d000,0x00007fff56d3d000)]
  0x00007ff312050000 JavaThread "Service Thread" daemon [_thread_blocked, id=19203, stack(0x0000700000ec7000,0x0000700000fc7000)]
  0x00007ff313814000 JavaThread "C1 CompilerThread2" daemon [_thread_blocked, id=18691, stack(0x0000700000dc4000,0x0000700000ec4000)]
  0x00007ff31204b000 JavaThread "C2 CompilerThread1" daemon [_thread_blocked, id=18179, stack(0x0000700000cc1000,0x0000700000dc1000)]
  0x00007ff313807800 JavaThread "C2 CompilerThread0" daemon [_thread_blocked, id=17667, stack(0x0000700000bbe000,0x0000700000cbe000)]
  0x00007ff313806000 JavaThread "Signal Dispatcher" daemon [_thread_blocked, id=16907, stack(0x0000700000abb000,0x0000700000bbb000)]
  0x00007ff313037800 JavaThread "Finalizer" daemon [_thread_blocked, id=12291, stack(0x000070000082f000,0x000070000092f000)]
  0x00007ff313037000 JavaThread "Reference Handler" daemon [_thread_blocked, id=11779, stack(0x000070000072c000,0x000070000082c000)]

Other Threads:
  0x00007ff313034800 VMThread [stack: 0x0000700000629000,0x0000700000729000] [id=11267]
  0x00007ff313812800 WatcherThread [stack: 0x0000700000fca000,0x00007000010ca000] [id=19715]

VM state:not at safepoint (normal execution)

VM Mutex/Monitor currently owned by a thread: None

Heap:
 PSYoungGen      total 36864K, used 16896K [0x00000007bab00000, 0x00000007be400000, 0x00000007c0000000)
  eden space 16896K, 100% used [0x00000007bab00000,0x00000007bbb80000,0x00000007bbb80000)
  from space 19968K, 0% used [0x00000007bcf80000,0x00000007bcf80000,0x00000007be300000)
  to   space 20480K, 0% used [0x00000007bbb80000,0x00000007bbb80000,0x00000007bcf80000)
 ParOldGen       total 113152K, used 42552K [0x00000007b0000000, 0x00000007b6e80000, 0x00000007bab00000)
  object space 113152K, 37% used [0x00000007b0000000,0x00000007b298e040,0x00000007b6e80000)
 Metaspace       used 34201K, capacity 34589K, committed 34944K, reserved 1079296K
  class space    used 4246K, capacity 4378K, committed 4480K, reserved 1048576K

Card table byte_map: [0x000000010a11f000,0x000000010a1a0000] byte_map_base: 0x000000010639f000

Marking Bits: (ParMarkBitMap*) 0x0000000109a1ce20
 Begin Bits: [0x0000000119dc0000, 0x000000011a1c0000)
 End Bits:   [0x000000011a1c0000, 0x000000011a5c0000)

Polling page: 0x000000010a10c000

CodeCache: size=245760Kb used=20648Kb max_used=20667Kb free=225112Kb
 bounds [0x000000010aa00000, 0x000000010be60000, 0x0000000119a00000]
 total_blobs=7338 nmethods=6255 adapters=992
 compilation: enabled

Compilation events (10 events):
Event: 651.087 Thread 0x00007ff313807800 8391       4       sun.lwawt.macosx.CPlatformView::deliverMouseEvent (85 bytes)
Event: 651.102 Thread 0x00007ff313807800 nmethod 8391 0x000000010b5f1bd0 code [0x000000010b5f1ea0, 0x000000010b5f2898]
Event: 681.926 Thread 0x00007ff31204b000 8392       4       javax.swing.DefaultButtonModel::isSelected (15 bytes)
Event: 681.927 Thread 0x00007ff31204b000 nmethod 8392 0x000000010aeb12d0 code [0x000000010aeb1420, 0x000000010aeb1498]
Event: 681.951 Thread 0x00007ff313814000 8393       3       java.io.UnixFileSystem::parentOrNull (118 bytes)
Event: 681.952 Thread 0x00007ff313814000 nmethod 8393 0x000000010b4b27d0 code [0x000000010b4b29c0, 0x000000010b4b3448]
Event: 682.012 Thread 0x00007ff313807800 8394       4       com.anylogic.engine.presentation.Shape3D::j (35 bytes)
Event: 682.105 Thread 0x00007ff313807800 nmethod 8394 0x000000010ae34750 code [0x000000010ae348e0, 0x000000010ae350b8]
Event: 682.196 Thread 0x00007ff31204b000 8395       4       java.awt.Container::checkAddToSelf (37 bytes)
Event: 682.198 Thread 0x00007ff31204b000 nmethod 8395 0x000000010ae90a10 code [0x000000010ae90b60, 0x000000010ae90c38]

GC Heap History (10 events):
Event: 661.744 GC heap before
{Heap before GC invocations=92 (full 7):
 PSYoungGen      total 37888K, used 32085K [0x00000007bab00000, 0x00000007be600000, 0x00000007c0000000)
  eden space 17408K, 99% used [0x00000007bab00000,0x00000007bbbfac98,0x00000007bbc00000)
  from space 20480K, 71% used [0x00000007bd200000,0x00000007be05a928,0x00000007be600000)
  to   space 21504K, 0% used [0x00000007bbc00000,0x00000007bbc00000,0x00000007bd100000)
 ParOldGen       total 113152K, used 72040K [0x00000007b0000000, 0x00000007b6e80000, 0x00000007bab00000)
  object space 113152K, 63% used [0x00000007b0000000,0x00000007b465a3e8,0x00000007b6e80000)
 Metaspace       used 34201K, capacity 34589K, committed 34944K, reserved 1079296K
  class space    used 4246K, capacity 4378K, committed 4480K, reserved 1048576K
Event: 661.748 GC heap after
Heap after GC invocations=92 (full 7):
 PSYoungGen      total 32256K, used 14660K [0x00000007bab00000, 0x00000007be500000, 0x00000007c0000000)
  eden space 17408K, 0% used [0x00000007bab00000,0x00000007bab00000,0x00000007bbc00000)
  from space 14848K, 98% used [0x00000007bbc00000,0x00000007bca51388,0x00000007bca80000)
  to   space 20992K, 0% used [0x00000007bd080000,0x00000007bd080000,0x00000007be500000)
 ParOldGen       total 113152K, used 72122K [0x00000007b0000000, 0x00000007b6e80000, 0x00000007bab00000)
  object space 113152K, 63% used [0x00000007b0000000,0x00000007b466e838,0x00000007b6e80000)
 Metaspace       used 34201K, capacity 34589K, committed 34944K, reserved 1079296K
  class space    used 4246K, capacity 4378K, committed 4480K, reserved 1048576K
}
Event: 669.964 GC heap before
{Heap before GC invocations=93 (full 7):
 PSYoungGen      total 32256K, used 32068K [0x00000007bab00000, 0x00000007be500000, 0x00000007c0000000)
  eden space 17408K, 100% used [0x00000007bab00000,0x00000007bbc00000,0x00000007bbc00000)
  from space 14848K, 98% used [0x00000007bbc00000,0x00000007bca51388,0x00000007bca80000)
  to   space 20992K, 0% used [0x00000007bd080000,0x00000007bd080000,0x00000007be500000)
 ParOldGen       total 113152K, used 72122K [0x00000007b0000000, 0x00000007b6e80000, 0x00000007bab00000)
  object space 113152K, 63% used [0x00000007b0000000,0x00000007b466e838,0x00000007b6e80000)
 Metaspace       used 34201K, capacity 34589K, committed 34944K, reserved 1079296K
  class space    used 4246K, capacity 4378K, committed 4480K, reserved 1048576K
Event: 669.973 GC heap after
Heap after GC invocations=93 (full 7):
 PSYoungGen      total 37376K, used 14604K [0x00000007bab00000, 0x00000007be400000, 0x00000007c0000000)
  eden space 17408K, 0% used [0x00000007bab00000,0x00000007bab00000,0x00000007bbc00000)
  from space 19968K, 73% used [0x00000007bd080000,0x00000007bdec3030,0x00000007be400000)
  to   space 20480K, 0% used [0x00000007bbc00000,0x00000007bbc00000,0x00000007bd000000)
 ParOldGen       total 113152K, used 72185K [0x00000007b0000000, 0x00000007b6e80000, 0x00000007bab00000)
  object space 113152K, 63% used [0x00000007b0000000,0x00000007b467e608,0x00000007b6e80000)
 Metaspace       used 34201K, capacity 34589K, committed 34944K, reserved 1079296K
  class space    used 4246K, capacity 4378K, committed 4480K, reserved 1048576K
}
Event: 678.208 GC heap before
{Heap before GC invocations=94 (full 7):
 PSYoungGen      total 37376K, used 32012K [0x00000007bab00000, 0x00000007be400000, 0x00000007c0000000)
  eden space 17408K, 100% used [0x00000007bab00000,0x00000007bbc00000,0x00000007bbc00000)
  from space 19968K, 73% used [0x00000007bd080000,0x00000007bdec3030,0x00000007be400000)
  to   space 20480K, 0% used [0x00000007bbc00000,0x00000007bbc00000,0x00000007bd000000)
 ParOldGen       total 113152K, used 72185K [0x00000007b0000000, 0x00000007b6e80000, 0x00000007bab00000)
  object space 113152K, 63% used [0x00000007b0000000,0x00000007b467e608,0x00000007b6e80000)
 Metaspace       used 34201K, capacity 34589K, committed 34944K, reserved 1079296K
  class space    used 4246K, capacity 4378K, committed 4480K, reserved 1048576K
Event: 678.219 GC heap after
Heap after GC invocations=94 (full 7):
 PSYoungGen      total 32256K, used 14340K [0x00000007bab00000, 0x00000007be300000, 0x00000007c0000000)
  eden space 17408K, 0% used [0x00000007bab00000,0x00000007bab00000,0x00000007bbc00000)
  from space 14848K, 96% used [0x00000007bbc00000,0x00000007bca01068,0x00000007bca80000)
  to   space 19968K, 0% used [0x00000007bcf80000,0x00000007bcf80000,0x00000007be300000)
 ParOldGen       total 113152K, used 72441K [0x00000007b0000000, 0x00000007b6e80000, 0x00000007bab00000)
  object space 113152K, 64% used [0x00000007b0000000,0x00000007b46be5e8,0x00000007b6e80000)
 Metaspace       used 34201K, capacity 34589K, committed 34944K, reserved 1079296K
  class space    used 4246K, capacity 4378K, committed 4480K, reserved 1048576K
}
Event: 682.012 GC heap before
{Heap before GC invocations=95 (full 7):
 PSYoungGen      total 32256K, used 26258K [0x00000007bab00000, 0x00000007be300000, 0x00000007c0000000)
  eden space 17408K, 68% used [0x00000007bab00000,0x00000007bb6a37d8,0x00000007bbc00000)
  from space 14848K, 96% used [0x00000007bbc00000,0x00000007bca01068,0x00000007bca80000)
  to   space 19968K, 0% used [0x00000007bcf80000,0x00000007bcf80000,0x00000007be300000)
 ParOldGen       total 113152K, used 72441K [0x00000007b0000000, 0x00000007b6e80000, 0x00000007bab00000)
  object space 113152K, 64% used [0x00000007b0000000,0x00000007b46be5e8,0x00000007b6e80000)
 Metaspace       used 34201K, capacity 34589K, committed 34944K, reserved 1079296K
  class space    used 4246K, capacity 4378K, committed 4480K, reserved 1048576K
Event: 682.021 GC heap after
Heap after GC invocations=95 (full 7):
 PSYoungGen      total 36864K, used 17196K [0x00000007bab00000, 0x00000007be400000, 0x00000007c0000000)
  eden space 16896K, 0% used [0x00000007bab00000,0x00000007bab00000,0x00000007bbb80000)
  from space 19968K, 86% used [0x00000007bcf80000,0x00000007be04b3d0,0x00000007be300000)
  to   space 20480K, 0% used [0x00000007bbb80000,0x00000007bbb80000,0x00000007bcf80000)
 ParOldGen       total 113152K, used 79223K [0x00000007b0000000, 0x00000007b6e80000, 0x00000007bab00000)
  object space 113152K, 70% used [0x00000007b0000000,0x00000007b4d5dec8,0x00000007b6e80000)
 Metaspace       used 34201K, capacity 34589K, committed 34944K, reserved 1079296K
  class space    used 4246K, capacity 4378K, committed 4480K, reserved 1048576K
}
Event: 682.021 GC heap before
{Heap before GC invocations=96 (full 8):
 PSYoungGen      total 36864K, used 17196K [0x00000007bab00000, 0x00000007be400000, 0x00000007c0000000)
  eden space 16896K, 0% used [0x00000007bab00000,0x00000007bab00000,0x00000007bbb80000)
  from space 19968K, 86% used [0x00000007bcf80000,0x00000007be04b3d0,0x00000007be300000)
  to   space 20480K, 0% used [0x00000007bbb80000,0x00000007bbb80000,0x00000007bcf80000)
 ParOldGen       total 113152K, used 79223K [0x00000007b0000000, 0x00000007b6e80000, 0x00000007bab00000)
  object space 113152K, 70% used [0x00000007b0000000,0x00000007b4d5dec8,0x00000007b6e80000)
 Metaspace       used 34201K, capacity 34589K, committed 34944K, reserved 1079296K
  class space    used 4246K, capacity 4378K, committed 4480K, reserved 1048576K
Event: 682.095 GC heap after
Heap after GC invocations=96 (full 8):
 PSYoungGen      total 36864K, used 0K [0x00000007bab00000, 0x00000007be400000, 0x00000007c0000000)
  eden space 16896K, 0% used [0x00000007bab00000,0x00000007bab00000,0x00000007bbb80000)
  from space 19968K, 0% used [0x00000007bcf80000,0x00000007bcf80000,0x00000007be300000)
  to   space 20480K, 0% used [0x00000007bbb80000,0x00000007bbb80000,0x00000007bcf80000)
 ParOldGen       total 113152K, used 42552K [0x00000007b0000000, 0x00000007b6e80000, 0x00000007bab00000)
  object space 113152K, 37% used [0x00000007b0000000,0x00000007b298e040,0x00000007b6e80000)
 Metaspace       used 34201K, capacity 34589K, committed 34944K, reserved 1079296K
  class space    used 4246K, capacity 4378K, committed 4480K, reserved 1048576K
}

Deoptimization events (10 events):
Event: 542.255 Thread 0x00007ff312c0d000 Uncommon trap: reason=unstable_if action=reinterpret pc=0x000000010b72e210 method=java.awt.LightweightDispatcher.processMouseEvent(Ljava/awt/event/MouseEvent;)Z @ 60
Event: 542.260 Thread 0x00007ff312c0d000 Uncommon trap: reason=speculate_class_check action=maybe_recompile pc=0x000000010bc37654 method=java.awt.Container.findComponentAt(IIZ)Ljava/awt/Component; @ 9
Event: 542.260 Thread 0x00007ff312c0d000 Uncommon trap: reason=speculate_class_check action=maybe_recompile pc=0x000000010bc37654 method=java.awt.Container.findComponentAt(IIZ)Ljava/awt/Component; @ 9
Event: 542.261 Thread 0x00007ff312c0d000 Uncommon trap: reason=speculate_class_check action=maybe_recompile pc=0x000000010bc37654 method=java.awt.Container.findComponentAt(IIZ)Ljava/awt/Component; @ 9
Event: 556.984 Thread 0x00007ff31288e800 Uncommon trap: reason=unstable_if action=reinterpret pc=0x000000010bcb62b0 method=com.jogamp.nativewindow.awt.JAWTWindow.lockSurface()I @ 40
Event: 556.984 Thread 0x00007ff31288e800 Uncommon trap: reason=unstable_if action=reinterpret pc=0x000000010bd17334 method=jogamp.opengl.GLContextImpl.makeCurrent(Z)I @ 110
Event: 572.854 Thread 0x00007ff313c11000 Uncommon trap: reason=unstable_if action=reinterpret pc=0x000000010b6ab7c4 method=org.j3d.aviatrix3d.pipeline.graphics.StateSortComparator.compare(Ljava/lang/Object;Ljava/lang/Object;)I @ 464
Event: 572.855 Thread 0x00007ff313c11000 Uncommon trap: reason=unstable_if action=reinterpret pc=0x000000010b31f558 method=org.j3d.aviatrix3d.pipeline.graphics.BaseStateSortStage.appendLights(Lorg/j3d/aviatrix3d/pipeline/graphics/GraphicsCullOutputDetails;Lorg/j3d/aviatrix3d/pipeline/graphics/Gr
Event: 590.784 Thread 0x00007ff318846800 Uncommon trap: reason=range_check action=make_not_entrant pc=0x000000010bdb3970 method=java.awt.image.DirectColorModel.getRedMask()I @ 5
Event: 613.094 Thread 0x00007ff312c0d000 Uncommon trap: reason=unstable_if action=reinterpret pc=0x000000010b8ed7c8 method=java.util.IdentityHashMap.put(Ljava/lang/Object;Ljava/lang/Object;)Ljava/lang/Object; @ 90

Internal exceptions (10 events):
Event: 296.407 Thread 0x00007ff313c85800 Exception <a 'java/io/FileNotFoundException'> (0x00000007bac620c8) thrown at [/HUDSON3/workspace/8-2-build-macosx-x86_64/jdk8u66/4988/hotspot/src/share/vm/prims/jni.cpp, line 709]
Event: 296.413 Thread 0x00007ff313c85800 Exception <a 'java/io/FileNotFoundException'> (0x00000007bc0072c8) thrown at [/HUDSON3/workspace/8-2-build-macosx-x86_64/jdk8u66/4988/hotspot/src/share/vm/prims/jni.cpp, line 709]
Event: 296.490 Thread 0x00007ff313c85800 Exception <a 'java/io/FileNotFoundException'> (0x00000007bc081610) thrown at [/HUDSON3/workspace/8-2-build-macosx-x86_64/jdk8u66/4988/hotspot/src/share/vm/prims/jni.cpp, line 709]
Event: 296.495 Thread 0x00007ff313c85800 Exception <a 'java/io/FileNotFoundException'> (0x00000007bc0972d8) thrown at [/HUDSON3/workspace/8-2-build-macosx-x86_64/jdk8u66/4988/hotspot/src/share/vm/prims/jni.cpp, line 709]
Event: 296.595 Thread 0x00007ff312c0d000 Implicit null exception at 0x000000010b661b04 to 0x000000010b661ba5
Event: 296.596 Thread 0x00007ff313bbe000 Implicit null exception at 0x000000010b8a3a8f to 0x000000010b8a5225
Event: 296.644 Thread 0x00007ff313bbe000 Implicit null exception at 0x000000010b47afd3 to 0x000000010b47b189
Event: 296.692 Thread 0x00007ff313bbe000 Implicit null exception at 0x000000010b27c656 to 0x000000010b27c9c5
Event: 296.702 Thread 0x00007ff313bbe000 Implicit null exception at 0x000000010b459df3 to 0x000000010b45def5
Event: 339.763 Thread 0x00007ff313bbe000 Implicit null exception at 0x000000010b2ec290 to 0x000000010b2ec3a9

Events (10 events):
Event: 682.097 Executing VM operation: RevokeBias done
Event: 682.097 Executing VM operation: RevokeBias
Event: 682.097 Executing VM operation: RevokeBias done
Event: 682.108 Executing VM operation: BulkRevokeBias
Event: 682.109 Executing VM operation: BulkRevokeBias done
Event: 682.196 Executing VM operation: RevokeBias
Event: 682.196 Executing VM operation: RevokeBias done
Event: 682.199 Thread 0x00007ff31204b000 flushing nmethod 0x000000010b1a65d0
Event: 682.208 Executing VM operation: RevokeBias
Event: 682.208 Executing VM operation: RevokeBias done


Dynamic libraries:
0x000000000403f000 	/System/Library/Frameworks/Cocoa.framework/Versions/A/Cocoa
0x000000000403f000 	/System/Library/Frameworks/Security.framework/Versions/A/Security
0x000000000403f000 	/System/Library/Frameworks/ApplicationServices.framework/Versions/A/ApplicationServices
0x000000000403f000 	/usr/lib/libz.1.dylib
0x000000000403f000 	/usr/lib/libSystem.B.dylib
0x000000000403f000 	/usr/lib/libobjc.A.dylib
0x000000000403f000 	/System/Library/Frameworks/CoreFoundation.framework/Versions/A/CoreFoundation
0x000000000403f000 	/System/Library/Frameworks/Foundation.framework/Versions/C/Foundation
0x000000000403f000 	/System/Library/Frameworks/AppKit.framework/Versions/C/AppKit
0x000000000403f000 	/System/Library/Frameworks/CoreData.framework/Versions/A/CoreData
0x000000000403f000 	/System/Library/PrivateFrameworks/RemoteViewServices.framework/Versions/A/RemoteViewServices
0x000000000403f000 	/System/Library/PrivateFrameworks/UIFoundation.framework/Versions/A/UIFoundation
0x000000000403f000 	/usr/lib/libScreenReader.dylib
0x000000000403f000 	/System/Library/Frameworks/Accelerate.framework/Versions/A/Accelerate
0x000000000403f000 	/System/Library/Frameworks/IOSurface.framework/Versions/A/IOSurface
0x000000000403f000 	/System/Library/Frameworks/AudioToolbox.framework/Versions/A/AudioToolbox
0x000000000403f000 	/System/Library/Frameworks/AudioUnit.framework/Versions/A/AudioUnit
0x000000000403f000 	/System/Library/PrivateFrameworks/DataDetectorsCore.framework/Versions/A/DataDetectorsCore
0x000000000403f000 	/System/Library/PrivateFrameworks/DesktopServicesPriv.framework/Versions/A/DesktopServicesPriv
0x000000000403f000 	/System/Library/Frameworks/Carbon.framework/Versions/A/Frameworks/HIToolbox.framework/Versions/A/HIToolbox
0x000000000403f000 	/System/Library/Frameworks/QuartzCore.framework/Versions/A/QuartzCore
0x000000000403f000 	/System/Library/Frameworks/Carbon.framework/Versions/A/Frameworks/SpeechRecognition.framework/Versions/A/SpeechRecognition
0x000000000403f000 	/usr/lib/libauto.dylib
0x000000000403f000 	/usr/lib/libicucore.A.dylib
0x000000000403f000 	/usr/lib/libxml2.2.dylib
0x000000000403f000 	/System/Library/PrivateFrameworks/CoreUI.framework/Versions/A/CoreUI
0x000000000403f000 	/System/Library/Frameworks/CoreAudio.framework/Versions/A/CoreAudio
0x000000000403f000 	/System/Library/Frameworks/DiskArbitration.framework/Versions/A/DiskArbitration
0x000000000403f000 	/usr/lib/liblangid.dylib
0x000000000403f000 	/System/Library/PrivateFrameworks/MultitouchSupport.framework/Versions/A/MultitouchSupport
0x000000000403f000 	/System/Library/Frameworks/IOKit.framework/Versions/A/IOKit
0x000000000403f000 	/usr/lib/libDiagnosticMessagesClient.dylib
0x000000000403f000 	/System/Library/Frameworks/CoreServices.framework/Versions/A/CoreServices
0x000000000403f000 	/System/Library/PrivateFrameworks/PerformanceAnalysis.framework/Versions/A/PerformanceAnalysis
0x000000000403f000 	/System/Library/PrivateFrameworks/GenerationalStorage.framework/Versions/A/GenerationalStorage
0x000000000403f000 	/System/Library/Frameworks/OpenGL.framework/Versions/A/OpenGL
0x000000000403f000 	/System/Library/PrivateFrameworks/Sharing.framework/Versions/A/Sharing
0x000000000403f000 	/System/Library/Frameworks/CoreGraphics.framework/Versions/A/CoreGraphics
0x000000000403f000 	/System/Library/Frameworks/CoreImage.framework/Versions/A/CoreImage
0x000000000403f000 	/System/Library/Frameworks/CoreText.framework/Versions/A/CoreText
0x000000000403f000 	/System/Library/Frameworks/ImageIO.framework/Versions/A/ImageIO
0x000000000403f000 	/System/Library/PrivateFrameworks/Backup.framework/Versions/A/Backup
0x000000000403f000 	/usr/lib/libextension.dylib
0x000000000403f000 	/usr/lib/libarchive.2.dylib
0x000000000403f000 	/System/Library/Frameworks/CFNetwork.framework/Versions/A/CFNetwork
0x000000000403f000 	/System/Library/Frameworks/SystemConfiguration.framework/Versions/A/SystemConfiguration
0x000000000403f000 	/usr/lib/libCRFSuite.dylib
0x000000000403f000 	/usr/lib/libc++.1.dylib
0x000000000403f000 	/usr/lib/libc++abi.dylib
0x000000000403f000 	/usr/lib/system/libcache.dylib
0x000000000403f000 	/usr/lib/system/libcommonCrypto.dylib
0x000000000403f000 	/usr/lib/system/libcompiler_rt.dylib
0x000000000403f000 	/usr/lib/system/libcopyfile.dylib
0x000000000403f000 	/usr/lib/system/libcorecrypto.dylib
0x000000000403f000 	/usr/lib/system/libdispatch.dylib
0x000000000403f000 	/usr/lib/system/libdyld.dylib
0x000000000403f000 	/usr/lib/system/libkeymgr.dylib
0x000000000403f000 	/usr/lib/system/liblaunch.dylib
0x000000000403f000 	/usr/lib/system/libmacho.dylib
0x000000000403f000 	/usr/lib/system/libquarantine.dylib
0x000000000403f000 	/usr/lib/system/libremovefile.dylib
0x000000000403f000 	/usr/lib/system/libsystem_asl.dylib
0x000000000403f000 	/usr/lib/system/libsystem_blocks.dylib
0x000000000403f000 	/usr/lib/system/libsystem_c.dylib
0x000000000403f000 	/usr/lib/system/libsystem_configuration.dylib
0x000000000403f000 	/usr/lib/system/libsystem_coreservices.dylib
0x000000000403f000 	/usr/lib/system/libsystem_coretls.dylib
0x000000000403f000 	/usr/lib/system/libsystem_dnssd.dylib
0x000000000403f000 	/usr/lib/system/libsystem_info.dylib
0x000000000403f000 	/usr/lib/system/libsystem_kernel.dylib
0x000000000403f000 	/usr/lib/system/libsystem_m.dylib
0x000000000403f000 	/usr/lib/system/libsystem_malloc.dylib
0x000000000403f000 	/usr/lib/system/libsystem_network.dylib
0x000000000403f000 	/usr/lib/system/libsystem_networkextension.dylib
0x000000000403f000 	/usr/lib/system/libsystem_notify.dylib
0x000000000403f000 	/usr/lib/system/libsystem_platform.dylib
0x000000000403f000 	/usr/lib/system/libsystem_pthread.dylib
0x000000000403f000 	/usr/lib/system/libsystem_sandbox.dylib
0x000000000403f000 	/usr/lib/system/libsystem_secinit.dylib
0x000000000403f000 	/usr/lib/system/libsystem_trace.dylib
0x000000000403f000 	/usr/lib/system/libunc.dylib
0x000000000403f000 	/usr/lib/system/libunwind.dylib
0x000000000403f000 	/usr/lib/system/libxpc.dylib
0x000000000403f000 	/usr/lib/libenergytrace.dylib
0x000000000403f000 	/usr/lib/libbsm.0.dylib
0x000000000403f000 	/usr/lib/system/libkxld.dylib
0x000000000403f000 	/usr/lib/libxar.1.dylib
0x000000000403f000 	/usr/lib/libsqlite3.dylib
0x000000000403f000 	/usr/lib/libpam.2.dylib
0x000000000403f000 	/usr/lib/libOpenScriptingUtil.dylib
0x000000000403f000 	/usr/lib/libbz2.1.0.dylib
0x000000000403f000 	/usr/lib/liblzma.5.dylib
0x000000000403f000 	/System/Library/Frameworks/CoreServices.framework/Versions/A/Frameworks/FSEvents.framework/Versions/A/FSEvents
0x000000000403f000 	/System/Library/Frameworks/CoreServices.framework/Versions/A/Frameworks/CarbonCore.framework/Versions/A/CarbonCore
0x000000000403f000 	/System/Library/Frameworks/CoreServices.framework/Versions/A/Frameworks/Metadata.framework/Versions/A/Metadata
0x000000000403f000 	/System/Library/Frameworks/CoreServices.framework/Versions/A/Frameworks/OSServices.framework/Versions/A/OSServices
0x000000000403f000 	/System/Library/Frameworks/CoreServices.framework/Versions/A/Frameworks/SearchKit.framework/Versions/A/SearchKit
0x000000000403f000 	/System/Library/Frameworks/CoreServices.framework/Versions/A/Frameworks/AE.framework/Versions/A/AE
0x000000000403f000 	/System/Library/Frameworks/CoreServices.framework/Versions/A/Frameworks/LaunchServices.framework/Versions/A/LaunchServices
0x000000000403f000 	/System/Library/Frameworks/CoreServices.framework/Versions/A/Frameworks/DictionaryServices.framework/Versions/A/DictionaryServices
0x000000000403f000 	/System/Library/Frameworks/CoreServices.framework/Versions/A/Frameworks/SharedFileList.framework/Versions/A/SharedFileList
0x000000000403f000 	/System/Library/Frameworks/NetFS.framework/Versions/A/NetFS
0x000000000403f000 	/System/Library/PrivateFrameworks/NetAuth.framework/Versions/A/NetAuth
0x000000000403f000 	/System/Library/PrivateFrameworks/login.framework/Versions/A/Frameworks/loginsupport.framework/Versions/A/loginsupport
0x000000000403f000 	/System/Library/PrivateFrameworks/TCC.framework/Versions/A/TCC
0x000000000403f000 	/usr/lib/libmecabra.dylib
0x000000000403f000 	/System/Library/Frameworks/ApplicationServices.framework/Versions/A/Frameworks/ATS.framework/Versions/A/ATS
0x000000000403f000 	/System/Library/Frameworks/ApplicationServices.framework/Versions/A/Frameworks/ColorSync.framework/Versions/A/ColorSync
0x000000000403f000 	/System/Library/Frameworks/ApplicationServices.framework/Versions/A/Frameworks/HIServices.framework/Versions/A/HIServices
0x000000000403f000 	/System/Library/Frameworks/ApplicationServices.framework/Versions/A/Frameworks/LangAnalysis.framework/Versions/A/LangAnalysis
0x000000000403f000 	/System/Library/Frameworks/ApplicationServices.framework/Versions/A/Frameworks/PrintCore.framework/Versions/A/PrintCore
0x000000000403f000 	/System/Library/Frameworks/ApplicationServices.framework/Versions/A/Frameworks/QD.framework/Versions/A/QD
0x000000000403f000 	/System/Library/Frameworks/ApplicationServices.framework/Versions/A/Frameworks/SpeechSynthesis.framework/Versions/A/SpeechSynthesis
0x000000000403f000 	/System/Library/Frameworks/Metal.framework/Versions/A/Metal
0x000000000403f000 	/System/Library/Frameworks/Accelerate.framework/Versions/A/Frameworks/vImage.framework/Versions/A/vImage
0x000000000403f000 	/System/Library/Frameworks/Accelerate.framework/Versions/A/Frameworks/vecLib.framework/Versions/A/vecLib
0x000000000403f000 	/System/Library/Frameworks/Accelerate.framework/Versions/A/Frameworks/vecLib.framework/Versions/A/libvDSP.dylib
0x000000000403f000 	/System/Library/Frameworks/Accelerate.framework/Versions/A/Frameworks/vecLib.framework/Versions/A/libvMisc.dylib
0x000000000403f000 	/System/Library/Frameworks/Accelerate.framework/Versions/A/Frameworks/vecLib.framework/Versions/A/libLAPACK.dylib
0x000000000403f000 	/System/Library/Frameworks/Accelerate.framework/Versions/A/Frameworks/vecLib.framework/Versions/A/libBLAS.dylib
0x000000000403f000 	/System/Library/Frameworks/Accelerate.framework/Versions/A/Frameworks/vecLib.framework/Versions/A/libLinearAlgebra.dylib
0x000000000403f000 	/System/Library/Frameworks/Accelerate.framework/Versions/A/Frameworks/vecLib.framework/Versions/A/libSparseBLAS.dylib
0x000000000403f000 	/System/Library/PrivateFrameworks/GPUCompiler.framework/libmetal_timestamp.dylib
0x000000000403f000 	/System/Library/Frameworks/OpenGL.framework/Versions/A/Libraries/libCoreFSCache.dylib
0x000000000403f000 	/System/Library/PrivateFrameworks/IOAccelerator.framework/Versions/A/IOAccelerator
0x000000000403f000 	/System/Library/Frameworks/ApplicationServices.framework/Versions/A/Frameworks/ATS.framework/Versions/A/Resources/libFontParser.dylib
0x000000000403f000 	/System/Library/Frameworks/ApplicationServices.framework/Versions/A/Frameworks/ATS.framework/Versions/A/Resources/libFontRegistry.dylib
0x000000000403f000 	/System/Library/PrivateFrameworks/AppleVPA.framework/Versions/A/AppleVPA
0x000000000403f000 	/System/Library/PrivateFrameworks/AppleJPEG.framework/Versions/A/AppleJPEG
0x000000000403f000 	/System/Library/Frameworks/ImageIO.framework/Versions/A/Resources/libJPEG.dylib
0x000000000403f000 	/System/Library/Frameworks/ImageIO.framework/Versions/A/Resources/libTIFF.dylib
0x000000000403f000 	/System/Library/Frameworks/ImageIO.framework/Versions/A/Resources/libPng.dylib
0x000000000403f000 	/System/Library/Frameworks/ImageIO.framework/Versions/A/Resources/libGIF.dylib
0x000000000403f000 	/System/Library/Frameworks/ImageIO.framework/Versions/A/Resources/libJP2.dylib
0x000000000403f000 	/System/Library/Frameworks/ImageIO.framework/Versions/A/Resources/libRadiance.dylib
0x000000000403f000 	/System/Library/Frameworks/CoreVideo.framework/Versions/A/CoreVideo
0x000000000403f000 	/System/Library/Frameworks/OpenGL.framework/Versions/A/Libraries/libGLU.dylib
0x000000000403f000 	/System/Library/Frameworks/OpenGL.framework/Versions/A/Libraries/libGFXShared.dylib
0x000000000403f000 	/System/Library/Frameworks/OpenGL.framework/Versions/A/Libraries/libGL.dylib
0x000000000403f000 	/System/Library/Frameworks/OpenGL.framework/Versions/A/Libraries/libGLImage.dylib
0x000000000403f000 	/System/Library/Frameworks/OpenGL.framework/Versions/A/Libraries/libCVMSPluginSupport.dylib
0x000000000403f000 	/System/Library/Frameworks/OpenGL.framework/Versions/A/Libraries/libCoreVMClient.dylib
0x000000000403f000 	/usr/lib/libcompression.dylib
0x000000000403f000 	/usr/lib/libcups.2.dylib
0x000000000403f000 	/System/Library/Frameworks/Kerberos.framework/Versions/A/Kerberos
0x000000000403f000 	/System/Library/Frameworks/GSS.framework/Versions/A/GSS
0x000000000403f000 	/usr/lib/libresolv.9.dylib
0x000000000403f000 	/usr/lib/libiconv.2.dylib
0x000000000403f000 	/System/Library/PrivateFrameworks/Heimdal.framework/Versions/A/Heimdal
0x000000000403f000 	/usr/lib/libheimdal-asn1.dylib
0x000000000403f000 	/System/Library/Frameworks/OpenDirectory.framework/Versions/A/OpenDirectory
0x000000000403f000 	/System/Library/PrivateFrameworks/CommonAuth.framework/Versions/A/CommonAuth
0x000000000403f000 	/System/Library/Frameworks/OpenDirectory.framework/Versions/A/Frameworks/CFOpenDirectory.framework/Versions/A/CFOpenDirectory
0x000000000403f000 	/System/Library/Frameworks/SecurityFoundation.framework/Versions/A/SecurityFoundation
0x000000000403f000 	/System/Library/PrivateFrameworks/LanguageModeling.framework/Versions/A/LanguageModeling
0x000000000403f000 	/usr/lib/libmarisa.dylib
0x000000000403f000 	/usr/lib/libChineseTokenizer.dylib
0x000000000403f000 	/usr/lib/libcmph.dylib
0x000000000403f000 	/System/Library/Frameworks/ServiceManagement.framework/Versions/A/ServiceManagement
0x000000000403f000 	/usr/lib/libxslt.1.dylib
0x000000000403f000 	/System/Library/Frameworks/Carbon.framework/Versions/A/Frameworks/Ink.framework/Versions/A/Ink
0x000000000403f000 	/usr/lib/libFosl_dynamic.dylib
0x000000000403f000 	/System/Library/PrivateFrameworks/FaceCore.framework/Versions/A/FaceCore
0x000000000403f000 	/System/Library/Frameworks/OpenCL.framework/Versions/A/OpenCL
0x000000000403f000 	/System/Library/PrivateFrameworks/CrashReporterSupport.framework/Versions/A/CrashReporterSupport
0x000000000403f000 	/System/Library/PrivateFrameworks/IconServices.framework/Versions/A/IconServices
0x000000000403f000 	/System/Library/PrivateFrameworks/Apple80211.framework/Versions/A/Apple80211
0x000000000403f000 	/System/Library/Frameworks/CoreWLAN.framework/Versions/A/CoreWLAN
0x000000000403f000 	/System/Library/Frameworks/IOBluetooth.framework/Versions/A/IOBluetooth
0x000000000403f000 	/System/Library/PrivateFrameworks/CoreWiFi.framework/Versions/A/CoreWiFi
0x000000000403f000 	/System/Library/Frameworks/CoreBluetooth.framework/Versions/A/CoreBluetooth
0x000000000403f000 	/System/Library/PrivateFrameworks/ChunkingLibrary.framework/Versions/A/ChunkingLibrary
0x000000000403f000 	/System/Library/PrivateFrameworks/DebugSymbols.framework/Versions/A/DebugSymbols
0x000000000403f000 	/System/Library/PrivateFrameworks/CoreSymbolication.framework/Versions/A/CoreSymbolication
0x000000000403f000 	/System/Library/PrivateFrameworks/Symbolication.framework/Versions/A/Symbolication
0x000000000403f000 	/System/Library/PrivateFrameworks/SpeechRecognitionCore.framework/Versions/A/SpeechRecognitionCore
0x000000010913f000 	/Applications/AnyLogic.app/Contents/jre/lib/server/libjvm.dylib
0x000000000403f000 	/usr/lib/libstdc++.6.dylib
0x000000010a0c9000 	/Applications/AnyLogic.app/Contents/jre/lib/libverify.dylib
0x000000010a0d7000 	/Applications/AnyLogic.app/Contents/jre/lib/libjava.dylib
0x000000010a116000 	/Applications/AnyLogic.app/Contents/jre/lib/libzip.dylib
0x000000011c10e000 	/System/Library/Frameworks/JavaVM.framework/Frameworks/JavaRuntimeSupport.framework/JavaRuntimeSupport
0x000000011c129000 	/System/Library/Frameworks/JavaVM.framework/Versions/A/Frameworks/JavaNativeFoundation.framework/Versions/A/JavaNativeFoundation
0x000000011c13e000 	/System/Library/Frameworks/JavaVM.framework/Versions/A/JavaVM
0x000000000403f000 	/System/Library/Frameworks/Carbon.framework/Versions/A/Carbon
0x000000011c14b000 	/System/Library/PrivateFrameworks/JavaLaunching.framework/Versions/A/JavaLaunching
0x000000000403f000 	/System/Library/Frameworks/Carbon.framework/Versions/A/Frameworks/CommonPanels.framework/Versions/A/CommonPanels
0x000000000403f000 	/System/Library/Frameworks/Carbon.framework/Versions/A/Frameworks/Help.framework/Versions/A/Help
0x000000000403f000 	/System/Library/Frameworks/Carbon.framework/Versions/A/Frameworks/ImageCapture.framework/Versions/A/ImageCapture
0x000000000403f000 	/System/Library/Frameworks/Carbon.framework/Versions/A/Frameworks/OpenScripting.framework/Versions/A/OpenScripting
0x000000000403f000 	/System/Library/Frameworks/Carbon.framework/Versions/A/Frameworks/Print.framework/Versions/A/Print
0x000000000403f000 	/System/Library/Frameworks/Carbon.framework/Versions/A/Frameworks/SecurityHI.framework/Versions/A/SecurityHI
0x000000011dbab000 	/Applications/AnyLogic.app/Contents/jre/lib/libawt.dylib
0x000000011dc53000 	/Applications/AnyLogic.app/Contents/jre/lib/./libmlib_image.dylib
0x000000011dd1f000 	/Applications/AnyLogic.app/Contents/jre/lib/libawt_lwawt.dylib
0x000000011ddd4000 	/Applications/AnyLogic.app/Contents/jre/lib/./libosxapp.dylib
0x000000000403f000 	/System/Library/Frameworks/ExceptionHandling.framework/Versions/A/ExceptionHandling
0x000000000403f000 	/System/Library/PrivateFrameworks/CoreServicesInternal.framework/Versions/A/CoreServicesInternal
0x000000000403f000 	/System/Library/Frameworks/CoreGraphics.framework/Versions/A/Resources/libRIP.A.dylib
0x000000000403f000 	/System/Library/Frameworks/Accelerate.framework/Versions/A/Frameworks/vImage.framework/Versions/A/Libraries/libCGInterfaces.dylib
0x000000000403f000 	/System/Library/Frameworks/CoreGraphics.framework/Versions/A/Resources/libCGXType.A.dylib
0x000000000403f000 	/System/Library/Frameworks/OpenCL.framework/Versions/A/Libraries/libcldcpuengine.dylib
0x000000000403f000 	/System/Library/PrivateFrameworks/DiskImages.framework/Versions/A/DiskImages
0x000000000403f000 	/System/Library/Frameworks/DiscRecording.framework/Versions/A/DiscRecording
0x000000000403f000 	/usr/lib/libcsfde.dylib
0x000000000403f000 	/usr/lib/libcurl.4.dylib
0x000000000403f000 	/System/Library/PrivateFrameworks/MediaKit.framework/Versions/A/MediaKit
0x000000000403f000 	/System/Library/PrivateFrameworks/ProtectedCloudStorage.framework/Versions/A/ProtectedCloudStorage
0x000000000403f000 	/usr/lib/libCoreStorage.dylib
0x000000000403f000 	/System/Library/PrivateFrameworks/EFILogin.framework/Versions/A/EFILogin
0x000000000403f000 	/usr/lib/libutil.dylib
0x000000000403f000 	/System/Library/PrivateFrameworks/FindMyDevice.framework/Versions/A/FindMyDevice
0x000000000403f000 	/System/Library/Frameworks/LDAP.framework/Versions/A/LDAP
0x000000000403f000 	/usr/lib/libsasl2.2.dylib
0x000000000403f000 	/System/Library/PrivateFrameworks/CoreDaemon.framework/Versions/B/CoreDaemon
0x000000000403f000 	/usr/lib/libcrypto.0.9.8.dylib
0x000000000403f000 	/System/Library/PrivateFrameworks/AppleSRP.framework/Versions/A/AppleSRP
0x000000000403f000 	/System/Library/PrivateFrameworks/TrustEvaluationAgent.framework/Versions/A/TrustEvaluationAgent
0x000000011fbe8000 	cl_kernels
0x000000000403f000 	/System/Library/Frameworks/OpenCL.framework/Versions/A/Libraries/ImageFormats/unorm8_bgra.dylib
0x000000000403f000 	/System/Library/Frameworks/OpenCL.framework/Versions/A/Libraries/ImageFormats/unorm8_rgba.dylib
0x000000000403f000 	/System/Library/PrivateFrameworks/FamilyControls.framework/Versions/A/FamilyControls
0x000000000403f000 	/System/Library/PrivateFrameworks/CommerceKit.framework/Versions/A/Frameworks/CommerceCore.framework/Versions/A/CommerceCore
0x000000000403f000 	/System/Library/PrivateFrameworks/SystemAdministration.framework/Versions/A/SystemAdministration
0x000000000403f000 	/System/Library/PrivateFrameworks/AppContainer.framework/Versions/A/AppContainer
0x000000000403f000 	/System/Library/PrivateFrameworks/SecCodeWrapper.framework/Versions/A/SecCodeWrapper
0x000000000403f000 	/System/Library/Frameworks/DirectoryService.framework/Versions/A/DirectoryService
0x000000000403f000 	/System/Library/PrivateFrameworks/LoginUIKit.framework/Versions/A/Frameworks/LoginUICore.framework/Versions/A/LoginUICore
0x000000000403f000 	/usr/lib/libodfde.dylib
0x0000000120d08000 	/Applications/AnyLogic.app/Contents/jre/lib/libfontmanager.dylib
0x000000011f008000 	/Applications/AnyLogic.app/Contents/jre/lib/libosxui.dylib
0x000000000403f000 	/System/Library/Frameworks/OpenGL.framework/Versions/A/Resources/GLEngine.bundle/GLEngine
0x000000000403f000 	/System/Library/Frameworks/OpenGL.framework/Versions/A/Libraries/libGLProgrammability.dylib
0x00000001217ad000 	/System/Library/Extensions/AppleIntelBDWGraphicsGLDriver.bundle/Contents/MacOS/AppleIntelBDWGraphicsGLDriver
0x000000000403f000 	/System/Library/PrivateFrameworks/GPUSupport.framework/Versions/A/Libraries/libGPUSupportMercury.dylib
0x000000000403f000 	/System/Library/Frameworks/OpenGL.framework/Versions/A/Resources/GLRendererFloat.bundle/GLRendererFloat
0x0000000122bc5000 	/Applications/AnyLogic.app/Contents/jre/lib/libnet.dylib
0x00000001229d4000 	/Applications/AnyLogic.app/Contents/jre/lib/libnio.dylib
0x000000000403f000 	/System/Library/Frameworks/ApplicationServices.framework/Versions/A/Frameworks/ATS.framework/Versions/A/Resources/libTrueTypeScaler.dylib
0x00000001775f3000 	/System/Library/Extensions/AppleIntelBDWGraphicsMTLDriver.bundle/Contents/MacOS/AppleIntelBDWGraphicsMTLDriver
0x0000000174963000 	/Applications/AnyLogic.app/Contents/jre/lib/libdcpr.dylib
0x0000000173c41000 	/Applications/AnyLogic.app/Contents/Resources/Java/plugins/org.j3d.opengl.swt.carbon.osx_0.7.0/libgluegen-rt.jnilib
0x0000000122526000 	/Applications/AnyLogic.app/Contents/Resources/Java/plugins/org.j3d.opengl.swt.carbon.osx_0.7.0/libnativewindow_awt.jnilib
0x0000000173c45000 	/Applications/AnyLogic.app/Contents/jre/lib/libjawt.dylib
0x0000000173c48000 	/Applications/AnyLogic.app/Contents/Resources/Java/plugins/org.j3d.opengl.swt.carbon.osx_0.7.0/libnativewindow_macosx.jnilib
0x0000000178d24000 	/Applications/AnyLogic.app/Contents/Resources/Java/plugins/org.j3d.opengl.swt.carbon.osx_0.7.0/libjogl_desktop.jnilib

VM Arguments:
jvm_args: -Xmx256m -Dnativewindow.awt.nohidpi=true -DlanguageId_xjal=en0109v4t -DFlowchartCountersVisible_xjal=true -DTileCachePath_xjal=/Applications/AnyLogic.app/Contents/Resources/Java/plugins/com.anylogic.gis_7.3.5.201608171835/tiles -DFlowchartPortStateAnimated_xjal=true -DuseProxy_xjal=false -Djava.library.path=/Applications/AnyLogic.app/Contents/Resources/Java/plugins/org.j3d.opengl.swt.carbon.osx_0.7.0:/Applications/AnyLogic.app/Contents/Resources/Java/plugins/org.j3d.opengl.swt.carbon.osx_0.7.0 -Dfile.encoding=UTF-8 
java_command: com.anylogic.ms.MS bank_2.Simulation 1772b0b
java_class_path (initial): /Applications/AnyLogic.app/Contents/Resources/Java/plugins/com.anylogic.engine_7.3.5.201608171835/com.anylogic.engine.jar:/Applications/AnyLogic.app/Contents/Resources/Java/plugins/com.anylogic.engine_7.3.5.201608171835/com.anylogic.engine.al3d.jar:/Applications/AnyLogic.app/Contents/Resources/Java/plugins/com.anylogic.engine_7.3.5.201608171835/com.anylogic.engine.resources.jar:/Applications/AnyLogic.app/Contents/Resources/Java/plugins/com.anylogic.engine_7.3.5.201608171835/com.anylogic.engine.nl.jar:/Applications/AnyLogic.app/Contents/Resources/Java/plugins/com.anylogic.optimizer_7.3.5.201608171835/lib/OptQuest.jar:/Applications/AnyLogic.app/Contents/Resources/Java/plugins/com.anylogic.third_party_libraries_7.3.5.201608171835/lib/database/hsqldb.jar:/Applications/AnyLogic.app/Contents/Resources/Java/plugins/com.anylogic.third_party_libraries_7.3.5.201608171835/lib/database/querydsl/querydsl-sql-codegen-3.6.3.jar:/Applications/AnyLogic.app/Contents/Resources/Java/plugins/com.anylogic.third_party_libraries_7.3.5.201608171835/lib/database/querydsl/querydsl-core-3.6.3.jar:/Applications/AnyLogic.app/Contents/Resources/Java/plugins/com.anylogic.third_party_libraries_7.3.5.201608171835/lib/database/querydsl/querydsl-sql-3.6.3.jar:/Applications/AnyLogic.app/Contents/Resources/Java/plugins/com.anylogic.core_7.3.5.201608171835/com.anylogic.ms.jar:/Users/daniel/.AnyLogicPLE/Workspace7/Bank 2_BUILD/classes:/Applications/AnyLogic.app/Contents/Resources/Java/plugins/com.anylogic.process_modeling_library_7.3.5.201608171835/lib/ProcessModelingLibrary.jar:/Applications/AnyLogic.app/Contents/Resources/Java/plugins/com.anylogic.graphics3d_7.3.5.201608171835/lib/aviatrix3d-all_2.0.0.jar:/Applications/AnyLogic.app/Contents/Resources/Java/plugins/com.anylogic.graphics3d_7.3.5.201608171835/lib/j3d-org-elumens.jar:/Applications/AnyLogic.app/Contents/Resources/Java/plugins/com.anylogic.graphics3d_7.3.5.201608171835/lib/j3d-org-geom-core.jar:/Applications/AnyLog
Launcher Type: SUN_STANDARD

Environment Variables:
PATH=/usr/bin:/bin:/usr/sbin:/sbin
SHELL=/bin/bash

Signal Handlers:
SIGSEGV: [libjvm.dylib+0x5a65d5], sa_mask[0]=11111111011111110111111111111111, sa_flags=SA_ONSTACK|SA_RESTART|SA_SIGINFO
SIGBUS: [libjvm.dylib+0x5a65d5], sa_mask[0]=11111111011111110111111111111111, sa_flags=SA_RESTART|SA_SIGINFO
SIGFPE: [libjvm.dylib+0x4802e8], sa_mask[0]=11111111011111110111111111111111, sa_flags=SA_RESTART|SA_SIGINFO
SIGPIPE: [libjvm.dylib+0x4802e8], sa_mask[0]=11111111011111110111111111111111, sa_flags=SA_RESTART|SA_SIGINFO
SIGXFSZ: [libjvm.dylib+0x4802e8], sa_mask[0]=11111111011111110111111111111111, sa_flags=SA_RESTART|SA_SIGINFO
SIGILL: [libjvm.dylib+0x4802e8], sa_mask[0]=11111111011111110111111111111111, sa_flags=SA_RESTART|SA_SIGINFO
SIGUSR1: SIG_DFL, sa_mask[0]=00000000000000000000000000000000, sa_flags=none
SIGUSR2: [libjvm.dylib+0x47fe06], sa_mask[0]=00100000000000000000000000000000, sa_flags=SA_RESTART|SA_SIGINFO
SIGHUP: [libjvm.dylib+0x47e3dd], sa_mask[0]=11111111011111110111111111111111, sa_flags=SA_RESTART|SA_SIGINFO
SIGINT: [libjvm.dylib+0x47e3dd], sa_mask[0]=11111111011111110111111111111111, sa_flags=SA_RESTART|SA_SIGINFO
SIGTERM: [libjvm.dylib+0x47e3dd], sa_mask[0]=11111111011111110111111111111111, sa_flags=SA_RESTART|SA_SIGINFO
SIGQUIT: [libjvm.dylib+0x47e3dd], sa_mask[0]=11111111011111110111111111111111, sa_flags=SA_RESTART|SA_SIGINFO


---------------  S Y S T E M  ---------------

OS:Bsduname:Darwin 15.6.0 Darwin Kernel Version 15.6.0: Mon Aug 29 20:21:34 PDT 2016; root:xnu-3248.60.11~1/RELEASE_X86_64 x86_64
rlimit: STACK 8192k, CORE 0k, NPROC 709, NOFILE 10240, AS infinity
load average:2.01 2.21 2.25

CPU:total 4 (2 cores per cpu, 2 threads per core) family 6 model 61 stepping 4, cmov, cx8, fxsr, mmx, sse, sse2, sse3, ssse3, sse4.1, sse4.2, popcnt, avx, avx2, aes, clmul, erms, 3dnowpref, lzcnt, ht, tsc, tscinvbit, bmi1, bmi2, adx

Memory: 4k page, physical 8388608k(81872k free)

/proc/meminfo:


vm_info: Java HotSpot(TM) 64-Bit Server VM (25.66-b17) for bsd-amd64 JRE (1.8.0_66-b17), built on Oct  6 2015 16:09:13 by "java_re" with gcc 4.2.1 (Based on Apple Inc. build 5658) (LLVM build 2336.11.00)

time: Fri Sep 30 09:51:08 2016
elapsed time: 682 seconds (0d 0h 11m 22s)

