#
# A fatal error has been detected by the Java Runtime Environment:
#
#  SIGSEGV (0xb) at pc=0x00007fff9591b0f3, pid=734, tid=2571
#
# JRE version: Java(TM) SE Runtime Environment (8.0_66-b17) (build 1.8.0_66-b17)
# Java VM: Java HotSpot(TM) 64-Bit Server VM (25.66-b17 mixed mode bsd-amd64 compressed oops)
# Problematic frame:
# C  [libobjc.A.dylib+0x80f3]  objc_release+0x13
#
# Failed to write core dump. Core dumps have been disabled. To enable core dumping, try "ulimit -c unlimited" before starting Java again
#
# If you would like to submit a bug report, please visit:
#   http://bugreport.java.com/bugreport/crash.jsp
# The crash happened outside the Java Virtual Machine in native code.
# See problematic frame for where to report the bug.
#

---------------  T H R E A D  ---------------

Current thread (0x00007f9ffa238000):  JavaThread "AWT-AppKit" daemon [_thread_in_native, id=2571, stack(0x00007fff5384d000,0x00007fff5404d000)]

siginfo: si_signo: 11 (SIGSEGV), si_code: 0 (unknown), si_addr: 0x0000000000000000

Registers:
RAX=0x0000000000000008, RBX=0x0000000000000000, RCX=0x0000000000000004, RDX=0x00007f9ffd3cb488
RSP=0x00007fff54046830, RBP=0x00007fff54046830, RSI=0x0000000120b7df10, RDI=0xc00007f9ffd516b4
R8 =0x0000000000000001, R9 =0x00007f9ffd516b40, R10=0x00007f9ffb58fe20, R11=0x00000001253e6840
R12=0x0000000000000000, R13=0x000000018185f510, R14=0x00007f9ffd3c9350, R15=0x00007f9ffa238000
RIP=0x00007fff9591b0f3, EFLAGS=0x0000000000010246, ERR=0x0000000000000000
  TRAPNO=0x000000000000000d

Top of Stack: (sp=0x00007fff54046830)
0x00007fff54046830:   00007fff54046860 0000000120b0747b
0x00007fff54046840:   00007fff54046860 00000001253e6450
0x00007fff54046850:   00000001253e6440 00007f9ffa238000
0x00007fff54046860:   00007fff54046920 00000001253e4215
0x00007fff54046870:   00000001253e6700 00000001253e66e0
0x00007fff54046880:   00000001253e64b0 0000000000000000
0x00007fff54046890:   000000018185f510 000000018185f510
0x00007fff540468a0:   00007f9ffd3cb480 00000001253e66a0
0x00007fff540468b0:   00000001253e6710 00007fff77a6e770
0x00007fff540468c0:   00007fff75144500 00000001253e6450
0x00007fff540468d0:   00000001253e6690 00007f9ffd3cb480
0x00007fff540468e0:   00007f9ffd3c9350 00007f9ffd5367b0
0x00007fff540468f0:   00007f9ffd3cb480 00007f9ffd3c9350
0x00007fff54046900:   00007fff540469a8 00007f9ffa2381f8
0x00007fff54046910:   000000018185f510 00007fff540469d0
0x00007fff54046920:   00007fff54046998 000000010ce20954
0x00007fff54046930:   000000018185f510 00007fff540469d0
0x00007fff54046940:   00007fff54046998 000000010ce206e7
0x00007fff54046950:   000000010ce206a2 00007fff54046958
0x00007fff54046960:   000000018185f510 00007fff540469d0
0x00007fff54046970:   0000000181862148 0000000000000000
0x00007fff54046980:   000000018185f510 0000000000000000
0x00007fff54046990:   00007fff540469b8 00007fff54046a18
0x00007fff540469a0:   000000010ce12c4d 00000007b0bb55b8
0x00007fff540469b0:   000000010ce1a578 00007f9ffd3cb480
0x00007fff540469c0:   00007fff54046a18 00007f9ffd3c9350
0x00007fff540469d0:   000000010ce1bd82 00007fff540469d8
0x00007fff540469e0:   000000018185f6da 00007fff54046a40
0x00007fff540469f0:   0000000181862148 0000000000000000
0x00007fff54046a00:   000000018185f6e8 00007fff540469b8
0x00007fff54046a10:   00007fff54046a28 00007fff54046a88
0x00007fff54046a20:   000000010ce12c4d 00007f9ffd3cb480 

Instructions: (pc=0x00007fff9591b0f3)
0x00007fff9591b0d3:   41 5c 41 5d 41 5e 41 5f 5d c3 90 90 90 55 48 89
0x00007fff9591b0e3:   e5 48 85 ff 0f 84 82 00 00 00 40 f6 c7 01 75 7c
0x00007fff9591b0f3:   48 8b 07 48 b9 f8 ff ff ff ff 7f 00 00 48 21 c1
0x00007fff9591b103:   f6 41 20 02 75 10 48 8d 05 80 0c fc e1 48 8b 30 

Register to memory mapping:

RAX=0x0000000000000008 is an unknown value
RBX=0x0000000000000000 is an unknown value
RCX=0x0000000000000004 is an unknown value
RDX=0x00007f9ffd3cb488 is an unknown value
RSP=0x00007fff54046830 is pointing into the stack for thread: 0x00007f9ffa238000
RBP=0x00007fff54046830 is pointing into the stack for thread: 0x00007f9ffa238000
RSI=0x0000000120b7df10: OBJC_IVAR_$_PrinterView.fCurPeekGraphics+0x1aa8 in /Applications/AnyLogic.app/Contents/jre/lib/libawt_lwawt.dylib at 0x0000000120b03000
RDI=0xc00007f9ffd516b4 is an unknown value
R8 =0x0000000000000001 is an unknown value
R9 =0x00007f9ffd516b40 is an unknown value
R10=0x00007f9ffb58fe20 is an unknown value
R11=0x00000001253e6840: OBJC_CLASS_$_MyCALayer+0 in /Applications/AnyLogic.app/Contents/Resources/Java/plugins/org.j3d.opengl.swt.carbon.osx_0.7.0/libnativewindow_macosx.jnilib at 0x00000001253df000
R12=0x0000000000000000 is an unknown value
R13={method} {0x000000018185f510} 'UnsetJAWTRootSurfaceLayer0' '(JJ)V' in 'jogamp/nativewindow/jawt/macosx/MacOSXJAWTWindow'
R14=0x00007f9ffd3c9350 is an unknown value
R15=0x00007f9ffa238000 is a thread


Stack: [0x00007fff5384d000,0x00007fff5404d000],  sp=0x00007fff54046830,  free space=8166k
Native frames: (J=compiled Java code, j=interpreted, Vv=VM code, C=native code)
C  [libobjc.A.dylib+0x80f3]  objc_release+0x13
C  [libawt_lwawt.dylib+0x447b]  -[AWTSurfaceLayers setLayer:]+0x54
C  [libnativewindow_macosx.jnilib+0x5215]  Java_jogamp_nativewindow_jawt_macosx_MacOSXJAWTWindow_UnsetJAWTRootSurfaceLayer0+0x1a5
j  jogamp.nativewindow.jawt.macosx.MacOSXJAWTWindow.UnsetJAWTRootSurfaceLayer0(JJ)V+0
j  jogamp.nativewindow.jawt.macosx.MacOSXJAWTWindow.access$200(JJ)V+2
j  jogamp.nativewindow.jawt.macosx.MacOSXJAWTWindow$1.run()V+38
J 4674 C1 com.jogamp.common.util.RunnableTask.run()V (345 bytes) @ 0x000000010db30594 [0x000000010db30400+0x194]
v  ~StubRoutines::call_stub
V  [libjvm.dylib+0x2ea35e]  JavaCalls::call_helper(JavaValue*, methodHandle*, JavaCallArguments*, Thread*)+0x6ae
V  [libjvm.dylib+0x321467]  jni_invoke_nonstatic(JNIEnv_*, JavaValue*, _jobject*, JNICallType, _jmethodID*, JNI_ArgumentPusher*, Thread*)+0x2ec
V  [libjvm.dylib+0x313c3b]  jni_CallVoidMethod+0x16b
C  [libnativewindow_macosx.jnilib+0x5326]  Java_jogamp_nativewindow_jawt_macosx_MacOSXJAWTWindow_UnsetJAWTRootSurfaceLayer0+0x2b6
C  [Foundation+0x76fde]  __NSThreadPerformPerform+0x117
C  [CoreFoundation+0xaa881]  __CFRUNLOOP_IS_CALLING_OUT_TO_A_SOURCE0_PERFORM_FUNCTION__+0x11
C  [CoreFoundation+0x89f37]  __CFRunLoopDoSources0+0x1a7
C  [CoreFoundation+0x894df]  __CFRunLoopRun+0x39f
C  [CoreFoundation+0x88ed8]  CFRunLoopRunSpecific+0x128
C  [HIToolbox+0x30935]  RunCurrentEventLoopInMode+0xeb
C  [HIToolbox+0x30677]  ReceiveNextEventCommon+0xb8
C  [HIToolbox+0x305af]  _BlockUntilNextEventMatchingListInModeWithFilter+0x47
C  [AppKit+0x48df6]  _DPSNextEvent+0x42b
C  [AppKit+0x48226]  -[NSApplication _nextEventMatchingEventMask:untilDate:inMode:dequeue:]+0x1c6
C  [libosxapp.dylib+0x23aa]  -[NSApplicationAWT nextEventMatchingMask:untilDate:inMode:dequeue:]+0x7c
C  [AppKit+0x3cd80]  -[NSApplication run]+0x2aa
C  [libosxapp.dylib+0x214d]  +[NSApplicationAWT runAWTLoopWithApp:]+0x9c
C  [libawt_lwawt.dylib+0x4455b]  -[AWTStarter starter:]+0x389
C  [Foundation+0x76fde]  __NSThreadPerformPerform+0x117
C  [CoreFoundation+0xaa881]  __CFRUNLOOP_IS_CALLING_OUT_TO_A_SOURCE0_PERFORM_FUNCTION__+0x11
C  [CoreFoundation+0x89fbc]  __CFRunLoopDoSources0+0x22c
C  [CoreFoundation+0x894df]  __CFRunLoopRun+0x39f
C  [CoreFoundation+0x88ed8]  CFRunLoopRunSpecific+0x128
C  [java+0x6463]  CreateExecutionEnvironment+0x367
C  [java+0x21ac]  JLI_Launch+0x7a0
C  [java+0x84c0]  main+0x65
C  [java+0x1a04]  start+0x34
C  0x0000000000000010

Java frames: (J=compiled Java code, j=interpreted, Vv=VM code)
j  jogamp.nativewindow.jawt.macosx.MacOSXJAWTWindow.UnsetJAWTRootSurfaceLayer0(JJ)V+0
j  jogamp.nativewindow.jawt.macosx.MacOSXJAWTWindow.access$200(JJ)V+2
j  jogamp.nativewindow.jawt.macosx.MacOSXJAWTWindow$1.run()V+38
J 4674 C1 com.jogamp.common.util.RunnableTask.run()V (345 bytes) @ 0x000000010db30594 [0x000000010db30400+0x194]
v  ~StubRoutines::call_stub

---------------  P R O C E S S  ---------------

Java Threads: ( => current thread )
  0x00007f9ffa8f2000 JavaThread "AnyLogic user input event processor" daemon [_thread_blocked, id=59451, stack(0x0000700001868000,0x0000700001968000)]
  0x00007f9ffa5de800 JavaThread "AnyLogic model execution control handler" daemon [_thread_blocked, id=37467, stack(0x00007000015df000,0x00007000016df000)]
  0x00007f9fff032000 JavaThread "Image Fetcher 0" daemon [_thread_blocked, id=14775, stack(0x00007000014dc000,0x00007000015dc000)]
  0x00007f9ffe81b800 JavaThread "Xj3D Content Loader" [_thread_blocked, id=65795, stack(0x0000700002103000,0x0000700002203000)]
  0x00007f9ffe81a800 JavaThread "Xj3D Content Loader" [_thread_blocked, id=64519, stack(0x0000700002000000,0x0000700002100000)]
  0x00007f9ffa7f1800 JavaThread "Xj3D Content Loader" [_thread_blocked, id=64859, stack(0x0000700001efd000,0x0000700001ffd000)]
  0x00007f9ffad11800 JavaThread "AV3D Runtime" [_thread_blocked, id=65067, stack(0x0000700001dfa000,0x0000700001efa000)]
  0x00007f9ffa602000 JavaThread "AnyLogic presentation frame manager" daemon [_thread_blocked, id=60687, stack(0x0000700001b71000,0x0000700001c71000)]
  0x00007f9ffb2f4800 JavaThread "DestroyJavaVM" [_thread_blocked, id=4099, stack(0x0000700000084000,0x0000700000184000)]
  0x00007f9ffabad000 JavaThread "TimerQueue" daemon [_thread_blocked, id=60187, stack(0x0000700001a6e000,0x0000700001b6e000)]
  0x00007f9ffab92000 JavaThread "AnyLogic simulation performance monitor" [_thread_blocked, id=59675, stack(0x000070000196b000,0x0000700001a6b000)]
  0x00007f9ffa258800 JavaThread "AWT-EventQueue-0" [_thread_in_native, id=55559, stack(0x00007000016e2000,0x00007000017e2000)]
  0x00007f9ffa958000 JavaThread "Java2D Disposer" daemon [_thread_blocked, id=49943, stack(0x00007000013d9000,0x00007000014d9000)]
  0x00007f9ffb167000 JavaThread "Java2D Queue Flusher" daemon [_thread_blocked, id=48911, stack(0x00007000012d6000,0x00007000013d6000)]
  0x00007f9ffb145800 JavaThread "AWT-Shutdown" [_thread_blocked, id=29203, stack(0x0000700001150000,0x0000700001250000)]
=>0x00007f9ffa238000 JavaThread "AWT-AppKit" daemon [_thread_in_native, id=2571, stack(0x00007fff5384d000,0x00007fff5404d000)]
  0x00007f9ffb008000 JavaThread "Service Thread" daemon [_thread_blocked, id=18947, stack(0x0000700000ec7000,0x0000700000fc7000)]
  0x00007f9ffa819000 JavaThread "C1 CompilerThread2" daemon [_thread_blocked, id=18435, stack(0x0000700000dc4000,0x0000700000ec4000)]
  0x00007f9ffa80f000 JavaThread "C2 CompilerThread1" daemon [_thread_in_native, id=17923, stack(0x0000700000cc1000,0x0000700000dc1000)]
  0x00007f9ffa085800 JavaThread "C2 CompilerThread0" daemon [_thread_blocked, id=17411, stack(0x0000700000bbe000,0x0000700000cbe000)]
  0x00007f9ffa05b000 JavaThread "Signal Dispatcher" daemon [_thread_blocked, id=16667, stack(0x0000700000abb000,0x0000700000bbb000)]
  0x00007f9ffa058800 JavaThread "Finalizer" daemon [_thread_blocked, id=11779, stack(0x000070000082f000,0x000070000092f000)]
  0x00007f9ffa057800 JavaThread "Reference Handler" daemon [_thread_blocked, id=11267, stack(0x000070000072c000,0x000070000082c000)]

Other Threads:
  0x00007f9ffa055000 VMThread [stack: 0x0000700000629000,0x0000700000729000] [id=10755]
  0x00007f9ffb006000 WatcherThread [stack: 0x0000700000fca000,0x00007000010ca000] [id=19459]

VM state:not at safepoint (normal execution)

VM Mutex/Monitor currently owned by a thread: None

Heap:
 PSYoungGen      total 58368K, used 12724K [0x00000007bab00000, 0x00000007c0000000, 0x00000007c0000000)
  eden space 29696K, 42% used [0x00000007bab00000,0x00000007bb76d238,0x00000007bc800000)
  from space 28672K, 0% used [0x00000007bc800000,0x00000007bc800000,0x00000007be400000)
  to   space 28672K, 0% used [0x00000007be400000,0x00000007be400000,0x00000007c0000000)
 ParOldGen       total 94720K, used 38439K [0x00000007b0000000, 0x00000007b5c80000, 0x00000007bab00000)
  object space 94720K, 40% used [0x00000007b0000000,0x00000007b2589de8,0x00000007b5c80000)
 Metaspace       used 32441K, capacity 32819K, committed 33024K, reserved 1077248K
  class space    used 4184K, capacity 4307K, committed 4352K, reserved 1048576K

Card table byte_map: [0x000000011ca00000,0x000000011ca81000] byte_map_base: 0x0000000118c80000

Marking Bits: (ParMarkBitMap*) 0x000000010c70ce20
 Begin Bits: [0x000000011cad7000, 0x000000011ced7000)
 End Bits:   [0x000000011ced7000, 0x000000011d2d7000)

Polling page: 0x000000010cdf8000

CodeCache: size=245760Kb used=14085Kb max_used=14096Kb free=231674Kb
 bounds [0x000000010ce0b000, 0x000000010dbeb000, 0x000000011be0b000]
 total_blobs=5464 nmethods=4392 adapters=982
 compilation: enabled

Compilation events (10 events):
Event: 20.283 Thread 0x00007f9ffa819000 4845       3       javax.swing.text.AbstractDocument$BranchElement::getEndOffset (35 bytes)
Event: 20.283 Thread 0x00007f9ffa819000 nmethod 4845 0x000000010dbd6a10 code [0x000000010dbd6ba0, 0x000000010dbd6e68]
Event: 20.283 Thread 0x00007f9ffa819000 4842       1       javax.swing.DefaultButtonModel::getMnemonic (5 bytes)
Event: 20.283 Thread 0x00007f9ffa819000 nmethod 4842 0x000000010d6e9750 code [0x000000010d6e98a0, 0x000000010d6e99b0]
Event: 20.292 Thread 0x00007f9ffa085800 nmethod 4835 0x000000010dbda8d0 code [0x000000010dbdaac0, 0x000000010dbdb748]
Event: 20.292 Thread 0x00007f9ffa085800 4838       4       java.util.LinkedList$ListItr::previous (70 bytes)
Event: 20.294 Thread 0x00007f9ffa085800 nmethod 4838 0x000000010dbd7850 code [0x000000010dbd79a0, 0x000000010dbd7ab8]
Event: 20.294 Thread 0x00007f9ffa085800 4853       4       java.awt.Container::getComponentCount (5 bytes)
Event: 20.295 Thread 0x00007f9ffa085800 nmethod 4853 0x000000010dbd7590 code [0x000000010dbd76e0, 0x000000010dbd7778]
Event: 20.295 Thread 0x00007f9ffa085800 4836       4       com.sun.java.swing.SwingUtilities3::getDelegateRepaintManager (73 bytes)

GC Heap History (10 events):
Event: 5.014 GC heap before
{Heap before GC invocations=5 (full 1):
 PSYoungGen      total 38400K, used 33280K [0x00000007bab00000, 0x00000007bf600000, 0x00000007c0000000)
  eden space 33280K, 100% used [0x00000007bab00000,0x00000007bcb80000,0x00000007bcb80000)
  from space 5120K, 0% used [0x00000007bcb80000,0x00000007bcb80000,0x00000007bd080000)
  to   space 5120K, 0% used [0x00000007bf100000,0x00000007bf100000,0x00000007bf600000)
 ParOldGen       total 94720K, used 19233K [0x00000007b0000000, 0x00000007b5c80000, 0x00000007bab00000)
  object space 94720K, 20% used [0x00000007b0000000,0x00000007b12c8540,0x00000007b5c80000)
 Metaspace       used 27219K, capacity 27521K, committed 28032K, reserved 1073152K
  class space    used 3748K, capacity 3842K, committed 3968K, reserved 1048576K
Event: 5.020 GC heap after
Heap after GC invocations=5 (full 1):
 PSYoungGen      total 66048K, used 5091K [0x00000007bab00000, 0x00000007bf600000, 0x00000007c0000000)
  eden space 60928K, 0% used [0x00000007bab00000,0x00000007bab00000,0x00000007be680000)
  from space 5120K, 99% used [0x00000007bf100000,0x00000007bf5f8cf0,0x00000007bf600000)
  to   space 5120K, 0% used [0x00000007bec00000,0x00000007bec00000,0x00000007bf100000)
 ParOldGen       total 94720K, used 20470K [0x00000007b0000000, 0x00000007b5c80000, 0x00000007bab00000)
  object space 94720K, 21% used [0x00000007b0000000,0x00000007b13fd8d0,0x00000007b5c80000)
 Metaspace       used 27219K, capacity 27521K, committed 28032K, reserved 1073152K
  class space    used 3748K, capacity 3842K, committed 3968K, reserved 1048576K
}
Event: 6.941 GC heap before
{Heap before GC invocations=6 (full 1):
 PSYoungGen      total 66048K, used 66019K [0x00000007bab00000, 0x00000007bf600000, 0x00000007c0000000)
  eden space 60928K, 100% used [0x00000007bab00000,0x00000007be680000,0x00000007be680000)
  from space 5120K, 99% used [0x00000007bf100000,0x00000007bf5f8cf0,0x00000007bf600000)
  to   space 5120K, 0% used [0x00000007bec00000,0x00000007bec00000,0x00000007bf100000)
 ParOldGen       total 94720K, used 20470K [0x00000007b0000000, 0x00000007b5c80000, 0x00000007bab00000)
  object space 94720K, 21% used [0x00000007b0000000,0x00000007b13fd8d0,0x00000007b5c80000)
 Metaspace       used 31436K, capacity 31805K, committed 32256K, reserved 1077248K
  class space    used 4170K, capacity 4300K, committed 4352K, reserved 1048576K
Event: 6.959 GC heap after
Heap after GC invocations=6 (full 1):
 PSYoungGen      total 71680K, used 5113K [0x00000007bab00000, 0x00000007c0000000, 0x00000007c0000000)
  eden space 66560K, 0% used [0x00000007bab00000,0x00000007bab00000,0x00000007bec00000)
  from space 5120K, 99% used [0x00000007bec00000,0x00000007bf0fe490,0x00000007bf100000)
  to   space 15360K, 0% used [0x00000007bf100000,0x00000007bf100000,0x00000007c0000000)
 ParOldGen       total 94720K, used 36328K [0x00000007b0000000, 0x00000007b5c80000, 0x00000007bab00000)
  object space 94720K, 38% used [0x00000007b0000000,0x00000007b237a148,0x00000007b5c80000)
 Metaspace       used 31436K, capacity 31805K, committed 32256K, reserved 1077248K
  class space    used 4170K, capacity 4300K, committed 4352K, reserved 1048576K
}
Event: 20.008 GC heap before
{Heap before GC invocations=7 (full 1):
 PSYoungGen      total 71680K, used 70343K [0x00000007bab00000, 0x00000007c0000000, 0x00000007c0000000)
  eden space 66560K, 98% used [0x00000007bab00000,0x00000007beab37f8,0x00000007bec00000)
  from space 5120K, 99% used [0x00000007bec00000,0x00000007bf0fe490,0x00000007bf100000)
  to   space 15360K, 0% used [0x00000007bf100000,0x00000007bf100000,0x00000007c0000000)
 ParOldGen       total 94720K, used 36328K [0x00000007b0000000, 0x00000007b5c80000, 0x00000007bab00000)
  object space 94720K, 38% used [0x00000007b0000000,0x00000007b237a148,0x00000007b5c80000)
 Metaspace       used 32381K, capacity 32781K, committed 33024K, reserved 1077248K
  class space    used 4174K, capacity 4300K, committed 4352K, reserved 1048576K
Event: 20.016 GC heap after
Heap after GC invocations=7 (full 1):
 PSYoungGen      total 45056K, used 14249K [0x00000007bab00000, 0x00000007c0000000, 0x00000007c0000000)
  eden space 29696K, 0% used [0x00000007bab00000,0x00000007bab00000,0x00000007bc800000)
  from space 15360K, 92% used [0x00000007bf100000,0x00000007bfeea630,0x00000007c0000000)
  to   space 28672K, 0% used [0x00000007bc800000,0x00000007bc800000,0x00000007be400000)
 ParOldGen       total 94720K, used 36328K [0x00000007b0000000, 0x00000007b5c80000, 0x00000007bab00000)
  object space 94720K, 38% used [0x00000007b0000000,0x00000007b237a148,0x00000007b5c80000)
 Metaspace       used 32381K, capacity 32781K, committed 33024K, reserved 1077248K
  class space    used 4174K, capacity 4300K, committed 4352K, reserved 1048576K
}
Event: 20.068 GC heap before
{Heap before GC invocations=8 (full 1):
 PSYoungGen      total 45056K, used 18278K [0x00000007bab00000, 0x00000007c0000000, 0x00000007c0000000)
  eden space 29696K, 13% used [0x00000007bab00000,0x00000007baeef2a8,0x00000007bc800000)
  from space 15360K, 92% used [0x00000007bf100000,0x00000007bfeea630,0x00000007c0000000)
  to   space 28672K, 0% used [0x00000007bc800000,0x00000007bc800000,0x00000007be400000)
 ParOldGen       total 94720K, used 36328K [0x00000007b0000000, 0x00000007b5c80000, 0x00000007bab00000)
  object space 94720K, 38% used [0x00000007b0000000,0x00000007b237a148,0x00000007b5c80000)
 Metaspace       used 32415K, capacity 32819K, committed 33024K, reserved 1077248K
  class space    used 4181K, capacity 4307K, committed 4352K, reserved 1048576K
Event: 20.074 GC heap after
Heap after GC invocations=8 (full 1):
 PSYoungGen      total 58368K, used 17285K [0x00000007bab00000, 0x00000007c0000000, 0x00000007c0000000)
  eden space 29696K, 0% used [0x00000007bab00000,0x00000007bab00000,0x00000007bc800000)
  from space 28672K, 60% used [0x00000007bc800000,0x00000007bd8e1400,0x00000007be400000)
  to   space 28672K, 0% used [0x00000007be400000,0x00000007be400000,0x00000007c0000000)
 ParOldGen       total 94720K, used 36336K [0x00000007b0000000, 0x00000007b5c80000, 0x00000007bab00000)
  object space 94720K, 38% used [0x00000007b0000000,0x00000007b237c148,0x00000007b5c80000)
 Metaspace       used 32415K, capacity 32819K, committed 33024K, reserved 1077248K
  class space    used 4181K, capacity 4307K, committed 4352K, reserved 1048576K
}
Event: 20.074 GC heap before
{Heap before GC invocations=9 (full 2):
 PSYoungGen      total 58368K, used 17285K [0x00000007bab00000, 0x00000007c0000000, 0x00000007c0000000)
  eden space 29696K, 0% used [0x00000007bab00000,0x00000007bab00000,0x00000007bc800000)
  from space 28672K, 60% used [0x00000007bc800000,0x00000007bd8e1400,0x00000007be400000)
  to   space 28672K, 0% used [0x00000007be400000,0x00000007be400000,0x00000007c0000000)
 ParOldGen       total 94720K, used 36336K [0x00000007b0000000, 0x00000007b5c80000, 0x00000007bab00000)
  object space 94720K, 38% used [0x00000007b0000000,0x00000007b237c148,0x00000007b5c80000)
 Metaspace       used 32415K, capacity 32819K, committed 33024K, reserved 1077248K
  class space    used 4181K, capacity 4307K, committed 4352K, reserved 1048576K
Event: 20.141 GC heap after
Heap after GC invocations=9 (full 2):
 PSYoungGen      total 58368K, used 0K [0x00000007bab00000, 0x00000007c0000000, 0x00000007c0000000)
  eden space 29696K, 0% used [0x00000007bab00000,0x00000007bab00000,0x00000007bc800000)
  from space 28672K, 0% used [0x00000007bc800000,0x00000007bc800000,0x00000007be400000)
  to   space 28672K, 0% used [0x00000007be400000,0x00000007be400000,0x00000007c0000000)
 ParOldGen       total 94720K, used 38439K [0x00000007b0000000, 0x00000007b5c80000, 0x00000007bab00000)
  object space 94720K, 40% used [0x00000007b0000000,0x00000007b2589de8,0x00000007b5c80000)
 Metaspace       used 32415K, capacity 32819K, committed 33024K, reserved 1077248K
  class space    used 4181K, capacity 4307K, committed 4352K, reserved 1048576K
}

Deoptimization events (10 events):
Event: 5.488 Thread 0x00007f9ffad11800 Uncommon trap: reason=unstable_if action=reinterpret pc=0x000000010d5c6400 method=com.sun.org.apache.xerces.internal.impl.XMLEntityScanner.skipSpaces()Z @ 115
Event: 5.672 Thread 0x00007f9ffad11800 Uncommon trap: reason=unstable_if action=reinterpret pc=0x000000010d5b41d4 method=com.sun.org.apache.xerces.internal.impl.XMLEntityScanner.peekChar()I @ 51
Event: 5.683 Thread 0x00007f9ffad11800 Uncommon trap: reason=unstable_if action=reinterpret pc=0x000000010d59dcac method=com.sun.org.apache.xerces.internal.impl.XMLEntityScanner.scanLiteral(ILcom/sun/org/apache/xerces/internal/xni/XMLString;)I @ 139
Event: 5.685 Thread 0x00007f9ffad11800 Uncommon trap: reason=unstable_if action=reinterpret pc=0x000000010d5b3d98 method=com.sun.org.apache.xerces.internal.impl.XMLEntityScanner.scanChar()I @ 57
Event: 6.608 Thread 0x00007f9ffa602000 Uncommon trap: reason=unstable_if action=reinterpret pc=0x000000010d48f1a8 method=java.lang.Math.min(JJ)J @ 3
Event: 8.688 Thread 0x00007f9ffb272000 Uncommon trap: reason=unstable_if action=reinterpret pc=0x000000010d92f158 method=com.anylogic.engine.Engine.f()Z @ 55
Event: 10.787 Thread 0x00007f9ffa258800 Uncommon trap: reason=unstable_if action=reinterpret pc=0x000000010d9b1750 method=sun.java2d.pipe.BufferedContext.validate(Lsun/java2d/pipe/hw/AccelSurface;Lsun/java2d/pipe/hw/AccelSurface;Lsun/java2d/pipe/Region;Ljava/awt/Composite;Ljava/awt/geom/AffineT
Event: 20.018 Thread 0x00007f9ffa5de800 Uncommon trap: reason=unstable_if action=reinterpret pc=0x000000010da932e0 method=sun.java2d.SunGraphics2D.intersectShapes(Ljava/awt/Shape;Ljava/awt/Shape;ZZ)Ljava/awt/Shape; @ 4
Event: 20.037 Thread 0x00007f9ffa5de800 Uncommon trap: reason=null_check action=make_not_entrant pc=0x000000010d86dbf4 method=sun.java2d.pipe.AlphaPaintPipe.renderPathTile(Ljava/lang/Object;[BIIIIII)V @ 57
Event: 20.147 Thread 0x00007f9ffad11800 Uncommon trap: reason=null_check action=make_not_entrant pc=0x000000010daf1540 method=org.j3d.aviatrix3d.PolygonAttributes.postRender(Ljavax/media/opengl/GL2;)V @ 8

Internal exceptions (10 events):
Event: 1.436 Thread 0x00007f9ff9814800 Implicit null exception at 0x000000010d08a3b5 to 0x000000010d08a715
Event: 1.902 Thread 0x00007f9ffa058800 Exception <a 'java/lang/NullPointerException'> (0x00000007badf85a8) thrown at [/HUDSON3/workspace/8-2-build-macosx-x86_64/jdk8u66/4988/hotspot/src/share/vm/interpreter/linkResolver.cpp, line 1178]
Event: 3.965 Thread 0x00007f9ffa602000 Exception <a 'java/io/FileNotFoundException'> (0x00000007bb4fb820) thrown at [/HUDSON3/workspace/8-2-build-macosx-x86_64/jdk8u66/4988/hotspot/src/share/vm/prims/jni.cpp, line 709]
Event: 3.974 Thread 0x00007f9ffa602000 Exception <a 'java/io/FileNotFoundException'> (0x00000007bb501748) thrown at [/HUDSON3/workspace/8-2-build-macosx-x86_64/jdk8u66/4988/hotspot/src/share/vm/prims/jni.cpp, line 709]
Event: 4.050 Thread 0x00007f9ffa602000 Exception <a 'java/io/FileNotFoundException'> (0x00000007bb50bbb8) thrown at [/HUDSON3/workspace/8-2-build-macosx-x86_64/jdk8u66/4988/hotspot/src/share/vm/prims/jni.cpp, line 709]
Event: 4.317 Thread 0x00007f9ffa258800 Exception <a 'java/io/FileNotFoundException'> (0x00000007bb3d1318) thrown at [/HUDSON3/workspace/8-2-build-macosx-x86_64/jdk8u66/4988/hotspot/src/share/vm/prims/jni.cpp, line 709]
Event: 4.326 Thread 0x00007f9ffa258800 Exception <a 'java/io/FileNotFoundException'> (0x00000007bb4dfac0) thrown at [/HUDSON3/workspace/8-2-build-macosx-x86_64/jdk8u66/4988/hotspot/src/share/vm/prims/jni.cpp, line 709]
Event: 4.963 Thread 0x00007f9ffa602000 Exception <a 'java/io/FileNotFoundException'> (0x00000007bc94c828) thrown at [/HUDSON3/workspace/8-2-build-macosx-x86_64/jdk8u66/4988/hotspot/src/share/vm/prims/jni.cpp, line 709]
Event: 20.037 Thread 0x00007f9ffa5de800 Implicit null exception at 0x000000010d86a400 to 0x000000010d86dbc5
Event: 20.147 Thread 0x00007f9ffad11800 Implicit null exception at 0x000000010daf1a33 to 0x000000010daf1511

Events (10 events):
Event: 20.285 Executing VM operation: RevokeBias
Event: 20.285 Executing VM operation: RevokeBias done
Event: 20.286 loading class jogamp/nativewindow/jawt/macosx/MacOSXJAWTWindow$4
Event: 20.286 loading class jogamp/nativewindow/jawt/macosx/MacOSXJAWTWindow$4 done
Event: 20.293 Executing VM operation: RevokeBias
Event: 20.293 Executing VM operation: RevokeBias done
Event: 20.293 loading class com/jogamp/nativewindow/awt/JAWTWindow$JAWTComponentListener$2
Event: 20.293 loading class com/jogamp/nativewindow/awt/JAWTWindow$JAWTComponentListener$2 done
Event: 20.294 loading class jogamp/nativewindow/jawt/macosx/MacOSXJAWTWindow$1
Event: 20.294 loading class jogamp/nativewindow/jawt/macosx/MacOSXJAWTWindow$1 done


Dynamic libraries:
0x000000000403f000 	/System/Library/Frameworks/Cocoa.framework/Versions/A/Cocoa
0x000000000403f000 	/System/Library/Frameworks/Security.framework/Versions/A/Security
0x000000000403f000 	/System/Library/Frameworks/ApplicationServices.framework/Versions/A/ApplicationServices
0x000000000403f000 	/usr/lib/libz.1.dylib
0x000000000403f000 	/usr/lib/libSystem.B.dylib
0x000000000403f000 	/usr/lib/libobjc.A.dylib
0x000000000403f000 	/System/Library/Frameworks/CoreFoundation.framework/Versions/A/CoreFoundation
0x000000000403f000 	/System/Library/Frameworks/Foundation.framework/Versions/C/Foundation
0x000000000403f000 	/System/Library/Frameworks/AppKit.framework/Versions/C/AppKit
0x000000000403f000 	/System/Library/Frameworks/CoreData.framework/Versions/A/CoreData
0x000000000403f000 	/System/Library/PrivateFrameworks/RemoteViewServices.framework/Versions/A/RemoteViewServices
0x000000000403f000 	/System/Library/PrivateFrameworks/UIFoundation.framework/Versions/A/UIFoundation
0x000000000403f000 	/usr/lib/libScreenReader.dylib
0x000000000403f000 	/System/Library/Frameworks/Accelerate.framework/Versions/A/Accelerate
0x000000000403f000 	/System/Library/Frameworks/IOSurface.framework/Versions/A/IOSurface
0x000000000403f000 	/System/Library/Frameworks/AudioToolbox.framework/Versions/A/AudioToolbox
0x000000000403f000 	/System/Library/Frameworks/AudioUnit.framework/Versions/A/AudioUnit
0x000000000403f000 	/System/Library/PrivateFrameworks/DataDetectorsCore.framework/Versions/A/DataDetectorsCore
0x000000000403f000 	/System/Library/PrivateFrameworks/DesktopServicesPriv.framework/Versions/A/DesktopServicesPriv
0x000000000403f000 	/System/Library/Frameworks/Carbon.framework/Versions/A/Frameworks/HIToolbox.framework/Versions/A/HIToolbox
0x000000000403f000 	/System/Library/Frameworks/QuartzCore.framework/Versions/A/QuartzCore
0x000000000403f000 	/System/Library/Frameworks/Carbon.framework/Versions/A/Frameworks/SpeechRecognition.framework/Versions/A/SpeechRecognition
0x000000000403f000 	/usr/lib/libauto.dylib
0x000000000403f000 	/usr/lib/libicucore.A.dylib
0x000000000403f000 	/usr/lib/libxml2.2.dylib
0x000000000403f000 	/System/Library/PrivateFrameworks/CoreUI.framework/Versions/A/CoreUI
0x000000000403f000 	/System/Library/Frameworks/CoreAudio.framework/Versions/A/CoreAudio
0x000000000403f000 	/System/Library/Frameworks/DiskArbitration.framework/Versions/A/DiskArbitration
0x000000000403f000 	/usr/lib/liblangid.dylib
0x000000000403f000 	/System/Library/PrivateFrameworks/MultitouchSupport.framework/Versions/A/MultitouchSupport
0x000000000403f000 	/System/Library/Frameworks/IOKit.framework/Versions/A/IOKit
0x000000000403f000 	/usr/lib/libDiagnosticMessagesClient.dylib
0x000000000403f000 	/System/Library/Frameworks/CoreServices.framework/Versions/A/CoreServices
0x000000000403f000 	/System/Library/PrivateFrameworks/PerformanceAnalysis.framework/Versions/A/PerformanceAnalysis
0x000000000403f000 	/System/Library/PrivateFrameworks/GenerationalStorage.framework/Versions/A/GenerationalStorage
0x000000000403f000 	/System/Library/Frameworks/OpenGL.framework/Versions/A/OpenGL
0x000000000403f000 	/System/Library/PrivateFrameworks/Sharing.framework/Versions/A/Sharing
0x000000000403f000 	/System/Library/Frameworks/CoreGraphics.framework/Versions/A/CoreGraphics
0x000000000403f000 	/System/Library/Frameworks/CoreImage.framework/Versions/A/CoreImage
0x000000000403f000 	/System/Library/Frameworks/CoreText.framework/Versions/A/CoreText
0x000000000403f000 	/System/Library/Frameworks/ImageIO.framework/Versions/A/ImageIO
0x000000000403f000 	/System/Library/PrivateFrameworks/Backup.framework/Versions/A/Backup
0x000000000403f000 	/usr/lib/libextension.dylib
0x000000000403f000 	/usr/lib/libarchive.2.dylib
0x000000000403f000 	/System/Library/Frameworks/CFNetwork.framework/Versions/A/CFNetwork
0x000000000403f000 	/System/Library/Frameworks/SystemConfiguration.framework/Versions/A/SystemConfiguration
0x000000000403f000 	/usr/lib/libCRFSuite.dylib
0x000000000403f000 	/usr/lib/libc++.1.dylib
0x000000000403f000 	/usr/lib/libc++abi.dylib
0x000000000403f000 	/usr/lib/system/libcache.dylib
0x000000000403f000 	/usr/lib/system/libcommonCrypto.dylib
0x000000000403f000 	/usr/lib/system/libcompiler_rt.dylib
0x000000000403f000 	/usr/lib/system/libcopyfile.dylib
0x000000000403f000 	/usr/lib/system/libcorecrypto.dylib
0x000000000403f000 	/usr/lib/system/libdispatch.dylib
0x000000000403f000 	/usr/lib/system/libdyld.dylib
0x000000000403f000 	/usr/lib/system/libkeymgr.dylib
0x000000000403f000 	/usr/lib/system/liblaunch.dylib
0x000000000403f000 	/usr/lib/system/libmacho.dylib
0x000000000403f000 	/usr/lib/system/libquarantine.dylib
0x000000000403f000 	/usr/lib/system/libremovefile.dylib
0x000000000403f000 	/usr/lib/system/libsystem_asl.dylib
0x000000000403f000 	/usr/lib/system/libsystem_blocks.dylib
0x000000000403f000 	/usr/lib/system/libsystem_c.dylib
0x000000000403f000 	/usr/lib/system/libsystem_configuration.dylib
0x000000000403f000 	/usr/lib/system/libsystem_coreservices.dylib
0x000000000403f000 	/usr/lib/system/libsystem_coretls.dylib
0x000000000403f000 	/usr/lib/system/libsystem_dnssd.dylib
0x000000000403f000 	/usr/lib/system/libsystem_info.dylib
0x000000000403f000 	/usr/lib/system/libsystem_kernel.dylib
0x000000000403f000 	/usr/lib/system/libsystem_m.dylib
0x000000000403f000 	/usr/lib/system/libsystem_malloc.dylib
0x000000000403f000 	/usr/lib/system/libsystem_network.dylib
0x000000000403f000 	/usr/lib/system/libsystem_networkextension.dylib
0x000000000403f000 	/usr/lib/system/libsystem_notify.dylib
0x000000000403f000 	/usr/lib/system/libsystem_platform.dylib
0x000000000403f000 	/usr/lib/system/libsystem_pthread.dylib
0x000000000403f000 	/usr/lib/system/libsystem_sandbox.dylib
0x000000000403f000 	/usr/lib/system/libsystem_secinit.dylib
0x000000000403f000 	/usr/lib/system/libsystem_trace.dylib
0x000000000403f000 	/usr/lib/system/libunc.dylib
0x000000000403f000 	/usr/lib/system/libunwind.dylib
0x000000000403f000 	/usr/lib/system/libxpc.dylib
0x000000000403f000 	/usr/lib/libenergytrace.dylib
0x000000000403f000 	/usr/lib/libbsm.0.dylib
0x000000000403f000 	/usr/lib/system/libkxld.dylib
0x000000000403f000 	/usr/lib/libxar.1.dylib
0x000000000403f000 	/usr/lib/libsqlite3.dylib
0x000000000403f000 	/usr/lib/libpam.2.dylib
0x000000000403f000 	/usr/lib/libOpenScriptingUtil.dylib
0x000000000403f000 	/usr/lib/libbz2.1.0.dylib
0x000000000403f000 	/usr/lib/liblzma.5.dylib
0x000000000403f000 	/System/Library/Frameworks/CoreServices.framework/Versions/A/Frameworks/FSEvents.framework/Versions/A/FSEvents
0x000000000403f000 	/System/Library/Frameworks/CoreServices.framework/Versions/A/Frameworks/CarbonCore.framework/Versions/A/CarbonCore
0x000000000403f000 	/System/Library/Frameworks/CoreServices.framework/Versions/A/Frameworks/Metadata.framework/Versions/A/Metadata
0x000000000403f000 	/System/Library/Frameworks/CoreServices.framework/Versions/A/Frameworks/OSServices.framework/Versions/A/OSServices
0x000000000403f000 	/System/Library/Frameworks/CoreServices.framework/Versions/A/Frameworks/SearchKit.framework/Versions/A/SearchKit
0x000000000403f000 	/System/Library/Frameworks/CoreServices.framework/Versions/A/Frameworks/AE.framework/Versions/A/AE
0x000000000403f000 	/System/Library/Frameworks/CoreServices.framework/Versions/A/Frameworks/LaunchServices.framework/Versions/A/LaunchServices
0x000000000403f000 	/System/Library/Frameworks/CoreServices.framework/Versions/A/Frameworks/DictionaryServices.framework/Versions/A/DictionaryServices
0x000000000403f000 	/System/Library/Frameworks/CoreServices.framework/Versions/A/Frameworks/SharedFileList.framework/Versions/A/SharedFileList
0x000000000403f000 	/System/Library/Frameworks/NetFS.framework/Versions/A/NetFS
0x000000000403f000 	/System/Library/PrivateFrameworks/NetAuth.framework/Versions/A/NetAuth
0x000000000403f000 	/System/Library/PrivateFrameworks/login.framework/Versions/A/Frameworks/loginsupport.framework/Versions/A/loginsupport
0x000000000403f000 	/System/Library/PrivateFrameworks/TCC.framework/Versions/A/TCC
0x000000000403f000 	/usr/lib/libmecabra.dylib
0x000000000403f000 	/System/Library/Frameworks/ApplicationServices.framework/Versions/A/Frameworks/ATS.framework/Versions/A/ATS
0x000000000403f000 	/System/Library/Frameworks/ApplicationServices.framework/Versions/A/Frameworks/ColorSync.framework/Versions/A/ColorSync
0x000000000403f000 	/System/Library/Frameworks/ApplicationServices.framework/Versions/A/Frameworks/HIServices.framework/Versions/A/HIServices
0x000000000403f000 	/System/Library/Frameworks/ApplicationServices.framework/Versions/A/Frameworks/LangAnalysis.framework/Versions/A/LangAnalysis
0x000000000403f000 	/System/Library/Frameworks/ApplicationServices.framework/Versions/A/Frameworks/PrintCore.framework/Versions/A/PrintCore
0x000000000403f000 	/System/Library/Frameworks/ApplicationServices.framework/Versions/A/Frameworks/QD.framework/Versions/A/QD
0x000000000403f000 	/System/Library/Frameworks/ApplicationServices.framework/Versions/A/Frameworks/SpeechSynthesis.framework/Versions/A/SpeechSynthesis
0x000000000403f000 	/System/Library/Frameworks/Metal.framework/Versions/A/Metal
0x000000000403f000 	/System/Library/Frameworks/Accelerate.framework/Versions/A/Frameworks/vImage.framework/Versions/A/vImage
0x000000000403f000 	/System/Library/Frameworks/Accelerate.framework/Versions/A/Frameworks/vecLib.framework/Versions/A/vecLib
0x000000000403f000 	/System/Library/Frameworks/Accelerate.framework/Versions/A/Frameworks/vecLib.framework/Versions/A/libvDSP.dylib
0x000000000403f000 	/System/Library/Frameworks/Accelerate.framework/Versions/A/Frameworks/vecLib.framework/Versions/A/libvMisc.dylib
0x000000000403f000 	/System/Library/Frameworks/Accelerate.framework/Versions/A/Frameworks/vecLib.framework/Versions/A/libLAPACK.dylib
0x000000000403f000 	/System/Library/Frameworks/Accelerate.framework/Versions/A/Frameworks/vecLib.framework/Versions/A/libBLAS.dylib
0x000000000403f000 	/System/Library/Frameworks/Accelerate.framework/Versions/A/Frameworks/vecLib.framework/Versions/A/libLinearAlgebra.dylib
0x000000000403f000 	/System/Library/Frameworks/Accelerate.framework/Versions/A/Frameworks/vecLib.framework/Versions/A/libSparseBLAS.dylib
0x000000000403f000 	/System/Library/PrivateFrameworks/GPUCompiler.framework/libmetal_timestamp.dylib
0x000000000403f000 	/System/Library/Frameworks/OpenGL.framework/Versions/A/Libraries/libCoreFSCache.dylib
0x000000000403f000 	/System/Library/PrivateFrameworks/IOAccelerator.framework/Versions/A/IOAccelerator
0x000000000403f000 	/System/Library/Frameworks/ApplicationServices.framework/Versions/A/Frameworks/ATS.framework/Versions/A/Resources/libFontParser.dylib
0x000000000403f000 	/System/Library/Frameworks/ApplicationServices.framework/Versions/A/Frameworks/ATS.framework/Versions/A/Resources/libFontRegistry.dylib
0x000000000403f000 	/System/Library/PrivateFrameworks/AppleVPA.framework/Versions/A/AppleVPA
0x000000000403f000 	/System/Library/PrivateFrameworks/AppleJPEG.framework/Versions/A/AppleJPEG
0x000000000403f000 	/System/Library/Frameworks/ImageIO.framework/Versions/A/Resources/libJPEG.dylib
0x000000000403f000 	/System/Library/Frameworks/ImageIO.framework/Versions/A/Resources/libTIFF.dylib
0x000000000403f000 	/System/Library/Frameworks/ImageIO.framework/Versions/A/Resources/libPng.dylib
0x000000000403f000 	/System/Library/Frameworks/ImageIO.framework/Versions/A/Resources/libGIF.dylib
0x000000000403f000 	/System/Library/Frameworks/ImageIO.framework/Versions/A/Resources/libJP2.dylib
0x000000000403f000 	/System/Library/Frameworks/ImageIO.framework/Versions/A/Resources/libRadiance.dylib
0x000000000403f000 	/System/Library/Frameworks/CoreVideo.framework/Versions/A/CoreVideo
0x000000000403f000 	/System/Library/Frameworks/OpenGL.framework/Versions/A/Libraries/libGLU.dylib
0x000000000403f000 	/System/Library/Frameworks/OpenGL.framework/Versions/A/Libraries/libGFXShared.dylib
0x000000000403f000 	/System/Library/Frameworks/OpenGL.framework/Versions/A/Libraries/libGL.dylib
0x000000000403f000 	/System/Library/Frameworks/OpenGL.framework/Versions/A/Libraries/libGLImage.dylib
0x000000000403f000 	/System/Library/Frameworks/OpenGL.framework/Versions/A/Libraries/libCVMSPluginSupport.dylib
0x000000000403f000 	/System/Library/Frameworks/OpenGL.framework/Versions/A/Libraries/libCoreVMClient.dylib
0x000000000403f000 	/usr/lib/libcompression.dylib
0x000000000403f000 	/usr/lib/libcups.2.dylib
0x000000000403f000 	/System/Library/Frameworks/Kerberos.framework/Versions/A/Kerberos
0x000000000403f000 	/System/Library/Frameworks/GSS.framework/Versions/A/GSS
0x000000000403f000 	/usr/lib/libresolv.9.dylib
0x000000000403f000 	/usr/lib/libiconv.2.dylib
0x000000000403f000 	/System/Library/PrivateFrameworks/Heimdal.framework/Versions/A/Heimdal
0x000000000403f000 	/usr/lib/libheimdal-asn1.dylib
0x000000000403f000 	/System/Library/Frameworks/OpenDirectory.framework/Versions/A/OpenDirectory
0x000000000403f000 	/System/Library/PrivateFrameworks/CommonAuth.framework/Versions/A/CommonAuth
0x000000000403f000 	/System/Library/Frameworks/OpenDirectory.framework/Versions/A/Frameworks/CFOpenDirectory.framework/Versions/A/CFOpenDirectory
0x000000000403f000 	/System/Library/Frameworks/SecurityFoundation.framework/Versions/A/SecurityFoundation
0x000000000403f000 	/System/Library/PrivateFrameworks/LanguageModeling.framework/Versions/A/LanguageModeling
0x000000000403f000 	/usr/lib/libmarisa.dylib
0x000000000403f000 	/usr/lib/libChineseTokenizer.dylib
0x000000000403f000 	/usr/lib/libcmph.dylib
0x000000000403f000 	/System/Library/Frameworks/ServiceManagement.framework/Versions/A/ServiceManagement
0x000000000403f000 	/usr/lib/libxslt.1.dylib
0x000000000403f000 	/System/Library/Frameworks/Carbon.framework/Versions/A/Frameworks/Ink.framework/Versions/A/Ink
0x000000000403f000 	/usr/lib/libFosl_dynamic.dylib
0x000000000403f000 	/System/Library/PrivateFrameworks/FaceCore.framework/Versions/A/FaceCore
0x000000000403f000 	/System/Library/Frameworks/OpenCL.framework/Versions/A/OpenCL
0x000000000403f000 	/System/Library/PrivateFrameworks/CrashReporterSupport.framework/Versions/A/CrashReporterSupport
0x000000000403f000 	/System/Library/PrivateFrameworks/IconServices.framework/Versions/A/IconServices
0x000000000403f000 	/System/Library/PrivateFrameworks/Apple80211.framework/Versions/A/Apple80211
0x000000000403f000 	/System/Library/Frameworks/CoreWLAN.framework/Versions/A/CoreWLAN
0x000000000403f000 	/System/Library/Frameworks/IOBluetooth.framework/Versions/A/IOBluetooth
0x000000000403f000 	/System/Library/PrivateFrameworks/CoreWiFi.framework/Versions/A/CoreWiFi
0x000000000403f000 	/System/Library/Frameworks/CoreBluetooth.framework/Versions/A/CoreBluetooth
0x000000000403f000 	/System/Library/PrivateFrameworks/ChunkingLibrary.framework/Versions/A/ChunkingLibrary
0x000000000403f000 	/System/Library/PrivateFrameworks/DebugSymbols.framework/Versions/A/DebugSymbols
0x000000000403f000 	/System/Library/PrivateFrameworks/CoreSymbolication.framework/Versions/A/CoreSymbolication
0x000000000403f000 	/System/Library/PrivateFrameworks/Symbolication.framework/Versions/A/Symbolication
0x000000000403f000 	/System/Library/PrivateFrameworks/SpeechRecognitionCore.framework/Versions/A/SpeechRecognitionCore
0x000000010be2f000 	/Applications/AnyLogic.app/Contents/jre/lib/server/libjvm.dylib
0x000000000403f000 	/usr/lib/libstdc++.6.dylib
0x000000010cdb5000 	/Applications/AnyLogic.app/Contents/jre/lib/libverify.dylib
0x000000010cdc3000 	/Applications/AnyLogic.app/Contents/jre/lib/libjava.dylib
0x000000010ce02000 	/Applications/AnyLogic.app/Contents/jre/lib/libzip.dylib
0x000000011edfd000 	/System/Library/Frameworks/JavaVM.framework/Frameworks/JavaRuntimeSupport.framework/JavaRuntimeSupport
0x000000011ee18000 	/System/Library/Frameworks/JavaVM.framework/Versions/A/Frameworks/JavaNativeFoundation.framework/Versions/A/JavaNativeFoundation
0x000000011ee2d000 	/System/Library/Frameworks/JavaVM.framework/Versions/A/JavaVM
0x000000000403f000 	/System/Library/Frameworks/Carbon.framework/Versions/A/Carbon
0x000000011ee3a000 	/System/Library/PrivateFrameworks/JavaLaunching.framework/Versions/A/JavaLaunching
0x000000000403f000 	/System/Library/Frameworks/Carbon.framework/Versions/A/Frameworks/CommonPanels.framework/Versions/A/CommonPanels
0x000000000403f000 	/System/Library/Frameworks/Carbon.framework/Versions/A/Frameworks/Help.framework/Versions/A/Help
0x000000000403f000 	/System/Library/Frameworks/Carbon.framework/Versions/A/Frameworks/ImageCapture.framework/Versions/A/ImageCapture
0x000000000403f000 	/System/Library/Frameworks/Carbon.framework/Versions/A/Frameworks/OpenScripting.framework/Versions/A/OpenScripting
0x000000000403f000 	/System/Library/Frameworks/Carbon.framework/Versions/A/Frameworks/Print.framework/Versions/A/Print
0x000000000403f000 	/System/Library/Frameworks/Carbon.framework/Versions/A/Frameworks/SecurityHI.framework/Versions/A/SecurityHI
0x000000012098f000 	/Applications/AnyLogic.app/Contents/jre/lib/libawt.dylib
0x0000000120a37000 	/Applications/AnyLogic.app/Contents/jre/lib/./libmlib_image.dylib
0x0000000120b03000 	/Applications/AnyLogic.app/Contents/jre/lib/libawt_lwawt.dylib
0x0000000120bb8000 	/Applications/AnyLogic.app/Contents/jre/lib/./libosxapp.dylib
0x000000000403f000 	/System/Library/Frameworks/ExceptionHandling.framework/Versions/A/ExceptionHandling
0x000000000403f000 	/System/Library/PrivateFrameworks/CoreServicesInternal.framework/Versions/A/CoreServicesInternal
0x000000000403f000 	/System/Library/Frameworks/CoreGraphics.framework/Versions/A/Resources/libRIP.A.dylib
0x000000000403f000 	/System/Library/Frameworks/Accelerate.framework/Versions/A/Frameworks/vImage.framework/Versions/A/Libraries/libCGInterfaces.dylib
0x000000000403f000 	/System/Library/Frameworks/CoreGraphics.framework/Versions/A/Resources/libCGXType.A.dylib
0x000000000403f000 	/System/Library/Frameworks/OpenCL.framework/Versions/A/Libraries/libcldcpuengine.dylib
0x000000000403f000 	/System/Library/PrivateFrameworks/DiskImages.framework/Versions/A/DiskImages
0x000000000403f000 	/System/Library/Frameworks/DiscRecording.framework/Versions/A/DiscRecording
0x000000000403f000 	/usr/lib/libcsfde.dylib
0x000000000403f000 	/usr/lib/libcurl.4.dylib
0x000000000403f000 	/System/Library/PrivateFrameworks/MediaKit.framework/Versions/A/MediaKit
0x000000000403f000 	/System/Library/PrivateFrameworks/ProtectedCloudStorage.framework/Versions/A/ProtectedCloudStorage
0x000000000403f000 	/usr/lib/libCoreStorage.dylib
0x000000000403f000 	/System/Library/PrivateFrameworks/EFILogin.framework/Versions/A/EFILogin
0x000000000403f000 	/usr/lib/libutil.dylib
0x000000000403f000 	/System/Library/PrivateFrameworks/FindMyDevice.framework/Versions/A/FindMyDevice
0x000000000403f000 	/System/Library/Frameworks/LDAP.framework/Versions/A/LDAP
0x000000000403f000 	/usr/lib/libsasl2.2.dylib
0x000000000403f000 	/System/Library/PrivateFrameworks/CoreDaemon.framework/Versions/B/CoreDaemon
0x000000000403f000 	/usr/lib/libcrypto.0.9.8.dylib
0x000000000403f000 	/System/Library/PrivateFrameworks/AppleSRP.framework/Versions/A/AppleSRP
0x000000000403f000 	/System/Library/PrivateFrameworks/TrustEvaluationAgent.framework/Versions/A/TrustEvaluationAgent
0x00000001228d8000 	cl_kernels
0x000000000403f000 	/System/Library/Frameworks/OpenCL.framework/Versions/A/Libraries/ImageFormats/unorm8_bgra.dylib
0x000000000403f000 	/System/Library/Frameworks/OpenCL.framework/Versions/A/Libraries/ImageFormats/unorm8_rgba.dylib
0x000000000403f000 	/System/Library/PrivateFrameworks/FamilyControls.framework/Versions/A/FamilyControls
0x000000000403f000 	/System/Library/PrivateFrameworks/CommerceKit.framework/Versions/A/Frameworks/CommerceCore.framework/Versions/A/CommerceCore
0x000000000403f000 	/System/Library/PrivateFrameworks/SystemAdministration.framework/Versions/A/SystemAdministration
0x000000000403f000 	/System/Library/PrivateFrameworks/AppContainer.framework/Versions/A/AppContainer
0x000000000403f000 	/System/Library/PrivateFrameworks/SecCodeWrapper.framework/Versions/A/SecCodeWrapper
0x000000000403f000 	/System/Library/Frameworks/DirectoryService.framework/Versions/A/DirectoryService
0x000000000403f000 	/System/Library/PrivateFrameworks/LoginUIKit.framework/Versions/A/Frameworks/LoginUICore.framework/Versions/A/LoginUICore
0x000000000403f000 	/usr/lib/libodfde.dylib
0x00000001239f8000 	/Applications/AnyLogic.app/Contents/jre/lib/libfontmanager.dylib
0x0000000121cf8000 	/Applications/AnyLogic.app/Contents/jre/lib/libosxui.dylib
0x000000000403f000 	/System/Library/Frameworks/OpenGL.framework/Versions/A/Resources/GLEngine.bundle/GLEngine
0x000000000403f000 	/System/Library/Frameworks/OpenGL.framework/Versions/A/Libraries/libGLProgrammability.dylib
0x000000012449d000 	/System/Library/Extensions/AppleIntelBDWGraphicsGLDriver.bundle/Contents/MacOS/AppleIntelBDWGraphicsGLDriver
0x000000000403f000 	/System/Library/PrivateFrameworks/GPUSupport.framework/Versions/A/Libraries/libGPUSupportMercury.dylib
0x000000000403f000 	/System/Library/Frameworks/OpenGL.framework/Versions/A/Resources/GLRendererFloat.bundle/GLRendererFloat
0x00000001258b5000 	/Applications/AnyLogic.app/Contents/jre/lib/libnet.dylib
0x00000001256c4000 	/Applications/AnyLogic.app/Contents/jre/lib/libnio.dylib
0x000000000403f000 	/System/Library/Frameworks/ApplicationServices.framework/Versions/A/Frameworks/ATS.framework/Versions/A/Resources/libTrueTypeScaler.dylib
0x000000017a31b000 	/System/Library/Extensions/AppleIntelBDWGraphicsMTLDriver.bundle/Contents/MacOS/AppleIntelBDWGraphicsMTLDriver
0x0000000176f8a000 	/Applications/AnyLogic.app/Contents/jre/lib/libdcpr.dylib
0x00000001253d5000 	/Applications/AnyLogic.app/Contents/Resources/Java/plugins/org.j3d.opengl.swt.carbon.osx_0.7.0/libgluegen-rt.jnilib
0x00000001253d9000 	/Applications/AnyLogic.app/Contents/Resources/Java/plugins/org.j3d.opengl.swt.carbon.osx_0.7.0/libnativewindow_awt.jnilib
0x00000001253dc000 	/Applications/AnyLogic.app/Contents/jre/lib/libjawt.dylib
0x00000001253df000 	/Applications/AnyLogic.app/Contents/Resources/Java/plugins/org.j3d.opengl.swt.carbon.osx_0.7.0/libnativewindow_macosx.jnilib
0x0000000176a19000 	/Applications/AnyLogic.app/Contents/Resources/Java/plugins/org.j3d.opengl.swt.carbon.osx_0.7.0/libjogl_desktop.jnilib

VM Arguments:
jvm_args: -Xmx256m -Dnativewindow.awt.nohidpi=true -DlanguageId_xjal=en0t3en1 -DFlowchartCountersVisible_xjal=true -DTileCachePath_xjal=/Applications/AnyLogic.app/Contents/Resources/Java/plugins/com.anylogic.gis_7.3.5.201608171835/tiles -DFlowchartPortStateAnimated_xjal=true -DuseProxy_xjal=false -Djava.library.path=/Applications/AnyLogic.app/Contents/Resources/Java/plugins/org.j3d.opengl.swt.carbon.osx_0.7.0:/Applications/AnyLogic.app/Contents/Resources/Java/plugins/org.j3d.opengl.swt.carbon.osx_0.7.0 -Dfile.encoding=UTF-8 
java_command: com.anylogic.ms.MS bank_2.Simulation 1772b2e
java_class_path (initial): /Applications/AnyLogic.app/Contents/Resources/Java/plugins/com.anylogic.engine_7.3.5.201608171835/com.anylogic.engine.jar:/Applications/AnyLogic.app/Contents/Resources/Java/plugins/com.anylogic.engine_7.3.5.201608171835/com.anylogic.engine.al3d.jar:/Applications/AnyLogic.app/Contents/Resources/Java/plugins/com.anylogic.engine_7.3.5.201608171835/com.anylogic.engine.resources.jar:/Applications/AnyLogic.app/Contents/Resources/Java/plugins/com.anylogic.engine_7.3.5.201608171835/com.anylogic.engine.nl.jar:/Applications/AnyLogic.app/Contents/Resources/Java/plugins/com.anylogic.optimizer_7.3.5.201608171835/lib/OptQuest.jar:/Applications/AnyLogic.app/Contents/Resources/Java/plugins/com.anylogic.third_party_libraries_7.3.5.201608171835/lib/database/hsqldb.jar:/Applications/AnyLogic.app/Contents/Resources/Java/plugins/com.anylogic.third_party_libraries_7.3.5.201608171835/lib/database/querydsl/querydsl-sql-codegen-3.6.3.jar:/Applications/AnyLogic.app/Contents/Resources/Java/plugins/com.anylogic.third_party_libraries_7.3.5.201608171835/lib/database/querydsl/querydsl-core-3.6.3.jar:/Applications/AnyLogic.app/Contents/Resources/Java/plugins/com.anylogic.third_party_libraries_7.3.5.201608171835/lib/database/querydsl/querydsl-sql-3.6.3.jar:/Applications/AnyLogic.app/Contents/Resources/Java/plugins/com.anylogic.core_7.3.5.201608171835/com.anylogic.ms.jar:/Users/daniel/.AnyLogicPLE/Workspace7/Bank 2_BUILD/classes:/Applications/AnyLogic.app/Contents/Resources/Java/plugins/com.anylogic.process_modeling_library_7.3.5.201608171835/lib/ProcessModelingLibrary.jar:/Applications/AnyLogic.app/Contents/Resources/Java/plugins/com.anylogic.graphics3d_7.3.5.201608171835/lib/aviatrix3d-all_2.0.0.jar:/Applications/AnyLogic.app/Contents/Resources/Java/plugins/com.anylogic.graphics3d_7.3.5.201608171835/lib/j3d-org-elumens.jar:/Applications/AnyLogic.app/Contents/Resources/Java/plugins/com.anylogic.graphics3d_7.3.5.201608171835/lib/j3d-org-geom-core.jar:/Applications/AnyLog
Launcher Type: SUN_STANDARD

Environment Variables:
PATH=/usr/bin:/bin:/usr/sbin:/sbin
SHELL=/bin/bash

Signal Handlers:
SIGSEGV: [libjvm.dylib+0x5a65d5], sa_mask[0]=11111111011111110111111111111111, sa_flags=SA_ONSTACK|SA_RESTART|SA_SIGINFO
SIGBUS: [libjvm.dylib+0x5a65d5], sa_mask[0]=11111111011111110111111111111111, sa_flags=SA_RESTART|SA_SIGINFO
SIGFPE: [libjvm.dylib+0x4802e8], sa_mask[0]=11111111011111110111111111111111, sa_flags=SA_RESTART|SA_SIGINFO
SIGPIPE: [libjvm.dylib+0x4802e8], sa_mask[0]=11111111011111110111111111111111, sa_flags=SA_RESTART|SA_SIGINFO
SIGXFSZ: [libjvm.dylib+0x4802e8], sa_mask[0]=11111111011111110111111111111111, sa_flags=SA_RESTART|SA_SIGINFO
SIGILL: [libjvm.dylib+0x4802e8], sa_mask[0]=11111111011111110111111111111111, sa_flags=SA_RESTART|SA_SIGINFO
SIGUSR1: SIG_DFL, sa_mask[0]=00000000000000000000000000000000, sa_flags=none
SIGUSR2: [libjvm.dylib+0x47fe06], sa_mask[0]=00100000000000000000000000000000, sa_flags=SA_RESTART|SA_SIGINFO
SIGHUP: [libjvm.dylib+0x47e3dd], sa_mask[0]=11111111011111110111111111111111, sa_flags=SA_RESTART|SA_SIGINFO
SIGINT: [libjvm.dylib+0x47e3dd], sa_mask[0]=11111111011111110111111111111111, sa_flags=SA_RESTART|SA_SIGINFO
SIGTERM: [libjvm.dylib+0x47e3dd], sa_mask[0]=11111111011111110111111111111111, sa_flags=SA_RESTART|SA_SIGINFO
SIGQUIT: [libjvm.dylib+0x47e3dd], sa_mask[0]=11111111011111110111111111111111, sa_flags=SA_RESTART|SA_SIGINFO


---------------  S Y S T E M  ---------------

OS:Bsduname:Darwin 15.6.0 Darwin Kernel Version 15.6.0: Mon Aug 29 20:21:34 PDT 2016; root:xnu-3248.60.11~1/RELEASE_X86_64 x86_64
rlimit: STACK 8192k, CORE 0k, NPROC 709, NOFILE 10240, AS infinity
load average:2.78 2.05 1.91

CPU:total 4 (2 cores per cpu, 2 threads per core) family 6 model 61 stepping 4, cmov, cx8, fxsr, mmx, sse, sse2, sse3, ssse3, sse4.1, sse4.2, popcnt, avx, avx2, aes, clmul, erms, 3dnowpref, lzcnt, ht, tsc, tscinvbit, bmi1, bmi2, adx

Memory: 4k page, physical 8388608k(881276k free)

/proc/meminfo:


vm_info: Java HotSpot(TM) 64-Bit Server VM (25.66-b17) for bsd-amd64 JRE (1.8.0_66-b17), built on Oct  6 2015 16:09:13 by "java_re" with gcc 4.2.1 (Based on Apple Inc. build 5658) (LLVM build 2336.11.00)

time: Fri Sep 30 10:14:51 2016
elapsed time: 20 seconds (0d 0h 0m 20s)

