#
# A fatal error has been detected by the Java Runtime Environment:
#
#  SIGSEGV (0xb) at pc=0x00007fff959144dd, pid=560, tid=2571
#
# JRE version: Java(TM) SE Runtime Environment (8.0_66-b17) (build 1.8.0_66-b17)
# Java VM: Java HotSpot(TM) 64-Bit Server VM (25.66-b17 mixed mode bsd-amd64 compressed oops)
# Problematic frame:
# C  [libobjc.A.dylib+0x14dd]  objc_msgSend+0x1d
#
# Failed to write core dump. Core dumps have been disabled. To enable core dumping, try "ulimit -c unlimited" before starting Java again
#
# If you would like to submit a bug report, please visit:
#   http://bugreport.java.com/bugreport/crash.jsp
# The crash happened outside the Java Virtual Machine in native code.
# See problematic frame for where to report the bug.
#

---------------  T H R E A D  ---------------

Current thread (0x00007fe20b13b000):  JavaThread "AWT-AppKit" daemon [_thread_in_native, id=2571, stack(0x00007fff52e9e000,0x00007fff5369e000)]

siginfo: si_signo: 11 (SIGSEGV), si_code: 1 (SEGV_MAPERR), si_addr: 0x0000000000000018

Registers:
RAX=0x00007fe20e4819d0, RBX=0x0000000125bb8450, RCX=0x000000017805bd20, RDX=0x000000017805bbc0
RSP=0x00007fff53697868, RBP=0x00007fff53697920, RSI=0x00007fff91112cbe, RDI=0x00007fe20e137ae0
R8 =0x0000000000000000, R9 =0x00000000000008b0, R10=0x00007fff91112cbe, R11=0x0000000000000000
R12=0x0000000000000000, R13=0x0000000184cd54a8, R14=0x0000000125bb8440, R15=0x00007fe20b13b000
RIP=0x00007fff959144dd, EFLAGS=0x0000000000010246, ERR=0x0000000000000004
  TRAPNO=0x000000000000000e

Top of Stack: (sp=0x00007fff53697868)
0x00007fff53697868:   0000000125bb6157 00007fe20a44b190
0x00007fff53697878:   00007fe20a44b190 ffffffffffffffff
0x00007fff53697888:   00007fe20a44b190 00007fe20cf8afb0
0x00007fff53697898:   0000000000000001 00007fe20e4819d0
0x00007fff536978a8:   0000000125bb86a0 0000000125bb8710
0x00007fff536978b8:   00007fff77a6e770 00007fff75144500
0x00007fff536978c8:   0000000125bb8450 0000000125bb8690
0x00007fff536978d8:   00007fe20e4819d0 00007fe20e137ae0
0x00007fff536978e8:   00007fe20a467930 00007fe20e4819d0
0x00007fff536978f8:   00007fe20e137ae0 00007fff536979a8
0x00007fff53697908:   00007fe20b13b1f8 0000000184cd54a8
0x00007fff53697918:   00007fff536979d0 00007fff53697998
0x00007fff53697928:   000000010dfd9954 00007fff536981c0
0x00007fff53697938:   00007fff96668cfc 000000010c581400
0x00007fff53697948:   0000000000000009 00007fe20a775500
0x00007fff53697958:   00007fff53697958 0000000000000000
0x00007fff53697968:   00007fff536979d0 0000000184cd80e0
0x00007fff53697978:   0000000000000000 0000000184cd54a8
0x00007fff53697988:   0000000000000000 00007fff536979b8
0x00007fff53697998:   00007fff53697a18 000000010dfcbc4d
0x00007fff536979a8:   00000007b04c04b8 000000010dfd3578
0x00007fff536979b8:   00007fe20e4819d0 00007fff778db590
0x00007fff536979c8:   00007fe20e137ae0 00007fff53697a38
0x00007fff536979d8:   00007fff536979d8 0000000184cd5672
0x00007fff536979e8:   00007fff53697a40 0000000184cd80e0
0x00007fff536979f8:   0000000000000000 0000000184cd5680
0x00007fff53697a08:   00007fff536979b8 00007fff53697a28
0x00007fff53697a18:   00007fff53697a88 000000010dfcbc4d
0x00007fff53697a28:   00007fe20e4819d0 00000007b1ef2140
0x00007fff53697a38:   00007fe20e137ae0 00000007b1ef2140
0x00007fff53697a48:   00007fff53697a48 0000000180ce4e16
0x00007fff53697a58:   00007fff53697a98 0000000180ce4ed0 

Instructions: (pc=0x00007fff959144dd)
0x00007fff959144bd:   44 00 00 48 85 ff 2e 74 62 40 f6 c7 01 2e 75 66
0x00007fff959144cd:   49 bb f8 ff ff ff ff 7f 00 00 4c 23 1f 49 89 f2
0x00007fff959144dd:   45 23 53 18 49 c1 e2 04 4d 03 53 10 49 3b 32 75
0x00007fff959144ed:   04 41 ff 62 08 49 83 3a 01 76 0d 49 83 c2 10 49 

Register to memory mapping:

RAX=0x00007fe20e4819d0 is an unknown value
RBX=0x0000000125bb8450: Java_jogamp_nativewindow_macosx_OSXUtil_GetScreenRefreshRate0+0x1cf0 in /Applications/AnyLogic.app/Contents/Resources/Java/plugins/org.j3d.opengl.swt.carbon.osx_0.7.0/libnativewindow_macosx.jnilib at 0x0000000125bb1000
RCX=0x000000017805bd20 is an unknown value
RDX=0x000000017805bbc0 is an unknown value
RSP=0x00007fff53697868 is pointing into the stack for thread: 0x00007fe20b13b000
RBP=0x00007fff53697920 is pointing into the stack for thread: 0x00007fe20b13b000
RSI=0x00007fff91112cbe is an unknown value
RDI=0x00007fe20e137ae0 is an unknown value
R8 =0x0000000000000000 is an unknown value
R9 =0x00000000000008b0 is an unknown value
R10=0x00007fff91112cbe is an unknown value
R11=0x0000000000000000 is an unknown value
R12=0x0000000000000000 is an unknown value
R13={method} {0x0000000184cd54a8} 'UnsetJAWTRootSurfaceLayer0' '(JJ)V' in 'jogamp/nativewindow/jawt/macosx/MacOSXJAWTWindow'
R14=0x0000000125bb8440: Java_jogamp_nativewindow_macosx_OSXUtil_GetScreenRefreshRate0+0x1ce0 in /Applications/AnyLogic.app/Contents/Resources/Java/plugins/org.j3d.opengl.swt.carbon.osx_0.7.0/libnativewindow_macosx.jnilib at 0x0000000125bb1000
R15=0x00007fe20b13b000 is a thread


Stack: [0x00007fff52e9e000,0x00007fff5369e000],  sp=0x00007fff53697868,  free space=8166k
Native frames: (J=compiled Java code, j=interpreted, Vv=VM code, C=native code)
C  [libobjc.A.dylib+0x14dd]  objc_msgSend+0x1d
j  jogamp.nativewindow.jawt.macosx.MacOSXJAWTWindow.UnsetJAWTRootSurfaceLayer0(JJ)V+0
j  jogamp.nativewindow.jawt.macosx.MacOSXJAWTWindow.access$200(JJ)V+2
j  jogamp.nativewindow.jawt.macosx.MacOSXJAWTWindow$1.run()V+38
J 4663 C1 com.jogamp.common.util.RunnableTask.run()V (345 bytes) @ 0x000000010ee3e954 [0x000000010ee3e7c0+0x194]
v  ~StubRoutines::call_stub
V  [libjvm.dylib+0x2ea35e]
V  [libjvm.dylib+0x321467]
V  [libjvm.dylib+0x313c3b]
C  [libnativewindow_macosx.jnilib+0x5326]  Java_jogamp_nativewindow_jawt_macosx_MacOSXJAWTWindow_UnsetJAWTRootSurfaceLayer0+0x2b6
C  [Foundation+0x76fde]  __NSThreadPerformPerform+0x117
C  [CoreFoundation+0xaa881]  __CFRUNLOOP_IS_CALLING_OUT_TO_A_SOURCE0_PERFORM_FUNCTION__+0x11
C  [CoreFoundation+0x89f37]  __CFRunLoopDoSources0+0x1a7
C  [CoreFoundation+0x894df]  __CFRunLoopRun+0x39f
C  [CoreFoundation+0x88ed8]  CFRunLoopRunSpecific+0x128
C  [HIToolbox+0x30935]  RunCurrentEventLoopInMode+0xeb
C  [HIToolbox+0x30677]  ReceiveNextEventCommon+0xb8
C  [HIToolbox+0x305af]  _BlockUntilNextEventMatchingListInModeWithFilter+0x47
C  [AppKit+0x48df6]  _DPSNextEvent+0x42b
C  [AppKit+0x48226]  -[NSApplication _nextEventMatchingEventMask:untilDate:inMode:dequeue:]+0x1c6
C  [libosxapp.dylib+0x23aa]  -[NSApplicationAWT nextEventMatchingMask:untilDate:inMode:dequeue:]+0x7c
C  [AppKit+0x3cd80]  -[NSApplication run]+0x2aa
C  [libosxapp.dylib+0x214d]  +[NSApplicationAWT runAWTLoopWithApp:]+0x9c
C  [libawt_lwawt.dylib+0x4455b]  -[AWTStarter starter:]+0x389
C  [Foundation+0x76fde]  __NSThreadPerformPerform+0x117
C  [CoreFoundation+0xaa881]  __CFRUNLOOP_IS_CALLING_OUT_TO_A_SOURCE0_PERFORM_FUNCTION__+0x11
C  [CoreFoundation+0x89fbc]  __CFRunLoopDoSources0+0x22c
C  [CoreFoundation+0x894df]  __CFRunLoopRun+0x39f
C  [CoreFoundation+0x88ed8]  CFRunLoopRunSpecific+0x128
C  [java+0x6463]  CreateExecutionEnvironment+0x367
C  [java+0x21ac]  JLI_Launch+0x7a0
C  [java+0x84c0]  main+0x65
C  [java+0x1a04]  start+0x34
C  0x0000000000000010

Java frames: (J=compiled Java code, j=interpreted, Vv=VM code)
j  jogamp.nativewindow.jawt.macosx.MacOSXJAWTWindow.UnsetJAWTRootSurfaceLayer0(JJ)V+0
j  jogamp.nativewindow.jawt.macosx.MacOSXJAWTWindow.access$200(JJ)V+2
j  jogamp.nativewindow.jawt.macosx.MacOSXJAWTWindow$1.run()V+38
J 4663 C1 com.jogamp.common.util.RunnableTask.run()V (345 bytes) @ 0x000000010ee3e954 [0x000000010ee3e7c0+0x194]
v  ~StubRoutines::call_stub

---------------  P R O C E S S  ---------------

Java Threads: ( => current thread )
  0x00007fe20c554000 JavaThread "AnyLogic model execution control handler" daemon [_thread_blocked, id=37215, stack(0x0000700001b71000,0x0000700001c71000)]
  0x00007fe210bb0800 JavaThread "Image Fetcher 0" daemon [_thread_blocked, id=41567, stack(0x0000700001765000,0x0000700001865000)]
  0x00007fe20ad04000 JavaThread "AnyLogic user input event processor" daemon [_thread_blocked, id=36331, stack(0x00007000014dc000,0x00007000015dc000)]
  0x00007fe2112c1800 JavaThread "AV3D Runtime" [_thread_blocked, id=66175, stack(0x0000700001c74000,0x0000700001d74000)]
  0x00007fe20baa3000 JavaThread "Xj3D Content Loader" [_thread_blocked, id=65539, stack(0x0000700002000000,0x0000700002100000)]
  0x00007fe20a82f000 JavaThread "Xj3D Content Loader" [_thread_blocked, id=65027, stack(0x0000700001efd000,0x0000700001ffd000)]
  0x00007fe20b98d800 JavaThread "Xj3D Content Loader" [_thread_blocked, id=64595, stack(0x0000700001dfa000,0x0000700001efa000)]
  0x00007fe20ad4a000 JavaThread "AnyLogic presentation frame manager" daemon [_thread_blocked, id=60443, stack(0x0000700001a6e000,0x0000700001b6e000)]
  0x00007fe20b3fd800 JavaThread "DestroyJavaVM" [_thread_blocked, id=5891, stack(0x000070000011a000,0x000070000021a000)]
  0x00007fe20c28a800 JavaThread "TimerQueue" daemon [_thread_blocked, id=59931, stack(0x000070000196b000,0x0000700001a6b000)]
  0x00007fe20ad04800 JavaThread "AnyLogic simulation performance monitor" [_thread_blocked, id=59407, stack(0x0000700001868000,0x0000700001968000)]
  0x00007fe20ac06800 JavaThread "AWT-EventQueue-0" [_thread_in_native, id=55311, stack(0x00007000015df000,0x00007000016df000)]
  0x00007fe20aa28800 JavaThread "Java2D Disposer" daemon [_thread_blocked, id=52995, stack(0x00007000013d9000,0x00007000014d9000)]
  0x00007fe20b1bc000 JavaThread "Java2D Queue Flusher" daemon [_thread_blocked, id=49163, stack(0x00007000012d6000,0x00007000013d6000)]
  0x00007fe20a97f800 JavaThread "AWT-Shutdown" [_thread_blocked, id=28947, stack(0x00007000010cd000,0x00007000011cd000)]
=>0x00007fe20b13b000 JavaThread "AWT-AppKit" daemon [_thread_in_native, id=2571, stack(0x00007fff52e9e000,0x00007fff5369e000)]
  0x00007fe20c020800 JavaThread "Service Thread" daemon [_thread_blocked, id=18179, stack(0x0000700000dc1000,0x0000700000ec1000)]
  0x00007fe20a841000 JavaThread "C1 CompilerThread2" daemon [_thread_blocked, id=17667, stack(0x0000700000cbe000,0x0000700000dbe000)]
  0x00007fe20a840800 JavaThread "C2 CompilerThread1" daemon [_thread_blocked, id=17155, stack(0x0000700000bbb000,0x0000700000cbb000)]
  0x00007fe20a83e800 JavaThread "C2 CompilerThread0" daemon [_thread_blocked, id=16643, stack(0x0000700000ab8000,0x0000700000bb8000)]
  0x00007fe20a83e000 JavaThread "Signal Dispatcher" daemon [_thread_blocked, id=12815, stack(0x00007000009b5000,0x0000700000ab5000)]
  0x00007fe20b028000 JavaThread "Finalizer" daemon [_thread_blocked, id=12291, stack(0x000070000082f000,0x000070000092f000)]
  0x00007fe20b027800 JavaThread "Reference Handler" daemon [_thread_blocked, id=11779, stack(0x000070000072c000,0x000070000082c000)]

Other Threads:
  0x00007fe20b024800 VMThread [stack: 0x0000700000629000,0x0000700000729000] [id=11267]
  0x00007fe20c029000 WatcherThread [stack: 0x0000700000ec4000,0x0000700000fc4000] [id=18691]

VM state:not at safepoint (normal execution)

VM Mutex/Monitor currently owned by a thread: None

Heap:
 PSYoungGen      total 55296K, used 11596K [0x00000007bab00000, 0x00000007c0000000, 0x00000007c0000000)
  eden space 30720K, 37% used [0x00000007bab00000,0x00000007bb653378,0x00000007bc900000)
  from space 24576K, 0% used [0x00000007bc900000,0x00000007bc900000,0x00000007be100000)
  to   space 28672K, 0% used [0x00000007be400000,0x00000007be400000,0x00000007c0000000)
 ParOldGen       total 114176K, used 75644K [0x00000007b0000000, 0x00000007b6f80000, 0x00000007bab00000)
  object space 114176K, 66% used [0x00000007b0000000,0x00000007b49df1c0,0x00000007b6f80000)
 Metaspace       used 33254K, capacity 33669K, committed 34176K, reserved 1079296K
  class space    used 4256K, capacity 4378K, committed 4480K, reserved 1048576K

Card table byte_map: [0x000000011d384000,0x000000011d405000] byte_map_base: 0x0000000119604000

Marking Bits: (ParMarkBitMap*) 0x000000010d8dde20
 Begin Bits: [0x000000011d45b000, 0x000000011d85b000)
 End Bits:   [0x000000011d85b000, 0x000000011dc5b000)

Polling page: 0x000000010c7f0000

CodeCache: size=245760Kb used=16635Kb max_used=16971Kb free=229124Kb
 bounds [0x000000010dfc4000, 0x000000010f0a4000, 0x000000011cfc4000]
 total_blobs=5952 nmethods=4877 adapters=983
 compilation: enabled

Compilation events (10 events):
Event: 65.285 Thread 0x00007fe20a841000 nmethod 5836 0x000000010e5cc4d0 code [0x000000010e5cc6c0, 0x000000010e5cd2f0]
Event: 65.285 Thread 0x00007fe20a841000 5833       3       javax.swing.JComponent::unregisterWithKeyboardManager (61 bytes)
Event: 65.286 Thread 0x00007fe20a841000 nmethod 5833 0x000000010e884710 code [0x000000010e884920, 0x000000010e8852e8]
Event: 65.286 Thread 0x00007fe20a841000 5834       3       javax.swing.JComponent::deregisterNextFocusableComponent (53 bytes)
Event: 65.287 Thread 0x00007fe20a841000 nmethod 5834 0x000000010e27a310 code [0x000000010e27a500, 0x000000010e27af68]
Event: 65.287 Thread 0x00007fe20a841000 5838       3       java.awt.Component::getSiblingIndexBelow (37 bytes)
Event: 65.288 Thread 0x00007fe20a841000 nmethod 5838 0x000000010e4df050 code [0x000000010e4df240, 0x000000010e4dfb28]
Event: 65.288 Thread 0x00007fe20a841000 5839       3       java.awt.Container::recursiveApplyCurrentShape (10 bytes)
Event: 65.289 Thread 0x00007fe20a840800 nmethod 5837 0x000000010e9e2510 code [0x000000010e9e2680, 0x000000010e9e28a8]
Event: 65.289 Thread 0x00007fe20a841000 nmethod 5839 0x000000010e498f50 code [0x000000010e499140, 0x000000010e499be8]

GC Heap History (10 events):
Event: 37.340 GC heap before
{Heap before GC invocations=11 (full 2):
 PSYoungGen      total 58880K, used 51356K [0x00000007bab00000, 0x00000007bfe00000, 0x00000007c0000000)
  eden space 35840K, 100% used [0x00000007bab00000,0x00000007bce00000,0x00000007bce00000)
  from space 23040K, 67% used [0x00000007be780000,0x00000007bf6a7388,0x00000007bfe00000)
  to   space 24576K, 0% used [0x00000007bce00000,0x00000007bce00000,0x00000007be600000)
 ParOldGen       total 76800K, used 42802K [0x00000007b0000000, 0x00000007b4b00000, 0x00000007bab00000)
  object space 76800K, 55% used [0x00000007b0000000,0x00000007b29ccb30,0x00000007b4b00000)
 Metaspace       used 33160K, capacity 33605K, committed 33920K, reserved 1079296K
  class space    used 4248K, capacity 4378K, committed 4480K, reserved 1048576K
Event: 37.350 GC heap after
Heap after GC invocations=11 (full 2):
 PSYoungGen      total 60416K, used 24557K [0x00000007bab00000, 0x00000007c0000000, 0x00000007c0000000)
  eden space 35840K, 0% used [0x00000007bab00000,0x00000007bab00000,0x00000007bce00000)
  from space 24576K, 99% used [0x00000007bce00000,0x00000007be5fb7f8,0x00000007be600000)
  to   space 26624K, 0% used [0x00000007be600000,0x00000007be600000,0x00000007c0000000)
 ParOldGen       total 76800K, used 46034K [0x00000007b0000000, 0x00000007b4b00000, 0x00000007bab00000)
  object space 76800K, 59% used [0x00000007b0000000,0x00000007b2cf4b18,0x00000007b4b00000)
 Metaspace       used 33160K, capacity 33605K, committed 33920K, reserved 1079296K
  class space    used 4248K, capacity 4378K, committed 4480K, reserved 1048576K
}
Event: 39.630 GC heap before
{Heap before GC invocations=12 (full 3):
 PSYoungGen      total 60416K, used 60397K [0x00000007bab00000, 0x00000007c0000000, 0x00000007c0000000)
  eden space 35840K, 100% used [0x00000007bab00000,0x00000007bce00000,0x00000007bce00000)
  from space 24576K, 99% used [0x00000007bce00000,0x00000007be5fb7f8,0x00000007be600000)
  to   space 26624K, 0% used [0x00000007be600000,0x00000007be600000,0x00000007c0000000)
 ParOldGen       total 76800K, used 71436K [0x00000007b0000000, 0x00000007b4b00000, 0x00000007bab00000)
  object space 76800K, 93% used [0x00000007b0000000,0x00000007b45c3050,0x00000007b4b00000)
 Metaspace       used 33180K, capacity 33605K, committed 33920K, reserved 1079296K
  class space    used 4248K, capacity 4378K, committed 4480K, reserved 1048576K
Event: 39.699 GC heap after
Heap after GC invocations=12 (full 3):
 PSYoungGen      total 60416K, used 0K [0x00000007bab00000, 0x00000007c0000000, 0x00000007c0000000)
  eden space 35840K, 0% used [0x00000007bab00000,0x00000007bab00000,0x00000007bce00000)
  from space 24576K, 0% used [0x00000007bce00000,0x00000007bce00000,0x00000007be600000)
  to   space 26624K, 0% used [0x00000007be600000,0x00000007be600000,0x00000007c0000000)
 ParOldGen       total 114176K, used 44936K [0x00000007b0000000, 0x00000007b6f80000, 0x00000007bab00000)
  object space 114176K, 39% used [0x00000007b0000000,0x00000007b2be23b0,0x00000007b6f80000)
 Metaspace       used 33180K, capacity 33605K, committed 33920K, reserved 1079296K
  class space    used 4248K, capacity 4378K, committed 4480K, reserved 1048576K
}
Event: 56.174 GC heap before
{Heap before GC invocations=13 (full 3):
 PSYoungGen      total 60416K, used 35840K [0x00000007bab00000, 0x00000007c0000000, 0x00000007c0000000)
  eden space 35840K, 100% used [0x00000007bab00000,0x00000007bce00000,0x00000007bce00000)
  from space 24576K, 0% used [0x00000007bce00000,0x00000007bce00000,0x00000007be600000)
  to   space 26624K, 0% used [0x00000007be600000,0x00000007be600000,0x00000007c0000000)
 ParOldGen       total 114176K, used 44936K [0x00000007b0000000, 0x00000007b6f80000, 0x00000007bab00000)
  object space 114176K, 39% used [0x00000007b0000000,0x00000007b2be23b0,0x00000007b6f80000)
 Metaspace       used 33188K, capacity 33605K, committed 33920K, reserved 1079296K
  class space    used 4248K, capacity 4378K, committed 4480K, reserved 1048576K
Event: 56.180 GC heap after
Heap after GC invocations=13 (full 3):
 PSYoungGen      total 57344K, used 12390K [0x00000007bab00000, 0x00000007c0000000, 0x00000007c0000000)
  eden space 30720K, 0% used [0x00000007bab00000,0x00000007bab00000,0x00000007bc900000)
  from space 26624K, 46% used [0x00000007be600000,0x00000007bf219bb0,0x00000007c0000000)
  to   space 28160K, 0% used [0x00000007bc900000,0x00000007bc900000,0x00000007be480000)
 ParOldGen       total 114176K, used 44936K [0x00000007b0000000, 0x00000007b6f80000, 0x00000007bab00000)
  object space 114176K, 39% used [0x00000007b0000000,0x00000007b2be23b0,0x00000007b6f80000)
 Metaspace       used 33188K, capacity 33605K, committed 33920K, reserved 1079296K
  class space    used 4248K, capacity 4378K, committed 4480K, reserved 1048576K
}
Event: 64.968 GC heap before
{Heap before GC invocations=14 (full 3):
 PSYoungGen      total 57344K, used 42935K [0x00000007bab00000, 0x00000007c0000000, 0x00000007c0000000)
  eden space 30720K, 99% used [0x00000007bab00000,0x00000007bc8d42d8,0x00000007bc900000)
  from space 26624K, 46% used [0x00000007be600000,0x00000007bf219bb0,0x00000007c0000000)
  to   space 28160K, 0% used [0x00000007bc900000,0x00000007bc900000,0x00000007be480000)
 ParOldGen       total 114176K, used 44936K [0x00000007b0000000, 0x00000007b6f80000, 0x00000007bab00000)
  object space 114176K, 39% used [0x00000007b0000000,0x00000007b2be23b0,0x00000007b6f80000)
 Metaspace       used 33235K, capacity 33605K, committed 33920K, reserved 1079296K
  class space    used 4256K, capacity 4378K, committed 4480K, reserved 1048576K
Event: 64.986 GC heap after
Heap after GC invocations=14 (full 3):
 PSYoungGen      total 55296K, used 24473K [0x00000007bab00000, 0x00000007c0000000, 0x00000007c0000000)
  eden space 30720K, 0% used [0x00000007bab00000,0x00000007bab00000,0x00000007bc900000)
  from space 24576K, 99% used [0x00000007bc900000,0x00000007be0e6418,0x00000007be100000)
  to   space 28672K, 0% used [0x00000007be400000,0x00000007be400000,0x00000007c0000000)
 ParOldGen       total 114176K, used 53250K [0x00000007b0000000, 0x00000007b6f80000, 0x00000007bab00000)
  object space 114176K, 46% used [0x00000007b0000000,0x00000007b3400a38,0x00000007b6f80000)
 Metaspace       used 33235K, capacity 33605K, committed 33920K, reserved 1079296K
  class space    used 4256K, capacity 4378K, committed 4480K, reserved 1048576K
}
Event: 64.986 GC heap before
{Heap before GC invocations=15 (full 4):
 PSYoungGen      total 55296K, used 24473K [0x00000007bab00000, 0x00000007c0000000, 0x00000007c0000000)
  eden space 30720K, 0% used [0x00000007bab00000,0x00000007bab00000,0x00000007bc900000)
  from space 24576K, 99% used [0x00000007bc900000,0x00000007be0e6418,0x00000007be100000)
  to   space 28672K, 0% used [0x00000007be400000,0x00000007be400000,0x00000007c0000000)
 ParOldGen       total 114176K, used 53250K [0x00000007b0000000, 0x00000007b6f80000, 0x00000007bab00000)
  object space 114176K, 46% used [0x00000007b0000000,0x00000007b3400a38,0x00000007b6f80000)
 Metaspace       used 33235K, capacity 33605K, committed 33920K, reserved 1079296K
  class space    used 4256K, capacity 4378K, committed 4480K, reserved 1048576K
Event: 65.085 GC heap after
Heap after GC invocations=15 (full 4):
 PSYoungGen      total 55296K, used 0K [0x00000007bab00000, 0x00000007c0000000, 0x00000007c0000000)
  eden space 30720K, 0% used [0x00000007bab00000,0x00000007bab00000,0x00000007bc900000)
  from space 24576K, 0% used [0x00000007bc900000,0x00000007bc900000,0x00000007be100000)
  to   space 28672K, 0% used [0x00000007be400000,0x00000007be400000,0x00000007c0000000)
 ParOldGen       total 114176K, used 55303K [0x00000007b0000000, 0x00000007b6f80000, 0x00000007bab00000)
  object space 114176K, 48% used [0x00000007b0000000,0x00000007b3601da0,0x00000007b6f80000)
 Metaspace       used 33235K, capacity 33605K, committed 33920K, reserved 1079296K
  class space    used 4256K, capacity 4378K, committed 4480K, reserved 1048576K
}

Deoptimization events (10 events):
Event: 37.561 Thread 0x00007fe20ac06800 Uncommon trap: reason=class_check action=maybe_recompile pc=0x000000010ed62ddc method=sun.java2d.SurfaceData.getSourceSurfaceData(Ljava/awt/Image;ILsun/java2d/loops/CompositeType;Ljava/awt/Color;)Lsun/java2d/SurfaceData; @ 78
Event: 38.123 Thread 0x00007fe20ac06800 Uncommon trap: reason=speculate_class_check action=maybe_recompile pc=0x000000010f0510c0 method=sun.java2d.opengl.OGLSurfaceDataProxy.createProxy(Lsun/java2d/SurfaceData;Lsun/java2d/opengl/OGLGraphicsConfig;)Lsun/java2d/SurfaceDataProxy; @ 1
Event: 38.399 Thread 0x00007fe20ac06800 Uncommon trap: reason=speculate_class_check action=maybe_recompile pc=0x000000010f0510c0 method=sun.java2d.opengl.OGLSurfaceDataProxy.createProxy(Lsun/java2d/SurfaceData;Lsun/java2d/opengl/OGLGraphicsConfig;)Lsun/java2d/SurfaceDataProxy; @ 1
Event: 38.698 Thread 0x00007fe20ac06800 Uncommon trap: reason=speculate_class_check action=maybe_recompile pc=0x000000010f0510c0 method=sun.java2d.opengl.OGLSurfaceDataProxy.createProxy(Lsun/java2d/SurfaceData;Lsun/java2d/opengl/OGLGraphicsConfig;)Lsun/java2d/SurfaceDataProxy; @ 1
Event: 47.911 Thread 0x00007fe20ac06800 Uncommon trap: reason=range_check action=make_not_entrant pc=0x000000010e20d2dc method=java.awt.image.DirectColorModel.setFields()V @ 6
Event: 63.957 Thread 0x00007fe20ac06800 Uncommon trap: reason=bimorphic action=maybe_recompile pc=0x000000010ebec084 method=java.awt.Component.getBackground()Ljava/awt/Color; @ 21
Event: 63.957 Thread 0x00007fe20ac06800 Uncommon trap: reason=bimorphic action=maybe_recompile pc=0x000000010ebec084 method=java.awt.Component.getBackground()Ljava/awt/Color; @ 21
Event: 64.856 Thread 0x00007fe210bb0800 Uncommon trap: reason=bimorphic action=maybe_recompile pc=0x000000010f003678 method=java.util.HashMap.removeNode(ILjava/lang/Object;Ljava/lang/Object;ZZ)Ljava/util/HashMap$Node; @ 283
Event: 64.949 Thread 0x00007fe20c554000 Uncommon trap: reason=bimorphic action=maybe_recompile pc=0x000000010ebd253c method=sun.java2d.SunGraphics2D.fillRect(IIII)V @ 10
Event: 64.964 Thread 0x00007fe20c554000 Uncommon trap: reason=unstable_if action=reinterpret pc=0x000000010efd4c50 method=com.anylogic.engine.e.a(Lcom/anylogic/engine/g;)V @ 507

Internal exceptions (10 events):
Event: 5.155 Thread 0x00007fe20ac06800 Exception <a 'java/io/FileNotFoundException'> (0x00000007bb64f498) thrown at [/HUDSON3/workspace/8-2-build-macosx-x86_64/jdk8u66/4988/hotspot/src/share/vm/prims/jni.cpp, line 709]
Event: 6.918 Thread 0x00007fe20ad4a000 Exception <a 'java/io/FileNotFoundException'> (0x00000007bb079600) thrown at [/HUDSON3/workspace/8-2-build-macosx-x86_64/jdk8u66/4988/hotspot/src/share/vm/prims/jni.cpp, line 709]
Event: 14.642 Thread 0x00007fe20b13b000 Implicit null exception at 0x000000010eab2c3a to 0x000000010eab4061
Event: 18.276 Thread 0x00007fe20b028000 Exception <a 'java/lang/NullPointerException'> (0x00000007bab90090) thrown at [/HUDSON3/workspace/8-2-build-macosx-x86_64/jdk8u66/4988/hotspot/src/share/vm/interpreter/linkResolver.cpp, line 1178]
Event: 18.286 Thread 0x00007fe20ad94800 Implicit null exception at 0x000000010eda7dbf to 0x000000010edaaa19
Event: 21.151 Thread 0x00007fe20ac06800 Implicit null exception at 0x000000010e5f4e04 to 0x000000010e5f4ea5
Event: 21.155 Thread 0x00007fe2112c1800 Implicit null exception at 0x000000010ecc6672 to 0x000000010ecc7b49
Event: 21.304 Thread 0x00007fe2112c1800 Implicit null exception at 0x000000010e95d02a to 0x000000010e95d095
Event: 21.304 Thread 0x00007fe2112c1800 Implicit null exception at 0x000000010e95acac to 0x000000010e95acdd
Event: 21.304 Thread 0x00007fe2112c1800 Implicit null exception at 0x000000010e941d2c to 0x000000010e941d61

Events (10 events):
Event: 65.269 Thread 0x00007fe20a841000 flushing nmethod 0x000000010ec75490
Event: 65.269 Thread 0x00007fe20a841000 flushing nmethod 0x000000010ec7bb90
Event: 65.269 Thread 0x00007fe20a841000 flushing nmethod 0x000000010ecf0110
Event: 65.270 Thread 0x00007fe20a841000 flushing nmethod 0x000000010ecf3f10
Event: 65.270 Thread 0x00007fe20a841000 flushing nmethod 0x000000010ed0cbd0
Event: 65.276 Thread 0x00007fe20a83e800 flushing nmethod 0x000000010edf2e50
Event: 65.277 Thread 0x00007fe20a83e800 flushing nmethod 0x000000010ee7e0d0
Event: 65.277 Thread 0x00007fe20a83e800 flushing nmethod 0x000000010ef29690
Event: 65.300 Executing VM operation: RevokeBias
Event: 65.300 Executing VM operation: RevokeBias done


Dynamic libraries:
0x000000000403f000 	/System/Library/Frameworks/Cocoa.framework/Versions/A/Cocoa
0x000000000403f000 	/System/Library/Frameworks/Security.framework/Versions/A/Security
0x000000000403f000 	/System/Library/Frameworks/ApplicationServices.framework/Versions/A/ApplicationServices
0x000000000403f000 	/usr/lib/libz.1.dylib
0x000000000403f000 	/usr/lib/libSystem.B.dylib
0x000000000403f000 	/usr/lib/libobjc.A.dylib
0x000000000403f000 	/System/Library/Frameworks/CoreFoundation.framework/Versions/A/CoreFoundation
0x000000000403f000 	/System/Library/Frameworks/Foundation.framework/Versions/C/Foundation
0x000000000403f000 	/System/Library/Frameworks/AppKit.framework/Versions/C/AppKit
0x000000000403f000 	/System/Library/Frameworks/CoreData.framework/Versions/A/CoreData
0x000000000403f000 	/System/Library/PrivateFrameworks/RemoteViewServices.framework/Versions/A/RemoteViewServices
0x000000000403f000 	/System/Library/PrivateFrameworks/UIFoundation.framework/Versions/A/UIFoundation
0x000000000403f000 	/usr/lib/libScreenReader.dylib
0x000000000403f000 	/System/Library/Frameworks/Accelerate.framework/Versions/A/Accelerate
0x000000000403f000 	/System/Library/Frameworks/IOSurface.framework/Versions/A/IOSurface
0x000000000403f000 	/System/Library/Frameworks/AudioToolbox.framework/Versions/A/AudioToolbox
0x000000000403f000 	/System/Library/Frameworks/AudioUnit.framework/Versions/A/AudioUnit
0x000000000403f000 	/System/Library/PrivateFrameworks/DataDetectorsCore.framework/Versions/A/DataDetectorsCore
0x000000000403f000 	/System/Library/PrivateFrameworks/DesktopServicesPriv.framework/Versions/A/DesktopServicesPriv
0x000000000403f000 	/System/Library/Frameworks/Carbon.framework/Versions/A/Frameworks/HIToolbox.framework/Versions/A/HIToolbox
0x000000000403f000 	/System/Library/Frameworks/QuartzCore.framework/Versions/A/QuartzCore
0x000000000403f000 	/System/Library/Frameworks/Carbon.framework/Versions/A/Frameworks/SpeechRecognition.framework/Versions/A/SpeechRecognition
0x000000000403f000 	/usr/lib/libauto.dylib
0x000000000403f000 	/usr/lib/libicucore.A.dylib
0x000000000403f000 	/usr/lib/libxml2.2.dylib
0x000000000403f000 	/System/Library/PrivateFrameworks/CoreUI.framework/Versions/A/CoreUI
0x000000000403f000 	/System/Library/Frameworks/CoreAudio.framework/Versions/A/CoreAudio
0x000000000403f000 	/System/Library/Frameworks/DiskArbitration.framework/Versions/A/DiskArbitration
0x000000000403f000 	/usr/lib/liblangid.dylib
0x000000000403f000 	/System/Library/PrivateFrameworks/MultitouchSupport.framework/Versions/A/MultitouchSupport
0x000000000403f000 	/System/Library/Frameworks/IOKit.framework/Versions/A/IOKit
0x000000000403f000 	/usr/lib/libDiagnosticMessagesClient.dylib
0x000000000403f000 	/System/Library/Frameworks/CoreServices.framework/Versions/A/CoreServices
0x000000000403f000 	/System/Library/PrivateFrameworks/PerformanceAnalysis.framework/Versions/A/PerformanceAnalysis
0x000000000403f000 	/System/Library/PrivateFrameworks/GenerationalStorage.framework/Versions/A/GenerationalStorage
0x000000000403f000 	/System/Library/Frameworks/OpenGL.framework/Versions/A/OpenGL
0x000000000403f000 	/System/Library/PrivateFrameworks/Sharing.framework/Versions/A/Sharing
0x000000000403f000 	/System/Library/Frameworks/CoreGraphics.framework/Versions/A/CoreGraphics
0x000000000403f000 	/System/Library/Frameworks/CoreImage.framework/Versions/A/CoreImage
0x000000000403f000 	/System/Library/Frameworks/CoreText.framework/Versions/A/CoreText
0x000000000403f000 	/System/Library/Frameworks/ImageIO.framework/Versions/A/ImageIO
0x000000000403f000 	/System/Library/PrivateFrameworks/Backup.framework/Versions/A/Backup
0x000000000403f000 	/usr/lib/libextension.dylib
0x000000000403f000 	/usr/lib/libarchive.2.dylib
0x000000000403f000 	/System/Library/Frameworks/CFNetwork.framework/Versions/A/CFNetwork
0x000000000403f000 	/System/Library/Frameworks/SystemConfiguration.framework/Versions/A/SystemConfiguration
0x000000000403f000 	/usr/lib/libCRFSuite.dylib
0x000000000403f000 	/usr/lib/libc++.1.dylib
0x000000000403f000 	/usr/lib/libc++abi.dylib
0x000000000403f000 	/usr/lib/system/libcache.dylib
0x000000000403f000 	/usr/lib/system/libcommonCrypto.dylib
0x000000000403f000 	/usr/lib/system/libcompiler_rt.dylib
0x000000000403f000 	/usr/lib/system/libcopyfile.dylib
0x000000000403f000 	/usr/lib/system/libcorecrypto.dylib
0x000000000403f000 	/usr/lib/system/libdispatch.dylib
0x000000000403f000 	/usr/lib/system/libdyld.dylib
0x000000000403f000 	/usr/lib/system/libkeymgr.dylib
0x000000000403f000 	/usr/lib/system/liblaunch.dylib
0x000000000403f000 	/usr/lib/system/libmacho.dylib
0x000000000403f000 	/usr/lib/system/libquarantine.dylib
0x000000000403f000 	/usr/lib/system/libremovefile.dylib
0x000000000403f000 	/usr/lib/system/libsystem_asl.dylib
0x000000000403f000 	/usr/lib/system/libsystem_blocks.dylib
0x000000000403f000 	/usr/lib/system/libsystem_c.dylib
0x000000000403f000 	/usr/lib/system/libsystem_configuration.dylib
0x000000000403f000 	/usr/lib/system/libsystem_coreservices.dylib
0x000000000403f000 	/usr/lib/system/libsystem_coretls.dylib
0x000000000403f000 	/usr/lib/system/libsystem_dnssd.dylib
0x000000000403f000 	/usr/lib/system/libsystem_info.dylib
0x000000000403f000 	/usr/lib/system/libsystem_kernel.dylib
0x000000000403f000 	/usr/lib/system/libsystem_m.dylib
0x000000000403f000 	/usr/lib/system/libsystem_malloc.dylib
0x000000000403f000 	/usr/lib/system/libsystem_network.dylib
0x000000000403f000 	/usr/lib/system/libsystem_networkextension.dylib
0x000000000403f000 	/usr/lib/system/libsystem_notify.dylib
0x000000000403f000 	/usr/lib/system/libsystem_platform.dylib
0x000000000403f000 	/usr/lib/system/libsystem_pthread.dylib
0x000000000403f000 	/usr/lib/system/libsystem_sandbox.dylib
0x000000000403f000 	/usr/lib/system/libsystem_secinit.dylib
0x000000000403f000 	/usr/lib/system/libsystem_trace.dylib
0x000000000403f000 	/usr/lib/system/libunc.dylib
0x000000000403f000 	/usr/lib/system/libunwind.dylib
0x000000000403f000 	/usr/lib/system/libxpc.dylib
0x000000000403f000 	/usr/lib/libenergytrace.dylib
0x000000000403f000 	/usr/lib/libbsm.0.dylib
0x000000000403f000 	/usr/lib/system/libkxld.dylib
0x000000000403f000 	/usr/lib/libxar.1.dylib
0x000000000403f000 	/usr/lib/libsqlite3.dylib
0x000000000403f000 	/usr/lib/libpam.2.dylib
0x000000000403f000 	/usr/lib/libOpenScriptingUtil.dylib
0x000000000403f000 	/usr/lib/libbz2.1.0.dylib
0x000000000403f000 	/usr/lib/liblzma.5.dylib
0x000000000403f000 	/System/Library/Frameworks/CoreServices.framework/Versions/A/Frameworks/FSEvents.framework/Versions/A/FSEvents
0x000000000403f000 	/System/Library/Frameworks/CoreServices.framework/Versions/A/Frameworks/CarbonCore.framework/Versions/A/CarbonCore
0x000000000403f000 	/System/Library/Frameworks/CoreServices.framework/Versions/A/Frameworks/Metadata.framework/Versions/A/Metadata
0x000000000403f000 	/System/Library/Frameworks/CoreServices.framework/Versions/A/Frameworks/OSServices.framework/Versions/A/OSServices
0x000000000403f000 	/System/Library/Frameworks/CoreServices.framework/Versions/A/Frameworks/SearchKit.framework/Versions/A/SearchKit
0x000000000403f000 	/System/Library/Frameworks/CoreServices.framework/Versions/A/Frameworks/AE.framework/Versions/A/AE
0x000000000403f000 	/System/Library/Frameworks/CoreServices.framework/Versions/A/Frameworks/LaunchServices.framework/Versions/A/LaunchServices
0x000000000403f000 	/System/Library/Frameworks/CoreServices.framework/Versions/A/Frameworks/DictionaryServices.framework/Versions/A/DictionaryServices
0x000000000403f000 	/System/Library/Frameworks/CoreServices.framework/Versions/A/Frameworks/SharedFileList.framework/Versions/A/SharedFileList
0x000000000403f000 	/System/Library/Frameworks/NetFS.framework/Versions/A/NetFS
0x000000000403f000 	/System/Library/PrivateFrameworks/NetAuth.framework/Versions/A/NetAuth
0x000000000403f000 	/System/Library/PrivateFrameworks/login.framework/Versions/A/Frameworks/loginsupport.framework/Versions/A/loginsupport
0x000000000403f000 	/System/Library/PrivateFrameworks/TCC.framework/Versions/A/TCC
0x000000000403f000 	/usr/lib/libmecabra.dylib
0x000000000403f000 	/System/Library/Frameworks/ApplicationServices.framework/Versions/A/Frameworks/ATS.framework/Versions/A/ATS
0x000000000403f000 	/System/Library/Frameworks/ApplicationServices.framework/Versions/A/Frameworks/ColorSync.framework/Versions/A/ColorSync
0x000000000403f000 	/System/Library/Frameworks/ApplicationServices.framework/Versions/A/Frameworks/HIServices.framework/Versions/A/HIServices
0x000000000403f000 	/System/Library/Frameworks/ApplicationServices.framework/Versions/A/Frameworks/LangAnalysis.framework/Versions/A/LangAnalysis
0x000000000403f000 	/System/Library/Frameworks/ApplicationServices.framework/Versions/A/Frameworks/PrintCore.framework/Versions/A/PrintCore
0x000000000403f000 	/System/Library/Frameworks/ApplicationServices.framework/Versions/A/Frameworks/QD.framework/Versions/A/QD
0x000000000403f000 	/System/Library/Frameworks/ApplicationServices.framework/Versions/A/Frameworks/SpeechSynthesis.framework/Versions/A/SpeechSynthesis
0x000000000403f000 	/System/Library/Frameworks/Metal.framework/Versions/A/Metal
0x000000000403f000 	/System/Library/Frameworks/Accelerate.framework/Versions/A/Frameworks/vImage.framework/Versions/A/vImage
0x000000000403f000 	/System/Library/Frameworks/Accelerate.framework/Versions/A/Frameworks/vecLib.framework/Versions/A/vecLib
0x000000000403f000 	/System/Library/Frameworks/Accelerate.framework/Versions/A/Frameworks/vecLib.framework/Versions/A/libvDSP.dylib
0x000000000403f000 	/System/Library/Frameworks/Accelerate.framework/Versions/A/Frameworks/vecLib.framework/Versions/A/libvMisc.dylib
0x000000000403f000 	/System/Library/Frameworks/Accelerate.framework/Versions/A/Frameworks/vecLib.framework/Versions/A/libLAPACK.dylib
0x000000000403f000 	/System/Library/Frameworks/Accelerate.framework/Versions/A/Frameworks/vecLib.framework/Versions/A/libBLAS.dylib
0x000000000403f000 	/System/Library/Frameworks/Accelerate.framework/Versions/A/Frameworks/vecLib.framework/Versions/A/libLinearAlgebra.dylib
0x000000000403f000 	/System/Library/Frameworks/Accelerate.framework/Versions/A/Frameworks/vecLib.framework/Versions/A/libSparseBLAS.dylib
0x000000000403f000 	/System/Library/PrivateFrameworks/GPUCompiler.framework/libmetal_timestamp.dylib
0x000000000403f000 	/System/Library/Frameworks/OpenGL.framework/Versions/A/Libraries/libCoreFSCache.dylib
0x000000000403f000 	/System/Library/PrivateFrameworks/IOAccelerator.framework/Versions/A/IOAccelerator
0x000000000403f000 	/System/Library/Frameworks/ApplicationServices.framework/Versions/A/Frameworks/ATS.framework/Versions/A/Resources/libFontParser.dylib
0x000000000403f000 	/System/Library/Frameworks/ApplicationServices.framework/Versions/A/Frameworks/ATS.framework/Versions/A/Resources/libFontRegistry.dylib
0x000000000403f000 	/System/Library/PrivateFrameworks/AppleVPA.framework/Versions/A/AppleVPA
0x000000000403f000 	/System/Library/PrivateFrameworks/AppleJPEG.framework/Versions/A/AppleJPEG
0x000000000403f000 	/System/Library/Frameworks/ImageIO.framework/Versions/A/Resources/libJPEG.dylib
0x000000000403f000 	/System/Library/Frameworks/ImageIO.framework/Versions/A/Resources/libTIFF.dylib
0x000000000403f000 	/System/Library/Frameworks/ImageIO.framework/Versions/A/Resources/libPng.dylib
0x000000000403f000 	/System/Library/Frameworks/ImageIO.framework/Versions/A/Resources/libGIF.dylib
0x000000000403f000 	/System/Library/Frameworks/ImageIO.framework/Versions/A/Resources/libJP2.dylib
0x000000000403f000 	/System/Library/Frameworks/ImageIO.framework/Versions/A/Resources/libRadiance.dylib
0x000000000403f000 	/System/Library/Frameworks/CoreVideo.framework/Versions/A/CoreVideo
0x000000000403f000 	/System/Library/Frameworks/OpenGL.framework/Versions/A/Libraries/libGLU.dylib
0x000000000403f000 	/System/Library/Frameworks/OpenGL.framework/Versions/A/Libraries/libGFXShared.dylib
0x000000000403f000 	/System/Library/Frameworks/OpenGL.framework/Versions/A/Libraries/libGL.dylib
0x000000000403f000 	/System/Library/Frameworks/OpenGL.framework/Versions/A/Libraries/libGLImage.dylib
0x000000000403f000 	/System/Library/Frameworks/OpenGL.framework/Versions/A/Libraries/libCVMSPluginSupport.dylib
0x000000000403f000 	/System/Library/Frameworks/OpenGL.framework/Versions/A/Libraries/libCoreVMClient.dylib
0x000000000403f000 	/usr/lib/libcompression.dylib
0x000000000403f000 	/usr/lib/libcups.2.dylib
0x000000000403f000 	/System/Library/Frameworks/Kerberos.framework/Versions/A/Kerberos
0x000000000403f000 	/System/Library/Frameworks/GSS.framework/Versions/A/GSS
0x000000000403f000 	/usr/lib/libresolv.9.dylib
0x000000000403f000 	/usr/lib/libiconv.2.dylib
0x000000000403f000 	/System/Library/PrivateFrameworks/Heimdal.framework/Versions/A/Heimdal
0x000000000403f000 	/usr/lib/libheimdal-asn1.dylib
0x000000000403f000 	/System/Library/Frameworks/OpenDirectory.framework/Versions/A/OpenDirectory
0x000000000403f000 	/System/Library/PrivateFrameworks/CommonAuth.framework/Versions/A/CommonAuth
0x000000000403f000 	/System/Library/Frameworks/OpenDirectory.framework/Versions/A/Frameworks/CFOpenDirectory.framework/Versions/A/CFOpenDirectory
0x000000000403f000 	/System/Library/Frameworks/SecurityFoundation.framework/Versions/A/SecurityFoundation
0x000000000403f000 	/System/Library/PrivateFrameworks/LanguageModeling.framework/Versions/A/LanguageModeling
0x000000000403f000 	/usr/lib/libmarisa.dylib
0x000000000403f000 	/usr/lib/libChineseTokenizer.dylib
0x000000000403f000 	/usr/lib/libcmph.dylib
0x000000000403f000 	/System/Library/Frameworks/ServiceManagement.framework/Versions/A/ServiceManagement
0x000000000403f000 	/usr/lib/libxslt.1.dylib
0x000000000403f000 	/System/Library/Frameworks/Carbon.framework/Versions/A/Frameworks/Ink.framework/Versions/A/Ink
0x000000000403f000 	/usr/lib/libFosl_dynamic.dylib
0x000000000403f000 	/System/Library/PrivateFrameworks/FaceCore.framework/Versions/A/FaceCore
0x000000000403f000 	/System/Library/Frameworks/OpenCL.framework/Versions/A/OpenCL
0x000000000403f000 	/System/Library/PrivateFrameworks/CrashReporterSupport.framework/Versions/A/CrashReporterSupport
0x000000000403f000 	/System/Library/PrivateFrameworks/IconServices.framework/Versions/A/IconServices
0x000000000403f000 	/System/Library/PrivateFrameworks/Apple80211.framework/Versions/A/Apple80211
0x000000000403f000 	/System/Library/Frameworks/CoreWLAN.framework/Versions/A/CoreWLAN
0x000000000403f000 	/System/Library/Frameworks/IOBluetooth.framework/Versions/A/IOBluetooth
0x000000000403f000 	/System/Library/PrivateFrameworks/CoreWiFi.framework/Versions/A/CoreWiFi
0x000000000403f000 	/System/Library/Frameworks/CoreBluetooth.framework/Versions/A/CoreBluetooth
0x000000000403f000 	/System/Library/PrivateFrameworks/ChunkingLibrary.framework/Versions/A/ChunkingLibrary
0x000000000403f000 	/System/Library/PrivateFrameworks/DebugSymbols.framework/Versions/A/DebugSymbols
0x000000000403f000 	/System/Library/PrivateFrameworks/CoreSymbolication.framework/Versions/A/CoreSymbolication
0x000000000403f000 	/System/Library/PrivateFrameworks/Symbolication.framework/Versions/A/Symbolication
0x000000000403f000 	/System/Library/PrivateFrameworks/SpeechRecognitionCore.framework/Versions/A/SpeechRecognitionCore
0x000000010d000000 	/Applications/AnyLogic.app/Contents/jre/lib/server/libjvm.dylib
0x000000000403f000 	/usr/lib/libstdc++.6.dylib
0x000000010c7e2000 	/Applications/AnyLogic.app/Contents/jre/lib/libverify.dylib
0x000000010df86000 	/Applications/AnyLogic.app/Contents/jre/lib/libjava.dylib
0x000000010dfbb000 	/Applications/AnyLogic.app/Contents/jre/lib/libzip.dylib
0x000000011f7a9000 	/System/Library/Frameworks/JavaVM.framework/Frameworks/JavaRuntimeSupport.framework/JavaRuntimeSupport
0x000000011f7c4000 	/System/Library/Frameworks/JavaVM.framework/Versions/A/Frameworks/JavaNativeFoundation.framework/Versions/A/JavaNativeFoundation
0x000000011f7d9000 	/System/Library/Frameworks/JavaVM.framework/Versions/A/JavaVM
0x000000000403f000 	/System/Library/Frameworks/Carbon.framework/Versions/A/Carbon
0x000000011f7e6000 	/System/Library/PrivateFrameworks/JavaLaunching.framework/Versions/A/JavaLaunching
0x000000000403f000 	/System/Library/Frameworks/Carbon.framework/Versions/A/Frameworks/CommonPanels.framework/Versions/A/CommonPanels
0x000000000403f000 	/System/Library/Frameworks/Carbon.framework/Versions/A/Frameworks/Help.framework/Versions/A/Help
0x000000000403f000 	/System/Library/Frameworks/Carbon.framework/Versions/A/Frameworks/ImageCapture.framework/Versions/A/ImageCapture
0x000000000403f000 	/System/Library/Frameworks/Carbon.framework/Versions/A/Frameworks/OpenScripting.framework/Versions/A/OpenScripting
0x000000000403f000 	/System/Library/Frameworks/Carbon.framework/Versions/A/Frameworks/Print.framework/Versions/A/Print
0x000000000403f000 	/System/Library/Frameworks/Carbon.framework/Versions/A/Frameworks/SecurityHI.framework/Versions/A/SecurityHI
0x0000000121303000 	/Applications/AnyLogic.app/Contents/jre/lib/libawt.dylib
0x00000001213ab000 	/Applications/AnyLogic.app/Contents/jre/lib/./libmlib_image.dylib
0x0000000121477000 	/Applications/AnyLogic.app/Contents/jre/lib/libawt_lwawt.dylib
0x000000012152c000 	/Applications/AnyLogic.app/Contents/jre/lib/./libosxapp.dylib
0x000000000403f000 	/System/Library/Frameworks/ExceptionHandling.framework/Versions/A/ExceptionHandling
0x000000000403f000 	/System/Library/PrivateFrameworks/CoreServicesInternal.framework/Versions/A/CoreServicesInternal
0x000000000403f000 	/System/Library/Frameworks/CoreGraphics.framework/Versions/A/Resources/libRIP.A.dylib
0x000000000403f000 	/System/Library/Frameworks/Accelerate.framework/Versions/A/Frameworks/vImage.framework/Versions/A/Libraries/libCGInterfaces.dylib
0x000000000403f000 	/System/Library/Frameworks/CoreGraphics.framework/Versions/A/Resources/libCGXType.A.dylib
0x000000000403f000 	/System/Library/Frameworks/OpenCL.framework/Versions/A/Libraries/libcldcpuengine.dylib
0x000000000403f000 	/System/Library/PrivateFrameworks/DiskImages.framework/Versions/A/DiskImages
0x000000000403f000 	/System/Library/Frameworks/DiscRecording.framework/Versions/A/DiscRecording
0x000000000403f000 	/usr/lib/libcsfde.dylib
0x000000000403f000 	/usr/lib/libcurl.4.dylib
0x000000000403f000 	/System/Library/PrivateFrameworks/MediaKit.framework/Versions/A/MediaKit
0x000000000403f000 	/System/Library/PrivateFrameworks/ProtectedCloudStorage.framework/Versions/A/ProtectedCloudStorage
0x000000000403f000 	/usr/lib/libCoreStorage.dylib
0x000000000403f000 	/System/Library/PrivateFrameworks/EFILogin.framework/Versions/A/EFILogin
0x000000000403f000 	/usr/lib/libutil.dylib
0x000000000403f000 	/System/Library/PrivateFrameworks/FindMyDevice.framework/Versions/A/FindMyDevice
0x000000000403f000 	/System/Library/Frameworks/LDAP.framework/Versions/A/LDAP
0x000000000403f000 	/usr/lib/libsasl2.2.dylib
0x000000000403f000 	/System/Library/PrivateFrameworks/CoreDaemon.framework/Versions/B/CoreDaemon
0x000000000403f000 	/usr/lib/libcrypto.0.9.8.dylib
0x000000000403f000 	/System/Library/PrivateFrameworks/AppleSRP.framework/Versions/A/AppleSRP
0x000000000403f000 	/System/Library/PrivateFrameworks/TrustEvaluationAgent.framework/Versions/A/TrustEvaluationAgent
0x0000000123287000 	cl_kernels
0x000000000403f000 	/System/Library/Frameworks/OpenCL.framework/Versions/A/Libraries/ImageFormats/unorm8_bgra.dylib
0x000000000403f000 	/System/Library/Frameworks/OpenCL.framework/Versions/A/Libraries/ImageFormats/unorm8_rgba.dylib
0x000000000403f000 	/System/Library/PrivateFrameworks/FamilyControls.framework/Versions/A/FamilyControls
0x000000000403f000 	/System/Library/PrivateFrameworks/CommerceKit.framework/Versions/A/Frameworks/CommerceCore.framework/Versions/A/CommerceCore
0x000000000403f000 	/System/Library/PrivateFrameworks/SystemAdministration.framework/Versions/A/SystemAdministration
0x000000000403f000 	/System/Library/PrivateFrameworks/AppContainer.framework/Versions/A/AppContainer
0x000000000403f000 	/System/Library/PrivateFrameworks/SecCodeWrapper.framework/Versions/A/SecCodeWrapper
0x000000000403f000 	/System/Library/Frameworks/DirectoryService.framework/Versions/A/DirectoryService
0x000000000403f000 	/System/Library/PrivateFrameworks/LoginUIKit.framework/Versions/A/Frameworks/LoginUICore.framework/Versions/A/LoginUICore
0x000000000403f000 	/usr/lib/libodfde.dylib
0x00000001243a7000 	/Applications/AnyLogic.app/Contents/jre/lib/libfontmanager.dylib
0x00000001226a7000 	/Applications/AnyLogic.app/Contents/jre/lib/libosxui.dylib
0x000000000403f000 	/System/Library/Frameworks/OpenGL.framework/Versions/A/Resources/GLEngine.bundle/GLEngine
0x000000000403f000 	/System/Library/Frameworks/OpenGL.framework/Versions/A/Libraries/libGLProgrammability.dylib
0x0000000124e4c000 	/System/Library/Extensions/AppleIntelBDWGraphicsGLDriver.bundle/Contents/MacOS/AppleIntelBDWGraphicsGLDriver
0x000000000403f000 	/System/Library/PrivateFrameworks/GPUSupport.framework/Versions/A/Libraries/libGPUSupportMercury.dylib
0x000000000403f000 	/System/Library/Frameworks/OpenGL.framework/Versions/A/Resources/GLRendererFloat.bundle/GLRendererFloat
0x0000000126262000 	/Applications/AnyLogic.app/Contents/jre/lib/libnet.dylib
0x0000000126071000 	/Applications/AnyLogic.app/Contents/jre/lib/libnio.dylib
0x000000000403f000 	/System/Library/Frameworks/ApplicationServices.framework/Versions/A/Frameworks/ATS.framework/Versions/A/Resources/libTrueTypeScaler.dylib
0x000000017ac57000 	/System/Library/Extensions/AppleIntelBDWGraphicsMTLDriver.bundle/Contents/MacOS/AppleIntelBDWGraphicsMTLDriver
0x000000017790e000 	/Applications/AnyLogic.app/Contents/jre/lib/libdcpr.dylib
0x0000000125ba7000 	/Applications/AnyLogic.app/Contents/Resources/Java/plugins/org.j3d.opengl.swt.carbon.osx_0.7.0/libgluegen-rt.jnilib
0x0000000125bab000 	/Applications/AnyLogic.app/Contents/Resources/Java/plugins/org.j3d.opengl.swt.carbon.osx_0.7.0/libnativewindow_awt.jnilib
0x0000000125bae000 	/Applications/AnyLogic.app/Contents/jre/lib/libjawt.dylib
0x0000000125bb1000 	/Applications/AnyLogic.app/Contents/Resources/Java/plugins/org.j3d.opengl.swt.carbon.osx_0.7.0/libnativewindow_macosx.jnilib
0x000000017c445000 	/Applications/AnyLogic.app/Contents/Resources/Java/plugins/org.j3d.opengl.swt.carbon.osx_0.7.0/libjogl_desktop.jnilib

VM Arguments:
jvm_args: -Xmx256m -Dnativewindow.awt.nohidpi=true -DlanguageId_xjal=en0tafh9 -DFlowchartCountersVisible_xjal=true -DTileCachePath_xjal=/Applications/AnyLogic.app/Contents/Resources/Java/plugins/com.anylogic.gis_7.3.5.201608171835/tiles -DFlowchartPortStateAnimated_xjal=true -DuseProxy_xjal=false -Djava.library.path=/Applications/AnyLogic.app/Contents/Resources/Java/plugins/org.j3d.opengl.swt.carbon.osx_0.7.0:/Applications/AnyLogic.app/Contents/Resources/Java/plugins/org.j3d.opengl.swt.carbon.osx_0.7.0 -Dfile.encoding=UTF-8 
java_command: com.anylogic.ms.MS bank_2.Simulation 1772aee
java_class_path (initial): /Applications/AnyLogic.app/Contents/Resources/Java/plugins/com.anylogic.engine_7.3.5.201608171835/com.anylogic.engine.jar:/Applications/AnyLogic.app/Contents/Resources/Java/plugins/com.anylogic.engine_7.3.5.201608171835/com.anylogic.engine.al3d.jar:/Applications/AnyLogic.app/Contents/Resources/Java/plugins/com.anylogic.engine_7.3.5.201608171835/com.anylogic.engine.resources.jar:/Applications/AnyLogic.app/Contents/Resources/Java/plugins/com.anylogic.engine_7.3.5.201608171835/com.anylogic.engine.nl.jar:/Applications/AnyLogic.app/Contents/Resources/Java/plugins/com.anylogic.optimizer_7.3.5.201608171835/lib/OptQuest.jar:/Applications/AnyLogic.app/Contents/Resources/Java/plugins/com.anylogic.third_party_libraries_7.3.5.201608171835/lib/database/hsqldb.jar:/Applications/AnyLogic.app/Contents/Resources/Java/plugins/com.anylogic.third_party_libraries_7.3.5.201608171835/lib/database/querydsl/querydsl-sql-codegen-3.6.3.jar:/Applications/AnyLogic.app/Contents/Resources/Java/plugins/com.anylogic.third_party_libraries_7.3.5.201608171835/lib/database/querydsl/querydsl-core-3.6.3.jar:/Applications/AnyLogic.app/Contents/Resources/Java/plugins/com.anylogic.third_party_libraries_7.3.5.201608171835/lib/database/querydsl/querydsl-sql-3.6.3.jar:/Applications/AnyLogic.app/Contents/Resources/Java/plugins/com.anylogic.core_7.3.5.201608171835/com.anylogic.ms.jar:/Users/daniel/.AnyLogicPLE/Workspace7/Bank 2_BUILD/classes:/Applications/AnyLogic.app/Contents/Resources/Java/plugins/com.anylogic.process_modeling_library_7.3.5.201608171835/lib/ProcessModelingLibrary.jar:/Applications/AnyLogic.app/Contents/Resources/Java/plugins/com.anylogic.graphics3d_7.3.5.201608171835/lib/aviatrix3d-all_2.0.0.jar:/Applications/AnyLogic.app/Contents/Resources/Java/plugins/com.anylogic.graphics3d_7.3.5.201608171835/lib/j3d-org-elumens.jar:/Applications/AnyLogic.app/Contents/Resources/Java/plugins/com.anylogic.graphics3d_7.3.5.201608171835/lib/j3d-org-geom-core.jar:/Applications/AnyLog
Launcher Type: SUN_STANDARD

Environment Variables:
PATH=/usr/bin:/bin:/usr/sbin:/sbin
SHELL=/bin/bash

Signal Handlers:
SIGSEGV: [libjvm.dylib+0x5a65d5], sa_mask[0]=11111111011111110111111111111111, sa_flags=SA_ONSTACK|SA_RESTART|SA_SIGINFO
SIGBUS: [libjvm.dylib+0x5a65d5], sa_mask[0]=11111111011111110111111111111111, sa_flags=SA_RESTART|SA_SIGINFO
SIGFPE: [libjvm.dylib+0x4802e8], sa_mask[0]=11111111011111110111111111111111, sa_flags=SA_RESTART|SA_SIGINFO
SIGPIPE: [libjvm.dylib+0x4802e8], sa_mask[0]=11111111011111110111111111111111, sa_flags=SA_RESTART|SA_SIGINFO
SIGXFSZ: [libjvm.dylib+0x4802e8], sa_mask[0]=11111111011111110111111111111111, sa_flags=SA_RESTART|SA_SIGINFO
SIGILL: [libjvm.dylib+0x4802e8], sa_mask[0]=11111111011111110111111111111111, sa_flags=SA_RESTART|SA_SIGINFO
SIGUSR1: SIG_DFL, sa_mask[0]=00000000000000000000000000000000, sa_flags=none
SIGUSR2: [libjvm.dylib+0x47fe06], sa_mask[0]=00100000000000000000000000000000, sa_flags=SA_RESTART|SA_SIGINFO
SIGHUP: [libjvm.dylib+0x47e3dd], sa_mask[0]=11111111011111110111111111111111, sa_flags=SA_RESTART|SA_SIGINFO
SIGINT: [libjvm.dylib+0x47e3dd], sa_mask[0]=11111111011111110111111111111111, sa_flags=SA_RESTART|SA_SIGINFO
SIGTERM: [libjvm.dylib+0x47e3dd], sa_mask[0]=11111111011111110111111111111111, sa_flags=SA_RESTART|SA_SIGINFO
SIGQUIT: [libjvm.dylib+0x47e3dd], sa_mask[0]=11111111011111110111111111111111, sa_flags=SA_RESTART|SA_SIGINFO


---------------  S Y S T E M  ---------------

OS:Bsduname:Darwin 15.6.0 Darwin Kernel Version 15.6.0: Mon Aug 29 20:21:34 PDT 2016; root:xnu-3248.60.11~1/RELEASE_X86_64 x86_64
rlimit: STACK 8192k, CORE 0k, NPROC 709, NOFILE 10240, AS infinity
load average:2.09 1.76 1.73

CPU:total 4 (2 cores per cpu, 2 threads per core) family 6 model 61 stepping 4, cmov, cx8, fxsr, mmx, sse, sse2, sse3, ssse3, sse4.1, sse4.2, popcnt, avx, avx2, aes, clmul, erms, 3dnowpref, lzcnt, ht, tsc, tscinvbit, bmi1, bmi2, adx

Memory: 4k page, physical 8388608k(103028k free)

/proc/meminfo:


vm_info: Java HotSpot(TM) 64-Bit Server VM (25.66-b17) for bsd-amd64 JRE (1.8.0_66-b17), built on Oct  6 2015 16:09:13 by "java_re" with gcc 4.2.1 (Based on Apple Inc. build 5658) (LLVM build 2336.11.00)

time: Fri Sep 30 09:11:56 2016
elapsed time: 65 seconds (0d 0h 1m 5s)

