#
# A fatal error has been detected by the Java Runtime Environment:
#
#  SIGSEGV (0xb) at pc=0x00007fff959144dd, pid=726, tid=2571
#
# JRE version: Java(TM) SE Runtime Environment (8.0_66-b17) (build 1.8.0_66-b17)
# Java VM: Java HotSpot(TM) 64-Bit Server VM (25.66-b17 mixed mode bsd-amd64 compressed oops)
# Problematic frame:
# C  [libobjc.A.dylib+0x14dd]  objc_msgSend+0x1d
#
# Failed to write core dump. Core dumps have been disabled. To enable core dumping, try "ulimit -c unlimited" before starting Java again
#
# If you would like to submit a bug report, please visit:
#   http://bugreport.java.com/bugreport/crash.jsp
# The crash happened outside the Java Virtual Machine in native code.
# See problematic frame for where to report the bug.
#

---------------  T H R E A D  ---------------

Current thread (0x00007fe761115000):  JavaThread "AWT-AppKit" daemon [_thread_in_native, id=2571, stack(0x00007fff5a205000,0x00007fff5aa05000)]

siginfo: si_signo: 11 (SIGSEGV), si_code: 1 (SEGV_MAPERR), si_addr: 0x0000000000000018

Registers:
RAX=0x00007fe764c8a7a0, RBX=0x000000011e84a450, RCX=0x0000000170d60b00, RDX=0x0000000170d60620
RSP=0x00007fff5a9fe868, RBP=0x00007fff5a9fe920, RSI=0x00007fff91112cbe, RDI=0x00007fe760503990
R8 =0x0000000000000000, R9 =0x00000000000008b0, R10=0x00007fff91112cbe, R11=0x0000000000000000
R12=0x0000000000000000, R13=0x000000017c5a0110, R14=0x000000011e84a440, R15=0x00007fe761115000
RIP=0x00007fff959144dd, EFLAGS=0x0000000000010246, ERR=0x0000000000000004
  TRAPNO=0x000000000000000e

Top of Stack: (sp=0x00007fff5a9fe868)
0x00007fff5a9fe868:   000000011e848157 00007fe76064ae20
0x00007fff5a9fe878:   00007fe76064ae20 ffffffffffffffff
0x00007fff5a9fe888:   00007fe76064ae20 00007fe7648b4f90
0x00007fff5a9fe898:   0000000000000001 00007fe764c8a7a0
0x00007fff5a9fe8a8:   000000011e84a6a0 000000011e84a710
0x00007fff5a9fe8b8:   00007fff77a6e770 00007fff75144500
0x00007fff5a9fe8c8:   000000011e84a450 000000011e84a690
0x00007fff5a9fe8d8:   00007fe764c8a7a0 00007fe760503990
0x00007fff5a9fe8e8:   00007fe764c77020 00007fe764c8a7a0
0x00007fff5a9fe8f8:   00007fe760503990 00007fff5a9fe9a8
0x00007fff5a9fe908:   00007fe7611151f8 000000017c5a0110
0x00007fff5a9fe918:   00007fff5a9fe9d0 00007fff5a9fe998
0x00007fff5a9fe928:   0000000106c6d954 00007fff5a9ff1c0
0x00007fff5a9fe938:   00007fff96668cfc 0000000105219a00
0x00007fff5a9fe948:   0000000000000009 00007fe764c662a0
0x00007fff5a9fe958:   00007fff5a9fe958 0000000000000000
0x00007fff5a9fe968:   00007fff5a9fe9d0 000000017c5a2d48
0x00007fff5a9fe978:   0000000000000000 000000017c5a0110
0x00007fff5a9fe988:   0000000000000000 00007fff5a9fe9b8
0x00007fff5a9fe998:   00007fff5a9fea18 0000000106c5fc4d
0x00007fff5a9fe9a8:   00000007b0c742e0 0000000106c67578
0x00007fff5a9fe9b8:   00007fe764c8a7a0 00007fff778db590
0x00007fff5a9fe9c8:   00007fe760503990 00007fff5a9fea38
0x00007fff5a9fe9d8:   00007fff5a9fe9d8 000000017c5a02da
0x00007fff5a9fe9e8:   00007fff5a9fea40 000000017c5a2d48
0x00007fff5a9fe9f8:   0000000000000000 000000017c5a02e8
0x00007fff5a9fea08:   00007fff5a9fe9b8 00007fff5a9fea28
0x00007fff5a9fea18:   00007fff5a9fea88 0000000106c5fc4d
0x00007fff5a9fea28:   00007fe764c8a7a0 00000007b1743370
0x00007fff5a9fea38:   00007fe760503990 00000007b1743370
0x00007fff5a9fea48:   00007fff5a9fea48 000000011be63776
0x00007fff5a9fea58:   00007fff5a9fea98 000000011be63830 

Instructions: (pc=0x00007fff959144dd)
0x00007fff959144bd:   44 00 00 48 85 ff 2e 74 62 40 f6 c7 01 2e 75 66
0x00007fff959144cd:   49 bb f8 ff ff ff ff 7f 00 00 4c 23 1f 49 89 f2
0x00007fff959144dd:   45 23 53 18 49 c1 e2 04 4d 03 53 10 49 3b 32 75
0x00007fff959144ed:   04 41 ff 62 08 49 83 3a 01 76 0d 49 83 c2 10 49 

Register to memory mapping:

RAX=0x00007fe764c8a7a0 is an unknown value
RBX=0x000000011e84a450: Java_jogamp_nativewindow_macosx_OSXUtil_GetScreenRefreshRate0+0x1cf0 in /Applications/AnyLogic.app/Contents/Resources/Java/plugins/org.j3d.opengl.swt.carbon.osx_0.7.0/libnativewindow_macosx.jnilib at 0x000000011e843000
RCX=0x0000000170d60b00 is an unknown value
RDX=0x0000000170d60620 is an unknown value
RSP=0x00007fff5a9fe868 is pointing into the stack for thread: 0x00007fe761115000
RBP=0x00007fff5a9fe920 is pointing into the stack for thread: 0x00007fe761115000
RSI=0x00007fff91112cbe is an unknown value
RDI=0x00007fe760503990 is an unknown value
R8 =0x0000000000000000 is an unknown value
R9 =0x00000000000008b0 is an unknown value
R10=0x00007fff91112cbe is an unknown value
R11=0x0000000000000000 is an unknown value
R12=0x0000000000000000 is an unknown value
R13={method} {0x000000017c5a0110} 'UnsetJAWTRootSurfaceLayer0' '(JJ)V' in 'jogamp/nativewindow/jawt/macosx/MacOSXJAWTWindow'
R14=0x000000011e84a440: Java_jogamp_nativewindow_macosx_OSXUtil_GetScreenRefreshRate0+0x1ce0 in /Applications/AnyLogic.app/Contents/Resources/Java/plugins/org.j3d.opengl.swt.carbon.osx_0.7.0/libnativewindow_macosx.jnilib at 0x000000011e843000
R15=0x00007fe761115000 is a thread


Stack: [0x00007fff5a205000,0x00007fff5aa05000],  sp=0x00007fff5a9fe868,  free space=8166k
Native frames: (J=compiled Java code, j=interpreted, Vv=VM code, C=native code)
C  [libobjc.A.dylib+0x14dd]  objc_msgSend+0x1d
j  jogamp.nativewindow.jawt.macosx.MacOSXJAWTWindow.UnsetJAWTRootSurfaceLayer0(JJ)V+0
j  jogamp.nativewindow.jawt.macosx.MacOSXJAWTWindow.access$200(JJ)V+2
j  jogamp.nativewindow.jawt.macosx.MacOSXJAWTWindow$1.run()V+38
J 4468 C1 com.jogamp.common.util.RunnableTask.run()V (345 bytes) @ 0x0000000107a11994 [0x0000000107a11800+0x194]
v  ~StubRoutines::call_stub
V  [libjvm.dylib+0x2ea35e]
V  [libjvm.dylib+0x321467]
V  [libjvm.dylib+0x313c3b]
C  [libnativewindow_macosx.jnilib+0x5326]  Java_jogamp_nativewindow_jawt_macosx_MacOSXJAWTWindow_UnsetJAWTRootSurfaceLayer0+0x2b6
C  [Foundation+0x76fde]  __NSThreadPerformPerform+0x117
C  [CoreFoundation+0xaa881]  __CFRUNLOOP_IS_CALLING_OUT_TO_A_SOURCE0_PERFORM_FUNCTION__+0x11
C  [CoreFoundation+0x89f37]  __CFRunLoopDoSources0+0x1a7
C  [CoreFoundation+0x894df]  __CFRunLoopRun+0x39f
C  [CoreFoundation+0x88ed8]  CFRunLoopRunSpecific+0x128
C  [HIToolbox+0x30935]  RunCurrentEventLoopInMode+0xeb
C  [HIToolbox+0x30677]  ReceiveNextEventCommon+0xb8
C  [HIToolbox+0x305af]  _BlockUntilNextEventMatchingListInModeWithFilter+0x47
C  [AppKit+0x48df6]  _DPSNextEvent+0x42b
C  [AppKit+0x48226]  -[NSApplication _nextEventMatchingEventMask:untilDate:inMode:dequeue:]+0x1c6
C  [libosxapp.dylib+0x23aa]  -[NSApplicationAWT nextEventMatchingMask:untilDate:inMode:dequeue:]+0x7c
C  [AppKit+0x3cd80]  -[NSApplication run]+0x2aa
C  [libosxapp.dylib+0x214d]  +[NSApplicationAWT runAWTLoopWithApp:]+0x9c
C  [libawt_lwawt.dylib+0x4455b]  -[AWTStarter starter:]+0x389
C  [Foundation+0x76fde]  __NSThreadPerformPerform+0x117
C  [CoreFoundation+0xaa881]  __CFRUNLOOP_IS_CALLING_OUT_TO_A_SOURCE0_PERFORM_FUNCTION__+0x11
C  [CoreFoundation+0x89fbc]  __CFRunLoopDoSources0+0x22c
C  [CoreFoundation+0x894df]  __CFRunLoopRun+0x39f
C  [CoreFoundation+0x88ed8]  CFRunLoopRunSpecific+0x128
C  [java+0x6463]  CreateExecutionEnvironment+0x367
C  [java+0x21ac]  JLI_Launch+0x7a0
C  [java+0x84c0]  main+0x65
C  [java+0x1a04]  start+0x34
C  0x0000000000000010

Java frames: (J=compiled Java code, j=interpreted, Vv=VM code)
j  jogamp.nativewindow.jawt.macosx.MacOSXJAWTWindow.UnsetJAWTRootSurfaceLayer0(JJ)V+0
j  jogamp.nativewindow.jawt.macosx.MacOSXJAWTWindow.access$200(JJ)V+2
j  jogamp.nativewindow.jawt.macosx.MacOSXJAWTWindow$1.run()V+38
J 4468 C1 com.jogamp.common.util.RunnableTask.run()V (345 bytes) @ 0x0000000107a11994 [0x0000000107a11800+0x194]
v  ~StubRoutines::call_stub

---------------  P R O C E S S  ---------------

Java Threads: ( => current thread )
  0x00007fe7659a9800 JavaThread "AnyLogic user input event processor" daemon [_thread_blocked, id=62291, stack(0x0000700001765000,0x0000700001865000)]
  0x00007fe765eab000 JavaThread "AnyLogic model execution control handler" daemon [_thread_blocked, id=37499, stack(0x00007000014dc000,0x00007000015dc000)]
  0x00007fe761116000 JavaThread "Image Fetcher 0" daemon [_thread_blocked, id=13991, stack(0x000070000104a000,0x000070000114a000)]
  0x00007fe760c20800 JavaThread "AV3D Runtime" [_thread_blocked, id=68531, stack(0x0000700002103000,0x0000700002203000)]
  0x00007fe761b3b000 JavaThread "Xj3D Content Loader" [_thread_blocked, id=65539, stack(0x0000700002000000,0x0000700002100000)]
  0x00007fe761658800 JavaThread "Xj3D Content Loader" [_thread_blocked, id=65027, stack(0x0000700001efd000,0x0000700001ffd000)]
  0x00007fe761657800 JavaThread "Xj3D Content Loader" [_thread_blocked, id=64051, stack(0x0000700001dfa000,0x0000700001efa000)]
  0x00007fe7614ac000 JavaThread "AnyLogic presentation frame manager" daemon [_thread_blocked, id=60203, stack(0x0000700001a6e000,0x0000700001b6e000)]
  0x00007fe760c31800 JavaThread "TimerQueue" daemon [_thread_blocked, id=59667, stack(0x000070000196b000,0x0000700001a6b000)]
  0x00007fe761428000 JavaThread "DestroyJavaVM" [_thread_blocked, id=5379, stack(0x0000700000097000,0x0000700000197000)]
  0x00007fe761ac8800 JavaThread "AnyLogic simulation performance monitor" [_thread_blocked, id=59163, stack(0x0000700001868000,0x0000700001968000)]
  0x00007fe760ad2800 JavaThread "AWT-EventQueue-0" [_thread_in_native, id=55055, stack(0x00007000015df000,0x00007000016df000)]
  0x00007fe7609e2000 JavaThread "Java2D Disposer" daemon [_thread_blocked, id=52739, stack(0x00007000013d9000,0x00007000014d9000)]
  0x00007fe760989000 JavaThread "Java2D Queue Flusher" daemon [_thread_blocked, id=49671, stack(0x00007000012d6000,0x00007000013d6000)]
  0x00007fe762192000 JavaThread "AWT-Shutdown" [_thread_blocked, id=29459, stack(0x0000700001150000,0x0000700001250000)]
=>0x00007fe761115000 JavaThread "AWT-AppKit" daemon [_thread_in_native, id=2571, stack(0x00007fff5a205000,0x00007fff5aa05000)]
  0x00007fe76205c000 JavaThread "Service Thread" daemon [_thread_blocked, id=18691, stack(0x0000700000e44000,0x0000700000f44000)]
  0x00007fe761042000 JavaThread "C1 CompilerThread2" daemon [_thread_blocked, id=18179, stack(0x0000700000d41000,0x0000700000e41000)]
  0x00007fe762041800 JavaThread "C2 CompilerThread1" daemon [_thread_blocked, id=17667, stack(0x0000700000c3e000,0x0000700000d3e000)]
  0x00007fe761824800 JavaThread "C2 CompilerThread0" daemon [_thread_blocked, id=17155, stack(0x0000700000b3b000,0x0000700000c3b000)]
  0x00007fe761044000 JavaThread "Signal Dispatcher" daemon [_thread_blocked, id=12815, stack(0x0000700000a38000,0x0000700000b38000)]
  0x00007fe762011000 JavaThread "Finalizer" daemon [_thread_blocked, id=12291, stack(0x000070000082f000,0x000070000092f000)]
  0x00007fe761034800 JavaThread "Reference Handler" daemon [_thread_blocked, id=11779, stack(0x000070000072c000,0x000070000082c000)]

Other Threads:
  0x00007fe762010800 VMThread [stack: 0x0000700000629000,0x0000700000729000] [id=11267]
  0x00007fe76081d800 WatcherThread [stack: 0x0000700000f47000,0x0000700001047000] [id=19203]

VM state:not at safepoint (normal execution)

VM Mutex/Monitor currently owned by a thread: None

Heap:
 PSYoungGen      total 57856K, used 12754K [0x00000007bab00000, 0x00000007bff80000, 0x00000007c0000000)
  eden space 29184K, 43% used [0x00000007bab00000,0x00000007bb774890,0x00000007bc780000)
  from space 28672K, 0% used [0x00000007bc780000,0x00000007bc780000,0x00000007be380000)
  to   space 28672K, 0% used [0x00000007be380000,0x00000007be380000,0x00000007bff80000)
 ParOldGen       total 118784K, used 38532K [0x00000007b0000000, 0x00000007b7400000, 0x00000007bab00000)
  object space 118784K, 32% used [0x00000007b0000000,0x00000007b25a1340,0x00000007b7400000)
 Metaspace       used 33536K, capacity 33951K, committed 34304K, reserved 1079296K
  class space    used 4222K, capacity 4341K, committed 4352K, reserved 1048576K

Card table byte_map: [0x0000000116018000,0x0000000116099000] byte_map_base: 0x0000000112298000

Marking Bits: (ParMarkBitMap*) 0x0000000105d54e20
 Begin Bits: [0x00000001160ef000, 0x00000001164ef000)
 End Bits:   [0x00000001164ef000, 0x00000001168ef000)

Polling page: 0x00000001063fd000

CodeCache: size=245760Kb used=18828Kb max_used=18886Kb free=226931Kb
 bounds [0x0000000106c58000, 0x0000000107ef8000, 0x0000000115c58000]
 total_blobs=6613 nmethods=5535 adapters=988
 compilation: enabled

Compilation events (10 events):
Event: 74.035 Thread 0x00007fe761042000 6705       3       java.awt.Component::applyCurrentShapeBelowMe (63 bytes)
Event: 74.035 Thread 0x00007fe761824800 6706   !   4       javax.swing.JComponent::putClientProperty (107 bytes)
Event: 74.037 Thread 0x00007fe761042000 nmethod 6705 0x0000000107010d50 code [0x00000001070110a0, 0x0000000107013008]
Event: 74.038 Thread 0x00007fe762041800 6707       4       java.awt.Component::isMixingNeeded (269 bytes)
Event: 74.056 Thread 0x00007fe761042000 6709       3       javax.swing.DefaultButtonModel::fireStateChanged (68 bytes)
Event: 74.058 Thread 0x00007fe761042000 nmethod 6709 0x0000000107602690 code [0x0000000107602860, 0x0000000107602ff8]
Event: 74.061 Thread 0x00007fe762041800 nmethod 6707 0x0000000106ec1f10 code [0x0000000106ec2120, 0x0000000106ec2898]
Event: 74.063 Thread 0x00007fe762041800 6708   !   4       sun.java2d.SunGraphics2D::drawImage (145 bytes)
Event: 74.076 Thread 0x00007fe762041800 nmethod 6708 0x000000010731a990 code [0x000000010731aba0, 0x000000010731b290]
Event: 74.077 Thread 0x00007fe762041800 6710       4       sun.java2d.pipe.Region::getIntersection (132 bytes)

GC Heap History (10 events):
Event: 60.252 GC heap before
{Heap before GC invocations=17 (full 3):
 PSYoungGen      total 58368K, used 603K [0x00000007bab00000, 0x00000007c0000000, 0x00000007c0000000)
  eden space 29696K, 2% used [0x00000007bab00000,0x00000007bab96d18,0x00000007bc800000)
  from space 28672K, 0% used [0x00000007bc800000,0x00000007bc800000,0x00000007be400000)
  to   space 28672K, 0% used [0x00000007be400000,0x00000007be400000,0x00000007c0000000)
 ParOldGen       total 118784K, used 38521K [0x00000007b0000000, 0x00000007b7400000, 0x00000007bab00000)
  object space 118784K, 32% used [0x00000007b0000000,0x00000007b259e7e8,0x00000007b7400000)
 Metaspace       used 33390K, capacity 33759K, committed 34048K, reserved 1079296K
  class space    used 4222K, capacity 4341K, committed 4352K, reserved 1048576K
Event: 60.253 GC heap after
Heap after GC invocations=17 (full 3):
 PSYoungGen      total 58368K, used 128K [0x00000007bab00000, 0x00000007c0000000, 0x00000007c0000000)
  eden space 29696K, 0% used [0x00000007bab00000,0x00000007bab00000,0x00000007bc800000)
  from space 28672K, 0% used [0x00000007be400000,0x00000007be420000,0x00000007c0000000)
  to   space 28672K, 0% used [0x00000007bc800000,0x00000007bc800000,0x00000007be400000)
 ParOldGen       total 118784K, used 38521K [0x00000007b0000000, 0x00000007b7400000, 0x00000007bab00000)
  object space 118784K, 32% used [0x00000007b0000000,0x00000007b259e7e8,0x00000007b7400000)
 Metaspace       used 33390K, capacity 33759K, committed 34048K, reserved 1079296K
  class space    used 4222K, capacity 4341K, committed 4352K, reserved 1048576K
}
Event: 63.381 GC heap before
{Heap before GC invocations=18 (full 3):
 PSYoungGen      total 58368K, used 26659K [0x00000007bab00000, 0x00000007c0000000, 0x00000007c0000000)
  eden space 29696K, 89% used [0x00000007bab00000,0x00000007bc4e8eb8,0x00000007bc800000)
  from space 28672K, 0% used [0x00000007be400000,0x00000007be420000,0x00000007c0000000)
  to   space 28672K, 0% used [0x00000007bc800000,0x00000007bc800000,0x00000007be400000)
 ParOldGen       total 118784K, used 38521K [0x00000007b0000000, 0x00000007b7400000, 0x00000007bab00000)
  object space 118784K, 32% used [0x00000007b0000000,0x00000007b259e7e8,0x00000007b7400000)
 Metaspace       used 33479K, capacity 33823K, committed 34048K, reserved 1079296K
  class space    used 4222K, capacity 4341K, committed 4352K, reserved 1048576K
Event: 63.385 GC heap after
Heap after GC invocations=18 (full 3):
 PSYoungGen      total 39424K, used 10117K [0x00000007bab00000, 0x00000007bff80000, 0x00000007c0000000)
  eden space 29184K, 0% used [0x00000007bab00000,0x00000007bab00000,0x00000007bc780000)
  from space 10240K, 98% used [0x00000007bc800000,0x00000007bd1e14b0,0x00000007bd200000)
  to   space 28672K, 0% used [0x00000007be380000,0x00000007be380000,0x00000007bff80000)
 ParOldGen       total 118784K, used 38561K [0x00000007b0000000, 0x00000007b7400000, 0x00000007bab00000)
  object space 118784K, 32% used [0x00000007b0000000,0x00000007b25a87e8,0x00000007b7400000)
 Metaspace       used 33479K, capacity 33823K, committed 34048K, reserved 1079296K
  class space    used 4222K, capacity 4341K, committed 4352K, reserved 1048576K
}
Event: 64.706 GC heap before
{Heap before GC invocations=19 (full 3):
 PSYoungGen      total 39424K, used 39301K [0x00000007bab00000, 0x00000007bff80000, 0x00000007c0000000)
  eden space 29184K, 100% used [0x00000007bab00000,0x00000007bc780000,0x00000007bc780000)
  from space 10240K, 98% used [0x00000007bc800000,0x00000007bd1e14b0,0x00000007bd200000)
  to   space 28672K, 0% used [0x00000007be380000,0x00000007be380000,0x00000007bff80000)
 ParOldGen       total 118784K, used 39161K [0x00000007b0000000, 0x00000007b7400000, 0x00000007bab00000)
  object space 118784K, 32% used [0x00000007b0000000,0x00000007b263e6c8,0x00000007b7400000)
 Metaspace       used 33522K, capacity 33951K, committed 34304K, reserved 1079296K
  class space    used 4222K, capacity 4341K, committed 4352K, reserved 1048576K
Event: 64.711 GC heap after
Heap after GC invocations=19 (full 3):
 PSYoungGen      total 57856K, used 5210K [0x00000007bab00000, 0x00000007bff80000, 0x00000007c0000000)
  eden space 29184K, 0% used [0x00000007bab00000,0x00000007bab00000,0x00000007bc780000)
  from space 28672K, 18% used [0x00000007be380000,0x00000007be8969e8,0x00000007bff80000)
  to   space 28672K, 0% used [0x00000007bc780000,0x00000007bc780000,0x00000007be380000)
 ParOldGen       total 118784K, used 44416K [0x00000007b0000000, 0x00000007b7400000, 0x00000007bab00000)
  object space 118784K, 37% used [0x00000007b0000000,0x00000007b2b603b8,0x00000007b7400000)
 Metaspace       used 33522K, capacity 33951K, committed 34304K, reserved 1079296K
  class space    used 4222K, capacity 4341K, committed 4352K, reserved 1048576K
}
Event: 73.858 GC heap before
{Heap before GC invocations=20 (full 3):
 PSYoungGen      total 57856K, used 29472K [0x00000007bab00000, 0x00000007bff80000, 0x00000007c0000000)
  eden space 29184K, 83% used [0x00000007bab00000,0x00000007bc2b1838,0x00000007bc780000)
  from space 28672K, 18% used [0x00000007be380000,0x00000007be8969e8,0x00000007bff80000)
  to   space 28672K, 0% used [0x00000007bc780000,0x00000007bc780000,0x00000007be380000)
 ParOldGen       total 118784K, used 44416K [0x00000007b0000000, 0x00000007b7400000, 0x00000007bab00000)
  object space 118784K, 37% used [0x00000007b0000000,0x00000007b2b603b8,0x00000007b7400000)
 Metaspace       used 33535K, capacity 33951K, committed 34304K, reserved 1079296K
  class space    used 4222K, capacity 4341K, committed 4352K, reserved 1048576K
Event: 73.863 GC heap after
Heap after GC invocations=20 (full 3):
 PSYoungGen      total 57856K, used 18854K [0x00000007bab00000, 0x00000007bff80000, 0x00000007c0000000)
  eden space 29184K, 0% used [0x00000007bab00000,0x00000007bab00000,0x00000007bc780000)
  from space 28672K, 65% used [0x00000007bc780000,0x00000007bd9e9ad0,0x00000007be380000)
  to   space 28672K, 0% used [0x00000007be380000,0x00000007be380000,0x00000007bff80000)
 ParOldGen       total 118784K, used 47798K [0x00000007b0000000, 0x00000007b7400000, 0x00000007bab00000)
  object space 118784K, 40% used [0x00000007b0000000,0x00000007b2eadbd0,0x00000007b7400000)
 Metaspace       used 33535K, capacity 33951K, committed 34304K, reserved 1079296K
  class space    used 4222K, capacity 4341K, committed 4352K, reserved 1048576K
}
Event: 73.863 GC heap before
{Heap before GC invocations=21 (full 4):
 PSYoungGen      total 57856K, used 18854K [0x00000007bab00000, 0x00000007bff80000, 0x00000007c0000000)
  eden space 29184K, 0% used [0x00000007bab00000,0x00000007bab00000,0x00000007bc780000)
  from space 28672K, 65% used [0x00000007bc780000,0x00000007bd9e9ad0,0x00000007be380000)
  to   space 28672K, 0% used [0x00000007be380000,0x00000007be380000,0x00000007bff80000)
 ParOldGen       total 118784K, used 47798K [0x00000007b0000000, 0x00000007b7400000, 0x00000007bab00000)
  object space 118784K, 40% used [0x00000007b0000000,0x00000007b2eadbd0,0x00000007b7400000)
 Metaspace       used 33535K, capacity 33951K, committed 34304K, reserved 1079296K
  class space    used 4222K, capacity 4341K, committed 4352K, reserved 1048576K
Event: 73.961 GC heap after
Heap after GC invocations=21 (full 4):
 PSYoungGen      total 57856K, used 0K [0x00000007bab00000, 0x00000007bff80000, 0x00000007c0000000)
  eden space 29184K, 0% used [0x00000007bab00000,0x00000007bab00000,0x00000007bc780000)
  from space 28672K, 0% used [0x00000007bc780000,0x00000007bc780000,0x00000007be380000)
  to   space 28672K, 0% used [0x00000007be380000,0x00000007be380000,0x00000007bff80000)
 ParOldGen       total 118784K, used 38532K [0x00000007b0000000, 0x00000007b7400000, 0x00000007bab00000)
  object space 118784K, 32% used [0x00000007b0000000,0x00000007b25a1340,0x00000007b7400000)
 Metaspace       used 33535K, capacity 33951K, committed 34304K, reserved 1079296K
  class space    used 4222K, capacity 4341K, committed 4352K, reserved 1048576K
}

Deoptimization events (10 events):
Event: 64.405 Thread 0x00007fe760cce800 Uncommon trap: reason=speculate_class_check action=maybe_recompile pc=0x0000000107ec1c64 method=com.anylogic.engine.Agent.a(Ljava/lang/Class;Lcom/anylogic/engine/AgentExtension;)Lcom/anylogic/engine/AgentExtension; @ 26
Event: 64.405 Thread 0x00007fe760cce800 Uncommon trap: reason=unstable_if action=reinterpret pc=0x0000000107da8770 method=com.anylogic.engine.e.a(Lcom/anylogic/engine/g;)V @ 466
Event: 64.624 Thread 0x00007fe760c20800 Uncommon trap: reason=predicate action=maybe_recompile pc=0x000000010701b3b0 method=java.util.TimSort.binarySort([Ljava/lang/Object;IIILjava/util/Comparator;)V @ 37
Event: 64.625 Thread 0x00007fe760c20800 Uncommon trap: reason=array_check action=maybe_recompile pc=0x0000000107576ea0 method=java.util.TimSort.binarySort([Ljava/lang/Object;IIILjava/util/Comparator;)V @ 215
Event: 64.659 Thread 0x00007fe760c20800 Uncommon trap: reason=array_check action=maybe_recompile pc=0x0000000107576ea0 method=java.util.TimSort.binarySort([Ljava/lang/Object;IIILjava/util/Comparator;)V @ 215
Event: 64.659 Thread 0x00007fe760c20800 Uncommon trap: reason=array_check action=maybe_recompile pc=0x0000000107576ea0 method=java.util.TimSort.binarySort([Ljava/lang/Object;IIILjava/util/Comparator;)V @ 215
Event: 64.715 Thread 0x00007fe760c20800 Uncommon trap: reason=array_check action=maybe_recompile pc=0x0000000107646b24 method=java.util.TimSort.binarySort([Ljava/lang/Object;IIILjava/util/Comparator;)V @ 193
Event: 64.715 Thread 0x00007fe760c20800 Uncommon trap: reason=array_check action=maybe_recompile pc=0x0000000107646c14 method=java.util.TimSort.binarySort([Ljava/lang/Object;IIILjava/util/Comparator;)V @ 183
Event: 64.715 Thread 0x00007fe760c20800 Uncommon trap: reason=array_check action=maybe_recompile pc=0x0000000107646c14 method=java.util.TimSort.binarySort([Ljava/lang/Object;IIILjava/util/Comparator;)V @ 183
Event: 64.716 Thread 0x00007fe760c20800 Uncommon trap: reason=array_check action=maybe_recompile pc=0x0000000107576ea0 method=java.util.TimSort.binarySort([Ljava/lang/Object;IIILjava/util/Comparator;)V @ 215

Internal exceptions (10 events):
Event: 33.495 Thread 0x00007fe767279800 Implicit null exception at 0x0000000107673640 to 0x00000001076767b9
Event: 33.613 Thread 0x00007fe762011000 Exception <a 'java/lang/NullPointerException'> (0x00000007bab7ded8) thrown at [/HUDSON3/workspace/8-2-build-macosx-x86_64/jdk8u66/4988/hotspot/src/share/vm/interpreter/linkResolver.cpp, line 1178]
Event: 33.623 Thread 0x00007fe761b24000 Implicit null exception at 0x00000001079eeebf to 0x00000001079f1b8d
Event: 35.048 Thread 0x00007fe760ad2800 Implicit null exception at 0x0000000107820804 to 0x00000001078208a5
Event: 35.049 Thread 0x00007fe766314000 Implicit null exception at 0x000000010784760d to 0x0000000107848331
Event: 35.092 Thread 0x00007fe766314000 Implicit null exception at 0x0000000107006b93 to 0x0000000107006d49
Event: 35.124 Thread 0x00007fe766314000 Implicit null exception at 0x00000001076843ea to 0x0000000107684455
Event: 35.125 Thread 0x00007fe766314000 Implicit null exception at 0x000000010768392c to 0x000000010768395d
Event: 35.125 Thread 0x00007fe766314000 Implicit null exception at 0x00000001076836ac to 0x00000001076836e1
Event: 35.139 Thread 0x00007fe766314000 Implicit null exception at 0x000000010785e3aa to 0x000000010785ee31

Events (10 events):
Event: 73.963 Executing VM operation: RevokeBias
Event: 73.964 Executing VM operation: RevokeBias done
Event: 73.971 Executing VM operation: RevokeBias
Event: 73.971 Executing VM operation: RevokeBias done
Event: 74.034 Executing VM operation: RevokeBias
Event: 74.034 Executing VM operation: RevokeBias done
Event: 74.076 Executing VM operation: RevokeBias
Event: 74.076 Executing VM operation: RevokeBias done
Event: 74.077 Thread 0x00007fe762041800 flushing nmethod 0x0000000107823950
Event: 74.077 Thread 0x00007fe762041800 flushing nmethod 0x000000010786c750


Dynamic libraries:
0x000000000403f000 	/System/Library/Frameworks/Cocoa.framework/Versions/A/Cocoa
0x000000000403f000 	/System/Library/Frameworks/Security.framework/Versions/A/Security
0x000000000403f000 	/System/Library/Frameworks/ApplicationServices.framework/Versions/A/ApplicationServices
0x000000000403f000 	/usr/lib/libz.1.dylib
0x000000000403f000 	/usr/lib/libSystem.B.dylib
0x000000000403f000 	/usr/lib/libobjc.A.dylib
0x000000000403f000 	/System/Library/Frameworks/CoreFoundation.framework/Versions/A/CoreFoundation
0x000000000403f000 	/System/Library/Frameworks/Foundation.framework/Versions/C/Foundation
0x000000000403f000 	/System/Library/Frameworks/AppKit.framework/Versions/C/AppKit
0x000000000403f000 	/System/Library/Frameworks/CoreData.framework/Versions/A/CoreData
0x000000000403f000 	/System/Library/PrivateFrameworks/RemoteViewServices.framework/Versions/A/RemoteViewServices
0x000000000403f000 	/System/Library/PrivateFrameworks/UIFoundation.framework/Versions/A/UIFoundation
0x000000000403f000 	/usr/lib/libScreenReader.dylib
0x000000000403f000 	/System/Library/Frameworks/Accelerate.framework/Versions/A/Accelerate
0x000000000403f000 	/System/Library/Frameworks/IOSurface.framework/Versions/A/IOSurface
0x000000000403f000 	/System/Library/Frameworks/AudioToolbox.framework/Versions/A/AudioToolbox
0x000000000403f000 	/System/Library/Frameworks/AudioUnit.framework/Versions/A/AudioUnit
0x000000000403f000 	/System/Library/PrivateFrameworks/DataDetectorsCore.framework/Versions/A/DataDetectorsCore
0x000000000403f000 	/System/Library/PrivateFrameworks/DesktopServicesPriv.framework/Versions/A/DesktopServicesPriv
0x000000000403f000 	/System/Library/Frameworks/Carbon.framework/Versions/A/Frameworks/HIToolbox.framework/Versions/A/HIToolbox
0x000000000403f000 	/System/Library/Frameworks/QuartzCore.framework/Versions/A/QuartzCore
0x000000000403f000 	/System/Library/Frameworks/Carbon.framework/Versions/A/Frameworks/SpeechRecognition.framework/Versions/A/SpeechRecognition
0x000000000403f000 	/usr/lib/libauto.dylib
0x000000000403f000 	/usr/lib/libicucore.A.dylib
0x000000000403f000 	/usr/lib/libxml2.2.dylib
0x000000000403f000 	/System/Library/PrivateFrameworks/CoreUI.framework/Versions/A/CoreUI
0x000000000403f000 	/System/Library/Frameworks/CoreAudio.framework/Versions/A/CoreAudio
0x000000000403f000 	/System/Library/Frameworks/DiskArbitration.framework/Versions/A/DiskArbitration
0x000000000403f000 	/usr/lib/liblangid.dylib
0x000000000403f000 	/System/Library/PrivateFrameworks/MultitouchSupport.framework/Versions/A/MultitouchSupport
0x000000000403f000 	/System/Library/Frameworks/IOKit.framework/Versions/A/IOKit
0x000000000403f000 	/usr/lib/libDiagnosticMessagesClient.dylib
0x000000000403f000 	/System/Library/Frameworks/CoreServices.framework/Versions/A/CoreServices
0x000000000403f000 	/System/Library/PrivateFrameworks/PerformanceAnalysis.framework/Versions/A/PerformanceAnalysis
0x000000000403f000 	/System/Library/PrivateFrameworks/GenerationalStorage.framework/Versions/A/GenerationalStorage
0x000000000403f000 	/System/Library/Frameworks/OpenGL.framework/Versions/A/OpenGL
0x000000000403f000 	/System/Library/PrivateFrameworks/Sharing.framework/Versions/A/Sharing
0x000000000403f000 	/System/Library/Frameworks/CoreGraphics.framework/Versions/A/CoreGraphics
0x000000000403f000 	/System/Library/Frameworks/CoreImage.framework/Versions/A/CoreImage
0x000000000403f000 	/System/Library/Frameworks/CoreText.framework/Versions/A/CoreText
0x000000000403f000 	/System/Library/Frameworks/ImageIO.framework/Versions/A/ImageIO
0x000000000403f000 	/System/Library/PrivateFrameworks/Backup.framework/Versions/A/Backup
0x000000000403f000 	/usr/lib/libextension.dylib
0x000000000403f000 	/usr/lib/libarchive.2.dylib
0x000000000403f000 	/System/Library/Frameworks/CFNetwork.framework/Versions/A/CFNetwork
0x000000000403f000 	/System/Library/Frameworks/SystemConfiguration.framework/Versions/A/SystemConfiguration
0x000000000403f000 	/usr/lib/libCRFSuite.dylib
0x000000000403f000 	/usr/lib/libc++.1.dylib
0x000000000403f000 	/usr/lib/libc++abi.dylib
0x000000000403f000 	/usr/lib/system/libcache.dylib
0x000000000403f000 	/usr/lib/system/libcommonCrypto.dylib
0x000000000403f000 	/usr/lib/system/libcompiler_rt.dylib
0x000000000403f000 	/usr/lib/system/libcopyfile.dylib
0x000000000403f000 	/usr/lib/system/libcorecrypto.dylib
0x000000000403f000 	/usr/lib/system/libdispatch.dylib
0x000000000403f000 	/usr/lib/system/libdyld.dylib
0x000000000403f000 	/usr/lib/system/libkeymgr.dylib
0x000000000403f000 	/usr/lib/system/liblaunch.dylib
0x000000000403f000 	/usr/lib/system/libmacho.dylib
0x000000000403f000 	/usr/lib/system/libquarantine.dylib
0x000000000403f000 	/usr/lib/system/libremovefile.dylib
0x000000000403f000 	/usr/lib/system/libsystem_asl.dylib
0x000000000403f000 	/usr/lib/system/libsystem_blocks.dylib
0x000000000403f000 	/usr/lib/system/libsystem_c.dylib
0x000000000403f000 	/usr/lib/system/libsystem_configuration.dylib
0x000000000403f000 	/usr/lib/system/libsystem_coreservices.dylib
0x000000000403f000 	/usr/lib/system/libsystem_coretls.dylib
0x000000000403f000 	/usr/lib/system/libsystem_dnssd.dylib
0x000000000403f000 	/usr/lib/system/libsystem_info.dylib
0x000000000403f000 	/usr/lib/system/libsystem_kernel.dylib
0x000000000403f000 	/usr/lib/system/libsystem_m.dylib
0x000000000403f000 	/usr/lib/system/libsystem_malloc.dylib
0x000000000403f000 	/usr/lib/system/libsystem_network.dylib
0x000000000403f000 	/usr/lib/system/libsystem_networkextension.dylib
0x000000000403f000 	/usr/lib/system/libsystem_notify.dylib
0x000000000403f000 	/usr/lib/system/libsystem_platform.dylib
0x000000000403f000 	/usr/lib/system/libsystem_pthread.dylib
0x000000000403f000 	/usr/lib/system/libsystem_sandbox.dylib
0x000000000403f000 	/usr/lib/system/libsystem_secinit.dylib
0x000000000403f000 	/usr/lib/system/libsystem_trace.dylib
0x000000000403f000 	/usr/lib/system/libunc.dylib
0x000000000403f000 	/usr/lib/system/libunwind.dylib
0x000000000403f000 	/usr/lib/system/libxpc.dylib
0x000000000403f000 	/usr/lib/libenergytrace.dylib
0x000000000403f000 	/usr/lib/libbsm.0.dylib
0x000000000403f000 	/usr/lib/system/libkxld.dylib
0x000000000403f000 	/usr/lib/libxar.1.dylib
0x000000000403f000 	/usr/lib/libsqlite3.dylib
0x000000000403f000 	/usr/lib/libpam.2.dylib
0x000000000403f000 	/usr/lib/libOpenScriptingUtil.dylib
0x000000000403f000 	/usr/lib/libbz2.1.0.dylib
0x000000000403f000 	/usr/lib/liblzma.5.dylib
0x000000000403f000 	/System/Library/Frameworks/CoreServices.framework/Versions/A/Frameworks/FSEvents.framework/Versions/A/FSEvents
0x000000000403f000 	/System/Library/Frameworks/CoreServices.framework/Versions/A/Frameworks/CarbonCore.framework/Versions/A/CarbonCore
0x000000000403f000 	/System/Library/Frameworks/CoreServices.framework/Versions/A/Frameworks/Metadata.framework/Versions/A/Metadata
0x000000000403f000 	/System/Library/Frameworks/CoreServices.framework/Versions/A/Frameworks/OSServices.framework/Versions/A/OSServices
0x000000000403f000 	/System/Library/Frameworks/CoreServices.framework/Versions/A/Frameworks/SearchKit.framework/Versions/A/SearchKit
0x000000000403f000 	/System/Library/Frameworks/CoreServices.framework/Versions/A/Frameworks/AE.framework/Versions/A/AE
0x000000000403f000 	/System/Library/Frameworks/CoreServices.framework/Versions/A/Frameworks/LaunchServices.framework/Versions/A/LaunchServices
0x000000000403f000 	/System/Library/Frameworks/CoreServices.framework/Versions/A/Frameworks/DictionaryServices.framework/Versions/A/DictionaryServices
0x000000000403f000 	/System/Library/Frameworks/CoreServices.framework/Versions/A/Frameworks/SharedFileList.framework/Versions/A/SharedFileList
0x000000000403f000 	/System/Library/Frameworks/NetFS.framework/Versions/A/NetFS
0x000000000403f000 	/System/Library/PrivateFrameworks/NetAuth.framework/Versions/A/NetAuth
0x000000000403f000 	/System/Library/PrivateFrameworks/login.framework/Versions/A/Frameworks/loginsupport.framework/Versions/A/loginsupport
0x000000000403f000 	/System/Library/PrivateFrameworks/TCC.framework/Versions/A/TCC
0x000000000403f000 	/usr/lib/libmecabra.dylib
0x000000000403f000 	/System/Library/Frameworks/ApplicationServices.framework/Versions/A/Frameworks/ATS.framework/Versions/A/ATS
0x000000000403f000 	/System/Library/Frameworks/ApplicationServices.framework/Versions/A/Frameworks/ColorSync.framework/Versions/A/ColorSync
0x000000000403f000 	/System/Library/Frameworks/ApplicationServices.framework/Versions/A/Frameworks/HIServices.framework/Versions/A/HIServices
0x000000000403f000 	/System/Library/Frameworks/ApplicationServices.framework/Versions/A/Frameworks/LangAnalysis.framework/Versions/A/LangAnalysis
0x000000000403f000 	/System/Library/Frameworks/ApplicationServices.framework/Versions/A/Frameworks/PrintCore.framework/Versions/A/PrintCore
0x000000000403f000 	/System/Library/Frameworks/ApplicationServices.framework/Versions/A/Frameworks/QD.framework/Versions/A/QD
0x000000000403f000 	/System/Library/Frameworks/ApplicationServices.framework/Versions/A/Frameworks/SpeechSynthesis.framework/Versions/A/SpeechSynthesis
0x000000000403f000 	/System/Library/Frameworks/Metal.framework/Versions/A/Metal
0x000000000403f000 	/System/Library/Frameworks/Accelerate.framework/Versions/A/Frameworks/vImage.framework/Versions/A/vImage
0x000000000403f000 	/System/Library/Frameworks/Accelerate.framework/Versions/A/Frameworks/vecLib.framework/Versions/A/vecLib
0x000000000403f000 	/System/Library/Frameworks/Accelerate.framework/Versions/A/Frameworks/vecLib.framework/Versions/A/libvDSP.dylib
0x000000000403f000 	/System/Library/Frameworks/Accelerate.framework/Versions/A/Frameworks/vecLib.framework/Versions/A/libvMisc.dylib
0x000000000403f000 	/System/Library/Frameworks/Accelerate.framework/Versions/A/Frameworks/vecLib.framework/Versions/A/libLAPACK.dylib
0x000000000403f000 	/System/Library/Frameworks/Accelerate.framework/Versions/A/Frameworks/vecLib.framework/Versions/A/libBLAS.dylib
0x000000000403f000 	/System/Library/Frameworks/Accelerate.framework/Versions/A/Frameworks/vecLib.framework/Versions/A/libLinearAlgebra.dylib
0x000000000403f000 	/System/Library/Frameworks/Accelerate.framework/Versions/A/Frameworks/vecLib.framework/Versions/A/libSparseBLAS.dylib
0x000000000403f000 	/System/Library/PrivateFrameworks/GPUCompiler.framework/libmetal_timestamp.dylib
0x000000000403f000 	/System/Library/Frameworks/OpenGL.framework/Versions/A/Libraries/libCoreFSCache.dylib
0x000000000403f000 	/System/Library/PrivateFrameworks/IOAccelerator.framework/Versions/A/IOAccelerator
0x000000000403f000 	/System/Library/Frameworks/ApplicationServices.framework/Versions/A/Frameworks/ATS.framework/Versions/A/Resources/libFontParser.dylib
0x000000000403f000 	/System/Library/Frameworks/ApplicationServices.framework/Versions/A/Frameworks/ATS.framework/Versions/A/Resources/libFontRegistry.dylib
0x000000000403f000 	/System/Library/PrivateFrameworks/AppleVPA.framework/Versions/A/AppleVPA
0x000000000403f000 	/System/Library/PrivateFrameworks/AppleJPEG.framework/Versions/A/AppleJPEG
0x000000000403f000 	/System/Library/Frameworks/ImageIO.framework/Versions/A/Resources/libJPEG.dylib
0x000000000403f000 	/System/Library/Frameworks/ImageIO.framework/Versions/A/Resources/libTIFF.dylib
0x000000000403f000 	/System/Library/Frameworks/ImageIO.framework/Versions/A/Resources/libPng.dylib
0x000000000403f000 	/System/Library/Frameworks/ImageIO.framework/Versions/A/Resources/libGIF.dylib
0x000000000403f000 	/System/Library/Frameworks/ImageIO.framework/Versions/A/Resources/libJP2.dylib
0x000000000403f000 	/System/Library/Frameworks/ImageIO.framework/Versions/A/Resources/libRadiance.dylib
0x000000000403f000 	/System/Library/Frameworks/CoreVideo.framework/Versions/A/CoreVideo
0x000000000403f000 	/System/Library/Frameworks/OpenGL.framework/Versions/A/Libraries/libGLU.dylib
0x000000000403f000 	/System/Library/Frameworks/OpenGL.framework/Versions/A/Libraries/libGFXShared.dylib
0x000000000403f000 	/System/Library/Frameworks/OpenGL.framework/Versions/A/Libraries/libGL.dylib
0x000000000403f000 	/System/Library/Frameworks/OpenGL.framework/Versions/A/Libraries/libGLImage.dylib
0x000000000403f000 	/System/Library/Frameworks/OpenGL.framework/Versions/A/Libraries/libCVMSPluginSupport.dylib
0x000000000403f000 	/System/Library/Frameworks/OpenGL.framework/Versions/A/Libraries/libCoreVMClient.dylib
0x000000000403f000 	/usr/lib/libcompression.dylib
0x000000000403f000 	/usr/lib/libcups.2.dylib
0x000000000403f000 	/System/Library/Frameworks/Kerberos.framework/Versions/A/Kerberos
0x000000000403f000 	/System/Library/Frameworks/GSS.framework/Versions/A/GSS
0x000000000403f000 	/usr/lib/libresolv.9.dylib
0x000000000403f000 	/usr/lib/libiconv.2.dylib
0x000000000403f000 	/System/Library/PrivateFrameworks/Heimdal.framework/Versions/A/Heimdal
0x000000000403f000 	/usr/lib/libheimdal-asn1.dylib
0x000000000403f000 	/System/Library/Frameworks/OpenDirectory.framework/Versions/A/OpenDirectory
0x000000000403f000 	/System/Library/PrivateFrameworks/CommonAuth.framework/Versions/A/CommonAuth
0x000000000403f000 	/System/Library/Frameworks/OpenDirectory.framework/Versions/A/Frameworks/CFOpenDirectory.framework/Versions/A/CFOpenDirectory
0x000000000403f000 	/System/Library/Frameworks/SecurityFoundation.framework/Versions/A/SecurityFoundation
0x000000000403f000 	/System/Library/PrivateFrameworks/LanguageModeling.framework/Versions/A/LanguageModeling
0x000000000403f000 	/usr/lib/libmarisa.dylib
0x000000000403f000 	/usr/lib/libChineseTokenizer.dylib
0x000000000403f000 	/usr/lib/libcmph.dylib
0x000000000403f000 	/System/Library/Frameworks/ServiceManagement.framework/Versions/A/ServiceManagement
0x000000000403f000 	/usr/lib/libxslt.1.dylib
0x000000000403f000 	/System/Library/Frameworks/Carbon.framework/Versions/A/Frameworks/Ink.framework/Versions/A/Ink
0x000000000403f000 	/usr/lib/libFosl_dynamic.dylib
0x000000000403f000 	/System/Library/PrivateFrameworks/FaceCore.framework/Versions/A/FaceCore
0x000000000403f000 	/System/Library/Frameworks/OpenCL.framework/Versions/A/OpenCL
0x000000000403f000 	/System/Library/PrivateFrameworks/CrashReporterSupport.framework/Versions/A/CrashReporterSupport
0x000000000403f000 	/System/Library/PrivateFrameworks/IconServices.framework/Versions/A/IconServices
0x000000000403f000 	/System/Library/PrivateFrameworks/Apple80211.framework/Versions/A/Apple80211
0x000000000403f000 	/System/Library/Frameworks/CoreWLAN.framework/Versions/A/CoreWLAN
0x000000000403f000 	/System/Library/Frameworks/IOBluetooth.framework/Versions/A/IOBluetooth
0x000000000403f000 	/System/Library/PrivateFrameworks/CoreWiFi.framework/Versions/A/CoreWiFi
0x000000000403f000 	/System/Library/Frameworks/CoreBluetooth.framework/Versions/A/CoreBluetooth
0x000000000403f000 	/System/Library/PrivateFrameworks/ChunkingLibrary.framework/Versions/A/ChunkingLibrary
0x000000000403f000 	/System/Library/PrivateFrameworks/DebugSymbols.framework/Versions/A/DebugSymbols
0x000000000403f000 	/System/Library/PrivateFrameworks/CoreSymbolication.framework/Versions/A/CoreSymbolication
0x000000000403f000 	/System/Library/PrivateFrameworks/Symbolication.framework/Versions/A/Symbolication
0x000000000403f000 	/System/Library/PrivateFrameworks/SpeechRecognitionCore.framework/Versions/A/SpeechRecognitionCore
0x0000000105477000 	/Applications/AnyLogic.app/Contents/jre/lib/server/libjvm.dylib
0x000000000403f000 	/usr/lib/libstdc++.6.dylib
0x0000000106c04000 	/Applications/AnyLogic.app/Contents/jre/lib/libverify.dylib
0x0000000106c12000 	/Applications/AnyLogic.app/Contents/jre/lib/libjava.dylib
0x0000000106c4f000 	/Applications/AnyLogic.app/Contents/jre/lib/libzip.dylib
0x0000000118442000 	/System/Library/Frameworks/JavaVM.framework/Frameworks/JavaRuntimeSupport.framework/JavaRuntimeSupport
0x000000011845d000 	/System/Library/Frameworks/JavaVM.framework/Versions/A/Frameworks/JavaNativeFoundation.framework/Versions/A/JavaNativeFoundation
0x0000000118472000 	/System/Library/Frameworks/JavaVM.framework/Versions/A/JavaVM
0x000000000403f000 	/System/Library/Frameworks/Carbon.framework/Versions/A/Carbon
0x000000011847f000 	/System/Library/PrivateFrameworks/JavaLaunching.framework/Versions/A/JavaLaunching
0x000000000403f000 	/System/Library/Frameworks/Carbon.framework/Versions/A/Frameworks/CommonPanels.framework/Versions/A/CommonPanels
0x000000000403f000 	/System/Library/Frameworks/Carbon.framework/Versions/A/Frameworks/Help.framework/Versions/A/Help
0x000000000403f000 	/System/Library/Frameworks/Carbon.framework/Versions/A/Frameworks/ImageCapture.framework/Versions/A/ImageCapture
0x000000000403f000 	/System/Library/Frameworks/Carbon.framework/Versions/A/Frameworks/OpenScripting.framework/Versions/A/OpenScripting
0x000000000403f000 	/System/Library/Frameworks/Carbon.framework/Versions/A/Frameworks/Print.framework/Versions/A/Print
0x000000000403f000 	/System/Library/Frameworks/Carbon.framework/Versions/A/Frameworks/SecurityHI.framework/Versions/A/SecurityHI
0x0000000119fd7000 	/Applications/AnyLogic.app/Contents/jre/lib/libawt.dylib
0x000000011a07f000 	/Applications/AnyLogic.app/Contents/jre/lib/./libmlib_image.dylib
0x000000011a14b000 	/Applications/AnyLogic.app/Contents/jre/lib/libawt_lwawt.dylib
0x000000011a200000 	/Applications/AnyLogic.app/Contents/jre/lib/./libosxapp.dylib
0x000000000403f000 	/System/Library/Frameworks/ExceptionHandling.framework/Versions/A/ExceptionHandling
0x000000000403f000 	/System/Library/PrivateFrameworks/CoreServicesInternal.framework/Versions/A/CoreServicesInternal
0x000000000403f000 	/System/Library/Frameworks/CoreGraphics.framework/Versions/A/Resources/libRIP.A.dylib
0x000000000403f000 	/System/Library/Frameworks/Accelerate.framework/Versions/A/Frameworks/vImage.framework/Versions/A/Libraries/libCGInterfaces.dylib
0x000000000403f000 	/System/Library/Frameworks/CoreGraphics.framework/Versions/A/Resources/libCGXType.A.dylib
0x000000000403f000 	/System/Library/Frameworks/OpenCL.framework/Versions/A/Libraries/libcldcpuengine.dylib
0x000000000403f000 	/System/Library/PrivateFrameworks/DiskImages.framework/Versions/A/DiskImages
0x000000000403f000 	/System/Library/Frameworks/DiscRecording.framework/Versions/A/DiscRecording
0x000000000403f000 	/usr/lib/libcsfde.dylib
0x000000000403f000 	/usr/lib/libcurl.4.dylib
0x000000000403f000 	/System/Library/PrivateFrameworks/MediaKit.framework/Versions/A/MediaKit
0x000000000403f000 	/System/Library/PrivateFrameworks/ProtectedCloudStorage.framework/Versions/A/ProtectedCloudStorage
0x000000000403f000 	/usr/lib/libCoreStorage.dylib
0x000000000403f000 	/System/Library/PrivateFrameworks/EFILogin.framework/Versions/A/EFILogin
0x000000000403f000 	/usr/lib/libutil.dylib
0x000000000403f000 	/System/Library/PrivateFrameworks/FindMyDevice.framework/Versions/A/FindMyDevice
0x000000000403f000 	/System/Library/Frameworks/LDAP.framework/Versions/A/LDAP
0x000000000403f000 	/usr/lib/libsasl2.2.dylib
0x000000000403f000 	/System/Library/PrivateFrameworks/CoreDaemon.framework/Versions/B/CoreDaemon
0x000000000403f000 	/usr/lib/libcrypto.0.9.8.dylib
0x000000000403f000 	/System/Library/PrivateFrameworks/AppleSRP.framework/Versions/A/AppleSRP
0x000000000403f000 	/System/Library/PrivateFrameworks/TrustEvaluationAgent.framework/Versions/A/TrustEvaluationAgent
0x000000011bf20000 	cl_kernels
0x000000000403f000 	/System/Library/Frameworks/OpenCL.framework/Versions/A/Libraries/ImageFormats/unorm8_bgra.dylib
0x000000000403f000 	/System/Library/Frameworks/OpenCL.framework/Versions/A/Libraries/ImageFormats/unorm8_rgba.dylib
0x000000000403f000 	/System/Library/PrivateFrameworks/FamilyControls.framework/Versions/A/FamilyControls
0x000000000403f000 	/System/Library/PrivateFrameworks/CommerceKit.framework/Versions/A/Frameworks/CommerceCore.framework/Versions/A/CommerceCore
0x000000000403f000 	/System/Library/PrivateFrameworks/SystemAdministration.framework/Versions/A/SystemAdministration
0x000000000403f000 	/System/Library/PrivateFrameworks/AppContainer.framework/Versions/A/AppContainer
0x000000000403f000 	/System/Library/PrivateFrameworks/SecCodeWrapper.framework/Versions/A/SecCodeWrapper
0x000000000403f000 	/System/Library/Frameworks/DirectoryService.framework/Versions/A/DirectoryService
0x000000000403f000 	/System/Library/PrivateFrameworks/LoginUIKit.framework/Versions/A/Frameworks/LoginUICore.framework/Versions/A/LoginUICore
0x000000000403f000 	/usr/lib/libodfde.dylib
0x000000011d040000 	/Applications/AnyLogic.app/Contents/jre/lib/libfontmanager.dylib
0x000000011b340000 	/Applications/AnyLogic.app/Contents/jre/lib/libosxui.dylib
0x000000000403f000 	/System/Library/Frameworks/OpenGL.framework/Versions/A/Resources/GLEngine.bundle/GLEngine
0x000000000403f000 	/System/Library/Frameworks/OpenGL.framework/Versions/A/Libraries/libGLProgrammability.dylib
0x000000011dae5000 	/System/Library/Extensions/AppleIntelBDWGraphicsGLDriver.bundle/Contents/MacOS/AppleIntelBDWGraphicsGLDriver
0x000000000403f000 	/System/Library/PrivateFrameworks/GPUSupport.framework/Versions/A/Libraries/libGPUSupportMercury.dylib
0x000000000403f000 	/System/Library/Frameworks/OpenGL.framework/Versions/A/Resources/GLRendererFloat.bundle/GLRendererFloat
0x000000011eefd000 	/Applications/AnyLogic.app/Contents/jre/lib/libnet.dylib
0x000000011ed0c000 	/Applications/AnyLogic.app/Contents/jre/lib/libnio.dylib
0x000000000403f000 	/System/Library/Frameworks/ApplicationServices.framework/Versions/A/Frameworks/ATS.framework/Versions/A/Resources/libTrueTypeScaler.dylib
0x0000000173963000 	/System/Library/Extensions/AppleIntelBDWGraphicsMTLDriver.bundle/Contents/MacOS/AppleIntelBDWGraphicsMTLDriver
0x0000000170cd3000 	/Applications/AnyLogic.app/Contents/jre/lib/libdcpr.dylib
0x000000011e839000 	/Applications/AnyLogic.app/Contents/Resources/Java/plugins/org.j3d.opengl.swt.carbon.osx_0.7.0/libgluegen-rt.jnilib
0x000000011e83d000 	/Applications/AnyLogic.app/Contents/Resources/Java/plugins/org.j3d.opengl.swt.carbon.osx_0.7.0/libnativewindow_awt.jnilib
0x000000011e840000 	/Applications/AnyLogic.app/Contents/jre/lib/libjawt.dylib
0x000000011e843000 	/Applications/AnyLogic.app/Contents/Resources/Java/plugins/org.j3d.opengl.swt.carbon.osx_0.7.0/libnativewindow_macosx.jnilib
0x000000017387a000 	/Applications/AnyLogic.app/Contents/Resources/Java/plugins/org.j3d.opengl.swt.carbon.osx_0.7.0/libjogl_desktop.jnilib

VM Arguments:
jvm_args: -Xmx256m -Dnativewindow.awt.nohidpi=true -DlanguageId_xjal=en0y37bx -DFlowchartCountersVisible_xjal=true -DTileCachePath_xjal=/Applications/AnyLogic.app/Contents/Resources/Java/plugins/com.anylogic.gis_7.3.5.201608171835/tiles -DFlowchartPortStateAnimated_xjal=true -DuseProxy_xjal=false -Djava.library.path=/Applications/AnyLogic.app/Contents/Resources/Java/plugins/org.j3d.opengl.swt.carbon.osx_0.7.0:/Applications/AnyLogic.app/Contents/Resources/Java/plugins/org.j3d.opengl.swt.carbon.osx_0.7.0 -Dfile.encoding=UTF-8 
java_command: com.anylogic.ms.MS bank_2.Simulation 1772b2d
java_class_path (initial): /Applications/AnyLogic.app/Contents/Resources/Java/plugins/com.anylogic.engine_7.3.5.201608171835/com.anylogic.engine.jar:/Applications/AnyLogic.app/Contents/Resources/Java/plugins/com.anylogic.engine_7.3.5.201608171835/com.anylogic.engine.al3d.jar:/Applications/AnyLogic.app/Contents/Resources/Java/plugins/com.anylogic.engine_7.3.5.201608171835/com.anylogic.engine.resources.jar:/Applications/AnyLogic.app/Contents/Resources/Java/plugins/com.anylogic.engine_7.3.5.201608171835/com.anylogic.engine.nl.jar:/Applications/AnyLogic.app/Contents/Resources/Java/plugins/com.anylogic.optimizer_7.3.5.201608171835/lib/OptQuest.jar:/Applications/AnyLogic.app/Contents/Resources/Java/plugins/com.anylogic.third_party_libraries_7.3.5.201608171835/lib/database/hsqldb.jar:/Applications/AnyLogic.app/Contents/Resources/Java/plugins/com.anylogic.third_party_libraries_7.3.5.201608171835/lib/database/querydsl/querydsl-sql-codegen-3.6.3.jar:/Applications/AnyLogic.app/Contents/Resources/Java/plugins/com.anylogic.third_party_libraries_7.3.5.201608171835/lib/database/querydsl/querydsl-core-3.6.3.jar:/Applications/AnyLogic.app/Contents/Resources/Java/plugins/com.anylogic.third_party_libraries_7.3.5.201608171835/lib/database/querydsl/querydsl-sql-3.6.3.jar:/Applications/AnyLogic.app/Contents/Resources/Java/plugins/com.anylogic.core_7.3.5.201608171835/com.anylogic.ms.jar:/Users/daniel/.AnyLogicPLE/Workspace7/Bank 2_BUILD/classes:/Applications/AnyLogic.app/Contents/Resources/Java/plugins/com.anylogic.process_modeling_library_7.3.5.201608171835/lib/ProcessModelingLibrary.jar:/Applications/AnyLogic.app/Contents/Resources/Java/plugins/com.anylogic.graphics3d_7.3.5.201608171835/lib/aviatrix3d-all_2.0.0.jar:/Applications/AnyLogic.app/Contents/Resources/Java/plugins/com.anylogic.graphics3d_7.3.5.201608171835/lib/j3d-org-elumens.jar:/Applications/AnyLogic.app/Contents/Resources/Java/plugins/com.anylogic.graphics3d_7.3.5.201608171835/lib/j3d-org-geom-core.jar:/Applications/AnyLog
Launcher Type: SUN_STANDARD

Environment Variables:
PATH=/usr/bin:/bin:/usr/sbin:/sbin
SHELL=/bin/bash

Signal Handlers:
SIGSEGV: [libjvm.dylib+0x5a65d5], sa_mask[0]=11111111011111110111111111111111, sa_flags=SA_ONSTACK|SA_RESTART|SA_SIGINFO
SIGBUS: [libjvm.dylib+0x5a65d5], sa_mask[0]=11111111011111110111111111111111, sa_flags=SA_RESTART|SA_SIGINFO
SIGFPE: [libjvm.dylib+0x4802e8], sa_mask[0]=11111111011111110111111111111111, sa_flags=SA_RESTART|SA_SIGINFO
SIGPIPE: [libjvm.dylib+0x4802e8], sa_mask[0]=11111111011111110111111111111111, sa_flags=SA_RESTART|SA_SIGINFO
SIGXFSZ: [libjvm.dylib+0x4802e8], sa_mask[0]=11111111011111110111111111111111, sa_flags=SA_RESTART|SA_SIGINFO
SIGILL: [libjvm.dylib+0x4802e8], sa_mask[0]=11111111011111110111111111111111, sa_flags=SA_RESTART|SA_SIGINFO
SIGUSR1: SIG_DFL, sa_mask[0]=00000000000000000000000000000000, sa_flags=none
SIGUSR2: [libjvm.dylib+0x47fe06], sa_mask[0]=00100000000000000000000000000000, sa_flags=SA_RESTART|SA_SIGINFO
SIGHUP: [libjvm.dylib+0x47e3dd], sa_mask[0]=11111111011111110111111111111111, sa_flags=SA_RESTART|SA_SIGINFO
SIGINT: [libjvm.dylib+0x47e3dd], sa_mask[0]=11111111011111110111111111111111, sa_flags=SA_RESTART|SA_SIGINFO
SIGTERM: [libjvm.dylib+0x47e3dd], sa_mask[0]=11111111011111110111111111111111, sa_flags=SA_RESTART|SA_SIGINFO
SIGQUIT: [libjvm.dylib+0x47e3dd], sa_mask[0]=11111111011111110111111111111111, sa_flags=SA_RESTART|SA_SIGINFO


---------------  S Y S T E M  ---------------

OS:Bsduname:Darwin 15.6.0 Darwin Kernel Version 15.6.0: Mon Aug 29 20:21:34 PDT 2016; root:xnu-3248.60.11~1/RELEASE_X86_64 x86_64
rlimit: STACK 8192k, CORE 0k, NPROC 709, NOFILE 10240, AS infinity
load average:2.61 1.97 1.88

CPU:total 4 (2 cores per cpu, 2 threads per core) family 6 model 61 stepping 4, cmov, cx8, fxsr, mmx, sse, sse2, sse3, ssse3, sse4.1, sse4.2, popcnt, avx, avx2, aes, clmul, erms, 3dnowpref, lzcnt, ht, tsc, tscinvbit, bmi1, bmi2, adx

Memory: 4k page, physical 8388608k(820220k free)

/proc/meminfo:


vm_info: Java HotSpot(TM) 64-Bit Server VM (25.66-b17) for bsd-amd64 JRE (1.8.0_66-b17), built on Oct  6 2015 16:09:13 by "java_re" with gcc 4.2.1 (Based on Apple Inc. build 5658) (LLVM build 2336.11.00)

time: Fri Sep 30 10:14:26 2016
elapsed time: 74 seconds (0d 0h 1m 14s)

