#
# A fatal error has been detected by the Java Runtime Environment:
#
#  SIGSEGV (0xb) at pc=0x00007fff959144dd, pid=700, tid=2571
#
# JRE version: Java(TM) SE Runtime Environment (8.0_66-b17) (build 1.8.0_66-b17)
# Java VM: Java HotSpot(TM) 64-Bit Server VM (25.66-b17 mixed mode bsd-amd64 compressed oops)
# Problematic frame:
# C  [libobjc.A.dylib+0x14dd]  objc_msgSend+0x1d
#
# Failed to write core dump. Core dumps have been disabled. To enable core dumping, try "ulimit -c unlimited" before starting Java again
#
# If you would like to submit a bug report, please visit:
#   http://bugreport.java.com/bugreport/crash.jsp
# The crash happened outside the Java Virtual Machine in native code.
# See problematic frame for where to report the bug.
#

---------------  T H R E A D  ---------------

Current thread (0x00007ff819136800):  JavaThread "AWT-AppKit" daemon [_thread_in_native, id=2571, stack(0x00007fff5bfb3000,0x00007fff5c7b3000)]

siginfo: si_signo: 11 (SIGSEGV), si_code: 1 (SEGV_MAPERR), si_addr: 0x0000000000000018

Registers:
RAX=0x00007ff81c9e6040, RBX=0x00000001187a4450, RCX=0x000000016ef806e0, RDX=0x000000016ef80e60
RSP=0x00007fff5c7ac868, RBP=0x00007fff5c7ac920, RSI=0x00007fff91112cbe, RDI=0x00007ff81c89ee50
R8 =0x0000000000000000, R9 =0x00000000000008b0, R10=0x00007fff91112cbe, R11=0x0000000000000000
R12=0x0000000000000000, R13=0x0000000179b8d2d8, R14=0x00000001187a4440, R15=0x00007ff819136800
RIP=0x00007fff959144dd, EFLAGS=0x0000000000010246, ERR=0x0000000000000004
  TRAPNO=0x000000000000000e

Top of Stack: (sp=0x00007fff5c7ac868)
0x00007fff5c7ac868:   00000001187a2157 00007ff818733f20
0x00007fff5c7ac878:   00007ff818733f20 ffffffffffffffff
0x00007fff5c7ac888:   00007ff818733f20 00007ff81c9e6090
0x00007fff5c7ac898:   0000000000000001 00007ff81c9e6040
0x00007fff5c7ac8a8:   00000001187a46a0 00000001187a4710
0x00007fff5c7ac8b8:   00007fff77a6e770 00007fff75144500
0x00007fff5c7ac8c8:   00000001187a4450 00000001187a4690
0x00007fff5c7ac8d8:   00007ff81c9e6040 00007ff81c89ee50
0x00007fff5c7ac8e8:   00007ff81cbba940 00007ff81c9e6040
0x00007fff5c7ac8f8:   00007ff81c89ee50 00007fff5c7ac9a8
0x00007fff5c7ac908:   00007ff8191369f8 0000000179b8d2d8
0x00007fff5c7ac918:   00007fff5c7ac9d0 00007fff5c7ac998
0x00007fff5c7ac928:   0000000104f9b954 00007fff5c7ad1c0
0x00007fff5c7ac938:   00007fff96668cfc 000000010346ba00
0x00007fff5c7ac948:   000000000000000d 00007ff81cc5f0c0
0x00007fff5c7ac958:   00007fff5c7ac958 0000000000000000
0x00007fff5c7ac968:   00007fff5c7ac9d0 0000000179b8ff10
0x00007fff5c7ac978:   0000000000000000 0000000179b8d2d8
0x00007fff5c7ac988:   0000000000000000 00007fff5c7ac9b8
0x00007fff5c7ac998:   00007fff5c7aca18 0000000104f8dc4d
0x00007fff5c7ac9a8:   00000007b0b12490 0000000104f95578
0x00007fff5c7ac9b8:   00007ff81c9e6040 00007fff778dbb10
0x00007fff5c7ac9c8:   00007ff81c89ee50 00007fff5c7aca38
0x00007fff5c7ac9d8:   00007fff5c7ac9d8 0000000179b8d4a2
0x00007fff5c7ac9e8:   00007fff5c7aca40 0000000179b8ff10
0x00007fff5c7ac9f8:   0000000000000000 0000000179b8d4b0
0x00007fff5c7aca08:   00007fff5c7ac9b8 00007fff5c7aca28
0x00007fff5c7aca18:   00007fff5c7aca88 0000000104f8dc4d
0x00007fff5c7aca28:   00007ff81c9e6040 00000007b44516f0
0x00007fff5c7aca38:   00007ff81c89ee50 00000007b44516f0
0x00007fff5c7aca48:   00007fff5c7aca48 000000017d5bd6d6
0x00007fff5c7aca58:   00007fff5c7aca98 000000017d5bd790 

Instructions: (pc=0x00007fff959144dd)
0x00007fff959144bd:   44 00 00 48 85 ff 2e 74 62 40 f6 c7 01 2e 75 66
0x00007fff959144cd:   49 bb f8 ff ff ff ff 7f 00 00 4c 23 1f 49 89 f2
0x00007fff959144dd:   45 23 53 18 49 c1 e2 04 4d 03 53 10 49 3b 32 75
0x00007fff959144ed:   04 41 ff 62 08 49 83 3a 01 76 0d 49 83 c2 10 49 

Register to memory mapping:

RAX=0x00007ff81c9e6040 is an unknown value
RBX=0x00000001187a4450: Java_jogamp_nativewindow_macosx_OSXUtil_GetScreenRefreshRate0+0x1cf0 in /Applications/AnyLogic.app/Contents/Resources/Java/plugins/org.j3d.opengl.swt.carbon.osx_0.7.0/libnativewindow_macosx.jnilib at 0x000000011879d000
RCX=0x000000016ef806e0 is an unknown value
RDX=0x000000016ef80e60 is an unknown value
RSP=0x00007fff5c7ac868 is pointing into the stack for thread: 0x00007ff819136800
RBP=0x00007fff5c7ac920 is pointing into the stack for thread: 0x00007ff819136800
RSI=0x00007fff91112cbe is an unknown value
RDI=0x00007ff81c89ee50 is an unknown value
R8 =0x0000000000000000 is an unknown value
R9 =0x00000000000008b0 is an unknown value
R10=0x00007fff91112cbe is an unknown value
R11=0x0000000000000000 is an unknown value
R12=0x0000000000000000 is an unknown value
R13={method} {0x0000000179b8d2d8} 'UnsetJAWTRootSurfaceLayer0' '(JJ)V' in 'jogamp/nativewindow/jawt/macosx/MacOSXJAWTWindow'
R14=0x00000001187a4440: Java_jogamp_nativewindow_macosx_OSXUtil_GetScreenRefreshRate0+0x1ce0 in /Applications/AnyLogic.app/Contents/Resources/Java/plugins/org.j3d.opengl.swt.carbon.osx_0.7.0/libnativewindow_macosx.jnilib at 0x000000011879d000
R15=0x00007ff819136800 is a thread


Stack: [0x00007fff5bfb3000,0x00007fff5c7b3000],  sp=0x00007fff5c7ac868,  free space=8166k
Native frames: (J=compiled Java code, j=interpreted, Vv=VM code, C=native code)
C  [libobjc.A.dylib+0x14dd]  objc_msgSend+0x1d
j  jogamp.nativewindow.jawt.macosx.MacOSXJAWTWindow.UnsetJAWTRootSurfaceLayer0(JJ)V+0
j  jogamp.nativewindow.jawt.macosx.MacOSXJAWTWindow.access$200(JJ)V+2
j  jogamp.nativewindow.jawt.macosx.MacOSXJAWTWindow$1.run()V+38
J 3998 C1 com.jogamp.common.util.RunnableTask.run()V (345 bytes) @ 0x0000000105c332d4 [0x0000000105c33140+0x194]
v  ~StubRoutines::call_stub
V  [libjvm.dylib+0x2ea35e]  JavaCalls::call_helper(JavaValue*, methodHandle*, JavaCallArguments*, Thread*)+0x6ae
V  [libjvm.dylib+0x321467]  jni_invoke_nonstatic(JNIEnv_*, JavaValue*, _jobject*, JNICallType, _jmethodID*, JNI_ArgumentPusher*, Thread*)+0x2ec
V  [libjvm.dylib+0x313c3b]  jni_CallVoidMethod+0x16b
C  [libnativewindow_macosx.jnilib+0x5326]  Java_jogamp_nativewindow_jawt_macosx_MacOSXJAWTWindow_UnsetJAWTRootSurfaceLayer0+0x2b6
C  [Foundation+0x76fde]  __NSThreadPerformPerform+0x117
C  [CoreFoundation+0xaa881]  __CFRUNLOOP_IS_CALLING_OUT_TO_A_SOURCE0_PERFORM_FUNCTION__+0x11
C  [CoreFoundation+0x89f37]  __CFRunLoopDoSources0+0x1a7
C  [CoreFoundation+0x894df]  __CFRunLoopRun+0x39f
C  [CoreFoundation+0x88ed8]  CFRunLoopRunSpecific+0x128
C  [HIToolbox+0x30935]  RunCurrentEventLoopInMode+0xeb
C  [HIToolbox+0x30677]  ReceiveNextEventCommon+0xb8
C  [HIToolbox+0x305af]  _BlockUntilNextEventMatchingListInModeWithFilter+0x47
C  [AppKit+0x48df6]  _DPSNextEvent+0x42b
C  [AppKit+0x48226]  -[NSApplication _nextEventMatchingEventMask:untilDate:inMode:dequeue:]+0x1c6
C  [libosxapp.dylib+0x23aa]  -[NSApplicationAWT nextEventMatchingMask:untilDate:inMode:dequeue:]+0x7c
C  [AppKit+0x3cd80]  -[NSApplication run]+0x2aa
C  [libosxapp.dylib+0x214d]  +[NSApplicationAWT runAWTLoopWithApp:]+0x9c
C  [libawt_lwawt.dylib+0x4455b]  -[AWTStarter starter:]+0x389
C  [Foundation+0x76fde]  __NSThreadPerformPerform+0x117
C  [CoreFoundation+0xaa881]  __CFRUNLOOP_IS_CALLING_OUT_TO_A_SOURCE0_PERFORM_FUNCTION__+0x11
C  [CoreFoundation+0x89fbc]  __CFRunLoopDoSources0+0x22c
C  [CoreFoundation+0x894df]  __CFRunLoopRun+0x39f
C  [CoreFoundation+0x88ed8]  CFRunLoopRunSpecific+0x128
C  [java+0x6463]  CreateExecutionEnvironment+0x367
C  [java+0x21ac]  JLI_Launch+0x7a0
C  [java+0x84c0]  main+0x65
C  [java+0x1a04]  start+0x34
C  0x0000000000000010

Java frames: (J=compiled Java code, j=interpreted, Vv=VM code)
j  jogamp.nativewindow.jawt.macosx.MacOSXJAWTWindow.UnsetJAWTRootSurfaceLayer0(JJ)V+0
j  jogamp.nativewindow.jawt.macosx.MacOSXJAWTWindow.access$200(JJ)V+2
j  jogamp.nativewindow.jawt.macosx.MacOSXJAWTWindow$1.run()V+38
J 3998 C1 com.jogamp.common.util.RunnableTask.run()V (345 bytes) @ 0x0000000105c332d4 [0x0000000105c33140+0x194]
v  ~StubRoutines::call_stub

---------------  P R O C E S S  ---------------

Java Threads: ( => current thread )
  0x00007ff81ee7d800 JavaThread "Thread-7" [_thread_blocked, id=63939, stack(0x000070000155f000,0x000070000165f000)]
  0x00007ff8190a3800 JavaThread "Image Fetcher 0" daemon [_thread_blocked, id=53843, stack(0x00007000009b5000,0x0000700000ab5000)]
  0x00007ff819393800 JavaThread "AV3D Runtime" [_thread_blocked, id=65807, stack(0x0000700001d7a000,0x0000700001e7a000)]
  0x00007ff81a2bf800 JavaThread "Xj3D Content Loader" [_thread_blocked, id=65283, stack(0x0000700002083000,0x0000700002183000)]
  0x00007ff81a0c5000 JavaThread "Xj3D Content Loader" [_thread_blocked, id=64771, stack(0x0000700001f80000,0x0000700002080000)]
  0x00007ff81a30b000 JavaThread "Xj3D Content Loader" [_thread_blocked, id=54079, stack(0x0000700001c77000,0x0000700001d77000)]
  0x00007ff818ba4000 JavaThread "AnyLogic presentation frame manager" daemon [_thread_blocked, id=60695, stack(0x0000700001af1000,0x0000700001bf1000)]
  0x00007ff81a28b800 JavaThread "DestroyJavaVM" [_thread_blocked, id=5891, stack(0x000070000011a000,0x000070000021a000)]
  0x00007ff819bd9800 JavaThread "TimerQueue" daemon [_thread_blocked, id=60195, stack(0x00007000019ee000,0x0000700001aee000)]
  0x00007ff81a38e800 JavaThread "AnyLogic simulation performance monitor" [_thread_blocked, id=59675, stack(0x00007000018eb000,0x00007000019eb000)]
  0x00007ff81a28f800 JavaThread "AWT-EventQueue-0" [_thread_in_native, id=55631, stack(0x0000700001662000,0x0000700001762000)]
  0x00007ff819997800 JavaThread "Java2D Disposer" daemon [_thread_blocked, id=50443, stack(0x000070000145c000,0x000070000155c000)]
  0x00007ff8189ed000 JavaThread "Java2D Queue Flusher" daemon [_thread_blocked, id=50183, stack(0x0000700001359000,0x0000700001459000)]
  0x00007ff819937000 JavaThread "AWT-Shutdown" [_thread_blocked, id=28455, stack(0x00007000011d3000,0x00007000012d3000)]
=>0x00007ff819136800 JavaThread "AWT-AppKit" daemon [_thread_in_native, id=2571, stack(0x00007fff5bfb3000,0x00007fff5c7b3000)]
  0x00007ff81982b000 JavaThread "Service Thread" daemon [_thread_blocked, id=18947, stack(0x0000700000ec7000,0x0000700000fc7000)]
  0x00007ff81982a000 JavaThread "C1 CompilerThread2" daemon [_thread_blocked, id=18435, stack(0x0000700000dc4000,0x0000700000ec4000)]
  0x00007ff819058000 JavaThread "C2 CompilerThread1" daemon [_thread_in_native, id=17923, stack(0x0000700000cc1000,0x0000700000dc1000)]
  0x00007ff819064000 JavaThread "C2 CompilerThread0" daemon [_thread_in_native, id=17411, stack(0x0000700000bbe000,0x0000700000cbe000)]
  0x00007ff81900f000 JavaThread "Signal Dispatcher" daemon [_thread_blocked, id=16659, stack(0x0000700000abb000,0x0000700000bbb000)]
  0x00007ff81981a800 JavaThread "Finalizer" daemon [_thread_blocked, id=12291, stack(0x000070000082f000,0x000070000092f000)]
  0x00007ff819819800 JavaThread "Reference Handler" daemon [_thread_blocked, id=11779, stack(0x000070000072c000,0x000070000082c000)]

Other Threads:
  0x00007ff818819800 VMThread [stack: 0x0000700000629000,0x0000700000729000] [id=11267]
  0x00007ff818825000 WatcherThread [stack: 0x0000700000fca000,0x00007000010ca000] [id=19459]

VM state:not at safepoint (normal execution)

VM Mutex/Monitor currently owned by a thread: None

Heap:
 PSYoungGen      total 57856K, used 2717K [0x00000007bab00000, 0x00000007c0000000, 0x00000007c0000000)
  eden space 29184K, 3% used [0x00000007bab00000,0x00000007bac13a78,0x00000007bc780000)
  from space 28672K, 5% used [0x00000007bc780000,0x00000007bc913ba0,0x00000007be380000)
  to   space 28672K, 0% used [0x00000007be400000,0x00000007be400000,0x00000007c0000000)
 ParOldGen       total 125440K, used 95723K [0x00000007b0000000, 0x00000007b7a80000, 0x00000007bab00000)
  object space 125440K, 76% used [0x00000007b0000000,0x00000007b5d7ae10,0x00000007b7a80000)
 Metaspace       used 33470K, capacity 33869K, committed 34304K, reserved 1079296K
  class space    used 4196K, capacity 4314K, committed 4352K, reserved 1048576K

Card table byte_map: [0x0000000103723000,0x00000001037a4000] byte_map_base: 0x00000000ff9a3000

Marking Bits: (ParMarkBitMap*) 0x00000001048dde20
 Begin Bits: [0x0000000114346000, 0x0000000114746000)
 End Bits:   [0x0000000114746000, 0x0000000114b46000)

Polling page: 0x0000000103710000

CodeCache: size=245760Kb used=19187Kb max_used=19835Kb free=226573Kb
 bounds [0x0000000104f86000, 0x0000000106316000, 0x0000000113f86000]
 total_blobs=6597 nmethods=5523 adapters=982
 compilation: enabled

Compilation events (10 events):
Event: 75.953 Thread 0x00007ff81982a000 6550       3       javax.swing.JComponent::deregisterNextFocusableComponent (53 bytes)
Event: 75.954 Thread 0x00007ff81982a000 nmethod 6550 0x0000000105b2ea50 code [0x0000000105b2ec40, 0x0000000105b2f6a8]
Event: 75.955 Thread 0x00007ff81982a000 6548       3       javax.swing.BorderFactory::createEmptyBorder (4 bytes)
Event: 75.956 Thread 0x00007ff81982a000 nmethod 6548 0x000000010587e310 code [0x000000010587e460, 0x000000010587e590]
Event: 75.958 Thread 0x00007ff81982a000 6560       3       java.awt.Component::getSiblingIndexBelow (37 bytes)
Event: 75.959 Thread 0x00007ff81982a000 nmethod 6560 0x00000001053fd290 code [0x00000001053fd480, 0x00000001053fdd68]
Event: 75.961 Thread 0x00007ff81982a000 6561       3       java.awt.Container::recursiveApplyCurrentShape (10 bytes)
Event: 75.962 Thread 0x00007ff81982a000 nmethod 6561 0x000000010542ff90 code [0x0000000105430180, 0x0000000105430c28]
Event: 75.962 Thread 0x00007ff81982a000 6545   !   3       javax.swing.BoxLayout::preferredLayoutSize (110 bytes)
Event: 75.964 Thread 0x00007ff81982a000 nmethod 6545 0x0000000105b4ee10 code [0x0000000105b4f000, 0x0000000105b4f988]

GC Heap History (10 events):
Event: 53.504 GC heap before
{Heap before GC invocations=16 (full 3):
 PSYoungGen      total 58368K, used 36367K [0x00000007bab00000, 0x00000007c0000000, 0x00000007c0000000)
  eden space 29696K, 100% used [0x00000007bab00000,0x00000007bc800000,0x00000007bc800000)
  from space 28672K, 23% used [0x00000007be400000,0x00000007bea83d10,0x00000007c0000000)
  to   space 28672K, 0% used [0x00000007bc800000,0x00000007bc800000,0x00000007be400000)
 ParOldGen       total 125440K, used 76891K [0x00000007b0000000, 0x00000007b7a80000, 0x00000007bab00000)
  object space 125440K, 61% used [0x00000007b0000000,0x00000007b4b16c30,0x00000007b7a80000)
 Metaspace       used 33268K, capacity 33613K, committed 34048K, reserved 1079296K
  class space    used 4188K, capacity 4314K, committed 4352K, reserved 1048576K
Event: 53.513 GC heap after
Heap after GC invocations=16 (full 3):
 PSYoungGen      total 58368K, used 7214K [0x00000007bab00000, 0x00000007c0000000, 0x00000007c0000000)
  eden space 29696K, 0% used [0x00000007bab00000,0x00000007bab00000,0x00000007bc800000)
  from space 28672K, 25% used [0x00000007bc800000,0x00000007bcf0ba00,0x00000007be400000)
  to   space 28672K, 0% used [0x00000007be400000,0x00000007be400000,0x00000007c0000000)
 ParOldGen       total 125440K, used 80510K [0x00000007b0000000, 0x00000007b7a80000, 0x00000007bab00000)
  object space 125440K, 64% used [0x00000007b0000000,0x00000007b4e9fa40,0x00000007b7a80000)
 Metaspace       used 33268K, capacity 33613K, committed 34048K, reserved 1079296K
  class space    used 4188K, capacity 4314K, committed 4352K, reserved 1048576K
}
Event: 60.832 GC heap before
{Heap before GC invocations=17 (full 3):
 PSYoungGen      total 58368K, used 36910K [0x00000007bab00000, 0x00000007c0000000, 0x00000007c0000000)
  eden space 29696K, 100% used [0x00000007bab00000,0x00000007bc800000,0x00000007bc800000)
  from space 28672K, 25% used [0x00000007bc800000,0x00000007bcf0ba00,0x00000007be400000)
  to   space 28672K, 0% used [0x00000007be400000,0x00000007be400000,0x00000007c0000000)
 ParOldGen       total 125440K, used 80510K [0x00000007b0000000, 0x00000007b7a80000, 0x00000007bab00000)
  object space 125440K, 64% used [0x00000007b0000000,0x00000007b4e9fa68,0x00000007b7a80000)
 Metaspace       used 33333K, capacity 33741K, committed 34048K, reserved 1079296K
  class space    used 4188K, capacity 4314K, committed 4352K, reserved 1048576K
Event: 60.842 GC heap after
Heap after GC invocations=17 (full 3):
 PSYoungGen      total 58368K, used 7235K [0x00000007bab00000, 0x00000007c0000000, 0x00000007c0000000)
  eden space 29696K, 0% used [0x00000007bab00000,0x00000007bab00000,0x00000007bc800000)
  from space 28672K, 25% used [0x00000007be400000,0x00000007beb10f10,0x00000007c0000000)
  to   space 28672K, 0% used [0x00000007bc800000,0x00000007bc800000,0x00000007be400000)
 ParOldGen       total 125440K, used 83484K [0x00000007b0000000, 0x00000007b7a80000, 0x00000007bab00000)
  object space 125440K, 66% used [0x00000007b0000000,0x00000007b51873d8,0x00000007b7a80000)
 Metaspace       used 33333K, capacity 33741K, committed 34048K, reserved 1079296K
  class space    used 4188K, capacity 4314K, committed 4352K, reserved 1048576K
}
Event: 68.255 GC heap before
{Heap before GC invocations=18 (full 3):
 PSYoungGen      total 58368K, used 36931K [0x00000007bab00000, 0x00000007c0000000, 0x00000007c0000000)
  eden space 29696K, 100% used [0x00000007bab00000,0x00000007bc800000,0x00000007bc800000)
  from space 28672K, 25% used [0x00000007be400000,0x00000007beb10f10,0x00000007c0000000)
  to   space 28672K, 0% used [0x00000007bc800000,0x00000007bc800000,0x00000007be400000)
 ParOldGen       total 125440K, used 83487K [0x00000007b0000000, 0x00000007b7a80000, 0x00000007bab00000)
  object space 125440K, 66% used [0x00000007b0000000,0x00000007b5187e48,0x00000007b7a80000)
 Metaspace       used 33397K, capacity 33805K, committed 34048K, reserved 1079296K
  class space    used 4188K, capacity 4314K, committed 4352K, reserved 1048576K
Event: 68.263 GC heap after
Heap after GC invocations=18 (full 3):
 PSYoungGen      total 58368K, used 7041K [0x00000007bab00000, 0x00000007c0000000, 0x00000007c0000000)
  eden space 29696K, 0% used [0x00000007bab00000,0x00000007bab00000,0x00000007bc800000)
  from space 28672K, 24% used [0x00000007bc800000,0x00000007bcee0720,0x00000007be400000)
  to   space 28672K, 0% used [0x00000007be400000,0x00000007be400000,0x00000007c0000000)
 ParOldGen       total 125440K, used 86628K [0x00000007b0000000, 0x00000007b7a80000, 0x00000007bab00000)
  object space 125440K, 69% used [0x00000007b0000000,0x00000007b54993a8,0x00000007b7a80000)
 Metaspace       used 33397K, capacity 33805K, committed 34048K, reserved 1079296K
  class space    used 4188K, capacity 4314K, committed 4352K, reserved 1048576K
}
Event: 75.405 GC heap before
{Heap before GC invocations=19 (full 3):
 PSYoungGen      total 58368K, used 36737K [0x00000007bab00000, 0x00000007c0000000, 0x00000007c0000000)
  eden space 29696K, 100% used [0x00000007bab00000,0x00000007bc800000,0x00000007bc800000)
  from space 28672K, 24% used [0x00000007bc800000,0x00000007bcee0720,0x00000007be400000)
  to   space 28672K, 0% used [0x00000007be400000,0x00000007be400000,0x00000007c0000000)
 ParOldGen       total 125440K, used 86677K [0x00000007b0000000, 0x00000007b7a80000, 0x00000007bab00000)
  object space 125440K, 69% used [0x00000007b0000000,0x00000007b54a5720,0x00000007b7a80000)
 Metaspace       used 33410K, capacity 33805K, committed 34048K, reserved 1079296K
  class space    used 4188K, capacity 4314K, committed 4352K, reserved 1048576K
Event: 75.415 GC heap after
Heap after GC invocations=19 (full 3):
 PSYoungGen      total 57344K, used 9361K [0x00000007bab00000, 0x00000007bff80000, 0x00000007c0000000)
  eden space 29184K, 0% used [0x00000007bab00000,0x00000007bab00000,0x00000007bc780000)
  from space 28160K, 33% used [0x00000007be400000,0x00000007bed244d0,0x00000007bff80000)
  to   space 28672K, 0% used [0x00000007bc780000,0x00000007bc780000,0x00000007be380000)
 ParOldGen       total 125440K, used 87976K [0x00000007b0000000, 0x00000007b7a80000, 0x00000007bab00000)
  object space 125440K, 70% used [0x00000007b0000000,0x00000007b55ea090,0x00000007b7a80000)
 Metaspace       used 33410K, capacity 33805K, committed 34048K, reserved 1079296K
  class space    used 4188K, capacity 4314K, committed 4352K, reserved 1048576K
}
Event: 75.881 GC heap before
{Heap before GC invocations=20 (full 3):
 PSYoungGen      total 57344K, used 11943K [0x00000007bab00000, 0x00000007bff80000, 0x00000007c0000000)
  eden space 29184K, 8% used [0x00000007bab00000,0x00000007bad859b8,0x00000007bc780000)
  from space 28160K, 33% used [0x00000007be400000,0x00000007bed244d0,0x00000007bff80000)
  to   space 28672K, 0% used [0x00000007bc780000,0x00000007bc780000,0x00000007be380000)
 ParOldGen       total 125440K, used 87976K [0x00000007b0000000, 0x00000007b7a80000, 0x00000007bab00000)
  object space 125440K, 70% used [0x00000007b0000000,0x00000007b55ea090,0x00000007b7a80000)
 Metaspace       used 33442K, capacity 33805K, committed 34048K, reserved 1079296K
  class space    used 4193K, capacity 4314K, committed 4352K, reserved 1048576K
Event: 75.897 GC heap after
Heap after GC invocations=20 (full 3):
 PSYoungGen      total 57856K, used 1614K [0x00000007bab00000, 0x00000007c0000000, 0x00000007c0000000)
  eden space 29184K, 0% used [0x00000007bab00000,0x00000007bab00000,0x00000007bc780000)
  from space 28672K, 5% used [0x00000007bc780000,0x00000007bc913ba0,0x00000007be380000)
  to   space 28672K, 0% used [0x00000007be400000,0x00000007be400000,0x00000007c0000000)
 ParOldGen       total 125440K, used 95723K [0x00000007b0000000, 0x00000007b7a80000, 0x00000007bab00000)
  object space 125440K, 76% used [0x00000007b0000000,0x00000007b5d7ae10,0x00000007b7a80000)
 Metaspace       used 33442K, capacity 33805K, committed 34048K, reserved 1079296K
  class space    used 4193K, capacity 4314K, committed 4352K, reserved 1048576K
}

Deoptimization events (10 events):
Event: 75.919 Thread 0x00007ff81a28f800 Uncommon trap: reason=unstable_if action=reinterpret pc=0x00000001060de48c method=sun.java2d.opengl.OGLRenderer.validateContext(Lsun/java2d/SunGraphics2D;)V @ 10
Event: 75.920 Thread 0x00007ff81a28f800 Uncommon trap: reason=bimorphic action=maybe_recompile pc=0x0000000105cf8464 method=sun.dc.DuctusRenderingEngine.getAATileGenerator(Ljava/awt/Shape;Ljava/awt/geom/AffineTransform;Lsun/java2d/pipe/Region;Ljava/awt/BasicStroke;ZZ[I)Lsun/java2d/pipe/AATileGe
Event: 75.920 Thread 0x00007ff81a28f800 Uncommon trap: reason=class_check action=maybe_recompile pc=0x0000000105a476b0 method=sun.java2d.pipe.AlphaColorPipe.renderPathTile(Ljava/lang/Object;[BIIIIII)V @ 35
Event: 75.920 Thread 0x00007ff81a28f800 Uncommon trap: reason=class_check action=maybe_recompile pc=0x00000001059dcfb8 method=sun.java2d.pipe.AlphaColorPipe.renderPathTile(Ljava/lang/Object;[BIIIIII)V @ 35
Event: 75.920 Thread 0x00007ff81a28f800 Uncommon trap: reason=class_check action=maybe_recompile pc=0x00000001059dcfb8 method=sun.java2d.pipe.AlphaColorPipe.renderPathTile(Ljava/lang/Object;[BIIIIII)V @ 35
Event: 75.920 Thread 0x00007ff81a28f800 Uncommon trap: reason=class_check action=maybe_recompile pc=0x00000001059dcfb8 method=sun.java2d.pipe.AlphaColorPipe.renderPathTile(Ljava/lang/Object;[BIIIIII)V @ 35
Event: 75.935 Thread 0x00007ff81a28f800 Uncommon trap: reason=unstable_if action=reinterpret pc=0x0000000105f5fa38 method=sun.java2d.pipe.BufferedContext.validate(Lsun/java2d/pipe/hw/AccelSurface;Lsun/java2d/pipe/hw/AccelSurface;Lsun/java2d/pipe/Region;Ljava/awt/Composite;Ljava/awt/geom/AffineT
Event: 75.939 Thread 0x00007ff81a28f800 Uncommon trap: reason=unstable_if action=reinterpret pc=0x0000000105186b08 method=sun.java2d.opengl.OGLRenderer.validateContext(Lsun/java2d/SunGraphics2D;)V @ 10
Event: 75.939 Thread 0x00007ff81a28f800 Uncommon trap: reason=bimorphic action=maybe_recompile pc=0x0000000105cf8464 method=sun.dc.DuctusRenderingEngine.getAATileGenerator(Ljava/awt/Shape;Ljava/awt/geom/AffineTransform;Lsun/java2d/pipe/Region;Ljava/awt/BasicStroke;ZZ[I)Lsun/java2d/pipe/AATileGe
Event: 75.939 Thread 0x00007ff81a28f800 Uncommon trap: reason=unstable_if action=reinterpret pc=0x0000000106101934 method=sun.java2d.pipe.Region.clipBoxToBounds([I)V @ 58

Internal exceptions (10 events):
Event: 15.938 Thread 0x00007ff81a28f800 Implicit null exception at 0x00000001058eaeaa to 0x00000001058eaf15
Event: 30.526 Thread 0x00007ff81940c800 Implicit null exception at 0x0000000105bcb5ff to 0x0000000105bce25d
Event: 34.187 Thread 0x00007ff819b8a000 Implicit null exception at 0x0000000105f31fef to 0x0000000105f33039
Event: 34.187 Thread 0x00007ff819b8a000 Implicit null exception at 0x0000000105f44176 to 0x0000000105f44f11
Event: 34.485 Thread 0x00007ff81a28f800 Implicit null exception at 0x0000000105d74f84 to 0x0000000105d75025
Event: 34.489 Thread 0x00007ff819393800 Implicit null exception at 0x0000000105f11ece to 0x0000000105f12c05
Event: 34.530 Thread 0x00007ff819393800 Implicit null exception at 0x00000001053f9113 to 0x00000001053f92c9
Event: 34.628 Thread 0x00007ff819393800 Implicit null exception at 0x000000010592beec to 0x000000010592bf1d
Event: 34.628 Thread 0x00007ff819393800 Implicit null exception at 0x00000001059147ac to 0x00000001059147e1
Event: 34.634 Thread 0x00007ff819393800 Implicit null exception at 0x0000000105f54674 to 0x0000000105f549c5

Events (10 events):
Event: 75.953 Thread 0x00007ff81982a000 flushing nmethod 0x0000000105da8990
Event: 75.957 Thread 0x00007ff81982a000 flushing nmethod 0x000000010606ffd0
Event: 75.957 Thread 0x00007ff81982a000 flushing nmethod 0x0000000106083d10
Event: 75.959 Thread 0x00007ff81982a000 flushing nmethod 0x00000001061028d0
Event: 75.960 Thread 0x00007ff81982a000 flushing nmethod 0x000000010616a890
Event: 75.960 Thread 0x00007ff81982a000 flushing nmethod 0x000000010616d090
Event: 75.960 Thread 0x00007ff81982a000 flushing nmethod 0x0000000106175a90
Event: 75.963 Executing VM operation: RevokeBias
Event: 75.964 Executing VM operation: RevokeBias done
Event: 75.964 Thread 0x00007ff81982a000 flushing nmethod 0x00000001050f75d0


Dynamic libraries:
0x000000000403f000 	/System/Library/Frameworks/Cocoa.framework/Versions/A/Cocoa
0x000000000403f000 	/System/Library/Frameworks/Security.framework/Versions/A/Security
0x000000000403f000 	/System/Library/Frameworks/ApplicationServices.framework/Versions/A/ApplicationServices
0x000000000403f000 	/usr/lib/libz.1.dylib
0x000000000403f000 	/usr/lib/libSystem.B.dylib
0x000000000403f000 	/usr/lib/libobjc.A.dylib
0x000000000403f000 	/System/Library/Frameworks/CoreFoundation.framework/Versions/A/CoreFoundation
0x000000000403f000 	/System/Library/Frameworks/Foundation.framework/Versions/C/Foundation
0x000000000403f000 	/System/Library/Frameworks/AppKit.framework/Versions/C/AppKit
0x000000000403f000 	/System/Library/Frameworks/CoreData.framework/Versions/A/CoreData
0x000000000403f000 	/System/Library/PrivateFrameworks/RemoteViewServices.framework/Versions/A/RemoteViewServices
0x000000000403f000 	/System/Library/PrivateFrameworks/UIFoundation.framework/Versions/A/UIFoundation
0x000000000403f000 	/usr/lib/libScreenReader.dylib
0x000000000403f000 	/System/Library/Frameworks/Accelerate.framework/Versions/A/Accelerate
0x000000000403f000 	/System/Library/Frameworks/IOSurface.framework/Versions/A/IOSurface
0x000000000403f000 	/System/Library/Frameworks/AudioToolbox.framework/Versions/A/AudioToolbox
0x000000000403f000 	/System/Library/Frameworks/AudioUnit.framework/Versions/A/AudioUnit
0x000000000403f000 	/System/Library/PrivateFrameworks/DataDetectorsCore.framework/Versions/A/DataDetectorsCore
0x000000000403f000 	/System/Library/PrivateFrameworks/DesktopServicesPriv.framework/Versions/A/DesktopServicesPriv
0x000000000403f000 	/System/Library/Frameworks/Carbon.framework/Versions/A/Frameworks/HIToolbox.framework/Versions/A/HIToolbox
0x000000000403f000 	/System/Library/Frameworks/QuartzCore.framework/Versions/A/QuartzCore
0x000000000403f000 	/System/Library/Frameworks/Carbon.framework/Versions/A/Frameworks/SpeechRecognition.framework/Versions/A/SpeechRecognition
0x000000000403f000 	/usr/lib/libauto.dylib
0x000000000403f000 	/usr/lib/libicucore.A.dylib
0x000000000403f000 	/usr/lib/libxml2.2.dylib
0x000000000403f000 	/System/Library/PrivateFrameworks/CoreUI.framework/Versions/A/CoreUI
0x000000000403f000 	/System/Library/Frameworks/CoreAudio.framework/Versions/A/CoreAudio
0x000000000403f000 	/System/Library/Frameworks/DiskArbitration.framework/Versions/A/DiskArbitration
0x000000000403f000 	/usr/lib/liblangid.dylib
0x000000000403f000 	/System/Library/PrivateFrameworks/MultitouchSupport.framework/Versions/A/MultitouchSupport
0x000000000403f000 	/System/Library/Frameworks/IOKit.framework/Versions/A/IOKit
0x000000000403f000 	/usr/lib/libDiagnosticMessagesClient.dylib
0x000000000403f000 	/System/Library/Frameworks/CoreServices.framework/Versions/A/CoreServices
0x000000000403f000 	/System/Library/PrivateFrameworks/PerformanceAnalysis.framework/Versions/A/PerformanceAnalysis
0x000000000403f000 	/System/Library/PrivateFrameworks/GenerationalStorage.framework/Versions/A/GenerationalStorage
0x000000000403f000 	/System/Library/Frameworks/OpenGL.framework/Versions/A/OpenGL
0x000000000403f000 	/System/Library/PrivateFrameworks/Sharing.framework/Versions/A/Sharing
0x000000000403f000 	/System/Library/Frameworks/CoreGraphics.framework/Versions/A/CoreGraphics
0x000000000403f000 	/System/Library/Frameworks/CoreImage.framework/Versions/A/CoreImage
0x000000000403f000 	/System/Library/Frameworks/CoreText.framework/Versions/A/CoreText
0x000000000403f000 	/System/Library/Frameworks/ImageIO.framework/Versions/A/ImageIO
0x000000000403f000 	/System/Library/PrivateFrameworks/Backup.framework/Versions/A/Backup
0x000000000403f000 	/usr/lib/libextension.dylib
0x000000000403f000 	/usr/lib/libarchive.2.dylib
0x000000000403f000 	/System/Library/Frameworks/CFNetwork.framework/Versions/A/CFNetwork
0x000000000403f000 	/System/Library/Frameworks/SystemConfiguration.framework/Versions/A/SystemConfiguration
0x000000000403f000 	/usr/lib/libCRFSuite.dylib
0x000000000403f000 	/usr/lib/libc++.1.dylib
0x000000000403f000 	/usr/lib/libc++abi.dylib
0x000000000403f000 	/usr/lib/system/libcache.dylib
0x000000000403f000 	/usr/lib/system/libcommonCrypto.dylib
0x000000000403f000 	/usr/lib/system/libcompiler_rt.dylib
0x000000000403f000 	/usr/lib/system/libcopyfile.dylib
0x000000000403f000 	/usr/lib/system/libcorecrypto.dylib
0x000000000403f000 	/usr/lib/system/libdispatch.dylib
0x000000000403f000 	/usr/lib/system/libdyld.dylib
0x000000000403f000 	/usr/lib/system/libkeymgr.dylib
0x000000000403f000 	/usr/lib/system/liblaunch.dylib
0x000000000403f000 	/usr/lib/system/libmacho.dylib
0x000000000403f000 	/usr/lib/system/libquarantine.dylib
0x000000000403f000 	/usr/lib/system/libremovefile.dylib
0x000000000403f000 	/usr/lib/system/libsystem_asl.dylib
0x000000000403f000 	/usr/lib/system/libsystem_blocks.dylib
0x000000000403f000 	/usr/lib/system/libsystem_c.dylib
0x000000000403f000 	/usr/lib/system/libsystem_configuration.dylib
0x000000000403f000 	/usr/lib/system/libsystem_coreservices.dylib
0x000000000403f000 	/usr/lib/system/libsystem_coretls.dylib
0x000000000403f000 	/usr/lib/system/libsystem_dnssd.dylib
0x000000000403f000 	/usr/lib/system/libsystem_info.dylib
0x000000000403f000 	/usr/lib/system/libsystem_kernel.dylib
0x000000000403f000 	/usr/lib/system/libsystem_m.dylib
0x000000000403f000 	/usr/lib/system/libsystem_malloc.dylib
0x000000000403f000 	/usr/lib/system/libsystem_network.dylib
0x000000000403f000 	/usr/lib/system/libsystem_networkextension.dylib
0x000000000403f000 	/usr/lib/system/libsystem_notify.dylib
0x000000000403f000 	/usr/lib/system/libsystem_platform.dylib
0x000000000403f000 	/usr/lib/system/libsystem_pthread.dylib
0x000000000403f000 	/usr/lib/system/libsystem_sandbox.dylib
0x000000000403f000 	/usr/lib/system/libsystem_secinit.dylib
0x000000000403f000 	/usr/lib/system/libsystem_trace.dylib
0x000000000403f000 	/usr/lib/system/libunc.dylib
0x000000000403f000 	/usr/lib/system/libunwind.dylib
0x000000000403f000 	/usr/lib/system/libxpc.dylib
0x000000000403f000 	/usr/lib/libenergytrace.dylib
0x000000000403f000 	/usr/lib/libbsm.0.dylib
0x000000000403f000 	/usr/lib/system/libkxld.dylib
0x000000000403f000 	/usr/lib/libxar.1.dylib
0x000000000403f000 	/usr/lib/libsqlite3.dylib
0x000000000403f000 	/usr/lib/libpam.2.dylib
0x000000000403f000 	/usr/lib/libOpenScriptingUtil.dylib
0x000000000403f000 	/usr/lib/libbz2.1.0.dylib
0x000000000403f000 	/usr/lib/liblzma.5.dylib
0x000000000403f000 	/System/Library/Frameworks/CoreServices.framework/Versions/A/Frameworks/FSEvents.framework/Versions/A/FSEvents
0x000000000403f000 	/System/Library/Frameworks/CoreServices.framework/Versions/A/Frameworks/CarbonCore.framework/Versions/A/CarbonCore
0x000000000403f000 	/System/Library/Frameworks/CoreServices.framework/Versions/A/Frameworks/Metadata.framework/Versions/A/Metadata
0x000000000403f000 	/System/Library/Frameworks/CoreServices.framework/Versions/A/Frameworks/OSServices.framework/Versions/A/OSServices
0x000000000403f000 	/System/Library/Frameworks/CoreServices.framework/Versions/A/Frameworks/SearchKit.framework/Versions/A/SearchKit
0x000000000403f000 	/System/Library/Frameworks/CoreServices.framework/Versions/A/Frameworks/AE.framework/Versions/A/AE
0x000000000403f000 	/System/Library/Frameworks/CoreServices.framework/Versions/A/Frameworks/LaunchServices.framework/Versions/A/LaunchServices
0x000000000403f000 	/System/Library/Frameworks/CoreServices.framework/Versions/A/Frameworks/DictionaryServices.framework/Versions/A/DictionaryServices
0x000000000403f000 	/System/Library/Frameworks/CoreServices.framework/Versions/A/Frameworks/SharedFileList.framework/Versions/A/SharedFileList
0x000000000403f000 	/System/Library/Frameworks/NetFS.framework/Versions/A/NetFS
0x000000000403f000 	/System/Library/PrivateFrameworks/NetAuth.framework/Versions/A/NetAuth
0x000000000403f000 	/System/Library/PrivateFrameworks/login.framework/Versions/A/Frameworks/loginsupport.framework/Versions/A/loginsupport
0x000000000403f000 	/System/Library/PrivateFrameworks/TCC.framework/Versions/A/TCC
0x000000000403f000 	/usr/lib/libmecabra.dylib
0x000000000403f000 	/System/Library/Frameworks/ApplicationServices.framework/Versions/A/Frameworks/ATS.framework/Versions/A/ATS
0x000000000403f000 	/System/Library/Frameworks/ApplicationServices.framework/Versions/A/Frameworks/ColorSync.framework/Versions/A/ColorSync
0x000000000403f000 	/System/Library/Frameworks/ApplicationServices.framework/Versions/A/Frameworks/HIServices.framework/Versions/A/HIServices
0x000000000403f000 	/System/Library/Frameworks/ApplicationServices.framework/Versions/A/Frameworks/LangAnalysis.framework/Versions/A/LangAnalysis
0x000000000403f000 	/System/Library/Frameworks/ApplicationServices.framework/Versions/A/Frameworks/PrintCore.framework/Versions/A/PrintCore
0x000000000403f000 	/System/Library/Frameworks/ApplicationServices.framework/Versions/A/Frameworks/QD.framework/Versions/A/QD
0x000000000403f000 	/System/Library/Frameworks/ApplicationServices.framework/Versions/A/Frameworks/SpeechSynthesis.framework/Versions/A/SpeechSynthesis
0x000000000403f000 	/System/Library/Frameworks/Metal.framework/Versions/A/Metal
0x000000000403f000 	/System/Library/Frameworks/Accelerate.framework/Versions/A/Frameworks/vImage.framework/Versions/A/vImage
0x000000000403f000 	/System/Library/Frameworks/Accelerate.framework/Versions/A/Frameworks/vecLib.framework/Versions/A/vecLib
0x000000000403f000 	/System/Library/Frameworks/Accelerate.framework/Versions/A/Frameworks/vecLib.framework/Versions/A/libvDSP.dylib
0x000000000403f000 	/System/Library/Frameworks/Accelerate.framework/Versions/A/Frameworks/vecLib.framework/Versions/A/libvMisc.dylib
0x000000000403f000 	/System/Library/Frameworks/Accelerate.framework/Versions/A/Frameworks/vecLib.framework/Versions/A/libLAPACK.dylib
0x000000000403f000 	/System/Library/Frameworks/Accelerate.framework/Versions/A/Frameworks/vecLib.framework/Versions/A/libBLAS.dylib
0x000000000403f000 	/System/Library/Frameworks/Accelerate.framework/Versions/A/Frameworks/vecLib.framework/Versions/A/libLinearAlgebra.dylib
0x000000000403f000 	/System/Library/Frameworks/Accelerate.framework/Versions/A/Frameworks/vecLib.framework/Versions/A/libSparseBLAS.dylib
0x000000000403f000 	/System/Library/PrivateFrameworks/GPUCompiler.framework/libmetal_timestamp.dylib
0x000000000403f000 	/System/Library/Frameworks/OpenGL.framework/Versions/A/Libraries/libCoreFSCache.dylib
0x000000000403f000 	/System/Library/PrivateFrameworks/IOAccelerator.framework/Versions/A/IOAccelerator
0x000000000403f000 	/System/Library/Frameworks/ApplicationServices.framework/Versions/A/Frameworks/ATS.framework/Versions/A/Resources/libFontParser.dylib
0x000000000403f000 	/System/Library/Frameworks/ApplicationServices.framework/Versions/A/Frameworks/ATS.framework/Versions/A/Resources/libFontRegistry.dylib
0x000000000403f000 	/System/Library/PrivateFrameworks/AppleVPA.framework/Versions/A/AppleVPA
0x000000000403f000 	/System/Library/PrivateFrameworks/AppleJPEG.framework/Versions/A/AppleJPEG
0x000000000403f000 	/System/Library/Frameworks/ImageIO.framework/Versions/A/Resources/libJPEG.dylib
0x000000000403f000 	/System/Library/Frameworks/ImageIO.framework/Versions/A/Resources/libTIFF.dylib
0x000000000403f000 	/System/Library/Frameworks/ImageIO.framework/Versions/A/Resources/libPng.dylib
0x000000000403f000 	/System/Library/Frameworks/ImageIO.framework/Versions/A/Resources/libGIF.dylib
0x000000000403f000 	/System/Library/Frameworks/ImageIO.framework/Versions/A/Resources/libJP2.dylib
0x000000000403f000 	/System/Library/Frameworks/ImageIO.framework/Versions/A/Resources/libRadiance.dylib
0x000000000403f000 	/System/Library/Frameworks/CoreVideo.framework/Versions/A/CoreVideo
0x000000000403f000 	/System/Library/Frameworks/OpenGL.framework/Versions/A/Libraries/libGLU.dylib
0x000000000403f000 	/System/Library/Frameworks/OpenGL.framework/Versions/A/Libraries/libGFXShared.dylib
0x000000000403f000 	/System/Library/Frameworks/OpenGL.framework/Versions/A/Libraries/libGL.dylib
0x000000000403f000 	/System/Library/Frameworks/OpenGL.framework/Versions/A/Libraries/libGLImage.dylib
0x000000000403f000 	/System/Library/Frameworks/OpenGL.framework/Versions/A/Libraries/libCVMSPluginSupport.dylib
0x000000000403f000 	/System/Library/Frameworks/OpenGL.framework/Versions/A/Libraries/libCoreVMClient.dylib
0x000000000403f000 	/usr/lib/libcompression.dylib
0x000000000403f000 	/usr/lib/libcups.2.dylib
0x000000000403f000 	/System/Library/Frameworks/Kerberos.framework/Versions/A/Kerberos
0x000000000403f000 	/System/Library/Frameworks/GSS.framework/Versions/A/GSS
0x000000000403f000 	/usr/lib/libresolv.9.dylib
0x000000000403f000 	/usr/lib/libiconv.2.dylib
0x000000000403f000 	/System/Library/PrivateFrameworks/Heimdal.framework/Versions/A/Heimdal
0x000000000403f000 	/usr/lib/libheimdal-asn1.dylib
0x000000000403f000 	/System/Library/Frameworks/OpenDirectory.framework/Versions/A/OpenDirectory
0x000000000403f000 	/System/Library/PrivateFrameworks/CommonAuth.framework/Versions/A/CommonAuth
0x000000000403f000 	/System/Library/Frameworks/OpenDirectory.framework/Versions/A/Frameworks/CFOpenDirectory.framework/Versions/A/CFOpenDirectory
0x000000000403f000 	/System/Library/Frameworks/SecurityFoundation.framework/Versions/A/SecurityFoundation
0x000000000403f000 	/System/Library/PrivateFrameworks/LanguageModeling.framework/Versions/A/LanguageModeling
0x000000000403f000 	/usr/lib/libmarisa.dylib
0x000000000403f000 	/usr/lib/libChineseTokenizer.dylib
0x000000000403f000 	/usr/lib/libcmph.dylib
0x000000000403f000 	/System/Library/Frameworks/ServiceManagement.framework/Versions/A/ServiceManagement
0x000000000403f000 	/usr/lib/libxslt.1.dylib
0x000000000403f000 	/System/Library/Frameworks/Carbon.framework/Versions/A/Frameworks/Ink.framework/Versions/A/Ink
0x000000000403f000 	/usr/lib/libFosl_dynamic.dylib
0x000000000403f000 	/System/Library/PrivateFrameworks/FaceCore.framework/Versions/A/FaceCore
0x000000000403f000 	/System/Library/Frameworks/OpenCL.framework/Versions/A/OpenCL
0x000000000403f000 	/System/Library/PrivateFrameworks/CrashReporterSupport.framework/Versions/A/CrashReporterSupport
0x000000000403f000 	/System/Library/PrivateFrameworks/IconServices.framework/Versions/A/IconServices
0x000000000403f000 	/System/Library/PrivateFrameworks/Apple80211.framework/Versions/A/Apple80211
0x000000000403f000 	/System/Library/Frameworks/CoreWLAN.framework/Versions/A/CoreWLAN
0x000000000403f000 	/System/Library/Frameworks/IOBluetooth.framework/Versions/A/IOBluetooth
0x000000000403f000 	/System/Library/PrivateFrameworks/CoreWiFi.framework/Versions/A/CoreWiFi
0x000000000403f000 	/System/Library/Frameworks/CoreBluetooth.framework/Versions/A/CoreBluetooth
0x000000000403f000 	/System/Library/PrivateFrameworks/ChunkingLibrary.framework/Versions/A/ChunkingLibrary
0x000000000403f000 	/System/Library/PrivateFrameworks/DebugSymbols.framework/Versions/A/DebugSymbols
0x000000000403f000 	/System/Library/PrivateFrameworks/CoreSymbolication.framework/Versions/A/CoreSymbolication
0x000000000403f000 	/System/Library/PrivateFrameworks/Symbolication.framework/Versions/A/Symbolication
0x000000000403f000 	/System/Library/PrivateFrameworks/SpeechRecognitionCore.framework/Versions/A/SpeechRecognitionCore
0x0000000104000000 	/Applications/AnyLogic.app/Contents/jre/lib/server/libjvm.dylib
0x000000000403f000 	/usr/lib/libstdc++.6.dylib
0x00000001036cd000 	/Applications/AnyLogic.app/Contents/jre/lib/libverify.dylib
0x00000001036db000 	/Applications/AnyLogic.app/Contents/jre/lib/libjava.dylib
0x000000010371a000 	/Applications/AnyLogic.app/Contents/jre/lib/libzip.dylib
0x0000000116694000 	/System/Library/Frameworks/JavaVM.framework/Frameworks/JavaRuntimeSupport.framework/JavaRuntimeSupport
0x00000001166af000 	/System/Library/Frameworks/JavaVM.framework/Versions/A/Frameworks/JavaNativeFoundation.framework/Versions/A/JavaNativeFoundation
0x00000001166c4000 	/System/Library/Frameworks/JavaVM.framework/Versions/A/JavaVM
0x000000000403f000 	/System/Library/Frameworks/Carbon.framework/Versions/A/Carbon
0x00000001166d1000 	/System/Library/PrivateFrameworks/JavaLaunching.framework/Versions/A/JavaLaunching
0x000000000403f000 	/System/Library/Frameworks/Carbon.framework/Versions/A/Frameworks/CommonPanels.framework/Versions/A/CommonPanels
0x000000000403f000 	/System/Library/Frameworks/Carbon.framework/Versions/A/Frameworks/Help.framework/Versions/A/Help
0x000000000403f000 	/System/Library/Frameworks/Carbon.framework/Versions/A/Frameworks/ImageCapture.framework/Versions/A/ImageCapture
0x000000000403f000 	/System/Library/Frameworks/Carbon.framework/Versions/A/Frameworks/OpenScripting.framework/Versions/A/OpenScripting
0x000000000403f000 	/System/Library/Frameworks/Carbon.framework/Versions/A/Frameworks/Print.framework/Versions/A/Print
0x000000000403f000 	/System/Library/Frameworks/Carbon.framework/Versions/A/Frameworks/SecurityHI.framework/Versions/A/SecurityHI
0x0000000118135000 	/Applications/AnyLogic.app/Contents/jre/lib/libawt.dylib
0x00000001181dd000 	/Applications/AnyLogic.app/Contents/jre/lib/./libmlib_image.dylib
0x00000001182a9000 	/Applications/AnyLogic.app/Contents/jre/lib/libawt_lwawt.dylib
0x000000011835e000 	/Applications/AnyLogic.app/Contents/jre/lib/./libosxapp.dylib
0x000000000403f000 	/System/Library/Frameworks/ExceptionHandling.framework/Versions/A/ExceptionHandling
0x000000000403f000 	/System/Library/PrivateFrameworks/CoreServicesInternal.framework/Versions/A/CoreServicesInternal
0x000000000403f000 	/System/Library/Frameworks/CoreGraphics.framework/Versions/A/Resources/libRIP.A.dylib
0x000000000403f000 	/System/Library/Frameworks/Accelerate.framework/Versions/A/Frameworks/vImage.framework/Versions/A/Libraries/libCGInterfaces.dylib
0x000000000403f000 	/System/Library/Frameworks/CoreGraphics.framework/Versions/A/Resources/libCGXType.A.dylib
0x000000000403f000 	/System/Library/Frameworks/OpenCL.framework/Versions/A/Libraries/libcldcpuengine.dylib
0x000000000403f000 	/System/Library/PrivateFrameworks/DiskImages.framework/Versions/A/DiskImages
0x000000000403f000 	/System/Library/Frameworks/DiscRecording.framework/Versions/A/DiscRecording
0x000000000403f000 	/usr/lib/libcsfde.dylib
0x000000000403f000 	/usr/lib/libcurl.4.dylib
0x000000000403f000 	/System/Library/PrivateFrameworks/MediaKit.framework/Versions/A/MediaKit
0x000000000403f000 	/System/Library/PrivateFrameworks/ProtectedCloudStorage.framework/Versions/A/ProtectedCloudStorage
0x000000000403f000 	/usr/lib/libCoreStorage.dylib
0x000000000403f000 	/System/Library/PrivateFrameworks/EFILogin.framework/Versions/A/EFILogin
0x000000000403f000 	/usr/lib/libutil.dylib
0x000000000403f000 	/System/Library/PrivateFrameworks/FindMyDevice.framework/Versions/A/FindMyDevice
0x000000000403f000 	/System/Library/Frameworks/LDAP.framework/Versions/A/LDAP
0x000000000403f000 	/usr/lib/libsasl2.2.dylib
0x000000000403f000 	/System/Library/PrivateFrameworks/CoreDaemon.framework/Versions/B/CoreDaemon
0x000000000403f000 	/usr/lib/libcrypto.0.9.8.dylib
0x000000000403f000 	/System/Library/PrivateFrameworks/AppleSRP.framework/Versions/A/AppleSRP
0x000000000403f000 	/System/Library/PrivateFrameworks/TrustEvaluationAgent.framework/Versions/A/TrustEvaluationAgent
0x000000011a172000 	cl_kernels
0x000000000403f000 	/System/Library/Frameworks/OpenCL.framework/Versions/A/Libraries/ImageFormats/unorm8_bgra.dylib
0x000000000403f000 	/System/Library/Frameworks/OpenCL.framework/Versions/A/Libraries/ImageFormats/unorm8_rgba.dylib
0x000000000403f000 	/System/Library/PrivateFrameworks/FamilyControls.framework/Versions/A/FamilyControls
0x000000000403f000 	/System/Library/PrivateFrameworks/CommerceKit.framework/Versions/A/Frameworks/CommerceCore.framework/Versions/A/CommerceCore
0x000000000403f000 	/System/Library/PrivateFrameworks/SystemAdministration.framework/Versions/A/SystemAdministration
0x000000000403f000 	/System/Library/PrivateFrameworks/AppContainer.framework/Versions/A/AppContainer
0x000000000403f000 	/System/Library/PrivateFrameworks/SecCodeWrapper.framework/Versions/A/SecCodeWrapper
0x000000000403f000 	/System/Library/Frameworks/DirectoryService.framework/Versions/A/DirectoryService
0x000000000403f000 	/System/Library/PrivateFrameworks/LoginUIKit.framework/Versions/A/Frameworks/LoginUICore.framework/Versions/A/LoginUICore
0x000000000403f000 	/usr/lib/libodfde.dylib
0x000000011b292000 	/Applications/AnyLogic.app/Contents/jre/lib/libfontmanager.dylib
0x0000000119592000 	/Applications/AnyLogic.app/Contents/jre/lib/libosxui.dylib
0x000000000403f000 	/System/Library/Frameworks/OpenGL.framework/Versions/A/Resources/GLEngine.bundle/GLEngine
0x000000000403f000 	/System/Library/Frameworks/OpenGL.framework/Versions/A/Libraries/libGLProgrammability.dylib
0x000000011bd37000 	/System/Library/Extensions/AppleIntelBDWGraphicsGLDriver.bundle/Contents/MacOS/AppleIntelBDWGraphicsGLDriver
0x000000000403f000 	/System/Library/PrivateFrameworks/GPUSupport.framework/Versions/A/Libraries/libGPUSupportMercury.dylib
0x000000000403f000 	/System/Library/Frameworks/OpenGL.framework/Versions/A/Resources/GLRendererFloat.bundle/GLRendererFloat
0x000000011d14f000 	/Applications/AnyLogic.app/Contents/jre/lib/libnet.dylib
0x000000011cf5e000 	/Applications/AnyLogic.app/Contents/jre/lib/libnio.dylib
0x000000000403f000 	/System/Library/Frameworks/ApplicationServices.framework/Versions/A/Frameworks/ATS.framework/Versions/A/Resources/libTrueTypeScaler.dylib
0x0000000171b7b000 	/System/Library/Extensions/AppleIntelBDWGraphicsMTLDriver.bundle/Contents/MacOS/AppleIntelBDWGraphicsMTLDriver
0x000000016e7b9000 	/Applications/AnyLogic.app/Contents/jre/lib/libdcpr.dylib
0x0000000118793000 	/Applications/AnyLogic.app/Contents/Resources/Java/plugins/org.j3d.opengl.swt.carbon.osx_0.7.0/libgluegen-rt.jnilib
0x0000000118797000 	/Applications/AnyLogic.app/Contents/Resources/Java/plugins/org.j3d.opengl.swt.carbon.osx_0.7.0/libnativewindow_awt.jnilib
0x000000011879a000 	/Applications/AnyLogic.app/Contents/jre/lib/libjawt.dylib
0x000000011879d000 	/Applications/AnyLogic.app/Contents/Resources/Java/plugins/org.j3d.opengl.swt.carbon.osx_0.7.0/libnativewindow_macosx.jnilib
0x0000000119feb000 	/Applications/AnyLogic.app/Contents/Resources/Java/plugins/org.j3d.opengl.swt.carbon.osx_0.7.0/libjogl_desktop.jnilib

VM Arguments:
jvm_args: -Xmx256m -Dnativewindow.awt.nohidpi=true -DlanguageId_xjal=en0ten6l -DFlowchartCountersVisible_xjal=true -DTileCachePath_xjal=/Applications/AnyLogic.app/Contents/Resources/Java/plugins/com.anylogic.gis_7.3.5.201608171835/tiles -DFlowchartPortStateAnimated_xjal=true -DuseProxy_xjal=false -Djava.library.path=/Applications/AnyLogic.app/Contents/Resources/Java/plugins/org.j3d.opengl.swt.carbon.osx_0.7.0:/Applications/AnyLogic.app/Contents/Resources/Java/plugins/org.j3d.opengl.swt.carbon.osx_0.7.0 -Dfile.encoding=UTF-8 
java_command: com.anylogic.ms.MS bank_2.Simulation 1772b1e
java_class_path (initial): /Applications/AnyLogic.app/Contents/Resources/Java/plugins/com.anylogic.engine_7.3.5.201608171835/com.anylogic.engine.jar:/Applications/AnyLogic.app/Contents/Resources/Java/plugins/com.anylogic.engine_7.3.5.201608171835/com.anylogic.engine.al3d.jar:/Applications/AnyLogic.app/Contents/Resources/Java/plugins/com.anylogic.engine_7.3.5.201608171835/com.anylogic.engine.resources.jar:/Applications/AnyLogic.app/Contents/Resources/Java/plugins/com.anylogic.engine_7.3.5.201608171835/com.anylogic.engine.nl.jar:/Applications/AnyLogic.app/Contents/Resources/Java/plugins/com.anylogic.optimizer_7.3.5.201608171835/lib/OptQuest.jar:/Applications/AnyLogic.app/Contents/Resources/Java/plugins/com.anylogic.third_party_libraries_7.3.5.201608171835/lib/database/hsqldb.jar:/Applications/AnyLogic.app/Contents/Resources/Java/plugins/com.anylogic.third_party_libraries_7.3.5.201608171835/lib/database/querydsl/querydsl-sql-codegen-3.6.3.jar:/Applications/AnyLogic.app/Contents/Resources/Java/plugins/com.anylogic.third_party_libraries_7.3.5.201608171835/lib/database/querydsl/querydsl-core-3.6.3.jar:/Applications/AnyLogic.app/Contents/Resources/Java/plugins/com.anylogic.third_party_libraries_7.3.5.201608171835/lib/database/querydsl/querydsl-sql-3.6.3.jar:/Applications/AnyLogic.app/Contents/Resources/Java/plugins/com.anylogic.core_7.3.5.201608171835/com.anylogic.ms.jar:/Users/daniel/.AnyLogicPLE/Workspace7/Bank 2_BUILD/classes:/Applications/AnyLogic.app/Contents/Resources/Java/plugins/com.anylogic.process_modeling_library_7.3.5.201608171835/lib/ProcessModelingLibrary.jar:/Applications/AnyLogic.app/Contents/Resources/Java/plugins/com.anylogic.graphics3d_7.3.5.201608171835/lib/aviatrix3d-all_2.0.0.jar:/Applications/AnyLogic.app/Contents/Resources/Java/plugins/com.anylogic.graphics3d_7.3.5.201608171835/lib/j3d-org-elumens.jar:/Applications/AnyLogic.app/Contents/Resources/Java/plugins/com.anylogic.graphics3d_7.3.5.201608171835/lib/j3d-org-geom-core.jar:/Applications/AnyLog
Launcher Type: SUN_STANDARD

Environment Variables:
PATH=/usr/bin:/bin:/usr/sbin:/sbin
SHELL=/bin/bash

Signal Handlers:
SIGSEGV: [libjvm.dylib+0x5a65d5], sa_mask[0]=11111111011111110111111111111111, sa_flags=SA_ONSTACK|SA_RESTART|SA_SIGINFO
SIGBUS: [libjvm.dylib+0x5a65d5], sa_mask[0]=11111111011111110111111111111111, sa_flags=SA_RESTART|SA_SIGINFO
SIGFPE: [libjvm.dylib+0x4802e8], sa_mask[0]=11111111011111110111111111111111, sa_flags=SA_RESTART|SA_SIGINFO
SIGPIPE: [libjvm.dylib+0x4802e8], sa_mask[0]=11111111011111110111111111111111, sa_flags=SA_RESTART|SA_SIGINFO
SIGXFSZ: [libjvm.dylib+0x4802e8], sa_mask[0]=11111111011111110111111111111111, sa_flags=SA_RESTART|SA_SIGINFO
SIGILL: [libjvm.dylib+0x4802e8], sa_mask[0]=11111111011111110111111111111111, sa_flags=SA_RESTART|SA_SIGINFO
SIGUSR1: SIG_DFL, sa_mask[0]=00000000000000000000000000000000, sa_flags=none
SIGUSR2: [libjvm.dylib+0x47fe06], sa_mask[0]=00100000000000000000000000000000, sa_flags=SA_RESTART|SA_SIGINFO
SIGHUP: [libjvm.dylib+0x47e3dd], sa_mask[0]=11111111011111110111111111111111, sa_flags=SA_RESTART|SA_SIGINFO
SIGINT: [libjvm.dylib+0x47e3dd], sa_mask[0]=11111111011111110111111111111111, sa_flags=SA_RESTART|SA_SIGINFO
SIGTERM: [libjvm.dylib+0x47e3dd], sa_mask[0]=11111111011111110111111111111111, sa_flags=SA_RESTART|SA_SIGINFO
SIGQUIT: [libjvm.dylib+0x47e3dd], sa_mask[0]=11111111011111110111111111111111, sa_flags=SA_RESTART|SA_SIGINFO


---------------  S Y S T E M  ---------------

OS:Bsduname:Darwin 15.6.0 Darwin Kernel Version 15.6.0: Mon Aug 29 20:21:34 PDT 2016; root:xnu-3248.60.11~1/RELEASE_X86_64 x86_64
rlimit: STACK 8192k, CORE 0k, NPROC 709, NOFILE 10240, AS infinity
load average:2.43 1.99 2.06

CPU:total 4 (2 cores per cpu, 2 threads per core) family 6 model 61 stepping 4, cmov, cx8, fxsr, mmx, sse, sse2, sse3, ssse3, sse4.1, sse4.2, popcnt, avx, avx2, aes, clmul, erms, 3dnowpref, lzcnt, ht, tsc, tscinvbit, bmi1, bmi2, adx

Memory: 4k page, physical 8388608k(117060k free)

/proc/meminfo:


vm_info: Java HotSpot(TM) 64-Bit Server VM (25.66-b17) for bsd-amd64 JRE (1.8.0_66-b17), built on Oct  6 2015 16:09:13 by "java_re" with gcc 4.2.1 (Based on Apple Inc. build 5658) (LLVM build 2336.11.00)

time: Fri Sep 30 09:59:50 2016
elapsed time: 75 seconds (0d 0h 1m 15s)

