#
# A fatal error has been detected by the Java Runtime Environment:
#
#  SIGSEGV (0xb) at pc=0x00007fff959144dd, pid=660, tid=2571
#
# JRE version: Java(TM) SE Runtime Environment (8.0_66-b17) (build 1.8.0_66-b17)
# Java VM: Java HotSpot(TM) 64-Bit Server VM (25.66-b17 mixed mode bsd-amd64 compressed oops)
# Problematic frame:
# C  [libobjc.A.dylib+0x14dd]  objc_msgSend+0x1d
#
# Failed to write core dump. Core dumps have been disabled. To enable core dumping, try "ulimit -c unlimited" before starting Java again
#
# If you would like to submit a bug report, please visit:
#   http://bugreport.java.com/bugreport/crash.jsp
# The crash happened outside the Java Virtual Machine in native code.
# See problematic frame for where to report the bug.
#

---------------  T H R E A D  ---------------

Current thread (0x00007ff46122d000):  JavaThread "AWT-AppKit" daemon [_thread_in_native, id=2571, stack(0x00007fff5ee5d000,0x00007fff5f65d000)]

siginfo: si_signo: 11 (SIGSEGV), si_code: 1 (SEGV_MAPERR), si_addr: 0x0000000000000018

Registers:
RAX=0x00007ff464d0b460, RBX=0x0000000115329450, RCX=0x000000016e9aefe0, RDX=0x00000001166e7800
RSP=0x00007fff5f656868, RBP=0x00007fff5f656920, RSI=0x00007fff91112cbe, RDI=0x00007ff464ca6350
R8 =0x0000000000000000, R9 =0x00000000000008b0, R10=0x00007fff91112cbe, R11=0x0000000000000000
R12=0x0000000000000000, R13=0x0000000176030500, R14=0x0000000115329440, R15=0x00007ff46122d000
RIP=0x00007fff959144dd, EFLAGS=0x0000000000010246, ERR=0x0000000000000004
  TRAPNO=0x000000000000000e

Top of Stack: (sp=0x00007fff5f656868)
0x00007fff5f656868:   0000000115327157 00007fff5f6568c0
0x00007fff5f656878:   0000000000000003 00007fff5f6568a0
0x00007fff5f656888:   00000001013f11f6 0000000176030500
0x00007fff5f656898:   0000000176030500 00007ff464d0b460
0x00007fff5f6568a8:   00000001153296a0 0000000115329710
0x00007fff5f6568b8:   00007fff77a6e770 00007fff75144500
0x00007fff5f6568c8:   0000000115329450 0000000115329690
0x00007fff5f6568d8:   00007ff464d0b460 00007ff464ca6350
0x00007fff5f6568e8:   00007ff464b62210 00007ff464d0b460
0x00007fff5f6568f8:   00007ff464ca6350 00007fff5f6569a8
0x00007fff5f656908:   00007ff46122d1f8 0000000176030500
0x00007fff5f656918:   00007fff5f6569d0 00007fff5f656998
0x00007fff5f656928:   000000010219b954 0000000176030500
0x00007fff5f656938:   00007fff5f6569d0 00007fff5f656998
0x00007fff5f656948:   000000010219b6e7 000000010219b6a2
0x00007fff5f656958:   00007fff5f656958 0000000176030500
0x00007fff5f656968:   00007fff5f6569d0 0000000176033138
0x00007fff5f656978:   0000000000000000 0000000176030500
0x00007fff5f656988:   0000000000000000 00007fff5f6569b8
0x00007fff5f656998:   00007fff5f656a18 000000010218dc4d
0x00007fff5f6569a8:   00000007b1238f70 0000000102195578
0x00007fff5f6569b8:   00007ff464d0b460 00007fff5f656a18
0x00007fff5f6569c8:   00007ff464ca6350 0000000102196d82
0x00007fff5f6569d8:   00007fff5f6569d8 00000001760306ca
0x00007fff5f6569e8:   00007fff5f656a40 0000000176033138
0x00007fff5f6569f8:   0000000000000000 00000001760306d8
0x00007fff5f656a08:   00007fff5f6569b8 00007fff5f656a28
0x00007fff5f656a18:   00007fff5f656a88 000000010218dc4d
0x00007fff5f656a28:   00007ff464d0b460 00000007b19fa0d0
0x00007fff5f656a38:   00007ff464ca6350 00000007b19fa0d0
0x00007fff5f656a48:   00007fff5f656a48 00000001741fd736
0x00007fff5f656a58:   00007fff5f656a98 00000001741fd7f0 

Instructions: (pc=0x00007fff959144dd)
0x00007fff959144bd:   44 00 00 48 85 ff 2e 74 62 40 f6 c7 01 2e 75 66
0x00007fff959144cd:   49 bb f8 ff ff ff ff 7f 00 00 4c 23 1f 49 89 f2
0x00007fff959144dd:   45 23 53 18 49 c1 e2 04 4d 03 53 10 49 3b 32 75
0x00007fff959144ed:   04 41 ff 62 08 49 83 3a 01 76 0d 49 83 c2 10 49 

Register to memory mapping:

RAX=0x00007ff464d0b460 is an unknown value
RBX=0x0000000115329450: Java_jogamp_nativewindow_macosx_OSXUtil_GetScreenRefreshRate0+0x1cf0 in /Applications/AnyLogic.app/Contents/Resources/Java/plugins/org.j3d.opengl.swt.carbon.osx_0.7.0/libnativewindow_macosx.jnilib at 0x0000000115322000
RCX=0x000000016e9aefe0 is an unknown value
RDX=0x00000001166e7800 is an unknown value
RSP=0x00007fff5f656868 is pointing into the stack for thread: 0x00007ff46122d000
RBP=0x00007fff5f656920 is pointing into the stack for thread: 0x00007ff46122d000
RSI=0x00007fff91112cbe is an unknown value
RDI=0x00007ff464ca6350 is an unknown value
R8 =0x0000000000000000 is an unknown value
R9 =0x00000000000008b0 is an unknown value
R10=0x00007fff91112cbe is an unknown value
R11=0x0000000000000000 is an unknown value
R12=0x0000000000000000 is an unknown value
R13={method} {0x0000000176030500} 'UnsetJAWTRootSurfaceLayer0' '(JJ)V' in 'jogamp/nativewindow/jawt/macosx/MacOSXJAWTWindow'
R14=0x0000000115329440: Java_jogamp_nativewindow_macosx_OSXUtil_GetScreenRefreshRate0+0x1ce0 in /Applications/AnyLogic.app/Contents/Resources/Java/plugins/org.j3d.opengl.swt.carbon.osx_0.7.0/libnativewindow_macosx.jnilib at 0x0000000115322000
R15=0x00007ff46122d000 is a thread


Stack: [0x00007fff5ee5d000,0x00007fff5f65d000],  sp=0x00007fff5f656868,  free space=8166k
Native frames: (J=compiled Java code, j=interpreted, Vv=VM code, C=native code)
C  [libobjc.A.dylib+0x14dd]  objc_msgSend+0x1d
j  jogamp.nativewindow.jawt.macosx.MacOSXJAWTWindow.UnsetJAWTRootSurfaceLayer0(JJ)V+0
j  jogamp.nativewindow.jawt.macosx.MacOSXJAWTWindow.access$200(JJ)V+2
j  jogamp.nativewindow.jawt.macosx.MacOSXJAWTWindow$1.run()V+38
J 3894 C1 com.jogamp.common.util.RunnableTask.run()V (345 bytes) @ 0x0000000102df0914 [0x0000000102df0780+0x194]
v  ~StubRoutines::call_stub
V  [libjvm.dylib+0x2ea35e]
V  [libjvm.dylib+0x321467]
V  [libjvm.dylib+0x313c3b]
C  [libnativewindow_macosx.jnilib+0x5326]  Java_jogamp_nativewindow_jawt_macosx_MacOSXJAWTWindow_UnsetJAWTRootSurfaceLayer0+0x2b6
C  [Foundation+0x76fde]  __NSThreadPerformPerform+0x117
C  [CoreFoundation+0xaa881]  __CFRUNLOOP_IS_CALLING_OUT_TO_A_SOURCE0_PERFORM_FUNCTION__+0x11
C  [CoreFoundation+0x89f37]  __CFRunLoopDoSources0+0x1a7
C  [CoreFoundation+0x894df]  __CFRunLoopRun+0x39f
C  [CoreFoundation+0x88ed8]  CFRunLoopRunSpecific+0x128
C  [HIToolbox+0x30935]  RunCurrentEventLoopInMode+0xeb
C  [HIToolbox+0x30677]  ReceiveNextEventCommon+0xb8
C  [HIToolbox+0x305af]  _BlockUntilNextEventMatchingListInModeWithFilter+0x47
C  [AppKit+0x48df6]  _DPSNextEvent+0x42b
C  [AppKit+0x48226]  -[NSApplication _nextEventMatchingEventMask:untilDate:inMode:dequeue:]+0x1c6
C  [libosxapp.dylib+0x23aa]  -[NSApplicationAWT nextEventMatchingMask:untilDate:inMode:dequeue:]+0x7c
C  [AppKit+0x3cd80]  -[NSApplication run]+0x2aa
C  [libosxapp.dylib+0x214d]  +[NSApplicationAWT runAWTLoopWithApp:]+0x9c
C  [libawt_lwawt.dylib+0x4455b]  -[AWTStarter starter:]+0x389
C  [Foundation+0x76fde]  __NSThreadPerformPerform+0x117
C  [CoreFoundation+0xaa881]  __CFRUNLOOP_IS_CALLING_OUT_TO_A_SOURCE0_PERFORM_FUNCTION__+0x11
C  [CoreFoundation+0x89fbc]  __CFRunLoopDoSources0+0x22c
C  [CoreFoundation+0x894df]  __CFRunLoopRun+0x39f
C  [CoreFoundation+0x88ed8]  CFRunLoopRunSpecific+0x128
C  [java+0x6463]  CreateExecutionEnvironment+0x367
C  [java+0x21ac]  JLI_Launch+0x7a0
C  [java+0x84c0]  main+0x65
C  [java+0x1a04]  start+0x34
C  0x0000000000000010

Java frames: (J=compiled Java code, j=interpreted, Vv=VM code)
j  jogamp.nativewindow.jawt.macosx.MacOSXJAWTWindow.UnsetJAWTRootSurfaceLayer0(JJ)V+0
j  jogamp.nativewindow.jawt.macosx.MacOSXJAWTWindow.access$200(JJ)V+2
j  jogamp.nativewindow.jawt.macosx.MacOSXJAWTWindow$1.run()V+38
J 3894 C1 com.jogamp.common.util.RunnableTask.run()V (345 bytes) @ 0x0000000102df0914 [0x0000000102df0780+0x194]
v  ~StubRoutines::call_stub

---------------  P R O C E S S  ---------------

Java Threads: ( => current thread )
  0x00007ff467856800 JavaThread "AnyLogic user input event processor" daemon [_thread_blocked, id=59199, stack(0x0000700001d77000,0x0000700001e77000)]
  0x00007ff462588800 JavaThread "AnyLogic model execution control handler" daemon [_thread_blocked, id=53667, stack(0x0000700001765000,0x0000700001865000)]
  0x00007ff4611c3000 JavaThread "Image Fetcher 0" daemon [_thread_blocked, id=38743, stack(0x00007000014dc000,0x00007000015dc000)]
  0x00007ff4625c0000 JavaThread "Xj3D Content Loader" [_thread_blocked, id=65283, stack(0x0000700001f7d000,0x000070000207d000)]
  0x00007ff4625c3800 JavaThread "Xj3D Content Loader" [_thread_blocked, id=64771, stack(0x0000700001e7a000,0x0000700001f7a000)]
  0x00007ff46261b000 JavaThread "Xj3D Content Loader" [_thread_blocked, id=62731, stack(0x0000700001b71000,0x0000700001c71000)]
  0x00007ff4625ad000 JavaThread "AV3D Runtime" [_thread_blocked, id=63771, stack(0x0000700001c74000,0x0000700001d74000)]
  0x00007ff46253d000 JavaThread "AnyLogic presentation frame manager" daemon [_thread_blocked, id=60467, stack(0x0000700001a6e000,0x0000700001b6e000)]
  0x00007ff461806800 JavaThread "DestroyJavaVM" [_thread_blocked, id=5891, stack(0x000070000011a000,0x000070000021a000)]
  0x00007ff4614a8000 JavaThread "TimerQueue" daemon [_thread_blocked, id=59923, stack(0x000070000196b000,0x0000700001a6b000)]
  0x00007ff46157f800 JavaThread "AnyLogic simulation performance monitor" [_thread_blocked, id=59419, stack(0x0000700001868000,0x0000700001968000)]
  0x00007ff46246d000 JavaThread "AWT-EventQueue-0" [_thread_in_native, id=55311, stack(0x00007000015df000,0x00007000016df000)]
  0x00007ff4612f8800 JavaThread "Java2D Disposer" daemon [_thread_blocked, id=52995, stack(0x00007000013d9000,0x00007000014d9000)]
  0x00007ff4621b4000 JavaThread "Java2D Queue Flusher" daemon [_thread_blocked, id=43327, stack(0x00007000012d6000,0x00007000013d6000)]
  0x00007ff4628b3000 JavaThread "AWT-Shutdown" [_thread_blocked, id=29459, stack(0x0000700001150000,0x0000700001250000)]
=>0x00007ff46122d000 JavaThread "AWT-AppKit" daemon [_thread_in_native, id=2571, stack(0x00007fff5ee5d000,0x00007fff5f65d000)]
  0x00007ff46102c800 JavaThread "Service Thread" daemon [_thread_blocked, id=18691, stack(0x0000700000e44000,0x0000700000f44000)]
  0x00007ff461021800 JavaThread "C1 CompilerThread2" daemon [_thread_blocked, id=18179, stack(0x0000700000d41000,0x0000700000e41000)]
  0x00007ff461021000 JavaThread "C2 CompilerThread1" daemon [_thread_blocked, id=17667, stack(0x0000700000c3e000,0x0000700000d3e000)]
  0x00007ff462038000 JavaThread "C2 CompilerThread0" daemon [_thread_in_native, id=17155, stack(0x0000700000b3b000,0x0000700000c3b000)]
  0x00007ff462037000 JavaThread "Signal Dispatcher" daemon [_thread_blocked, id=12815, stack(0x0000700000a38000,0x0000700000b38000)]
  0x00007ff46202c800 JavaThread "Finalizer" daemon [_thread_blocked, id=12291, stack(0x000070000082f000,0x000070000092f000)]
  0x00007ff461801800 JavaThread "Reference Handler" daemon [_thread_blocked, id=11779, stack(0x000070000072c000,0x000070000082c000)]

Other Threads:
  0x00007ff461009800 VMThread [stack: 0x0000700000629000,0x0000700000729000] [id=11267]
  0x00007ff46100f800 WatcherThread [stack: 0x0000700000f47000,0x0000700001047000] [id=19203]

VM state:not at safepoint (normal execution)

VM Mutex/Monitor currently owned by a thread: None

Heap:
 PSYoungGen      total 58368K, used 13054K [0x00000007bab00000, 0x00000007c0000000, 0x00000007c0000000)
  eden space 29696K, 43% used [0x00000007bab00000,0x00000007bb7bfa70,0x00000007bc800000)
  from space 28672K, 0% used [0x00000007be400000,0x00000007be400000,0x00000007c0000000)
  to   space 28672K, 0% used [0x00000007bc800000,0x00000007bc800000,0x00000007be400000)
 ParOldGen       total 90624K, used 39792K [0x00000007b0000000, 0x00000007b5880000, 0x00000007bab00000)
  object space 90624K, 43% used [0x00000007b0000000,0x00000007b26dc1d0,0x00000007b5880000)
 Metaspace       used 32921K, capacity 33299K, committed 33536K, reserved 1079296K
  class space    used 4212K, capacity 4339K, committed 4352K, reserved 1048576K

Card table byte_map: [0x0000000100879000,0x00000001008fa000] byte_map_base: 0x00000000fcaf9000

Marking Bits: (ParMarkBitMap*) 0x0000000101adde20
 Begin Bits: [0x0000000111546000, 0x0000000111946000)
 End Bits:   [0x0000000111946000, 0x0000000111d46000)

Polling page: 0x0000000100866000

CodeCache: size=245760Kb used=15651Kb max_used=16019Kb free=230108Kb
 bounds [0x0000000102186000, 0x0000000103176000, 0x0000000111186000]
 total_blobs=5914 nmethods=4842 adapters=982
 compilation: enabled

Compilation events (10 events):
Event: 34.292 Thread 0x00007ff461021800 nmethod 5428 0x00000001023ce8d0 code [0x00000001023ceb00, 0x00000001023cf808]
Event: 34.292 Thread 0x00007ff461021800 5427   !   3       java.awt.KeyboardFocusManager::clearMostRecentFocusOwner (110 bytes)
Event: 34.293 Thread 0x00007ff461021800 nmethod 5427 0x00000001029f0910 code [0x00000001029f0b80, 0x00000001029f2318]
Event: 34.293 Thread 0x00007ff461021800 5424       3       java.util.IdentityHashMap::nextKeyIndex (15 bytes)
Event: 34.293 Thread 0x00007ff461021800 nmethod 5424 0x0000000102579e90 code [0x000000010257a000, 0x000000010257a190]
Event: 34.293 Thread 0x00007ff461021800 5425       3       java.awt.Container::containsFocus (13 bytes)
Event: 34.294 Thread 0x00007ff461021800 nmethod 5425 0x000000010254acd0 code [0x000000010254ae80, 0x000000010254b178]
Event: 34.294 Thread 0x00007ff461021800 5422       3       javax.swing.JComponent::removeNotify (55 bytes)
Event: 34.294 Thread 0x00007ff461021000 nmethod 5406 0x0000000102632590 code [0x0000000102632700, 0x0000000102632a68]
Event: 34.294 Thread 0x00007ff461021800 nmethod 5422 0x000000010262ee90 code [0x000000010262f0c0, 0x000000010262fa78]

GC Heap History (10 events):
Event: 9.440 GC heap before
{Heap before GC invocations=6 (full 1):
 PSYoungGen      total 67072K, used 67070K [0x00000007bab00000, 0x00000007bf600000, 0x00000007c0000000)
  eden space 61952K, 100% used [0x00000007bab00000,0x00000007be780000,0x00000007be780000)
  from space 5120K, 99% used [0x00000007bf100000,0x00000007bf5ffb78,0x00000007bf600000)
  to   space 5120K, 0% used [0x00000007bec00000,0x00000007bec00000,0x00000007bf100000)
 ParOldGen       total 90624K, used 19507K [0x00000007b0000000, 0x00000007b5880000, 0x00000007bab00000)
  object space 90624K, 21% used [0x00000007b0000000,0x00000007b130ce10,0x00000007b5880000)
 Metaspace       used 31310K, capacity 31623K, committed 32000K, reserved 1077248K
  class space    used 4148K, capacity 4263K, committed 4352K, reserved 1048576K
Event: 9.455 GC heap after
Heap after GC invocations=6 (full 1):
 PSYoungGen      total 71680K, used 5112K [0x00000007bab00000, 0x00000007c0000000, 0x00000007c0000000)
  eden space 66560K, 0% used [0x00000007bab00000,0x00000007bab00000,0x00000007bec00000)
  from space 5120K, 99% used [0x00000007bec00000,0x00000007bf0fe3d0,0x00000007bf100000)
  to   space 15360K, 0% used [0x00000007bf100000,0x00000007bf100000,0x00000007c0000000)
 ParOldGen       total 90624K, used 38165K [0x00000007b0000000, 0x00000007b5880000, 0x00000007bab00000)
  object space 90624K, 42% used [0x00000007b0000000,0x00000007b2545658,0x00000007b5880000)
 Metaspace       used 31310K, capacity 31623K, committed 32000K, reserved 1077248K
  class space    used 4148K, capacity 4263K, committed 4352K, reserved 1048576K
}
Event: 28.724 GC heap before
{Heap before GC invocations=7 (full 1):
 PSYoungGen      total 71680K, used 71672K [0x00000007bab00000, 0x00000007c0000000, 0x00000007c0000000)
  eden space 66560K, 100% used [0x00000007bab00000,0x00000007bec00000,0x00000007bec00000)
  from space 5120K, 99% used [0x00000007bec00000,0x00000007bf0fe3d0,0x00000007bf100000)
  to   space 15360K, 0% used [0x00000007bf100000,0x00000007bf100000,0x00000007c0000000)
 ParOldGen       total 90624K, used 38165K [0x00000007b0000000, 0x00000007b5880000, 0x00000007bab00000)
  object space 90624K, 42% used [0x00000007b0000000,0x00000007b2545658,0x00000007b5880000)
 Metaspace       used 32441K, capacity 32805K, committed 33024K, reserved 1077248K
  class space    used 4201K, capacity 4332K, committed 4352K, reserved 1048576K
Event: 28.736 GC heap after
Heap after GC invocations=7 (full 1):
 PSYoungGen      total 45056K, used 13988K [0x00000007bab00000, 0x00000007c0000000, 0x00000007c0000000)
  eden space 29696K, 0% used [0x00000007bab00000,0x00000007bab00000,0x00000007bc800000)
  from space 15360K, 91% used [0x00000007bf100000,0x00000007bfea9190,0x00000007c0000000)
  to   space 28672K, 0% used [0x00000007bc800000,0x00000007bc800000,0x00000007be400000)
 ParOldGen       total 90624K, used 38173K [0x00000007b0000000, 0x00000007b5880000, 0x00000007bab00000)
  object space 90624K, 42% used [0x00000007b0000000,0x00000007b2547658,0x00000007b5880000)
 Metaspace       used 32441K, capacity 32805K, committed 33024K, reserved 1077248K
  class space    used 4201K, capacity 4332K, committed 4352K, reserved 1048576K
}
Event: 30.605 GC heap before
{Heap before GC invocations=8 (full 1):
 PSYoungGen      total 45056K, used 43684K [0x00000007bab00000, 0x00000007c0000000, 0x00000007c0000000)
  eden space 29696K, 100% used [0x00000007bab00000,0x00000007bc800000,0x00000007bc800000)
  from space 15360K, 91% used [0x00000007bf100000,0x00000007bfea9190,0x00000007c0000000)
  to   space 28672K, 0% used [0x00000007bc800000,0x00000007bc800000,0x00000007be400000)
 ParOldGen       total 90624K, used 38173K [0x00000007b0000000, 0x00000007b5880000, 0x00000007bab00000)
  object space 90624K, 42% used [0x00000007b0000000,0x00000007b2547658,0x00000007b5880000)
 Metaspace       used 32839K, capacity 33197K, committed 33536K, reserved 1079296K
  class space    used 4202K, capacity 4332K, committed 4352K, reserved 1048576K
Event: 30.611 GC heap after
Heap after GC invocations=8 (full 1):
 PSYoungGen      total 58368K, used 13921K [0x00000007bab00000, 0x00000007c0000000, 0x00000007c0000000)
  eden space 29696K, 0% used [0x00000007bab00000,0x00000007bab00000,0x00000007bc800000)
  from space 28672K, 48% used [0x00000007bc800000,0x00000007bd598720,0x00000007be400000)
  to   space 28672K, 0% used [0x00000007be400000,0x00000007be400000,0x00000007c0000000)
 ParOldGen       total 90624K, used 38181K [0x00000007b0000000, 0x00000007b5880000, 0x00000007bab00000)
  object space 90624K, 42% used [0x00000007b0000000,0x00000007b2549658,0x00000007b5880000)
 Metaspace       used 32839K, capacity 33197K, committed 33536K, reserved 1079296K
  class space    used 4202K, capacity 4332K, committed 4352K, reserved 1048576K
}
Event: 34.068 GC heap before
{Heap before GC invocations=9 (full 1):
 PSYoungGen      total 58368K, used 25475K [0x00000007bab00000, 0x00000007c0000000, 0x00000007c0000000)
  eden space 29696K, 38% used [0x00000007bab00000,0x00000007bb648628,0x00000007bc800000)
  from space 28672K, 48% used [0x00000007bc800000,0x00000007bd598720,0x00000007be400000)
  to   space 28672K, 0% used [0x00000007be400000,0x00000007be400000,0x00000007c0000000)
 ParOldGen       total 90624K, used 38181K [0x00000007b0000000, 0x00000007b5880000, 0x00000007bab00000)
  object space 90624K, 42% used [0x00000007b0000000,0x00000007b2549658,0x00000007b5880000)
 Metaspace       used 32883K, capacity 33299K, committed 33536K, reserved 1079296K
  class space    used 4210K, capacity 4339K, committed 4352K, reserved 1048576K
Event: 34.077 GC heap after
Heap after GC invocations=9 (full 1):
 PSYoungGen      total 58368K, used 17113K [0x00000007bab00000, 0x00000007c0000000, 0x00000007c0000000)
  eden space 29696K, 0% used [0x00000007bab00000,0x00000007bab00000,0x00000007bc800000)
  from space 28672K, 59% used [0x00000007be400000,0x00000007bf4b6700,0x00000007c0000000)
  to   space 28672K, 0% used [0x00000007bc800000,0x00000007bc800000,0x00000007be400000)
 ParOldGen       total 90624K, used 38433K [0x00000007b0000000, 0x00000007b5880000, 0x00000007bab00000)
  object space 90624K, 42% used [0x00000007b0000000,0x00000007b25885f0,0x00000007b5880000)
 Metaspace       used 32883K, capacity 33299K, committed 33536K, reserved 1079296K
  class space    used 4210K, capacity 4339K, committed 4352K, reserved 1048576K
}
Event: 34.077 GC heap before
{Heap before GC invocations=10 (full 2):
 PSYoungGen      total 58368K, used 17113K [0x00000007bab00000, 0x00000007c0000000, 0x00000007c0000000)
  eden space 29696K, 0% used [0x00000007bab00000,0x00000007bab00000,0x00000007bc800000)
  from space 28672K, 59% used [0x00000007be400000,0x00000007bf4b6700,0x00000007c0000000)
  to   space 28672K, 0% used [0x00000007bc800000,0x00000007bc800000,0x00000007be400000)
 ParOldGen       total 90624K, used 38433K [0x00000007b0000000, 0x00000007b5880000, 0x00000007bab00000)
  object space 90624K, 42% used [0x00000007b0000000,0x00000007b25885f0,0x00000007b5880000)
 Metaspace       used 32883K, capacity 33299K, committed 33536K, reserved 1079296K
  class space    used 4210K, capacity 4339K, committed 4352K, reserved 1048576K
Event: 34.152 GC heap after
Heap after GC invocations=10 (full 2):
 PSYoungGen      total 58368K, used 0K [0x00000007bab00000, 0x00000007c0000000, 0x00000007c0000000)
  eden space 29696K, 0% used [0x00000007bab00000,0x00000007bab00000,0x00000007bc800000)
  from space 28672K, 0% used [0x00000007be400000,0x00000007be400000,0x00000007c0000000)
  to   space 28672K, 0% used [0x00000007bc800000,0x00000007bc800000,0x00000007be400000)
 ParOldGen       total 90624K, used 39792K [0x00000007b0000000, 0x00000007b5880000, 0x00000007bab00000)
  object space 90624K, 43% used [0x00000007b0000000,0x00000007b26dc1d0,0x00000007b5880000)
 Metaspace       used 32883K, capacity 33299K, committed 33536K, reserved 1079296K
  class space    used 4210K, capacity 4339K, committed 4352K, reserved 1048576K
}

Deoptimization events (10 events):
Event: 34.035 Thread 0x00007ff462588800 Uncommon trap: reason=bimorphic action=maybe_recompile pc=0x0000000102ee1c00 method=javax.swing.JComponent.paint(Ljava/awt/Graphics;)V @ 301
Event: 34.036 Thread 0x00007ff462588800 Uncommon trap: reason=bimorphic action=maybe_recompile pc=0x0000000102ee1c00 method=javax.swing.JComponent.paint(Ljava/awt/Graphics;)V @ 301
Event: 34.036 Thread 0x00007ff462588800 Uncommon trap: reason=class_check action=maybe_recompile pc=0x0000000102c3e070 method=javax.swing.JComponent.paintChildren(Ljava/awt/Graphics;)V @ 520
Event: 34.036 Thread 0x00007ff462588800 Uncommon trap: reason=bimorphic action=maybe_recompile pc=0x0000000102ee1c00 method=javax.swing.JComponent.paint(Ljava/awt/Graphics;)V @ 301
Event: 34.036 Thread 0x00007ff462588800 Uncommon trap: reason=class_check action=maybe_recompile pc=0x0000000102c3e070 method=javax.swing.JComponent.paintChildren(Ljava/awt/Graphics;)V @ 520
Event: 34.036 Thread 0x00007ff462588800 Uncommon trap: reason=bimorphic action=maybe_recompile pc=0x0000000102ee1c00 method=javax.swing.JComponent.paint(Ljava/awt/Graphics;)V @ 301
Event: 34.036 Thread 0x00007ff462588800 Uncommon trap: reason=class_check action=maybe_recompile pc=0x0000000102c3e070 method=javax.swing.JComponent.paintChildren(Ljava/awt/Graphics;)V @ 520
Event: 34.199 Thread 0x00007ff4625ad000 Uncommon trap: reason=null_check action=make_not_entrant pc=0x0000000102cdc57c method=org.j3d.aviatrix3d.PolygonAttributes.postRender(Ljavax/media/opengl/GL2;)V @ 8
Event: 34.276 Thread 0x00007ff46246d000 Uncommon trap: reason=unstable_if action=reinterpret pc=0x0000000102a1d408 method=java.awt.Container.findComponentAtImpl(IIZ)Ljava/awt/Component; @ 24
Event: 34.280 Thread 0x00007ff46246d000 Uncommon trap: reason=unstable_if action=reinterpret pc=0x000000010228536c method=sun.java2d.pipe.Region.getIntersection(Lsun/java2d/pipe/Region;)Lsun/java2d/pipe/Region; @ 98

Internal exceptions (10 events):
Event: 4.402 Thread 0x00007ff46253d000 Exception <a 'java/io/FileNotFoundException'> (0x00000007bb4551a0) thrown at [/HUDSON3/workspace/8-2-build-macosx-x86_64/jdk8u66/4988/hotspot/src/share/vm/prims/jni.cpp, line 709]
Event: 4.412 Thread 0x00007ff46253d000 Exception <a 'java/io/FileNotFoundException'> (0x00000007bb45b0c8) thrown at [/HUDSON3/workspace/8-2-build-macosx-x86_64/jdk8u66/4988/hotspot/src/share/vm/prims/jni.cpp, line 709]
Event: 4.488 Thread 0x00007ff46253d000 Exception <a 'java/io/FileNotFoundException'> (0x00000007bb465538) thrown at [/HUDSON3/workspace/8-2-build-macosx-x86_64/jdk8u66/4988/hotspot/src/share/vm/prims/jni.cpp, line 709]
Event: 4.733 Thread 0x00007ff46246d000 Exception <a 'java/io/FileNotFoundException'> (0x00000007bb5dc9d0) thrown at [/HUDSON3/workspace/8-2-build-macosx-x86_64/jdk8u66/4988/hotspot/src/share/vm/prims/jni.cpp, line 709]
Event: 4.741 Thread 0x00007ff46246d000 Exception <a 'java/io/FileNotFoundException'> (0x00000007bb6ea670) thrown at [/HUDSON3/workspace/8-2-build-macosx-x86_64/jdk8u66/4988/hotspot/src/share/vm/prims/jni.cpp, line 709]
Event: 5.403 Thread 0x00007ff46253d000 Exception <a 'java/io/FileNotFoundException'> (0x00000007bab19310) thrown at [/HUDSON3/workspace/8-2-build-macosx-x86_64/jdk8u66/4988/hotspot/src/share/vm/prims/jni.cpp, line 709]
Event: 7.237 Thread 0x00007ff46246d000 Implicit null exception at 0x0000000102a44baa to 0x0000000102a44c15
Event: 25.952 Thread 0x00007ff46122d000 Implicit null exception at 0x0000000102da78ea to 0x0000000102da8b2d
Event: 28.738 Thread 0x00007ff46202c800 Exception <a 'java/lang/NullPointerException'> (0x00000007bab5b0f0) thrown at [/HUDSON3/workspace/8-2-build-macosx-x86_64/jdk8u66/4988/hotspot/src/share/vm/interpreter/linkResolver.cpp, line 1178]
Event: 34.199 Thread 0x00007ff4625ad000 Implicit null exception at 0x0000000102cd98ff to 0x0000000102cdc55d

Events (10 events):
Event: 34.297 loading class jogamp/opengl/macosx/cgl/MacOSXCGLContext$NSOpenGLImpl$DetachGLLayerCmd
Event: 34.297 loading class jogamp/opengl/macosx/cgl/MacOSXCGLContext$NSOpenGLImpl$DetachGLLayerCmd done
Event: 34.297 loading class jogamp/nativewindow/jawt/macosx/MacOSXJAWTWindow$4
Event: 34.297 loading class jogamp/nativewindow/jawt/macosx/MacOSXJAWTWindow$4 done
Event: 34.303 Executing VM operation: RevokeBias
Event: 34.303 Executing VM operation: RevokeBias done
Event: 34.303 loading class com/jogamp/nativewindow/awt/JAWTWindow$JAWTComponentListener$2
Event: 34.303 loading class com/jogamp/nativewindow/awt/JAWTWindow$JAWTComponentListener$2 done
Event: 34.304 loading class jogamp/nativewindow/jawt/macosx/MacOSXJAWTWindow$1
Event: 34.304 loading class jogamp/nativewindow/jawt/macosx/MacOSXJAWTWindow$1 done


Dynamic libraries:
0x000000000403f000 	/System/Library/Frameworks/Cocoa.framework/Versions/A/Cocoa
0x000000000403f000 	/System/Library/Frameworks/Security.framework/Versions/A/Security
0x000000000403f000 	/System/Library/Frameworks/ApplicationServices.framework/Versions/A/ApplicationServices
0x000000000403f000 	/usr/lib/libz.1.dylib
0x000000000403f000 	/usr/lib/libSystem.B.dylib
0x000000000403f000 	/usr/lib/libobjc.A.dylib
0x000000000403f000 	/System/Library/Frameworks/CoreFoundation.framework/Versions/A/CoreFoundation
0x000000000403f000 	/System/Library/Frameworks/Foundation.framework/Versions/C/Foundation
0x000000000403f000 	/System/Library/Frameworks/AppKit.framework/Versions/C/AppKit
0x000000000403f000 	/System/Library/Frameworks/CoreData.framework/Versions/A/CoreData
0x000000000403f000 	/System/Library/PrivateFrameworks/RemoteViewServices.framework/Versions/A/RemoteViewServices
0x000000000403f000 	/System/Library/PrivateFrameworks/UIFoundation.framework/Versions/A/UIFoundation
0x000000000403f000 	/usr/lib/libScreenReader.dylib
0x000000000403f000 	/System/Library/Frameworks/Accelerate.framework/Versions/A/Accelerate
0x000000000403f000 	/System/Library/Frameworks/IOSurface.framework/Versions/A/IOSurface
0x000000000403f000 	/System/Library/Frameworks/AudioToolbox.framework/Versions/A/AudioToolbox
0x000000000403f000 	/System/Library/Frameworks/AudioUnit.framework/Versions/A/AudioUnit
0x000000000403f000 	/System/Library/PrivateFrameworks/DataDetectorsCore.framework/Versions/A/DataDetectorsCore
0x000000000403f000 	/System/Library/PrivateFrameworks/DesktopServicesPriv.framework/Versions/A/DesktopServicesPriv
0x000000000403f000 	/System/Library/Frameworks/Carbon.framework/Versions/A/Frameworks/HIToolbox.framework/Versions/A/HIToolbox
0x000000000403f000 	/System/Library/Frameworks/QuartzCore.framework/Versions/A/QuartzCore
0x000000000403f000 	/System/Library/Frameworks/Carbon.framework/Versions/A/Frameworks/SpeechRecognition.framework/Versions/A/SpeechRecognition
0x000000000403f000 	/usr/lib/libauto.dylib
0x000000000403f000 	/usr/lib/libicucore.A.dylib
0x000000000403f000 	/usr/lib/libxml2.2.dylib
0x000000000403f000 	/System/Library/PrivateFrameworks/CoreUI.framework/Versions/A/CoreUI
0x000000000403f000 	/System/Library/Frameworks/CoreAudio.framework/Versions/A/CoreAudio
0x000000000403f000 	/System/Library/Frameworks/DiskArbitration.framework/Versions/A/DiskArbitration
0x000000000403f000 	/usr/lib/liblangid.dylib
0x000000000403f000 	/System/Library/PrivateFrameworks/MultitouchSupport.framework/Versions/A/MultitouchSupport
0x000000000403f000 	/System/Library/Frameworks/IOKit.framework/Versions/A/IOKit
0x000000000403f000 	/usr/lib/libDiagnosticMessagesClient.dylib
0x000000000403f000 	/System/Library/Frameworks/CoreServices.framework/Versions/A/CoreServices
0x000000000403f000 	/System/Library/PrivateFrameworks/PerformanceAnalysis.framework/Versions/A/PerformanceAnalysis
0x000000000403f000 	/System/Library/PrivateFrameworks/GenerationalStorage.framework/Versions/A/GenerationalStorage
0x000000000403f000 	/System/Library/Frameworks/OpenGL.framework/Versions/A/OpenGL
0x000000000403f000 	/System/Library/PrivateFrameworks/Sharing.framework/Versions/A/Sharing
0x000000000403f000 	/System/Library/Frameworks/CoreGraphics.framework/Versions/A/CoreGraphics
0x000000000403f000 	/System/Library/Frameworks/CoreImage.framework/Versions/A/CoreImage
0x000000000403f000 	/System/Library/Frameworks/CoreText.framework/Versions/A/CoreText
0x000000000403f000 	/System/Library/Frameworks/ImageIO.framework/Versions/A/ImageIO
0x000000000403f000 	/System/Library/PrivateFrameworks/Backup.framework/Versions/A/Backup
0x000000000403f000 	/usr/lib/libextension.dylib
0x000000000403f000 	/usr/lib/libarchive.2.dylib
0x000000000403f000 	/System/Library/Frameworks/CFNetwork.framework/Versions/A/CFNetwork
0x000000000403f000 	/System/Library/Frameworks/SystemConfiguration.framework/Versions/A/SystemConfiguration
0x000000000403f000 	/usr/lib/libCRFSuite.dylib
0x000000000403f000 	/usr/lib/libc++.1.dylib
0x000000000403f000 	/usr/lib/libc++abi.dylib
0x000000000403f000 	/usr/lib/system/libcache.dylib
0x000000000403f000 	/usr/lib/system/libcommonCrypto.dylib
0x000000000403f000 	/usr/lib/system/libcompiler_rt.dylib
0x000000000403f000 	/usr/lib/system/libcopyfile.dylib
0x000000000403f000 	/usr/lib/system/libcorecrypto.dylib
0x000000000403f000 	/usr/lib/system/libdispatch.dylib
0x000000000403f000 	/usr/lib/system/libdyld.dylib
0x000000000403f000 	/usr/lib/system/libkeymgr.dylib
0x000000000403f000 	/usr/lib/system/liblaunch.dylib
0x000000000403f000 	/usr/lib/system/libmacho.dylib
0x000000000403f000 	/usr/lib/system/libquarantine.dylib
0x000000000403f000 	/usr/lib/system/libremovefile.dylib
0x000000000403f000 	/usr/lib/system/libsystem_asl.dylib
0x000000000403f000 	/usr/lib/system/libsystem_blocks.dylib
0x000000000403f000 	/usr/lib/system/libsystem_c.dylib
0x000000000403f000 	/usr/lib/system/libsystem_configuration.dylib
0x000000000403f000 	/usr/lib/system/libsystem_coreservices.dylib
0x000000000403f000 	/usr/lib/system/libsystem_coretls.dylib
0x000000000403f000 	/usr/lib/system/libsystem_dnssd.dylib
0x000000000403f000 	/usr/lib/system/libsystem_info.dylib
0x000000000403f000 	/usr/lib/system/libsystem_kernel.dylib
0x000000000403f000 	/usr/lib/system/libsystem_m.dylib
0x000000000403f000 	/usr/lib/system/libsystem_malloc.dylib
0x000000000403f000 	/usr/lib/system/libsystem_network.dylib
0x000000000403f000 	/usr/lib/system/libsystem_networkextension.dylib
0x000000000403f000 	/usr/lib/system/libsystem_notify.dylib
0x000000000403f000 	/usr/lib/system/libsystem_platform.dylib
0x000000000403f000 	/usr/lib/system/libsystem_pthread.dylib
0x000000000403f000 	/usr/lib/system/libsystem_sandbox.dylib
0x000000000403f000 	/usr/lib/system/libsystem_secinit.dylib
0x000000000403f000 	/usr/lib/system/libsystem_trace.dylib
0x000000000403f000 	/usr/lib/system/libunc.dylib
0x000000000403f000 	/usr/lib/system/libunwind.dylib
0x000000000403f000 	/usr/lib/system/libxpc.dylib
0x000000000403f000 	/usr/lib/libenergytrace.dylib
0x000000000403f000 	/usr/lib/libbsm.0.dylib
0x000000000403f000 	/usr/lib/system/libkxld.dylib
0x000000000403f000 	/usr/lib/libxar.1.dylib
0x000000000403f000 	/usr/lib/libsqlite3.dylib
0x000000000403f000 	/usr/lib/libpam.2.dylib
0x000000000403f000 	/usr/lib/libOpenScriptingUtil.dylib
0x000000000403f000 	/usr/lib/libbz2.1.0.dylib
0x000000000403f000 	/usr/lib/liblzma.5.dylib
0x000000000403f000 	/System/Library/Frameworks/CoreServices.framework/Versions/A/Frameworks/FSEvents.framework/Versions/A/FSEvents
0x000000000403f000 	/System/Library/Frameworks/CoreServices.framework/Versions/A/Frameworks/CarbonCore.framework/Versions/A/CarbonCore
0x000000000403f000 	/System/Library/Frameworks/CoreServices.framework/Versions/A/Frameworks/Metadata.framework/Versions/A/Metadata
0x000000000403f000 	/System/Library/Frameworks/CoreServices.framework/Versions/A/Frameworks/OSServices.framework/Versions/A/OSServices
0x000000000403f000 	/System/Library/Frameworks/CoreServices.framework/Versions/A/Frameworks/SearchKit.framework/Versions/A/SearchKit
0x000000000403f000 	/System/Library/Frameworks/CoreServices.framework/Versions/A/Frameworks/AE.framework/Versions/A/AE
0x000000000403f000 	/System/Library/Frameworks/CoreServices.framework/Versions/A/Frameworks/LaunchServices.framework/Versions/A/LaunchServices
0x000000000403f000 	/System/Library/Frameworks/CoreServices.framework/Versions/A/Frameworks/DictionaryServices.framework/Versions/A/DictionaryServices
0x000000000403f000 	/System/Library/Frameworks/CoreServices.framework/Versions/A/Frameworks/SharedFileList.framework/Versions/A/SharedFileList
0x000000000403f000 	/System/Library/Frameworks/NetFS.framework/Versions/A/NetFS
0x000000000403f000 	/System/Library/PrivateFrameworks/NetAuth.framework/Versions/A/NetAuth
0x000000000403f000 	/System/Library/PrivateFrameworks/login.framework/Versions/A/Frameworks/loginsupport.framework/Versions/A/loginsupport
0x000000000403f000 	/System/Library/PrivateFrameworks/TCC.framework/Versions/A/TCC
0x000000000403f000 	/usr/lib/libmecabra.dylib
0x000000000403f000 	/System/Library/Frameworks/ApplicationServices.framework/Versions/A/Frameworks/ATS.framework/Versions/A/ATS
0x000000000403f000 	/System/Library/Frameworks/ApplicationServices.framework/Versions/A/Frameworks/ColorSync.framework/Versions/A/ColorSync
0x000000000403f000 	/System/Library/Frameworks/ApplicationServices.framework/Versions/A/Frameworks/HIServices.framework/Versions/A/HIServices
0x000000000403f000 	/System/Library/Frameworks/ApplicationServices.framework/Versions/A/Frameworks/LangAnalysis.framework/Versions/A/LangAnalysis
0x000000000403f000 	/System/Library/Frameworks/ApplicationServices.framework/Versions/A/Frameworks/PrintCore.framework/Versions/A/PrintCore
0x000000000403f000 	/System/Library/Frameworks/ApplicationServices.framework/Versions/A/Frameworks/QD.framework/Versions/A/QD
0x000000000403f000 	/System/Library/Frameworks/ApplicationServices.framework/Versions/A/Frameworks/SpeechSynthesis.framework/Versions/A/SpeechSynthesis
0x000000000403f000 	/System/Library/Frameworks/Metal.framework/Versions/A/Metal
0x000000000403f000 	/System/Library/Frameworks/Accelerate.framework/Versions/A/Frameworks/vImage.framework/Versions/A/vImage
0x000000000403f000 	/System/Library/Frameworks/Accelerate.framework/Versions/A/Frameworks/vecLib.framework/Versions/A/vecLib
0x000000000403f000 	/System/Library/Frameworks/Accelerate.framework/Versions/A/Frameworks/vecLib.framework/Versions/A/libvDSP.dylib
0x000000000403f000 	/System/Library/Frameworks/Accelerate.framework/Versions/A/Frameworks/vecLib.framework/Versions/A/libvMisc.dylib
0x000000000403f000 	/System/Library/Frameworks/Accelerate.framework/Versions/A/Frameworks/vecLib.framework/Versions/A/libLAPACK.dylib
0x000000000403f000 	/System/Library/Frameworks/Accelerate.framework/Versions/A/Frameworks/vecLib.framework/Versions/A/libBLAS.dylib
0x000000000403f000 	/System/Library/Frameworks/Accelerate.framework/Versions/A/Frameworks/vecLib.framework/Versions/A/libLinearAlgebra.dylib
0x000000000403f000 	/System/Library/Frameworks/Accelerate.framework/Versions/A/Frameworks/vecLib.framework/Versions/A/libSparseBLAS.dylib
0x000000000403f000 	/System/Library/PrivateFrameworks/GPUCompiler.framework/libmetal_timestamp.dylib
0x000000000403f000 	/System/Library/Frameworks/OpenGL.framework/Versions/A/Libraries/libCoreFSCache.dylib
0x000000000403f000 	/System/Library/PrivateFrameworks/IOAccelerator.framework/Versions/A/IOAccelerator
0x000000000403f000 	/System/Library/Frameworks/ApplicationServices.framework/Versions/A/Frameworks/ATS.framework/Versions/A/Resources/libFontParser.dylib
0x000000000403f000 	/System/Library/Frameworks/ApplicationServices.framework/Versions/A/Frameworks/ATS.framework/Versions/A/Resources/libFontRegistry.dylib
0x000000000403f000 	/System/Library/PrivateFrameworks/AppleVPA.framework/Versions/A/AppleVPA
0x000000000403f000 	/System/Library/PrivateFrameworks/AppleJPEG.framework/Versions/A/AppleJPEG
0x000000000403f000 	/System/Library/Frameworks/ImageIO.framework/Versions/A/Resources/libJPEG.dylib
0x000000000403f000 	/System/Library/Frameworks/ImageIO.framework/Versions/A/Resources/libTIFF.dylib
0x000000000403f000 	/System/Library/Frameworks/ImageIO.framework/Versions/A/Resources/libPng.dylib
0x000000000403f000 	/System/Library/Frameworks/ImageIO.framework/Versions/A/Resources/libGIF.dylib
0x000000000403f000 	/System/Library/Frameworks/ImageIO.framework/Versions/A/Resources/libJP2.dylib
0x000000000403f000 	/System/Library/Frameworks/ImageIO.framework/Versions/A/Resources/libRadiance.dylib
0x000000000403f000 	/System/Library/Frameworks/CoreVideo.framework/Versions/A/CoreVideo
0x000000000403f000 	/System/Library/Frameworks/OpenGL.framework/Versions/A/Libraries/libGLU.dylib
0x000000000403f000 	/System/Library/Frameworks/OpenGL.framework/Versions/A/Libraries/libGFXShared.dylib
0x000000000403f000 	/System/Library/Frameworks/OpenGL.framework/Versions/A/Libraries/libGL.dylib
0x000000000403f000 	/System/Library/Frameworks/OpenGL.framework/Versions/A/Libraries/libGLImage.dylib
0x000000000403f000 	/System/Library/Frameworks/OpenGL.framework/Versions/A/Libraries/libCVMSPluginSupport.dylib
0x000000000403f000 	/System/Library/Frameworks/OpenGL.framework/Versions/A/Libraries/libCoreVMClient.dylib
0x000000000403f000 	/usr/lib/libcompression.dylib
0x000000000403f000 	/usr/lib/libcups.2.dylib
0x000000000403f000 	/System/Library/Frameworks/Kerberos.framework/Versions/A/Kerberos
0x000000000403f000 	/System/Library/Frameworks/GSS.framework/Versions/A/GSS
0x000000000403f000 	/usr/lib/libresolv.9.dylib
0x000000000403f000 	/usr/lib/libiconv.2.dylib
0x000000000403f000 	/System/Library/PrivateFrameworks/Heimdal.framework/Versions/A/Heimdal
0x000000000403f000 	/usr/lib/libheimdal-asn1.dylib
0x000000000403f000 	/System/Library/Frameworks/OpenDirectory.framework/Versions/A/OpenDirectory
0x000000000403f000 	/System/Library/PrivateFrameworks/CommonAuth.framework/Versions/A/CommonAuth
0x000000000403f000 	/System/Library/Frameworks/OpenDirectory.framework/Versions/A/Frameworks/CFOpenDirectory.framework/Versions/A/CFOpenDirectory
0x000000000403f000 	/System/Library/Frameworks/SecurityFoundation.framework/Versions/A/SecurityFoundation
0x000000000403f000 	/System/Library/PrivateFrameworks/LanguageModeling.framework/Versions/A/LanguageModeling
0x000000000403f000 	/usr/lib/libmarisa.dylib
0x000000000403f000 	/usr/lib/libChineseTokenizer.dylib
0x000000000403f000 	/usr/lib/libcmph.dylib
0x000000000403f000 	/System/Library/Frameworks/ServiceManagement.framework/Versions/A/ServiceManagement
0x000000000403f000 	/usr/lib/libxslt.1.dylib
0x000000000403f000 	/System/Library/Frameworks/Carbon.framework/Versions/A/Frameworks/Ink.framework/Versions/A/Ink
0x000000000403f000 	/usr/lib/libFosl_dynamic.dylib
0x000000000403f000 	/System/Library/PrivateFrameworks/FaceCore.framework/Versions/A/FaceCore
0x000000000403f000 	/System/Library/Frameworks/OpenCL.framework/Versions/A/OpenCL
0x000000000403f000 	/System/Library/PrivateFrameworks/CrashReporterSupport.framework/Versions/A/CrashReporterSupport
0x000000000403f000 	/System/Library/PrivateFrameworks/IconServices.framework/Versions/A/IconServices
0x000000000403f000 	/System/Library/PrivateFrameworks/Apple80211.framework/Versions/A/Apple80211
0x000000000403f000 	/System/Library/Frameworks/CoreWLAN.framework/Versions/A/CoreWLAN
0x000000000403f000 	/System/Library/Frameworks/IOBluetooth.framework/Versions/A/IOBluetooth
0x000000000403f000 	/System/Library/PrivateFrameworks/CoreWiFi.framework/Versions/A/CoreWiFi
0x000000000403f000 	/System/Library/Frameworks/CoreBluetooth.framework/Versions/A/CoreBluetooth
0x000000000403f000 	/System/Library/PrivateFrameworks/ChunkingLibrary.framework/Versions/A/ChunkingLibrary
0x000000000403f000 	/System/Library/PrivateFrameworks/DebugSymbols.framework/Versions/A/DebugSymbols
0x000000000403f000 	/System/Library/PrivateFrameworks/CoreSymbolication.framework/Versions/A/CoreSymbolication
0x000000000403f000 	/System/Library/PrivateFrameworks/Symbolication.framework/Versions/A/Symbolication
0x000000000403f000 	/System/Library/PrivateFrameworks/SpeechRecognitionCore.framework/Versions/A/SpeechRecognitionCore
0x0000000101200000 	/Applications/AnyLogic.app/Contents/jre/lib/server/libjvm.dylib
0x000000000403f000 	/usr/lib/libstdc++.6.dylib
0x0000000100823000 	/Applications/AnyLogic.app/Contents/jre/lib/libverify.dylib
0x0000000100831000 	/Applications/AnyLogic.app/Contents/jre/lib/libjava.dylib
0x0000000100870000 	/Applications/AnyLogic.app/Contents/jre/lib/libzip.dylib
0x00000001137ec000 	/System/Library/Frameworks/JavaVM.framework/Frameworks/JavaRuntimeSupport.framework/JavaRuntimeSupport
0x0000000113807000 	/System/Library/Frameworks/JavaVM.framework/Versions/A/Frameworks/JavaNativeFoundation.framework/Versions/A/JavaNativeFoundation
0x000000011381c000 	/System/Library/Frameworks/JavaVM.framework/Versions/A/JavaVM
0x000000000403f000 	/System/Library/Frameworks/Carbon.framework/Versions/A/Carbon
0x0000000113829000 	/System/Library/PrivateFrameworks/JavaLaunching.framework/Versions/A/JavaLaunching
0x000000000403f000 	/System/Library/Frameworks/Carbon.framework/Versions/A/Frameworks/CommonPanels.framework/Versions/A/CommonPanels
0x000000000403f000 	/System/Library/Frameworks/Carbon.framework/Versions/A/Frameworks/Help.framework/Versions/A/Help
0x000000000403f000 	/System/Library/Frameworks/Carbon.framework/Versions/A/Frameworks/ImageCapture.framework/Versions/A/ImageCapture
0x000000000403f000 	/System/Library/Frameworks/Carbon.framework/Versions/A/Frameworks/OpenScripting.framework/Versions/A/OpenScripting
0x000000000403f000 	/System/Library/Frameworks/Carbon.framework/Versions/A/Frameworks/Print.framework/Versions/A/Print
0x000000000403f000 	/System/Library/Frameworks/Carbon.framework/Versions/A/Frameworks/SecurityHI.framework/Versions/A/SecurityHI
0x000000011537f000 	/Applications/AnyLogic.app/Contents/jre/lib/libawt.dylib
0x0000000115427000 	/Applications/AnyLogic.app/Contents/jre/lib/./libmlib_image.dylib
0x00000001154f3000 	/Applications/AnyLogic.app/Contents/jre/lib/libawt_lwawt.dylib
0x00000001155a8000 	/Applications/AnyLogic.app/Contents/jre/lib/./libosxapp.dylib
0x000000000403f000 	/System/Library/Frameworks/ExceptionHandling.framework/Versions/A/ExceptionHandling
0x000000000403f000 	/System/Library/PrivateFrameworks/CoreServicesInternal.framework/Versions/A/CoreServicesInternal
0x000000000403f000 	/System/Library/Frameworks/CoreGraphics.framework/Versions/A/Resources/libRIP.A.dylib
0x000000000403f000 	/System/Library/Frameworks/Accelerate.framework/Versions/A/Frameworks/vImage.framework/Versions/A/Libraries/libCGInterfaces.dylib
0x000000000403f000 	/System/Library/Frameworks/CoreGraphics.framework/Versions/A/Resources/libCGXType.A.dylib
0x000000000403f000 	/System/Library/Frameworks/OpenCL.framework/Versions/A/Libraries/libcldcpuengine.dylib
0x000000000403f000 	/System/Library/PrivateFrameworks/DiskImages.framework/Versions/A/DiskImages
0x000000000403f000 	/System/Library/Frameworks/DiscRecording.framework/Versions/A/DiscRecording
0x000000000403f000 	/usr/lib/libcsfde.dylib
0x000000000403f000 	/usr/lib/libcurl.4.dylib
0x000000000403f000 	/System/Library/PrivateFrameworks/MediaKit.framework/Versions/A/MediaKit
0x000000000403f000 	/System/Library/PrivateFrameworks/ProtectedCloudStorage.framework/Versions/A/ProtectedCloudStorage
0x000000000403f000 	/usr/lib/libCoreStorage.dylib
0x000000000403f000 	/System/Library/PrivateFrameworks/EFILogin.framework/Versions/A/EFILogin
0x000000000403f000 	/usr/lib/libutil.dylib
0x000000000403f000 	/System/Library/PrivateFrameworks/FindMyDevice.framework/Versions/A/FindMyDevice
0x000000000403f000 	/System/Library/Frameworks/LDAP.framework/Versions/A/LDAP
0x000000000403f000 	/usr/lib/libsasl2.2.dylib
0x000000000403f000 	/System/Library/PrivateFrameworks/CoreDaemon.framework/Versions/B/CoreDaemon
0x000000000403f000 	/usr/lib/libcrypto.0.9.8.dylib
0x000000000403f000 	/System/Library/PrivateFrameworks/AppleSRP.framework/Versions/A/AppleSRP
0x000000000403f000 	/System/Library/PrivateFrameworks/TrustEvaluationAgent.framework/Versions/A/TrustEvaluationAgent
0x00000001172c8000 	cl_kernels
0x000000000403f000 	/System/Library/Frameworks/OpenCL.framework/Versions/A/Libraries/ImageFormats/unorm8_bgra.dylib
0x000000000403f000 	/System/Library/Frameworks/OpenCL.framework/Versions/A/Libraries/ImageFormats/unorm8_rgba.dylib
0x000000000403f000 	/System/Library/PrivateFrameworks/FamilyControls.framework/Versions/A/FamilyControls
0x000000000403f000 	/System/Library/PrivateFrameworks/CommerceKit.framework/Versions/A/Frameworks/CommerceCore.framework/Versions/A/CommerceCore
0x000000000403f000 	/System/Library/PrivateFrameworks/SystemAdministration.framework/Versions/A/SystemAdministration
0x000000000403f000 	/System/Library/PrivateFrameworks/AppContainer.framework/Versions/A/AppContainer
0x000000000403f000 	/System/Library/PrivateFrameworks/SecCodeWrapper.framework/Versions/A/SecCodeWrapper
0x000000000403f000 	/System/Library/Frameworks/DirectoryService.framework/Versions/A/DirectoryService
0x000000000403f000 	/System/Library/PrivateFrameworks/LoginUIKit.framework/Versions/A/Frameworks/LoginUICore.framework/Versions/A/LoginUICore
0x000000000403f000 	/usr/lib/libodfde.dylib
0x00000001183e8000 	/Applications/AnyLogic.app/Contents/jre/lib/libfontmanager.dylib
0x00000001166e8000 	/Applications/AnyLogic.app/Contents/jre/lib/libosxui.dylib
0x000000000403f000 	/System/Library/Frameworks/OpenGL.framework/Versions/A/Resources/GLEngine.bundle/GLEngine
0x000000000403f000 	/System/Library/Frameworks/OpenGL.framework/Versions/A/Libraries/libGLProgrammability.dylib
0x0000000118e8d000 	/System/Library/Extensions/AppleIntelBDWGraphicsGLDriver.bundle/Contents/MacOS/AppleIntelBDWGraphicsGLDriver
0x000000000403f000 	/System/Library/PrivateFrameworks/GPUSupport.framework/Versions/A/Libraries/libGPUSupportMercury.dylib
0x000000000403f000 	/System/Library/Frameworks/OpenGL.framework/Versions/A/Resources/GLRendererFloat.bundle/GLRendererFloat
0x000000011a2a3000 	/Applications/AnyLogic.app/Contents/jre/lib/libnet.dylib
0x000000011a0b2000 	/Applications/AnyLogic.app/Contents/jre/lib/libnio.dylib
0x000000000403f000 	/System/Library/Frameworks/ApplicationServices.framework/Versions/A/Frameworks/ATS.framework/Versions/A/Resources/libTrueTypeScaler.dylib
0x000000016ecd0000 	/System/Library/Extensions/AppleIntelBDWGraphicsMTLDriver.bundle/Contents/MacOS/AppleIntelBDWGraphicsMTLDriver
0x000000016bfaf000 	/Applications/AnyLogic.app/Contents/jre/lib/libdcpr.dylib
0x0000000115318000 	/Applications/AnyLogic.app/Contents/Resources/Java/plugins/org.j3d.opengl.swt.carbon.osx_0.7.0/libgluegen-rt.jnilib
0x000000011531c000 	/Applications/AnyLogic.app/Contents/Resources/Java/plugins/org.j3d.opengl.swt.carbon.osx_0.7.0/libnativewindow_awt.jnilib
0x000000011531f000 	/Applications/AnyLogic.app/Contents/jre/lib/libjawt.dylib
0x0000000115322000 	/Applications/AnyLogic.app/Contents/Resources/Java/plugins/org.j3d.opengl.swt.carbon.osx_0.7.0/libnativewindow_macosx.jnilib
0x000000017615c000 	/Applications/AnyLogic.app/Contents/Resources/Java/plugins/org.j3d.opengl.swt.carbon.osx_0.7.0/libjogl_desktop.jnilib

VM Arguments:
jvm_args: -Xmx256m -Dnativewindow.awt.nohidpi=true -DlanguageId_xjal=en0va2fx -DFlowchartCountersVisible_xjal=true -DTileCachePath_xjal=/Applications/AnyLogic.app/Contents/Resources/Java/plugins/com.anylogic.gis_7.3.5.201608171835/tiles -DFlowchartPortStateAnimated_xjal=true -DuseProxy_xjal=false -Djava.library.path=/Applications/AnyLogic.app/Contents/Resources/Java/plugins/org.j3d.opengl.swt.carbon.osx_0.7.0:/Applications/AnyLogic.app/Contents/Resources/Java/plugins/org.j3d.opengl.swt.carbon.osx_0.7.0 -Dfile.encoding=UTF-8 
java_command: com.anylogic.ms.MS bank_2.Simulation 1772b09
java_class_path (initial): /Applications/AnyLogic.app/Contents/Resources/Java/plugins/com.anylogic.engine_7.3.5.201608171835/com.anylogic.engine.jar:/Applications/AnyLogic.app/Contents/Resources/Java/plugins/com.anylogic.engine_7.3.5.201608171835/com.anylogic.engine.al3d.jar:/Applications/AnyLogic.app/Contents/Resources/Java/plugins/com.anylogic.engine_7.3.5.201608171835/com.anylogic.engine.resources.jar:/Applications/AnyLogic.app/Contents/Resources/Java/plugins/com.anylogic.engine_7.3.5.201608171835/com.anylogic.engine.nl.jar:/Applications/AnyLogic.app/Contents/Resources/Java/plugins/com.anylogic.optimizer_7.3.5.201608171835/lib/OptQuest.jar:/Applications/AnyLogic.app/Contents/Resources/Java/plugins/com.anylogic.third_party_libraries_7.3.5.201608171835/lib/database/hsqldb.jar:/Applications/AnyLogic.app/Contents/Resources/Java/plugins/com.anylogic.third_party_libraries_7.3.5.201608171835/lib/database/querydsl/querydsl-sql-codegen-3.6.3.jar:/Applications/AnyLogic.app/Contents/Resources/Java/plugins/com.anylogic.third_party_libraries_7.3.5.201608171835/lib/database/querydsl/querydsl-core-3.6.3.jar:/Applications/AnyLogic.app/Contents/Resources/Java/plugins/com.anylogic.third_party_libraries_7.3.5.201608171835/lib/database/querydsl/querydsl-sql-3.6.3.jar:/Applications/AnyLogic.app/Contents/Resources/Java/plugins/com.anylogic.core_7.3.5.201608171835/com.anylogic.ms.jar:/Users/daniel/.AnyLogicPLE/Workspace7/Bank 2_BUILD/classes:/Applications/AnyLogic.app/Contents/Resources/Java/plugins/com.anylogic.process_modeling_library_7.3.5.201608171835/lib/ProcessModelingLibrary.jar:/Applications/AnyLogic.app/Contents/Resources/Java/plugins/com.anylogic.graphics3d_7.3.5.201608171835/lib/aviatrix3d-all_2.0.0.jar:/Applications/AnyLogic.app/Contents/Resources/Java/plugins/com.anylogic.graphics3d_7.3.5.201608171835/lib/j3d-org-elumens.jar:/Applications/AnyLogic.app/Contents/Resources/Java/plugins/com.anylogic.graphics3d_7.3.5.201608171835/lib/j3d-org-geom-core.jar:/Applications/AnyLog
Launcher Type: SUN_STANDARD

Environment Variables:
PATH=/usr/bin:/bin:/usr/sbin:/sbin
SHELL=/bin/bash

Signal Handlers:
SIGSEGV: [libjvm.dylib+0x5a65d5], sa_mask[0]=11111111011111110111111111111111, sa_flags=SA_ONSTACK|SA_RESTART|SA_SIGINFO
SIGBUS: [libjvm.dylib+0x5a65d5], sa_mask[0]=11111111011111110111111111111111, sa_flags=SA_RESTART|SA_SIGINFO
SIGFPE: [libjvm.dylib+0x4802e8], sa_mask[0]=11111111011111110111111111111111, sa_flags=SA_RESTART|SA_SIGINFO
SIGPIPE: [libjvm.dylib+0x4802e8], sa_mask[0]=11111111011111110111111111111111, sa_flags=SA_RESTART|SA_SIGINFO
SIGXFSZ: [libjvm.dylib+0x4802e8], sa_mask[0]=11111111011111110111111111111111, sa_flags=SA_RESTART|SA_SIGINFO
SIGILL: [libjvm.dylib+0x4802e8], sa_mask[0]=11111111011111110111111111111111, sa_flags=SA_RESTART|SA_SIGINFO
SIGUSR1: SIG_DFL, sa_mask[0]=00000000000000000000000000000000, sa_flags=none
SIGUSR2: [libjvm.dylib+0x47fe06], sa_mask[0]=00100000000000000000000000000000, sa_flags=SA_RESTART|SA_SIGINFO
SIGHUP: [libjvm.dylib+0x47e3dd], sa_mask[0]=11111111011111110111111111111111, sa_flags=SA_RESTART|SA_SIGINFO
SIGINT: [libjvm.dylib+0x47e3dd], sa_mask[0]=11111111011111110111111111111111, sa_flags=SA_RESTART|SA_SIGINFO
SIGTERM: [libjvm.dylib+0x47e3dd], sa_mask[0]=11111111011111110111111111111111, sa_flags=SA_RESTART|SA_SIGINFO
SIGQUIT: [libjvm.dylib+0x47e3dd], sa_mask[0]=11111111011111110111111111111111, sa_flags=SA_RESTART|SA_SIGINFO


---------------  S Y S T E M  ---------------

OS:Bsduname:Darwin 15.6.0 Darwin Kernel Version 15.6.0: Mon Aug 29 20:21:34 PDT 2016; root:xnu-3248.60.11~1/RELEASE_X86_64 x86_64
rlimit: STACK 8192k, CORE 0k, NPROC 709, NOFILE 10240, AS infinity
load average:2.59 2.56 2.33

CPU:total 4 (2 cores per cpu, 2 threads per core) family 6 model 61 stepping 4, cmov, cx8, fxsr, mmx, sse, sse2, sse3, ssse3, sse4.1, sse4.2, popcnt, avx, avx2, aes, clmul, erms, 3dnowpref, lzcnt, ht, tsc, tscinvbit, bmi1, bmi2, adx

Memory: 4k page, physical 8388608k(778768k free)

/proc/meminfo:


vm_info: Java HotSpot(TM) 64-Bit Server VM (25.66-b17) for bsd-amd64 JRE (1.8.0_66-b17), built on Oct  6 2015 16:09:13 by "java_re" with gcc 4.2.1 (Based on Apple Inc. build 5658) (LLVM build 2336.11.00)

time: Fri Sep 30 09:37:51 2016
elapsed time: 34 seconds (0d 0h 0m 34s)

