
**** Build of configuration Debug for project Dimm LED ****

/Applications/ti/ccsv6/utils/bin/gmake -k all 
Building file: ../main.c
Invoking: MSP430 Compiler
"/Applications/ti/ccsv6/tools/compiler/msp430_15.12.3.LTS/bin/cl430" -vmspx --data_model=restricted --use_hw_mpy=F5 --include_path="/Applications/ti/ccsv6/ccs_base/msp430/include" --include_path="/Applications/ti/ccsv6/tools/compiler/msp430_15.12.3.LTS/include" --advice:power=all --advice:hw_config=all -g --define=__MSP430FR6989__ --diag_warning=225 --display_error_number --diag_wrap=off --silicon_errata=CPU21 --silicon_errata=CPU22 --silicon_errata=CPU40 --printf_support=minimal --preproc_with_compile --preproc_dependency="main.d"  "../main.c"
"../main.c", line 32: remark #1530-D: (ULP 5.1) Detected divide operation(s). Recommend moving them to RAM during run time or not using as these are processing/power intensive
"../main.c", line 45: remark #1527-D: (ULP 2.1) Detected SW delay loop using empty loop. Recommend using a timer module instead
Finished building: ../main.c
 
Building target: Dimm LED.out
Invoking: MSP430 Linker
"/Applications/ti/ccsv6/tools/compiler/msp430_15.12.3.LTS/bin/cl430" -vmspx --data_model=restricted --use_hw_mpy=F5 --advice:power=all --advice:hw_config=all -g --define=__MSP430FR6989__ --diag_warning=225 --display_error_number --diag_wrap=off --silicon_errata=CPU21 --silicon_errata=CPU22 --silicon_errata=CPU40 --printf_support=minimal -z -m"Dimm LED.map" --heap_size=160 --stack_size=160 --cinit_hold_wdt=on -i"/Applications/ti/ccsv6/ccs_base/msp430/include" -i"/Applications/ti/ccsv6/ccs_base/msp430/lib/5xx_6xx_FRxx" -i"/Applications/ti/ccsv6/ccs_base/msp430/lib/FR59xx" -i"/Applications/ti/ccsv6/tools/compiler/msp430_15.12.3.LTS/lib" -i"/Applications/ti/ccsv6/tools/compiler/msp430_15.12.3.LTS/include" --reread_libs --priority --warn_sections --display_error_number --diag_wrap=off --xml_link_info="Dimm LED_linkInfo.xml" --use_hw_mpy=F5 --rom_model -o "Dimm LED.out" "./main.obj" "../lnk_msp430fr6989.cmd"  -llibmath.a -llibc.a 
<Linking>
remark #10371-D: (ULP 1.1) Detected no uses of low power mode state changing instructions
remark #10372-D: (ULP 4.1) Detected uninitialized Port A in this project. Recommend initializing all unused ports to eliminate wasted current consumption on unused pins.
remark #10372-D: (ULP 4.1) Detected uninitialized Port B in this project. Recommend initializing all unused ports to eliminate wasted current consumption on unused pins.
remark #10372-D: (ULP 4.1) Detected uninitialized Port C in this project. Recommend initializing all unused ports to eliminate wasted current consumption on unused pins.
remark #10372-D: (ULP 4.1) Detected uninitialized Port D in this project. Recommend initializing all unused ports to eliminate wasted current consumption on unused pins.
remark #10372-D: (ULP 4.1) Detected uninitialized Port E in this project. Recommend initializing all unused ports to eliminate wasted current consumption on unused pins.
Finished building target: Dimm LED.out
 

**** Build Finished ****
